<?xml version="1.0"?><coverage lines-covered="213" lines-valid="593" line-rate="0.3591905564924115" branches-covered="0" branches-valid="0" branch-rate="0" complexity="0" version="1.9" timestamp="1766134194"><sources><source>/Users/mailund/Code/block-flow</source></sources><packages><package name="weave-traits/src" line-rate="1" branch-rate="0" complexity="0"><classes><class name="lib" filename="weave-traits/src/lib.rs" line-rate="1" branch-rate="0" complexity="0"><methods/><lines><line number="16" hits="1"/><line number="17" hits="1"/></lines></class></classes></package><package name="channels/src" line-rate="0.5853658536585366" branch-rate="0" complexity="0"><classes><class name="errors" filename="channels/src/errors.rs" line-rate="0" branch-rate="0" complexity="0"><methods/><lines><line number="16" hits="0"/><line number="17" hits="0"/><line number="18" hits="0"/><line number="19" hits="0"/><line number="20" hits="0"/><line number="22" hits="0"/><line number="23" hits="0"/><line number="25" hits="0"/><line number="26" hits="0"/><line number="29" hits="0"/><line number="30" hits="0"/><line number="31" hits="0"/><line number="32" hits="0"/><line number="33" hits="0"/></lines></class><class name="registry" filename="channels/src/registry.rs" line-rate="0.8888888888888888" branch-rate="0" complexity="0"><methods/><lines><line number="15" hits="11"/><line number="17" hits="11"/><line number="21" hits="0"/><line number="22" hits="0"/><line number="23" hits="0"/><line number="27" hits="6"/><line number="28" hits="18"/><line number="29" hits="30"/><line number="33" hits="16"/><line number="37" hits="48"/><line number="39" hits="32"/><line number="40" hits="12"/><line number="43" hits="49"/><line number="44" hits="1"/><line number="45" hits="2"/><line number="46" hits="1"/><line number="47" hits="1"/><line number="51" hits="4"/><line number="56" hits="4"/><line number="57" hits="12"/><line number="60" hits="9"/><line number="61" hits="1"/><line number="65" hits="12"/><line number="66" hits="12"/><line number="67" hits="3"/><line number="72" hits="2"/><line number="73" hits="2"/></lines></class></classes></package><package name="execution-plan/src" line-rate="0" branch-rate="0" complexity="0"><classes><class name="lib" filename="execution-plan/src/lib.rs" line-rate="0" branch-rate="0" complexity="0"><methods/><lines><line number="13" hits="0"/><line number="17" hits="0"/><line number="18" hits="0"/><line number="21" hits="0"/><line number="24" hits="0"/><line number="26" hits="0"/></lines></class></classes></package><package name="intents/src" line-rate="0.625" branch-rate="0" complexity="0"><classes><class name="block_intents" filename="intents/src/block_intents.rs" line-rate="0.6190476190476191" branch-rate="0" complexity="0"><methods/><lines><line number="11" hits="0"/><line number="12" hits="0"/><line number="15" hits="6"/><line number="16" hits="6"/><line number="19" hits="6"/><line number="39" hits="18"/><line number="40" hits="18"/><line number="42" hits="0"/><line number="43" hits="0"/><line number="48" hits="5"/><line number="49" hits="5"/><line number="57" hits="6"/><line number="58" hits="6"/><line number="68" hits="4"/><line number="69" hits="4"/><line number="71" hits="0"/><line number="72" hits="0"/><line number="77" hits="0"/><line number="78" hits="0"/><line number="86" hits="4"/><line number="87" hits="4"/></lines></class><class name="intents" filename="intents/src/intents.rs" line-rate="0.7777777777777778" branch-rate="0" complexity="0"><methods/><lines><line number="6" hits="2"/><line number="7" hits="2"/><line number="11" hits="0"/><line number="12" hits="0"/><line number="25" hits="2"/><line number="42" hits="2"/><line number="43" hits="2"/><line number="46" hits="2"/><line number="47" hits="8"/></lines></class><class name="lib" filename="intents/src/lib.rs" line-rate="0" branch-rate="0" complexity="0"><methods/><lines><line number="16" hits="0"/></lines></class><class name="slots" filename="intents/src/slots.rs" line-rate="0" branch-rate="0" complexity="0"><methods/><lines><line number="8" hits="0"/></lines></class></classes></package><package name="src" line-rate="0" branch-rate="0" complexity="0"><classes></classes></package><package name="blocks/src" line-rate="0.8135593220338984" branch-rate="0" complexity="0"><classes><class name="after" filename="blocks/src/after.rs" line-rate="1" branch-rate="0" complexity="0"><methods/><lines><line number="4" hits="1"/><line number="23" hits="1"/><line number="24" hits="1"/><line number="27" hits="5"/><line number="30" hits="5"/><line number="34" hits="1"/><line number="35" hits="1"/><line number="39" hits="3"/><line number="40" hits="6"/></lines></class><class name="delete" filename="blocks/src/delete.rs" line-rate="0.9" branch-rate="0" complexity="0"><methods/><lines><line number="3" hits="0"/><line number="16" hits="1"/><line number="17" hits="1"/><line number="20" hits="1"/><line number="24" hits="1"/><line number="25" hits="1"/><line number="29" hits="2"/><line number="30" hits="3"/><line number="32" hits="1"/><line number="34" hits="1"/></lines></class><class name="lib" filename="blocks/src/lib.rs" line-rate="0.5" branch-rate="0" complexity="0"><methods/><lines><line number="28" hits="2"/><line number="31" hits="2"/><line number="32" hits="3"/><line number="33" hits="3"/><line number="34" hits="0"/><line number="46" hits="0"/><line number="47" hits="0"/><line number="52" hits="0"/><line number="53" hits="0"/><line number="59" hits="4"/><line number="60" hits="8"/><line number="65" hits="1"/><line number="71" hits="3"/><line number="72" hits="8"/><line number="73" hits="1"/><line number="76" hits="0"/><line number="79" hits="0"/><line number="80" hits="0"/><line number="81" hits="0"/><line number="82" hits="0"/></lines></class><class name="simple_order" filename="blocks/src/simple_order.rs" line-rate="1" branch-rate="0" complexity="0"><methods/><lines><line number="5" hits="1"/><line number="25" hits="2"/><line number="27" hits="4"/><line number="28" hits="2"/><line number="29" hits="4"/><line number="30" hits="4"/><line number="34" hits="2"/><line number="35" hits="2"/><line number="38" hits="4"/><line number="39" hits="4"/><line number="40" hits="4"/><line number="42" hits="4"/><line number="48" hits="1"/><line number="49" hits="1"/><line number="52" hits="2"/><line number="55" hits="2"/><line number="59" hits="2"/><line number="60" hits="2"/><line number="64" hits="2"/><line number="65" hits="6"/></lines></class></classes></package><package name="execution-context/src" line-rate="0" branch-rate="0" complexity="0"><classes></classes></package><package name="serialization/src" line-rate="0.9583333333333334" branch-rate="0" complexity="0"><classes><class name="error" filename="serialization/src/error.rs" line-rate="1" branch-rate="0" complexity="0"><methods/><lines><line number="15" hits="4"/><line number="16" hits="4"/><line number="17" hits="4"/><line number="18" hits="4"/><line number="19" hits="8"/><line number="25" hits="3"/><line number="26" hits="3"/><line number="27" hits="2"/><line number="28" hits="2"/><line number="29" hits="1"/><line number="36" hits="5"/><line number="37" hits="5"/><line number="42" hits="1"/><line number="43" hits="1"/></lines></class><class name="serializer" filename="serialization/src/serializer.rs" line-rate="1" branch-rate="0" complexity="0"><methods/><lines><line number="16" hits="1"/><line number="20" hits="2"/><line number="24" hits="8"/><line number="28" hits="16"/><line number="32" hits="10"/><line number="36" hits="22"/><line number="40" hits="1"/><line number="45" hits="3"/><line number="46" hits="1"/><line number="50" hits="3"/><line number="55" hits="10"/><line number="56" hits="2"/><line number="60" hits="4"/><line number="65" hits="9"/><line number="69" hits="1"/><line number="73" hits="3"/><line number="74" hits="3"/><line number="78" hits="1"/><line number="82" hits="3"/><line number="83" hits="2"/></lines></class><class name="structs" filename="serialization/src/structs.rs" line-rate="0.8571428571428571" branch-rate="0" complexity="0"><methods/><lines><line number="81" hits="9"/><line number="82" hits="9"/><line number="87" hits="0"/><line number="88" hits="0"/><line number="93" hits="7"/><line number="94" hits="14"/><line number="97" hits="6"/><line number="98" hits="12"/><line number="101" hits="2"/><line number="102" hits="6"/><line number="105" hits="2"/><line number="106" hits="4"/><line number="110" hits="2"/><line number="111" hits="4"/></lines></class></classes></package><package name="serialization-macros/src" line-rate="0" branch-rate="0" complexity="0"><classes><class name="lib" filename="serialization-macros/src/lib.rs" line-rate="0" branch-rate="0" complexity="0"><methods/><lines><line number="6" hits="0"/><line number="7" hits="0"/><line number="8" hits="0"/><line number="9" hits="0"/><line number="11" hits="0"/><line number="21" hits="0"/><line number="22" hits="0"/><line number="23" hits="0"/><line number="24" hits="0"/><line number="26" hits="0"/><line number="35" hits="0"/><line number="39" hits="0"/><line number="40" hits="0"/><line number="41" hits="0"/><line number="42" hits="0"/><line number="44" hits="0"/><line number="45" hits="0"/><line number="47" hits="0"/><line number="48" hits="0"/><line number="49" hits="0"/><line number="51" hits="0"/><line number="52" hits="0"/><line number="56" hits="0"/><line number="58" hits="0"/></lines></class></classes></package><package name="weave/src" line-rate="0.8055555555555556" branch-rate="0" complexity="0"><classes><class name="lib" filename="weave/src/lib.rs" line-rate="0.8055555555555556" branch-rate="0" complexity="0"><methods/><lines><line number="5" hits="1"/><line number="10" hits="3"/><line number="13" hits="9"/><line number="14" hits="9"/><line number="17" hits="3"/><line number="18" hits="6"/><line number="19" hits="4"/><line number="20" hits="5"/><line number="21" hits="0"/><line number="27" hits="5"/><line number="28" hits="4"/><line number="30" hits="6"/><line number="31" hits="4"/><line number="32" hits="3"/><line number="33" hits="5"/><line number="34" hits="1"/><line number="39" hits="0"/><line number="40" hits="0"/><line number="41" hits="0"/><line number="49" hits="3"/><line number="52" hits="7"/><line number="55" hits="4"/><line number="56" hits="5"/><line number="57" hits="6"/><line number="58" hits="5"/><line number="59" hits="1"/><line number="60" hits="2"/><line number="61" hits="2"/><line number="66" hits="2"/><line number="67" hits="0"/><line number="70" hits="0"/><line number="72" hits="0"/><line number="76" hits="3"/><line number="77" hits="5"/><line number="78" hits="10"/><line number="81" hits="1"/></lines></class></classes></package><package name="block-macros/src" line-rate="0" branch-rate="0" complexity="0"><classes><class name="block" filename="block-macros/src/block.rs" line-rate="0" branch-rate="0" complexity="0"><methods/><lines><line number="5" hits="0"/><line number="6" hits="0"/><line number="7" hits="0"/><line number="9" hits="0"/><line number="10" hits="0"/><line number="11" hits="0"/><line number="12" hits="0"/><line number="13" hits="0"/><line number="16" hits="0"/><line number="18" hits="0"/><line number="19" hits="0"/><line number="21" hits="0"/><line number="22" hits="0"/><line number="23" hits="0"/><line number="26" hits="0"/><line number="27" hits="0"/><line number="28" hits="0"/><line number="29" hits="0"/><line number="30" hits="0"/><line number="31" hits="0"/><line number="32" hits="0"/><line number="33" hits="0"/><line number="34" hits="0"/><line number="35" hits="0"/><line number="36" hits="0"/><line number="40" hits="0"/><line number="41" hits="0"/><line number="42" hits="0"/><line number="43" hits="0"/><line number="44" hits="0"/><line number="45" hits="0"/><line number="46" hits="0"/><line number="48" hits="0"/><line number="55" hits="0"/><line number="56" hits="0"/><line number="57" hits="0"/><line number="58" hits="0"/><line number="59" hits="0"/><line number="60" hits="0"/><line number="62" hits="0"/><line number="75" hits="0"/></lines></class><class name="execute" filename="block-macros/src/execute.rs" line-rate="0" branch-rate="0" complexity="0"><methods/><lines><line number="5" hits="0"/><line number="6" hits="0"/><line number="9" hits="0"/><line number="10" hits="0"/><line number="13" hits="0"/><line number="14" hits="0"/><line number="15" hits="0"/><line number="17" hits="0"/><line number="18" hits="0"/><line number="19" hits="0"/><line number="20" hits="0"/><line number="22" hits="0"/><line number="23" hits="0"/><line number="27" hits="0"/><line number="28" hits="0"/><line number="29" hits="0"/><line number="31" hits="0"/><line number="32" hits="0"/><line number="33" hits="0"/><line number="34" hits="0"/><line number="35" hits="0"/><line number="36" hits="0"/><line number="37" hits="0"/><line number="38" hits="0"/><line number="40" hits="0"/><line number="41" hits="0"/><line number="42" hits="0"/><line number="44" hits="0"/><line number="45" hits="0"/><line number="51" hits="0"/><line number="52" hits="0"/><line number="55" hits="0"/><line number="59" hits="0"/><line number="60" hits="0"/><line number="61" hits="0"/><line number="64" hits="0"/><line number="65" hits="0"/><line number="66" hits="0"/><line number="67" hits="0"/><line number="68" hits="0"/><line number="69" hits="0"/><line number="70" hits="0"/><line number="73" hits="0"/><line number="82" hits="0"/><line number="85" hits="0"/><line number="88" hits="0"/><line number="93" hits="0"/><line number="94" hits="0"/><line number="99" hits="0"/><line number="100" hits="0"/><line number="107" hits="0"/><line number="108" hits="0"/><line number="115" hits="0"/><line number="116" hits="0"/><line number="123" hits="0"/><line number="124" hits="0"/><line number="127" hits="0"/><line number="128" hits="0"/><line number="137" hits="0"/><line number="138" hits="0"/><line number="147" hits="0"/><line number="148" hits="0"/><line number="157" hits="0"/><line number="158" hits="0"/><line number="159" hits="0"/><line number="160" hits="0"/><line number="162" hits="0"/><line number="171" hits="0"/><line number="172" hits="0"/><line number="173" hits="0"/><line number="175" hits="0"/><line number="176" hits="0"/><line number="179" hits="0"/><line number="180" hits="0"/><line number="181" hits="0"/><line number="183" hits="0"/><line number="184" hits="0"/><line number="190" hits="0"/><line number="192" hits="0"/><line number="195" hits="0"/><line number="196" hits="0"/><line number="200" hits="0"/><line number="201" hits="0"/><line number="202" hits="0"/><line number="203" hits="0"/><line number="204" hits="0"/><line number="206" hits="0"/><line number="208" hits="0"/><line number="212" hits="0"/><line number="213" hits="0"/><line number="216" hits="0"/><line number="217" hits="0"/><line number="220" hits="0"/><line number="221" hits="0"/><line number="224" hits="0"/><line number="225" hits="0"/></lines></class><class name="init_params" filename="block-macros/src/init_params.rs" line-rate="0" branch-rate="0" complexity="0"><methods/><lines><line number="5" hits="0"/><line number="6" hits="0"/><line number="8" hits="0"/><line number="13" hits="0"/></lines></class><class name="input" filename="block-macros/src/input.rs" line-rate="0" branch-rate="0" complexity="0"><methods/><lines><line number="5" hits="0"/><line number="6" hits="0"/><line number="7" hits="0"/><line number="10" hits="0"/><line number="11" hits="0"/><line number="14" hits="0"/><line number="15" hits="0"/><line number="18" hits="0"/><line number="19" hits="0"/><line number="20" hits="0"/><line number="21" hits="0"/><line number="22" hits="0"/><line number="24" hits="0"/><line number="28" hits="0"/><line number="29" hits="0"/><line number="68" hits="0"/><line number="72" hits="0"/><line number="73" hits="0"/><line number="75" hits="0"/><line number="76" hits="0"/><line number="77" hits="0"/><line number="80" hits="0"/><line number="81" hits="0"/><line number="82" hits="0"/><line number="83" hits="0"/><line number="86" hits="0"/><line number="87" hits="0"/><line number="88" hits="0"/><line number="89" hits="0"/><line number="92" hits="0"/><line number="93" hits="0"/><line number="94" hits="0"/><line number="97" hits="0"/><line number="143" hits="0"/></lines></class><class name="lib" filename="block-macros/src/lib.rs" line-rate="0" branch-rate="0" complexity="0"><methods/><lines><line number="11" hits="0"/><line number="12" hits="0"/><line number="16" hits="0"/><line number="17" hits="0"/><line number="21" hits="0"/><line number="23" hits="0"/><line number="27" hits="0"/><line number="28" hits="0"/><line number="32" hits="0"/><line number="33" hits="0"/><line number="39" hits="0"/><line number="40" hits="0"/><line number="47" hits="0"/><line number="48" hits="0"/></lines></class><class name="make_defaults" filename="block-macros/src/make_defaults.rs" line-rate="0" branch-rate="0" complexity="0"><methods/><lines><line number="10" hits="0"/><line number="11" hits="0"/><line number="14" hits="0"/><line number="15" hits="0"/><line number="16" hits="0"/><line number="17" hits="0"/><line number="19" hits="0"/><line number="20" hits="0"/><line number="21" hits="0"/><line number="22" hits="0"/><line number="23" hits="0"/><line number="24" hits="0"/><line number="25" hits="0"/><line number="26" hits="0"/><line number="27" hits="0"/><line number="28" hits="0"/><line number="29" hits="0"/><line number="32" hits="0"/><line number="33" hits="0"/><line number="39" hits="0"/><line number="40" hits="0"/><line number="41" hits="0"/><line number="42" hits="0"/><line number="44" hits="0"/><line number="46" hits="0"/><line number="47" hits="0"/><line number="49" hits="0"/><line number="50" hits="0"/><line number="52" hits="0"/><line number="53" hits="0"/><line number="55" hits="0"/><line number="56" hits="0"/><line number="59" hits="0"/><line number="65" hits="0"/><line number="66" hits="0"/><line number="67" hits="0"/><line number="80" hits="0"/><line number="81" hits="0"/><line number="84" hits="0"/><line number="86" hits="0"/><line number="89" hits="0"/><line number="90" hits="0"/><line number="91" hits="0"/><line number="92" hits="0"/><line number="93" hits="0"/><line number="94" hits="0"/><line number="95" hits="0"/><line number="107" hits="0"/><line number="109" hits="0"/><line number="110" hits="0"/><line number="111" hits="0"/><line number="115" hits="0"/><line number="125" hits="0"/><line number="126" hits="0"/><line number="127" hits="0"/><line number="130" hits="0"/><line number="132" hits="0"/><line number="133" hits="0"/><line number="139" hits="0"/><line number="140" hits="0"/><line number="141" hits="0"/><line number="142" hits="0"/><line number="143" hits="0"/><line number="145" hits="0"/><line number="148" hits="0"/></lines></class><class name="output" filename="block-macros/src/output.rs" line-rate="0" branch-rate="0" complexity="0"><methods/><lines><line number="5" hits="0"/><line number="6" hits="0"/><line number="7" hits="0"/><line number="10" hits="0"/><line number="11" hits="0"/><line number="14" hits="0"/><line number="15" hits="0"/><line number="18" hits="0"/><line number="19" hits="0"/><line number="20" hits="0"/><line number="21" hits="0"/><line number="22" hits="0"/><line number="24" hits="0"/><line number="28" hits="0"/><line number="29" hits="0"/><line number="70" hits="0"/><line number="74" hits="0"/><line number="75" hits="0"/><line number="77" hits="0"/><line number="78" hits="0"/><line number="79" hits="0"/><line number="82" hits="0"/><line number="83" hits="0"/><line number="84" hits="0"/><line number="85" hits="0"/><line number="88" hits="0"/><line number="89" hits="0"/><line number="90" hits="0"/><line number="91" hits="0"/><line number="94" hits="0"/><line number="95" hits="0"/><line number="96" hits="0"/><line number="99" hits="0"/><line number="100" hits="0"/><line number="102" hits="0"/><line number="150" hits="0"/></lines></class></classes></package><package name="block-traits/src" line-rate="0.6857142857142857" branch-rate="0" complexity="0"><classes><class name="block_weave" filename="block-traits/src/block_weave.rs" line-rate="0.7058823529411765" branch-rate="0" complexity="0"><methods/><lines><line number="18" hits="0"/><line number="32" hits="2"/><line number="33" hits="4"/><line number="35" hits="2"/><line number="36" hits="4"/><line number="39" hits="2"/><line number="40" hits="6"/><line number="42" hits="6"/><line number="43" hits="6"/><line number="45" hits="8"/><line number="46" hits="8"/><line number="52" hits="2"/><line number="55" hits="4"/><line number="59" hits="0"/><line number="63" hits="0"/><line number="66" hits="0"/><line number="70" hits="0"/></lines></class><class name="type_erasure" filename="block-traits/src/type_erasure.rs" line-rate="0.6666666666666666" branch-rate="0" complexity="0"><methods/><lines><line number="13" hits="3"/><line number="19" hits="9"/><line number="20" hits="9"/><line number="36" hits="0"/><line number="37" hits="0"/><line number="39" hits="6"/><line number="43" hits="18"/><line number="44" hits="18"/><line number="47" hits="42"/><line number="50" hits="12"/><line number="51" hits="18"/><line number="52" hits="12"/><line number="56" hits="24"/><line number="67" hits="2"/><line number="71" hits="0"/><line number="72" hits="0"/><line number="75" hits="0"/><line number="76" hits="0"/></lines></class></classes></package><package name="trade-types/src" line-rate="1" branch-rate="0" complexity="0"><classes><class name="lib" filename="trade-types/src/lib.rs" line-rate="1" branch-rate="0" complexity="0"><methods/><lines><line number="8" hits="9"/><line number="9" hits="9"/><line number="18" hits="2"/><line number="19" hits="2"/><line number="21" hits="2"/><line number="22" hits="2"/><line number="28" hits="3"/><line number="29" hits="3"/><line number="35" hits="1"/><line number="36" hits="1"/><line number="45" hits="2"/><line number="46" hits="2"/><line number="48" hits="2"/><line number="49" hits="2"/><line number="55" hits="3"/><line number="56" hits="3"/><line number="62" hits="1"/><line number="63" hits="1"/><line number="75" hits="2"/><line number="77" hits="2"/></lines></class></classes></package></packages></coverage>