SF:/Users/mailund/Code/block-flow/actor/src/lib.rs
FN:124,_RNvNtNtCs38VWGQjavmN_5actor5tests23add_actor_indexes_by_id8mk_actor
FN:142,_RNvNtNtCs38VWGQjavmN_5actor5tests23add_actor_indexes_by_ids_4test
FN:114,_RNvXNtNtCs38VWGQjavmN_5actor5tests23add_actor_indexes_by_idNtB2_9TestBlockNtNtCs5jZFThBnmtR_12block_traits10block_spec9BlockSpec10init_state
FN:110,_RNvXNtNtCs38VWGQjavmN_5actor5tests23add_actor_indexes_by_idNtB2_9TestBlockNtNtCs5jZFThBnmtR_12block_traits10block_spec9BlockSpec20new_from_init_params
FN:106,_RNvXNtNtCs38VWGQjavmN_5actor5tests23add_actor_indexes_by_idNtB2_9TestBlockNtNtCs5jZFThBnmtR_12block_traits10block_spec9BlockSpec8block_id
FN:284,_RNCNvNtNtCs38VWGQjavmN_5actor5tests52remove_actor_by_id_removes_from_id_and_contract_maps8mk_actor0B7_
FN:264,_RNCNvXNtNtCs38VWGQjavmN_5actor5tests52remove_actor_by_id_removes_from_id_and_contract_mapsNtB4_9TestBlockNtNtCs5jZFThBnmtR_12block_traits10block_spec9BlockSpec7execute0B8_
FN:119,_RNCNvXNtNtCs38VWGQjavmN_5actor5tests23add_actor_indexes_by_idNtB4_9TestBlockNtNtCs5jZFThBnmtR_12block_traits10block_spec9BlockSpec7execute0B8_
FN:20,_RNvMCs38VWGQjavmN_5actorNtB2_5Actor3new
FN:24,_RNvMCs38VWGQjavmN_5actorNtB2_5Actor9contracts
FN:72,_RNvMs_Cs38VWGQjavmN_5actorNtB4_15ActorController15get_actor_by_id
FN:60,_RNvMs_Cs38VWGQjavmN_5actorNtB4_15ActorController15remove_actor_rc
FN:76,_RNvMs_Cs38VWGQjavmN_5actorNtB4_15ActorController18remove_actor_by_id
FN:41,_RNvMs_Cs38VWGQjavmN_5actorNtB4_15ActorController3new
FN:48,_RNvMs_Cs38VWGQjavmN_5actorNtB4_15ActorController9add_actor
FN:207,_RNCNvNtNtCs38VWGQjavmN_5actor5tests30add_actor_indexes_by_contracts8mk_actor0B7_
FN:187,_RNCNvXNtNtCs38VWGQjavmN_5actor5tests30add_actor_indexes_by_contractsNtB4_9TestBlockNtNtCs5jZFThBnmtR_12block_traits10block_spec9BlockSpec7execute0B8_
FN:269,_RNvNtNtCs38VWGQjavmN_5actor5tests52remove_actor_by_id_removes_from_id_and_contract_maps1c
FN:273,_RNvNtNtCs38VWGQjavmN_5actor5tests52remove_actor_by_id_removes_from_id_and_contract_maps8mk_actor
FN:294,_RNvNtNtCs38VWGQjavmN_5actor5tests52remove_actor_by_id_removes_from_id_and_contract_mapss_4test
FN:259,_RNvXNtNtCs38VWGQjavmN_5actor5tests52remove_actor_by_id_removes_from_id_and_contract_mapsNtB2_9TestBlockNtNtCs5jZFThBnmtR_12block_traits10block_spec9BlockSpec10init_state
FN:252,_RNvXNtNtCs38VWGQjavmN_5actor5tests52remove_actor_by_id_removes_from_id_and_contract_mapsNtB2_9TestBlockNtNtCs5jZFThBnmtR_12block_traits10block_spec9BlockSpec20new_from_init_params
FN:248,_RNvXNtNtCs38VWGQjavmN_5actor5tests52remove_actor_by_id_removes_from_id_and_contract_mapsNtB2_9TestBlockNtNtCs5jZFThBnmtR_12block_traits10block_spec9BlockSpec8block_id
FN:63,_RNCNvMs_Cs38VWGQjavmN_5actorNtB6_15ActorController15remove_actor_rc0B6_
FN:28,_RNvMCs38VWGQjavmN_5actorNtB2_5Actor4tick
FN:84,_RNvXs0_Cs38VWGQjavmN_5actorNtB5_15ActorControllerNtNtCskzPJi2J8k3N_4core7default7Default7default
FN:157,_RNvXs4_NtNtCs38VWGQjavmN_5actor5tests30add_actor_indexes_by_contractsNtB5_9InputKeysNtNtCs6JSeF52E3eC_8channels12channel_keys11ChannelKeys13channel_names
FN:234,_RNvXs4_NtNtCs38VWGQjavmN_5actor5tests52remove_actor_by_id_removes_from_id_and_contract_mapsNtB5_9InputKeysNtNtCs6JSeF52E3eC_8channels12channel_keys11ChannelKeys13channel_names
FN:98,_RNvXs5_NtNtCs38VWGQjavmN_5actor5tests23add_actor_indexes_by_idNtB5_9InputKeysNtNtCs6JSeF52E3eC_8channels12channel_keys11ChannelKeys13channel_names
FN:157,_RNvXse_NtNtCs38VWGQjavmN_5actor5tests30add_actor_indexes_by_contractsNtB5_10OutputKeysNtNtCs6JSeF52E3eC_8channels12channel_keys11ChannelKeys13channel_names
FN:234,_RNvXse_NtNtCs38VWGQjavmN_5actor5tests52remove_actor_by_id_removes_from_id_and_contract_mapsNtB5_10OutputKeysNtNtCs6JSeF52E3eC_8channels12channel_keys11ChannelKeys13channel_names
FN:98,_RNvXsf_NtNtCs38VWGQjavmN_5actor5tests23add_actor_indexes_by_idNtB5_10OutputKeysNtNtCs6JSeF52E3eC_8channels12channel_keys11ChannelKeys13channel_names
FN:192,_RNvNtNtCs38VWGQjavmN_5actor5tests30add_actor_indexes_by_contracts1c
FN:196,_RNvNtNtCs38VWGQjavmN_5actor5tests30add_actor_indexes_by_contracts8mk_actor
FN:217,_RNvNtNtCs38VWGQjavmN_5actor5tests30add_actor_indexes_by_contractss_4test
FN:182,_RNvXNtNtCs38VWGQjavmN_5actor5tests30add_actor_indexes_by_contractsNtB2_9TestBlockNtNtCs5jZFThBnmtR_12block_traits10block_spec9BlockSpec10init_state
FN:175,_RNvXNtNtCs38VWGQjavmN_5actor5tests30add_actor_indexes_by_contractsNtB2_9TestBlockNtNtCs5jZFThBnmtR_12block_traits10block_spec9BlockSpec20new_from_init_params
FN:171,_RNvXNtNtCs38VWGQjavmN_5actor5tests30add_actor_indexes_by_contractsNtB2_9TestBlockNtNtCs5jZFThBnmtR_12block_traits10block_spec9BlockSpec8block_id
FNDA:2,_RNvNtNtCs38VWGQjavmN_5actor5tests23add_actor_indexes_by_id8mk_actor
FNDA:1,_RNvNtNtCs38VWGQjavmN_5actor5tests23add_actor_indexes_by_ids_4test
FNDA:2,_RNvXNtNtCs38VWGQjavmN_5actor5tests23add_actor_indexes_by_idNtB2_9TestBlockNtNtCs5jZFThBnmtR_12block_traits10block_spec9BlockSpec10init_state
FNDA:2,_RNvXNtNtCs38VWGQjavmN_5actor5tests23add_actor_indexes_by_idNtB2_9TestBlockNtNtCs5jZFThBnmtR_12block_traits10block_spec9BlockSpec20new_from_init_params
FNDA:4,_RNvXNtNtCs38VWGQjavmN_5actor5tests23add_actor_indexes_by_idNtB2_9TestBlockNtNtCs5jZFThBnmtR_12block_traits10block_spec9BlockSpec8block_id
FNDA:3,_RNCNvNtNtCs38VWGQjavmN_5actor5tests52remove_actor_by_id_removes_from_id_and_contract_maps8mk_actor0B7_
FNDA:0,_RNCNvXNtNtCs38VWGQjavmN_5actor5tests52remove_actor_by_id_removes_from_id_and_contract_mapsNtB4_9TestBlockNtNtCs5jZFThBnmtR_12block_traits10block_spec9BlockSpec7execute0B8_
FNDA:0,_RNCNvXNtNtCs38VWGQjavmN_5actor5tests23add_actor_indexes_by_idNtB4_9TestBlockNtNtCs5jZFThBnmtR_12block_traits10block_spec9BlockSpec7execute0B8_
FNDA:6,_RNvMCs38VWGQjavmN_5actorNtB2_5Actor3new
FNDA:7,_RNvMCs38VWGQjavmN_5actorNtB2_5Actor9contracts
FNDA:4,_RNvMs_Cs38VWGQjavmN_5actorNtB4_15ActorController15get_actor_by_id
FNDA:1,_RNvMs_Cs38VWGQjavmN_5actorNtB4_15ActorController15remove_actor_rc
FNDA:1,_RNvMs_Cs38VWGQjavmN_5actorNtB4_15ActorController18remove_actor_by_id
FNDA:3,_RNvMs_Cs38VWGQjavmN_5actorNtB4_15ActorController3new
FNDA:6,_RNvMs_Cs38VWGQjavmN_5actorNtB4_15ActorController9add_actor
FNDA:4,_RNCNvNtNtCs38VWGQjavmN_5actor5tests30add_actor_indexes_by_contracts8mk_actor0B7_
FNDA:0,_RNCNvXNtNtCs38VWGQjavmN_5actor5tests30add_actor_indexes_by_contractsNtB4_9TestBlockNtNtCs5jZFThBnmtR_12block_traits10block_spec9BlockSpec7execute0B8_
FNDA:6,_RNvNtNtCs38VWGQjavmN_5actor5tests52remove_actor_by_id_removes_from_id_and_contract_maps1c
FNDA:2,_RNvNtNtCs38VWGQjavmN_5actor5tests52remove_actor_by_id_removes_from_id_and_contract_maps8mk_actor
FNDA:1,_RNvNtNtCs38VWGQjavmN_5actor5tests52remove_actor_by_id_removes_from_id_and_contract_mapss_4test
FNDA:2,_RNvXNtNtCs38VWGQjavmN_5actor5tests52remove_actor_by_id_removes_from_id_and_contract_mapsNtB2_9TestBlockNtNtCs5jZFThBnmtR_12block_traits10block_spec9BlockSpec10init_state
FNDA:2,_RNvXNtNtCs38VWGQjavmN_5actor5tests52remove_actor_by_id_removes_from_id_and_contract_mapsNtB2_9TestBlockNtNtCs5jZFThBnmtR_12block_traits10block_spec9BlockSpec20new_from_init_params
FNDA:4,_RNvXNtNtCs38VWGQjavmN_5actor5tests52remove_actor_by_id_removes_from_id_and_contract_mapsNtB2_9TestBlockNtNtCs5jZFThBnmtR_12block_traits10block_spec9BlockSpec8block_id
FNDA:3,_RNCNvMs_Cs38VWGQjavmN_5actorNtB6_15ActorController15remove_actor_rc0B6_
FNDA:0,_RNvMCs38VWGQjavmN_5actorNtB2_5Actor4tick
FNDA:0,_RNvXs0_Cs38VWGQjavmN_5actorNtB5_15ActorControllerNtNtCskzPJi2J8k3N_4core7default7Default7default
FNDA:0,_RNvXs4_NtNtCs38VWGQjavmN_5actor5tests30add_actor_indexes_by_contractsNtB5_9InputKeysNtNtCs6JSeF52E3eC_8channels12channel_keys11ChannelKeys13channel_names
FNDA:0,_RNvXs4_NtNtCs38VWGQjavmN_5actor5tests52remove_actor_by_id_removes_from_id_and_contract_mapsNtB5_9InputKeysNtNtCs6JSeF52E3eC_8channels12channel_keys11ChannelKeys13channel_names
FNDA:0,_RNvXs5_NtNtCs38VWGQjavmN_5actor5tests23add_actor_indexes_by_idNtB5_9InputKeysNtNtCs6JSeF52E3eC_8channels12channel_keys11ChannelKeys13channel_names
FNDA:0,_RNvXse_NtNtCs38VWGQjavmN_5actor5tests30add_actor_indexes_by_contractsNtB5_10OutputKeysNtNtCs6JSeF52E3eC_8channels12channel_keys11ChannelKeys13channel_names
FNDA:0,_RNvXse_NtNtCs38VWGQjavmN_5actor5tests52remove_actor_by_id_removes_from_id_and_contract_mapsNtB5_10OutputKeysNtNtCs6JSeF52E3eC_8channels12channel_keys11ChannelKeys13channel_names
FNDA:0,_RNvXsf_NtNtCs38VWGQjavmN_5actor5tests23add_actor_indexes_by_idNtB5_10OutputKeysNtNtCs6JSeF52E3eC_8channels12channel_keys11ChannelKeys13channel_names
FNDA:8,_RNvNtNtCs38VWGQjavmN_5actor5tests30add_actor_indexes_by_contracts1c
FNDA:2,_RNvNtNtCs38VWGQjavmN_5actor5tests30add_actor_indexes_by_contracts8mk_actor
FNDA:1,_RNvNtNtCs38VWGQjavmN_5actor5tests30add_actor_indexes_by_contractss_4test
FNDA:2,_RNvXNtNtCs38VWGQjavmN_5actor5tests30add_actor_indexes_by_contractsNtB2_9TestBlockNtNtCs5jZFThBnmtR_12block_traits10block_spec9BlockSpec10init_state
FNDA:2,_RNvXNtNtCs38VWGQjavmN_5actor5tests30add_actor_indexes_by_contractsNtB2_9TestBlockNtNtCs5jZFThBnmtR_12block_traits10block_spec9BlockSpec20new_from_init_params
FNDA:2,_RNvXNtNtCs38VWGQjavmN_5actor5tests30add_actor_indexes_by_contractsNtB2_9TestBlockNtNtCs5jZFThBnmtR_12block_traits10block_spec9BlockSpec8block_id
FNF:35
FNH:27
DA:20,6
DA:21,6
DA:22,6
DA:24,7
DA:25,7
DA:26,7
DA:28,0
DA:29,0
DA:31,0
DA:32,0
DA:41,3
DA:42,3
DA:43,3
DA:44,3
DA:45,3
DA:46,3
DA:48,6
DA:49,6
DA:50,6
DA:51,6
DA:52,7
DA:53,7
DA:54,7
DA:55,7
DA:56,7
DA:57,7
DA:58,6
DA:60,1
DA:61,2
DA:62,2
DA:63,3
DA:64,2
DA:65,1
DA:66,1
DA:67,0
DA:69,1
DA:70,1
DA:72,4
DA:73,4
DA:74,4
DA:76,1
DA:77,1
DA:78,1
DA:79,1
DA:80,1
DA:84,0
DA:85,0
DA:86,0
DA:98,0
DA:106,4
DA:107,4
DA:108,4
DA:110,2
DA:111,2
DA:112,2
DA:114,2
DA:115,2
DA:116,2
DA:119,0
DA:120,0
DA:124,2
DA:125,2
DA:126,2
DA:128,2
DA:129,2
DA:130,2
DA:132,2
DA:133,2
DA:134,2
DA:135,2
DA:137,2
DA:138,2
DA:139,2
DA:142,1
DA:143,1
DA:144,1
DA:145,1
DA:147,1
DA:148,1
DA:149,1
DA:157,0
DA:171,2
DA:172,2
DA:173,2
DA:175,2
DA:176,2
DA:177,2
DA:178,2
DA:179,2
DA:180,2
DA:182,2
DA:183,2
DA:184,2
DA:187,0
DA:188,0
DA:192,8
DA:193,8
DA:194,8
DA:196,2
DA:197,2
DA:198,2
DA:199,2
DA:201,2
DA:202,2
DA:203,2
DA:204,2
DA:206,2
DA:207,4
DA:209,2
DA:210,2
DA:212,2
DA:213,2
DA:214,2
DA:217,1
DA:218,1
DA:219,1
DA:220,1
DA:222,1
DA:223,1
DA:224,1
DA:225,1
DA:226,1
DA:234,0
DA:248,4
DA:249,4
DA:250,4
DA:252,2
DA:253,2
DA:254,2
DA:255,2
DA:256,2
DA:257,2
DA:259,2
DA:260,2
DA:261,2
DA:264,0
DA:265,0
DA:269,6
DA:270,6
DA:271,6
DA:273,2
DA:274,2
DA:275,2
DA:276,2
DA:278,2
DA:279,2
DA:280,2
DA:281,2
DA:283,2
DA:284,3
DA:286,2
DA:287,2
DA:289,2
DA:290,2
DA:291,2
DA:294,1
DA:295,1
DA:296,1
DA:297,1
DA:299,1
DA:301,1
DA:302,1
DA:304,1
DA:305,1
DA:306,1
DA:307,1
DA:308,1
DA:309,1
DA:312,1
BRF:0
BRH:0
LF:172
LH:155
end_of_record
SF:/Users/mailund/Code/block-flow/block-macros-test/src/execute.rs
FN:720,_RNCNvMNtNtCs3Fco0mfnckT_17block_macros_test7execute23input_only_output_stateNtB4_10DummyBlock7execute0B8_
FN:423,_RNvNtNtCs3Fco0mfnckT_17block_macros_test7execute19context_only_outputs_35test_context_input_output_execution
FN:128,_RNvNtNtCs3Fco0mfnckT_17block_macros_test7execute22self_only_output_states_35test_context_input_output_execution
FN:1024,_RNCNvMNtNtCs3Fco0mfnckT_17block_macros_test7execute21state_only_full_tupleNtB4_10DummyBlock7execute0B8_
FN:939,_RNvNtNtCs3Fco0mfnckT_17block_macros_test7execute18state_only_intentss_35test_context_input_output_execution
FN:1166,_RNCNvMNtNtCs3Fco0mfnckT_17block_macros_test7execute29context_input_state_no_returnNtB4_10DummyBlock7execute0B8_
FN:188,_RNCNvMNtNtCs3Fco0mfnckT_17block_macros_test7execute20self_only_full_tupleNtB4_10DummyBlock7execute0B8_
FN:82,_RNvNtNtCs3Fco0mfnckT_17block_macros_test7execute15self_only_states_35test_context_input_output_execution
FN:750,_RNvNtNtCs3Fco0mfnckT_17block_macros_test7execute25input_only_output_intentss_35test_context_input_output_execution
FN:1008,_RNvNtNtCs3Fco0mfnckT_17block_macros_test7execute24state_only_state_intentss_35test_context_input_output_execution
FN:1128,_RNvNtNtCs3Fco0mfnckT_17block_macros_test7execute23context_state_no_returns_35test_context_input_output_execution
FN:485,_RNCNvMNtNtCs3Fco0mfnckT_17block_macros_test7execute25context_only_output_stateNtB4_10DummyBlock7execute0B8_
FN:232,_RNCNvMNtNtCs3Fco0mfnckT_17block_macros_test7execute28self_only_option_output_someNtB4_10DummyBlock7execute0B8_
FN:446,_RNvNtNtCs3Fco0mfnckT_17block_macros_test7execute18context_only_states_35test_context_input_output_execution
FN:1099,_RNCNvMNtNtCs3Fco0mfnckT_17block_macros_test7execute20context_input_outputNtB4_10DummyBlock7execute0B8_
FN:796,_RNvNtNtCs3Fco0mfnckT_17block_macros_test7execute21input_only_full_tuples_35test_context_input_output_execution
FN:932,_RNCNvMNtNtCs3Fco0mfnckT_17block_macros_test7execute18state_only_intentsNtB4_10DummyBlock7execute0B8_
FN:635,_RNvNtNtCs3Fco0mfnckT_17block_macros_test7execute22input_only_unit_returns_35test_context_input_output_execution
FN:439,_RNCNvMNtNtCs3Fco0mfnckT_17block_macros_test7execute18context_only_stateNtB4_10DummyBlock7execute0B8_
FN:1077,_RNCNvMNtNtCs3Fco0mfnckT_17block_macros_test7execute23context_input_no_returnNtB4_10DummyBlock7execute0B8_
FN:515,_RNvNtNtCs3Fco0mfnckT_17block_macros_test7execute27context_only_output_intentss_35test_context_input_output_execution
FN:1144,_RNCNvMNtNtCs3Fco0mfnckT_17block_macros_test7execute21input_state_no_returnNtB4_10DummyBlock7execute0B8_
FN:1172,_RNvNtNtCs3Fco0mfnckT_17block_macros_test7execute29context_input_state_no_returns_35test_context_input_output_execution
FN:893,_RNvNtNtCs3Fco0mfnckT_17block_macros_test7execute17state_only_outputs_35test_context_input_output_execution
FN:1193,_RNCNvMNtNtCs3Fco0mfnckT_17block_macros_test7execute30context_input_state_full_tupleNtB4_10DummyBlock7execute0B8_
FN:100,_RNCNvMNtNtCs3Fco0mfnckT_17block_macros_test7execute17self_only_intentsNtB4_10DummyBlock7execute0B8_
FN:298,_RNCNvMNtNtCs3Fco0mfnckT_17block_macros_test7execute32self_only_option_full_tuple_noneNtB4_10DummyBlock7execute0B8_
FN:789,_RNCNvMNtNtCs3Fco0mfnckT_17block_macros_test7execute21input_only_full_tupleNtB4_10DummyBlock7execute0B8_
FN:743,_RNCNvMNtNtCs3Fco0mfnckT_17block_macros_test7execute25input_only_output_intentsNtB4_10DummyBlock7execute0B8_
FN:378,_RNvNtNtCs3Fco0mfnckT_17block_macros_test7execute22context_only_no_returns_35test_context_input_output_execution
FN:978,_RNCNvMNtNtCs3Fco0mfnckT_17block_macros_test7execute25state_only_output_intentsNtB4_10DummyBlock7execute0B8_
FN:254,_RNCNvMNtNtCs3Fco0mfnckT_17block_macros_test7execute34self_only_option_output_state_noneNtB4_10DummyBlock7execute0B8_
FN:469,_RNvNtNtCs3Fco0mfnckT_17block_macros_test7execute20context_only_intentss_35test_context_input_output_execution
FN:1001,_RNCNvMNtNtCs3Fco0mfnckT_17block_macros_test7execute24state_only_state_intentsNtB4_10DummyBlock7execute0B8_
FN:916,_RNvNtNtCs3Fco0mfnckT_17block_macros_test7execute16state_only_states_35test_context_input_output_execution
FN:955,_RNCNvMNtNtCs3Fco0mfnckT_17block_macros_test7execute23state_only_output_stateNtB4_10DummyBlock7execute0B8_
FN:538,_RNvNtNtCs3Fco0mfnckT_17block_macros_test7execute26context_only_state_intentss_35test_context_input_output_execution
FN:492,_RNvNtNtCs3Fco0mfnckT_17block_macros_test7execute25context_only_output_states_35test_context_input_output_execution
FN:216,_RNvNtNtCs3Fco0mfnckT_17block_macros_test7execute28self_only_option_output_nones_35test_context_input_output_execution
FN:400,_RNvNtNtCs3Fco0mfnckT_17block_macros_test7execute24context_only_unit_returns_35test_context_input_output_execution
FN:122,_RNCNvMNtNtCs3Fco0mfnckT_17block_macros_test7execute22self_only_output_stateNtB4_10DummyBlock7execute0B8_
FN:304,_RNvNtNtCs3Fco0mfnckT_17block_macros_test7execute32self_only_option_full_tuple_nones_35test_context_input_output_execution
FN:554,_RNCNvMNtNtCs3Fco0mfnckT_17block_macros_test7execute23context_only_full_tupleNtB4_10DummyBlock7execute0B8_
FN:106,_RNvNtNtCs3Fco0mfnckT_17block_macros_test7execute17self_only_intentss_35test_context_input_output_execution
FN:326,_RNvNtNtCs3Fco0mfnckT_17block_macros_test7execute32self_only_option_full_tuple_somes_35test_context_input_output_execution
FN:150,_RNvNtNtCs3Fco0mfnckT_17block_macros_test7execute24self_only_output_intentss_35test_context_input_output_execution
FN:1150,_RNvNtNtCs3Fco0mfnckT_17block_macros_test7execute21input_state_no_returns_35test_context_input_output_execution
FN:773,_RNvNtNtCs3Fco0mfnckT_17block_macros_test7execute24input_only_state_intentss_35test_context_input_output_execution
FN:985,_RNvNtNtCs3Fco0mfnckT_17block_macros_test7execute25state_only_output_intentss_35test_context_input_output_execution
FN:531,_RNCNvMNtNtCs3Fco0mfnckT_17block_macros_test7execute26context_only_state_intentsNtB4_10DummyBlock7execute0B8_
FN:276,_RNCNvMNtNtCs3Fco0mfnckT_17block_macros_test7execute34self_only_option_output_state_someNtB4_10DummyBlock7execute0B8_
FN:144,_RNCNvMNtNtCs3Fco0mfnckT_17block_macros_test7execute24self_only_output_intentsNtB4_10DummyBlock7execute0B8_
FN:260,_RNvNtNtCs3Fco0mfnckT_17block_macros_test7execute34self_only_option_output_state_nones_35test_context_input_output_execution
FN:1083,_RNvNtNtCs3Fco0mfnckT_17block_macros_test7execute23context_input_no_returns_35test_context_input_output_execution
FN:658,_RNvNtNtCs3Fco0mfnckT_17block_macros_test7execute17input_only_outputs_35test_context_input_output_execution
FN:462,_RNCNvMNtNtCs3Fco0mfnckT_17block_macros_test7execute20context_only_intentsNtB4_10DummyBlock7execute0B8_
FN:909,_RNCNvMNtNtCs3Fco0mfnckT_17block_macros_test7execute16state_only_stateNtB4_10DummyBlock7execute0B8_
FN:69,_RNvXs5_NtNtCs3Fco0mfnckT_17block_macros_test7execute15self_only_stateNtB5_9InputKeysNtNtCs6JSeF52E3eC_8channels12channel_keys11ChannelKeys13channel_names
FN:667,_RNvXs5_NtNtCs3Fco0mfnckT_17block_macros_test7execute16input_only_stateNtB5_9InputKeysNtNtCs6JSeF52E3eC_8channels12channel_keys11ChannelKeys13channel_names
FN:47,_RNvXs5_NtNtCs3Fco0mfnckT_17block_macros_test7execute16self_only_outputNtB5_9InputKeysNtNtCs6JSeF52E3eC_8channels12channel_keys11ChannelKeys13channel_names
FN:902,_RNvXs5_NtNtCs3Fco0mfnckT_17block_macros_test7execute16state_only_stateNtB5_9InputKeysNtNtCs6JSeF52E3eC_8channels12channel_keys11ChannelKeys13channel_names
FN:644,_RNvXs5_NtNtCs3Fco0mfnckT_17block_macros_test7execute17input_only_outputNtB5_9InputKeysNtNtCs6JSeF52E3eC_8channels12channel_keys11ChannelKeys13channel_names
FN:93,_RNvXs5_NtNtCs3Fco0mfnckT_17block_macros_test7execute17self_only_intentsNtB5_9InputKeysNtNtCs6JSeF52E3eC_8channels12channel_keys11ChannelKeys13channel_names
FN:879,_RNvXs5_NtNtCs3Fco0mfnckT_17block_macros_test7execute17state_only_outputNtB5_9InputKeysNtNtCs6JSeF52E3eC_8channels12channel_keys11ChannelKeys13channel_names
FN:432,_RNvXs5_NtNtCs3Fco0mfnckT_17block_macros_test7execute18context_only_stateNtB5_9InputKeysNtNtCs6JSeF52E3eC_8channels12channel_keys11ChannelKeys13channel_names
FN:690,_RNvXs5_NtNtCs3Fco0mfnckT_17block_macros_test7execute18input_only_intentsNtB5_9InputKeysNtNtCs6JSeF52E3eC_8channels12channel_keys11ChannelKeys13channel_names
FN:925,_RNvXs5_NtNtCs3Fco0mfnckT_17block_macros_test7execute18state_only_intentsNtB5_9InputKeysNtNtCs6JSeF52E3eC_8channels12channel_keys11ChannelKeys13channel_names
FN:409,_RNvXs5_NtNtCs3Fco0mfnckT_17block_macros_test7execute19context_only_outputNtB5_9InputKeysNtNtCs6JSeF52E3eC_8channels12channel_keys11ChannelKeys13channel_names
FN:7,_RNvXs5_NtNtCs3Fco0mfnckT_17block_macros_test7execute19self_only_no_returnNtB5_9InputKeysNtNtCs6JSeF52E3eC_8channels12channel_keys11ChannelKeys13channel_names
FN:1092,_RNvXs5_NtNtCs3Fco0mfnckT_17block_macros_test7execute20context_input_outputNtB5_9InputKeysNtNtCs6JSeF52E3eC_8channels12channel_keys11ChannelKeys13channel_names
FN:455,_RNvXs5_NtNtCs3Fco0mfnckT_17block_macros_test7execute20context_only_intentsNtB5_9InputKeysNtNtCs6JSeF52E3eC_8channels12channel_keys11ChannelKeys13channel_names
FN:600,_RNvXs5_NtNtCs3Fco0mfnckT_17block_macros_test7execute20input_only_no_returnNtB5_9InputKeysNtNtCs6JSeF52E3eC_8channels12channel_keys11ChannelKeys13channel_names
FN:181,_RNvXs5_NtNtCs3Fco0mfnckT_17block_macros_test7execute20self_only_full_tupleNtB5_9InputKeysNtNtCs6JSeF52E3eC_8channels12channel_keys11ChannelKeys13channel_names
FN:835,_RNvXs5_NtNtCs3Fco0mfnckT_17block_macros_test7execute20state_only_no_returnNtB5_9InputKeysNtNtCs6JSeF52E3eC_8channels12channel_keys11ChannelKeys13channel_names
FN:782,_RNvXs5_NtNtCs3Fco0mfnckT_17block_macros_test7execute21input_only_full_tupleNtB5_9InputKeysNtNtCs6JSeF52E3eC_8channels12channel_keys11ChannelKeys13channel_names
FN:1137,_RNvXs5_NtNtCs3Fco0mfnckT_17block_macros_test7execute21input_state_no_returnNtB5_9InputKeysNtNtCs6JSeF52E3eC_8channels12channel_keys11ChannelKeys13channel_names
FN:27,_RNvXs5_NtNtCs3Fco0mfnckT_17block_macros_test7execute21self_only_unit_returnNtB5_9InputKeysNtNtCs6JSeF52E3eC_8channels12channel_keys11ChannelKeys13channel_names
FN:1017,_RNvXs5_NtNtCs3Fco0mfnckT_17block_macros_test7execute21state_only_full_tupleNtB5_9InputKeysNtNtCs6JSeF52E3eC_8channels12channel_keys11ChannelKeys13channel_names
FN:365,_RNvXs5_NtNtCs3Fco0mfnckT_17block_macros_test7execute22context_only_no_returnNtB5_9InputKeysNtNtCs6JSeF52E3eC_8channels12channel_keys11ChannelKeys13channel_names
FN:622,_RNvXs5_NtNtCs3Fco0mfnckT_17block_macros_test7execute22input_only_unit_returnNtB5_9InputKeysNtNtCs6JSeF52E3eC_8channels12channel_keys11ChannelKeys13channel_names
FN:115,_RNvXs5_NtNtCs3Fco0mfnckT_17block_macros_test7execute22self_only_output_stateNtB5_9InputKeysNtNtCs6JSeF52E3eC_8channels12channel_keys11ChannelKeys13channel_names
FN:857,_RNvXs5_NtNtCs3Fco0mfnckT_17block_macros_test7execute22state_only_unit_returnNtB5_9InputKeysNtNtCs6JSeF52E3eC_8channels12channel_keys11ChannelKeys13channel_names
FN:1070,_RNvXs5_NtNtCs3Fco0mfnckT_17block_macros_test7execute23context_input_no_returnNtB5_9InputKeysNtNtCs6JSeF52E3eC_8channels12channel_keys11ChannelKeys13channel_names
FN:547,_RNvXs5_NtNtCs3Fco0mfnckT_17block_macros_test7execute23context_only_full_tupleNtB5_9InputKeysNtNtCs6JSeF52E3eC_8channels12channel_keys11ChannelKeys13channel_names
FN:1115,_RNvXs5_NtNtCs3Fco0mfnckT_17block_macros_test7execute23context_state_no_returnNtB5_9InputKeysNtNtCs6JSeF52E3eC_8channels12channel_keys11ChannelKeys13channel_names
FN:713,_RNvXs5_NtNtCs3Fco0mfnckT_17block_macros_test7execute23input_only_output_stateNtB5_9InputKeysNtNtCs6JSeF52E3eC_8channels12channel_keys11ChannelKeys13channel_names
FN:159,_RNvXs5_NtNtCs3Fco0mfnckT_17block_macros_test7execute23self_only_state_intentsNtB5_9InputKeysNtNtCs6JSeF52E3eC_8channels12channel_keys11ChannelKeys13channel_names
FN:948,_RNvXs5_NtNtCs3Fco0mfnckT_17block_macros_test7execute23state_only_output_stateNtB5_9InputKeysNtNtCs6JSeF52E3eC_8channels12channel_keys11ChannelKeys13channel_names
FN:387,_RNvXs5_NtNtCs3Fco0mfnckT_17block_macros_test7execute24context_only_unit_returnNtB5_9InputKeysNtNtCs6JSeF52E3eC_8channels12channel_keys11ChannelKeys13channel_names
FN:759,_RNvXs5_NtNtCs3Fco0mfnckT_17block_macros_test7execute24input_only_state_intentsNtB5_9InputKeysNtNtCs6JSeF52E3eC_8channels12channel_keys11ChannelKeys13channel_names
FN:137,_RNvXs5_NtNtCs3Fco0mfnckT_17block_macros_test7execute24self_only_output_intentsNtB5_9InputKeysNtNtCs6JSeF52E3eC_8channels12channel_keys11ChannelKeys13channel_names
FN:994,_RNvXs5_NtNtCs3Fco0mfnckT_17block_macros_test7execute24state_only_state_intentsNtB5_9InputKeysNtNtCs6JSeF52E3eC_8channels12channel_keys11ChannelKeys13channel_names
FN:478,_RNvXs5_NtNtCs3Fco0mfnckT_17block_macros_test7execute25context_only_output_stateNtB5_9InputKeysNtNtCs6JSeF52E3eC_8channels12channel_keys11ChannelKeys13channel_names
FN:736,_RNvXs5_NtNtCs3Fco0mfnckT_17block_macros_test7execute25input_only_output_intentsNtB5_9InputKeysNtNtCs6JSeF52E3eC_8channels12channel_keys11ChannelKeys13channel_names
FN:971,_RNvXs5_NtNtCs3Fco0mfnckT_17block_macros_test7execute25state_only_output_intentsNtB5_9InputKeysNtNtCs6JSeF52E3eC_8channels12channel_keys11ChannelKeys13channel_names
FN:524,_RNvXs5_NtNtCs3Fco0mfnckT_17block_macros_test7execute26context_only_state_intentsNtB5_9InputKeysNtNtCs6JSeF52E3eC_8channels12channel_keys11ChannelKeys13channel_names
FN:501,_RNvXs5_NtNtCs3Fco0mfnckT_17block_macros_test7execute27context_only_output_intentsNtB5_9InputKeysNtNtCs6JSeF52E3eC_8channels12channel_keys11ChannelKeys13channel_names
FN:203,_RNvXs5_NtNtCs3Fco0mfnckT_17block_macros_test7execute28self_only_option_output_noneNtB5_9InputKeysNtNtCs6JSeF52E3eC_8channels12channel_keys11ChannelKeys13channel_names
FN:225,_RNvXs5_NtNtCs3Fco0mfnckT_17block_macros_test7execute28self_only_option_output_someNtB5_9InputKeysNtNtCs6JSeF52E3eC_8channels12channel_keys11ChannelKeys13channel_names
FN:1159,_RNvXs5_NtNtCs3Fco0mfnckT_17block_macros_test7execute29context_input_state_no_returnNtB5_9InputKeysNtNtCs6JSeF52E3eC_8channels12channel_keys11ChannelKeys13channel_names
FN:1181,_RNvXs5_NtNtCs3Fco0mfnckT_17block_macros_test7execute30context_input_state_full_tupleNtB5_9InputKeysNtNtCs6JSeF52E3eC_8channels12channel_keys11ChannelKeys13channel_names
FN:291,_RNvXs5_NtNtCs3Fco0mfnckT_17block_macros_test7execute32self_only_option_full_tuple_noneNtB5_9InputKeysNtNtCs6JSeF52E3eC_8channels12channel_keys11ChannelKeys13channel_names
FN:313,_RNvXs5_NtNtCs3Fco0mfnckT_17block_macros_test7execute32self_only_option_full_tuple_someNtB5_9InputKeysNtNtCs6JSeF52E3eC_8channels12channel_keys11ChannelKeys13channel_names
FN:247,_RNvXs5_NtNtCs3Fco0mfnckT_17block_macros_test7execute34self_only_option_output_state_noneNtB5_9InputKeysNtNtCs6JSeF52E3eC_8channels12channel_keys11ChannelKeys13channel_names
FN:269,_RNvXs5_NtNtCs3Fco0mfnckT_17block_macros_test7execute34self_only_option_output_state_someNtB5_9InputKeysNtNtCs6JSeF52E3eC_8channels12channel_keys11ChannelKeys13channel_names
FN:69,_RNvXsf_NtNtCs3Fco0mfnckT_17block_macros_test7execute15self_only_stateNtB5_10OutputKeysNtNtCs6JSeF52E3eC_8channels12channel_keys11ChannelKeys13channel_names
FN:667,_RNvXsf_NtNtCs3Fco0mfnckT_17block_macros_test7execute16input_only_stateNtB5_10OutputKeysNtNtCs6JSeF52E3eC_8channels12channel_keys11ChannelKeys13channel_names
FN:47,_RNvXsf_NtNtCs3Fco0mfnckT_17block_macros_test7execute16self_only_outputNtB5_10OutputKeysNtNtCs6JSeF52E3eC_8channels12channel_keys11ChannelKeys13channel_names
FN:902,_RNvXsf_NtNtCs3Fco0mfnckT_17block_macros_test7execute16state_only_stateNtB5_10OutputKeysNtNtCs6JSeF52E3eC_8channels12channel_keys11ChannelKeys13channel_names
FN:644,_RNvXsf_NtNtCs3Fco0mfnckT_17block_macros_test7execute17input_only_outputNtB5_10OutputKeysNtNtCs6JSeF52E3eC_8channels12channel_keys11ChannelKeys13channel_names
FN:93,_RNvXsf_NtNtCs3Fco0mfnckT_17block_macros_test7execute17self_only_intentsNtB5_10OutputKeysNtNtCs6JSeF52E3eC_8channels12channel_keys11ChannelKeys13channel_names
FN:879,_RNvXsf_NtNtCs3Fco0mfnckT_17block_macros_test7execute17state_only_outputNtB5_10OutputKeysNtNtCs6JSeF52E3eC_8channels12channel_keys11ChannelKeys13channel_names
FN:432,_RNvXsf_NtNtCs3Fco0mfnckT_17block_macros_test7execute18context_only_stateNtB5_10OutputKeysNtNtCs6JSeF52E3eC_8channels12channel_keys11ChannelKeys13channel_names
FN:690,_RNvXsf_NtNtCs3Fco0mfnckT_17block_macros_test7execute18input_only_intentsNtB5_10OutputKeysNtNtCs6JSeF52E3eC_8channels12channel_keys11ChannelKeys13channel_names
FN:925,_RNvXsf_NtNtCs3Fco0mfnckT_17block_macros_test7execute18state_only_intentsNtB5_10OutputKeysNtNtCs6JSeF52E3eC_8channels12channel_keys11ChannelKeys13channel_names
FN:409,_RNvXsf_NtNtCs3Fco0mfnckT_17block_macros_test7execute19context_only_outputNtB5_10OutputKeysNtNtCs6JSeF52E3eC_8channels12channel_keys11ChannelKeys13channel_names
FN:7,_RNvXsf_NtNtCs3Fco0mfnckT_17block_macros_test7execute19self_only_no_returnNtB5_10OutputKeysNtNtCs6JSeF52E3eC_8channels12channel_keys11ChannelKeys13channel_names
FN:1092,_RNvXsf_NtNtCs3Fco0mfnckT_17block_macros_test7execute20context_input_outputNtB5_10OutputKeysNtNtCs6JSeF52E3eC_8channels12channel_keys11ChannelKeys13channel_names
FN:455,_RNvXsf_NtNtCs3Fco0mfnckT_17block_macros_test7execute20context_only_intentsNtB5_10OutputKeysNtNtCs6JSeF52E3eC_8channels12channel_keys11ChannelKeys13channel_names
FN:600,_RNvXsf_NtNtCs3Fco0mfnckT_17block_macros_test7execute20input_only_no_returnNtB5_10OutputKeysNtNtCs6JSeF52E3eC_8channels12channel_keys11ChannelKeys13channel_names
FN:181,_RNvXsf_NtNtCs3Fco0mfnckT_17block_macros_test7execute20self_only_full_tupleNtB5_10OutputKeysNtNtCs6JSeF52E3eC_8channels12channel_keys11ChannelKeys13channel_names
FN:835,_RNvXsf_NtNtCs3Fco0mfnckT_17block_macros_test7execute20state_only_no_returnNtB5_10OutputKeysNtNtCs6JSeF52E3eC_8channels12channel_keys11ChannelKeys13channel_names
FN:782,_RNvXsf_NtNtCs3Fco0mfnckT_17block_macros_test7execute21input_only_full_tupleNtB5_10OutputKeysNtNtCs6JSeF52E3eC_8channels12channel_keys11ChannelKeys13channel_names
FN:1137,_RNvXsf_NtNtCs3Fco0mfnckT_17block_macros_test7execute21input_state_no_returnNtB5_10OutputKeysNtNtCs6JSeF52E3eC_8channels12channel_keys11ChannelKeys13channel_names
FN:27,_RNvXsf_NtNtCs3Fco0mfnckT_17block_macros_test7execute21self_only_unit_returnNtB5_10OutputKeysNtNtCs6JSeF52E3eC_8channels12channel_keys11ChannelKeys13channel_names
FN:1017,_RNvXsf_NtNtCs3Fco0mfnckT_17block_macros_test7execute21state_only_full_tupleNtB5_10OutputKeysNtNtCs6JSeF52E3eC_8channels12channel_keys11ChannelKeys13channel_names
FN:365,_RNvXsf_NtNtCs3Fco0mfnckT_17block_macros_test7execute22context_only_no_returnNtB5_10OutputKeysNtNtCs6JSeF52E3eC_8channels12channel_keys11ChannelKeys13channel_names
FN:622,_RNvXsf_NtNtCs3Fco0mfnckT_17block_macros_test7execute22input_only_unit_returnNtB5_10OutputKeysNtNtCs6JSeF52E3eC_8channels12channel_keys11ChannelKeys13channel_names
FN:115,_RNvXsf_NtNtCs3Fco0mfnckT_17block_macros_test7execute22self_only_output_stateNtB5_10OutputKeysNtNtCs6JSeF52E3eC_8channels12channel_keys11ChannelKeys13channel_names
FN:857,_RNvXsf_NtNtCs3Fco0mfnckT_17block_macros_test7execute22state_only_unit_returnNtB5_10OutputKeysNtNtCs6JSeF52E3eC_8channels12channel_keys11ChannelKeys13channel_names
FN:1070,_RNvXsf_NtNtCs3Fco0mfnckT_17block_macros_test7execute23context_input_no_returnNtB5_10OutputKeysNtNtCs6JSeF52E3eC_8channels12channel_keys11ChannelKeys13channel_names
FN:547,_RNvXsf_NtNtCs3Fco0mfnckT_17block_macros_test7execute23context_only_full_tupleNtB5_10OutputKeysNtNtCs6JSeF52E3eC_8channels12channel_keys11ChannelKeys13channel_names
FN:1115,_RNvXsf_NtNtCs3Fco0mfnckT_17block_macros_test7execute23context_state_no_returnNtB5_10OutputKeysNtNtCs6JSeF52E3eC_8channels12channel_keys11ChannelKeys13channel_names
FN:713,_RNvXsf_NtNtCs3Fco0mfnckT_17block_macros_test7execute23input_only_output_stateNtB5_10OutputKeysNtNtCs6JSeF52E3eC_8channels12channel_keys11ChannelKeys13channel_names
FN:159,_RNvXsf_NtNtCs3Fco0mfnckT_17block_macros_test7execute23self_only_state_intentsNtB5_10OutputKeysNtNtCs6JSeF52E3eC_8channels12channel_keys11ChannelKeys13channel_names
FN:948,_RNvXsf_NtNtCs3Fco0mfnckT_17block_macros_test7execute23state_only_output_stateNtB5_10OutputKeysNtNtCs6JSeF52E3eC_8channels12channel_keys11ChannelKeys13channel_names
FN:387,_RNvXsf_NtNtCs3Fco0mfnckT_17block_macros_test7execute24context_only_unit_returnNtB5_10OutputKeysNtNtCs6JSeF52E3eC_8channels12channel_keys11ChannelKeys13channel_names
FN:759,_RNvXsf_NtNtCs3Fco0mfnckT_17block_macros_test7execute24input_only_state_intentsNtB5_10OutputKeysNtNtCs6JSeF52E3eC_8channels12channel_keys11ChannelKeys13channel_names
FN:137,_RNvXsf_NtNtCs3Fco0mfnckT_17block_macros_test7execute24self_only_output_intentsNtB5_10OutputKeysNtNtCs6JSeF52E3eC_8channels12channel_keys11ChannelKeys13channel_names
FN:994,_RNvXsf_NtNtCs3Fco0mfnckT_17block_macros_test7execute24state_only_state_intentsNtB5_10OutputKeysNtNtCs6JSeF52E3eC_8channels12channel_keys11ChannelKeys13channel_names
FN:478,_RNvXsf_NtNtCs3Fco0mfnckT_17block_macros_test7execute25context_only_output_stateNtB5_10OutputKeysNtNtCs6JSeF52E3eC_8channels12channel_keys11ChannelKeys13channel_names
FN:736,_RNvXsf_NtNtCs3Fco0mfnckT_17block_macros_test7execute25input_only_output_intentsNtB5_10OutputKeysNtNtCs6JSeF52E3eC_8channels12channel_keys11ChannelKeys13channel_names
FN:971,_RNvXsf_NtNtCs3Fco0mfnckT_17block_macros_test7execute25state_only_output_intentsNtB5_10OutputKeysNtNtCs6JSeF52E3eC_8channels12channel_keys11ChannelKeys13channel_names
FN:524,_RNvXsf_NtNtCs3Fco0mfnckT_17block_macros_test7execute26context_only_state_intentsNtB5_10OutputKeysNtNtCs6JSeF52E3eC_8channels12channel_keys11ChannelKeys13channel_names
FN:501,_RNvXsf_NtNtCs3Fco0mfnckT_17block_macros_test7execute27context_only_output_intentsNtB5_10OutputKeysNtNtCs6JSeF52E3eC_8channels12channel_keys11ChannelKeys13channel_names
FN:203,_RNvXsf_NtNtCs3Fco0mfnckT_17block_macros_test7execute28self_only_option_output_noneNtB5_10OutputKeysNtNtCs6JSeF52E3eC_8channels12channel_keys11ChannelKeys13channel_names
FN:225,_RNvXsf_NtNtCs3Fco0mfnckT_17block_macros_test7execute28self_only_option_output_someNtB5_10OutputKeysNtNtCs6JSeF52E3eC_8channels12channel_keys11ChannelKeys13channel_names
FN:1159,_RNvXsf_NtNtCs3Fco0mfnckT_17block_macros_test7execute29context_input_state_no_returnNtB5_10OutputKeysNtNtCs6JSeF52E3eC_8channels12channel_keys11ChannelKeys13channel_names
FN:1181,_RNvXsf_NtNtCs3Fco0mfnckT_17block_macros_test7execute30context_input_state_full_tupleNtB5_10OutputKeysNtNtCs6JSeF52E3eC_8channels12channel_keys11ChannelKeys13channel_names
FN:291,_RNvXsf_NtNtCs3Fco0mfnckT_17block_macros_test7execute32self_only_option_full_tuple_noneNtB5_10OutputKeysNtNtCs6JSeF52E3eC_8channels12channel_keys11ChannelKeys13channel_names
FN:313,_RNvXsf_NtNtCs3Fco0mfnckT_17block_macros_test7execute32self_only_option_full_tuple_someNtB5_10OutputKeysNtNtCs6JSeF52E3eC_8channels12channel_keys11ChannelKeys13channel_names
FN:247,_RNvXsf_NtNtCs3Fco0mfnckT_17block_macros_test7execute34self_only_option_output_state_noneNtB5_10OutputKeysNtNtCs6JSeF52E3eC_8channels12channel_keys11ChannelKeys13channel_names
FN:269,_RNvXsf_NtNtCs3Fco0mfnckT_17block_macros_test7execute34self_only_option_output_state_someNtB5_10OutputKeysNtNtCs6JSeF52E3eC_8channels12channel_keys11ChannelKeys13channel_names
FN:282,_RNvNtNtCs3Fco0mfnckT_17block_macros_test7execute34self_only_option_output_state_somes_35test_context_input_output_execution
FN:962,_RNvNtNtCs3Fco0mfnckT_17block_macros_test7execute23state_only_output_states_35test_context_input_output_execution
FN:870,_RNvNtNtCs3Fco0mfnckT_17block_macros_test7execute22state_only_unit_returns_35test_context_input_output_execution
FN:704,_RNvNtNtCs3Fco0mfnckT_17block_macros_test7execute18input_only_intentss_35test_context_input_output_execution
FN:1122,_RNCNvMNtNtCs3Fco0mfnckT_17block_macros_test7execute23context_state_no_returnNtB4_10DummyBlock7execute0B8_
FN:674,_RNCNvMNtNtCs3Fco0mfnckT_17block_macros_test7execute16input_only_stateNtB4_10DummyBlock7execute0B8_
FN:76,_RNCNvMNtNtCs3Fco0mfnckT_17block_macros_test7execute15self_only_stateNtB4_10DummyBlock7execute0B8_
FN:561,_RNvNtNtCs3Fco0mfnckT_17block_macros_test7execute23context_only_full_tuples_35test_context_input_output_execution
FN:848,_RNvNtNtCs3Fco0mfnckT_17block_macros_test7execute20state_only_no_returns_35test_context_input_output_execution
FN:727,_RNvNtNtCs3Fco0mfnckT_17block_macros_test7execute23input_only_output_states_35test_context_input_output_execution
FN:54,_RNCNvMNtNtCs3Fco0mfnckT_17block_macros_test7execute16self_only_outputNtB4_10DummyBlock7execute0B8_
FN:681,_RNvNtNtCs3Fco0mfnckT_17block_macros_test7execute16input_only_states_35test_context_input_output_execution
FN:886,_RNCNvMNtNtCs3Fco0mfnckT_17block_macros_test7execute17state_only_outputNtB4_10DummyBlock7execute0B8_
FN:1200,_RNvNtNtCs3Fco0mfnckT_17block_macros_test7execute30context_input_state_full_tuples_35test_context_input_output_execution
FN:238,_RNvNtNtCs3Fco0mfnckT_17block_macros_test7execute28self_only_option_output_somes_35test_context_input_output_execution
FN:166,_RNCNvMNtNtCs3Fco0mfnckT_17block_macros_test7execute23self_only_state_intentsNtB4_10DummyBlock7execute0B8_
FN:60,_RNvNtNtCs3Fco0mfnckT_17block_macros_test7execute16self_only_outputs_35test_context_input_output_execution
FN:1031,_RNvNtNtCs3Fco0mfnckT_17block_macros_test7execute21state_only_full_tuples_35test_context_input_output_execution
FN:508,_RNCNvMNtNtCs3Fco0mfnckT_17block_macros_test7execute27context_only_output_intentsNtB4_10DummyBlock7execute0B8_
FN:172,_RNvNtNtCs3Fco0mfnckT_17block_macros_test7execute23self_only_state_intentss_35test_context_input_output_execution
FN:38,_RNvNtNtCs3Fco0mfnckT_17block_macros_test7execute21self_only_unit_returns_35test_context_input_output_execution
FN:651,_RNCNvMNtNtCs3Fco0mfnckT_17block_macros_test7execute17input_only_outputNtB4_10DummyBlock7execute0B8_
FN:1106,_RNvNtNtCs3Fco0mfnckT_17block_macros_test7execute20context_input_outputs_35test_context_input_output_execution
FN:210,_RNCNvMNtNtCs3Fco0mfnckT_17block_macros_test7execute28self_only_option_output_noneNtB4_10DummyBlock7execute0B8_
FN:613,_RNvNtNtCs3Fco0mfnckT_17block_macros_test7execute20input_only_no_returns_35test_context_input_output_execution
FN:194,_RNvNtNtCs3Fco0mfnckT_17block_macros_test7execute20self_only_full_tuples_35test_context_input_output_execution
FN:416,_RNCNvMNtNtCs3Fco0mfnckT_17block_macros_test7execute19context_only_outputNtB4_10DummyBlock7execute0B8_
FN:18,_RNvNtNtCs3Fco0mfnckT_17block_macros_test7execute19self_only_no_returns_35test_context_input_output_execution
FN:320,_RNCNvMNtNtCs3Fco0mfnckT_17block_macros_test7execute32self_only_option_full_tuple_someNtB4_10DummyBlock7execute0B8_
FN:697,_RNCNvMNtNtCs3Fco0mfnckT_17block_macros_test7execute18input_only_intentsNtB4_10DummyBlock7execute0B8_
FN:766,_RNCNvMNtNtCs3Fco0mfnckT_17block_macros_test7execute24input_only_state_intentsNtB4_10DummyBlock7execute0B8_
FNDA:1,_RNCNvMNtNtCs3Fco0mfnckT_17block_macros_test7execute23input_only_output_stateNtB4_10DummyBlock7execute0B8_
FNDA:1,_RNvNtNtCs3Fco0mfnckT_17block_macros_test7execute19context_only_outputs_35test_context_input_output_execution
FNDA:1,_RNvNtNtCs3Fco0mfnckT_17block_macros_test7execute22self_only_output_states_35test_context_input_output_execution
FNDA:1,_RNCNvMNtNtCs3Fco0mfnckT_17block_macros_test7execute21state_only_full_tupleNtB4_10DummyBlock7execute0B8_
FNDA:1,_RNvNtNtCs3Fco0mfnckT_17block_macros_test7execute18state_only_intentss_35test_context_input_output_execution
FNDA:1,_RNCNvMNtNtCs3Fco0mfnckT_17block_macros_test7execute29context_input_state_no_returnNtB4_10DummyBlock7execute0B8_
FNDA:1,_RNCNvMNtNtCs3Fco0mfnckT_17block_macros_test7execute20self_only_full_tupleNtB4_10DummyBlock7execute0B8_
FNDA:1,_RNvNtNtCs3Fco0mfnckT_17block_macros_test7execute15self_only_states_35test_context_input_output_execution
FNDA:1,_RNvNtNtCs3Fco0mfnckT_17block_macros_test7execute25input_only_output_intentss_35test_context_input_output_execution
FNDA:1,_RNvNtNtCs3Fco0mfnckT_17block_macros_test7execute24state_only_state_intentss_35test_context_input_output_execution
FNDA:1,_RNvNtNtCs3Fco0mfnckT_17block_macros_test7execute23context_state_no_returns_35test_context_input_output_execution
FNDA:1,_RNCNvMNtNtCs3Fco0mfnckT_17block_macros_test7execute25context_only_output_stateNtB4_10DummyBlock7execute0B8_
FNDA:1,_RNCNvMNtNtCs3Fco0mfnckT_17block_macros_test7execute28self_only_option_output_someNtB4_10DummyBlock7execute0B8_
FNDA:1,_RNvNtNtCs3Fco0mfnckT_17block_macros_test7execute18context_only_states_35test_context_input_output_execution
FNDA:1,_RNCNvMNtNtCs3Fco0mfnckT_17block_macros_test7execute20context_input_outputNtB4_10DummyBlock7execute0B8_
FNDA:1,_RNvNtNtCs3Fco0mfnckT_17block_macros_test7execute21input_only_full_tuples_35test_context_input_output_execution
FNDA:1,_RNCNvMNtNtCs3Fco0mfnckT_17block_macros_test7execute18state_only_intentsNtB4_10DummyBlock7execute0B8_
FNDA:1,_RNvNtNtCs3Fco0mfnckT_17block_macros_test7execute22input_only_unit_returns_35test_context_input_output_execution
FNDA:1,_RNCNvMNtNtCs3Fco0mfnckT_17block_macros_test7execute18context_only_stateNtB4_10DummyBlock7execute0B8_
FNDA:1,_RNCNvMNtNtCs3Fco0mfnckT_17block_macros_test7execute23context_input_no_returnNtB4_10DummyBlock7execute0B8_
FNDA:1,_RNvNtNtCs3Fco0mfnckT_17block_macros_test7execute27context_only_output_intentss_35test_context_input_output_execution
FNDA:1,_RNCNvMNtNtCs3Fco0mfnckT_17block_macros_test7execute21input_state_no_returnNtB4_10DummyBlock7execute0B8_
FNDA:1,_RNvNtNtCs3Fco0mfnckT_17block_macros_test7execute29context_input_state_no_returns_35test_context_input_output_execution
FNDA:1,_RNvNtNtCs3Fco0mfnckT_17block_macros_test7execute17state_only_outputs_35test_context_input_output_execution
FNDA:1,_RNCNvMNtNtCs3Fco0mfnckT_17block_macros_test7execute30context_input_state_full_tupleNtB4_10DummyBlock7execute0B8_
FNDA:1,_RNCNvMNtNtCs3Fco0mfnckT_17block_macros_test7execute17self_only_intentsNtB4_10DummyBlock7execute0B8_
FNDA:1,_RNCNvMNtNtCs3Fco0mfnckT_17block_macros_test7execute32self_only_option_full_tuple_noneNtB4_10DummyBlock7execute0B8_
FNDA:1,_RNCNvMNtNtCs3Fco0mfnckT_17block_macros_test7execute21input_only_full_tupleNtB4_10DummyBlock7execute0B8_
FNDA:1,_RNCNvMNtNtCs3Fco0mfnckT_17block_macros_test7execute25input_only_output_intentsNtB4_10DummyBlock7execute0B8_
FNDA:1,_RNvNtNtCs3Fco0mfnckT_17block_macros_test7execute22context_only_no_returns_35test_context_input_output_execution
FNDA:1,_RNCNvMNtNtCs3Fco0mfnckT_17block_macros_test7execute25state_only_output_intentsNtB4_10DummyBlock7execute0B8_
FNDA:1,_RNCNvMNtNtCs3Fco0mfnckT_17block_macros_test7execute34self_only_option_output_state_noneNtB4_10DummyBlock7execute0B8_
FNDA:1,_RNvNtNtCs3Fco0mfnckT_17block_macros_test7execute20context_only_intentss_35test_context_input_output_execution
FNDA:1,_RNCNvMNtNtCs3Fco0mfnckT_17block_macros_test7execute24state_only_state_intentsNtB4_10DummyBlock7execute0B8_
FNDA:1,_RNvNtNtCs3Fco0mfnckT_17block_macros_test7execute16state_only_states_35test_context_input_output_execution
FNDA:1,_RNCNvMNtNtCs3Fco0mfnckT_17block_macros_test7execute23state_only_output_stateNtB4_10DummyBlock7execute0B8_
FNDA:1,_RNvNtNtCs3Fco0mfnckT_17block_macros_test7execute26context_only_state_intentss_35test_context_input_output_execution
FNDA:1,_RNvNtNtCs3Fco0mfnckT_17block_macros_test7execute25context_only_output_states_35test_context_input_output_execution
FNDA:1,_RNvNtNtCs3Fco0mfnckT_17block_macros_test7execute28self_only_option_output_nones_35test_context_input_output_execution
FNDA:1,_RNvNtNtCs3Fco0mfnckT_17block_macros_test7execute24context_only_unit_returns_35test_context_input_output_execution
FNDA:1,_RNCNvMNtNtCs3Fco0mfnckT_17block_macros_test7execute22self_only_output_stateNtB4_10DummyBlock7execute0B8_
FNDA:1,_RNvNtNtCs3Fco0mfnckT_17block_macros_test7execute32self_only_option_full_tuple_nones_35test_context_input_output_execution
FNDA:1,_RNCNvMNtNtCs3Fco0mfnckT_17block_macros_test7execute23context_only_full_tupleNtB4_10DummyBlock7execute0B8_
FNDA:1,_RNvNtNtCs3Fco0mfnckT_17block_macros_test7execute17self_only_intentss_35test_context_input_output_execution
FNDA:1,_RNvNtNtCs3Fco0mfnckT_17block_macros_test7execute32self_only_option_full_tuple_somes_35test_context_input_output_execution
FNDA:1,_RNvNtNtCs3Fco0mfnckT_17block_macros_test7execute24self_only_output_intentss_35test_context_input_output_execution
FNDA:1,_RNvNtNtCs3Fco0mfnckT_17block_macros_test7execute21input_state_no_returns_35test_context_input_output_execution
FNDA:1,_RNvNtNtCs3Fco0mfnckT_17block_macros_test7execute24input_only_state_intentss_35test_context_input_output_execution
FNDA:1,_RNvNtNtCs3Fco0mfnckT_17block_macros_test7execute25state_only_output_intentss_35test_context_input_output_execution
FNDA:1,_RNCNvMNtNtCs3Fco0mfnckT_17block_macros_test7execute26context_only_state_intentsNtB4_10DummyBlock7execute0B8_
FNDA:1,_RNCNvMNtNtCs3Fco0mfnckT_17block_macros_test7execute34self_only_option_output_state_someNtB4_10DummyBlock7execute0B8_
FNDA:1,_RNCNvMNtNtCs3Fco0mfnckT_17block_macros_test7execute24self_only_output_intentsNtB4_10DummyBlock7execute0B8_
FNDA:1,_RNvNtNtCs3Fco0mfnckT_17block_macros_test7execute34self_only_option_output_state_nones_35test_context_input_output_execution
FNDA:1,_RNvNtNtCs3Fco0mfnckT_17block_macros_test7execute23context_input_no_returns_35test_context_input_output_execution
FNDA:1,_RNvNtNtCs3Fco0mfnckT_17block_macros_test7execute17input_only_outputs_35test_context_input_output_execution
FNDA:1,_RNCNvMNtNtCs3Fco0mfnckT_17block_macros_test7execute20context_only_intentsNtB4_10DummyBlock7execute0B8_
FNDA:1,_RNCNvMNtNtCs3Fco0mfnckT_17block_macros_test7execute16state_only_stateNtB4_10DummyBlock7execute0B8_
FNDA:0,_RNvXs5_NtNtCs3Fco0mfnckT_17block_macros_test7execute15self_only_stateNtB5_9InputKeysNtNtCs6JSeF52E3eC_8channels12channel_keys11ChannelKeys13channel_names
FNDA:0,_RNvXs5_NtNtCs3Fco0mfnckT_17block_macros_test7execute16input_only_stateNtB5_9InputKeysNtNtCs6JSeF52E3eC_8channels12channel_keys11ChannelKeys13channel_names
FNDA:0,_RNvXs5_NtNtCs3Fco0mfnckT_17block_macros_test7execute16self_only_outputNtB5_9InputKeysNtNtCs6JSeF52E3eC_8channels12channel_keys11ChannelKeys13channel_names
FNDA:0,_RNvXs5_NtNtCs3Fco0mfnckT_17block_macros_test7execute16state_only_stateNtB5_9InputKeysNtNtCs6JSeF52E3eC_8channels12channel_keys11ChannelKeys13channel_names
FNDA:0,_RNvXs5_NtNtCs3Fco0mfnckT_17block_macros_test7execute17input_only_outputNtB5_9InputKeysNtNtCs6JSeF52E3eC_8channels12channel_keys11ChannelKeys13channel_names
FNDA:0,_RNvXs5_NtNtCs3Fco0mfnckT_17block_macros_test7execute17self_only_intentsNtB5_9InputKeysNtNtCs6JSeF52E3eC_8channels12channel_keys11ChannelKeys13channel_names
FNDA:0,_RNvXs5_NtNtCs3Fco0mfnckT_17block_macros_test7execute17state_only_outputNtB5_9InputKeysNtNtCs6JSeF52E3eC_8channels12channel_keys11ChannelKeys13channel_names
FNDA:0,_RNvXs5_NtNtCs3Fco0mfnckT_17block_macros_test7execute18context_only_stateNtB5_9InputKeysNtNtCs6JSeF52E3eC_8channels12channel_keys11ChannelKeys13channel_names
FNDA:0,_RNvXs5_NtNtCs3Fco0mfnckT_17block_macros_test7execute18input_only_intentsNtB5_9InputKeysNtNtCs6JSeF52E3eC_8channels12channel_keys11ChannelKeys13channel_names
FNDA:0,_RNvXs5_NtNtCs3Fco0mfnckT_17block_macros_test7execute18state_only_intentsNtB5_9InputKeysNtNtCs6JSeF52E3eC_8channels12channel_keys11ChannelKeys13channel_names
FNDA:0,_RNvXs5_NtNtCs3Fco0mfnckT_17block_macros_test7execute19context_only_outputNtB5_9InputKeysNtNtCs6JSeF52E3eC_8channels12channel_keys11ChannelKeys13channel_names
FNDA:0,_RNvXs5_NtNtCs3Fco0mfnckT_17block_macros_test7execute19self_only_no_returnNtB5_9InputKeysNtNtCs6JSeF52E3eC_8channels12channel_keys11ChannelKeys13channel_names
FNDA:0,_RNvXs5_NtNtCs3Fco0mfnckT_17block_macros_test7execute20context_input_outputNtB5_9InputKeysNtNtCs6JSeF52E3eC_8channels12channel_keys11ChannelKeys13channel_names
FNDA:0,_RNvXs5_NtNtCs3Fco0mfnckT_17block_macros_test7execute20context_only_intentsNtB5_9InputKeysNtNtCs6JSeF52E3eC_8channels12channel_keys11ChannelKeys13channel_names
FNDA:0,_RNvXs5_NtNtCs3Fco0mfnckT_17block_macros_test7execute20input_only_no_returnNtB5_9InputKeysNtNtCs6JSeF52E3eC_8channels12channel_keys11ChannelKeys13channel_names
FNDA:0,_RNvXs5_NtNtCs3Fco0mfnckT_17block_macros_test7execute20self_only_full_tupleNtB5_9InputKeysNtNtCs6JSeF52E3eC_8channels12channel_keys11ChannelKeys13channel_names
FNDA:0,_RNvXs5_NtNtCs3Fco0mfnckT_17block_macros_test7execute20state_only_no_returnNtB5_9InputKeysNtNtCs6JSeF52E3eC_8channels12channel_keys11ChannelKeys13channel_names
FNDA:0,_RNvXs5_NtNtCs3Fco0mfnckT_17block_macros_test7execute21input_only_full_tupleNtB5_9InputKeysNtNtCs6JSeF52E3eC_8channels12channel_keys11ChannelKeys13channel_names
FNDA:0,_RNvXs5_NtNtCs3Fco0mfnckT_17block_macros_test7execute21input_state_no_returnNtB5_9InputKeysNtNtCs6JSeF52E3eC_8channels12channel_keys11ChannelKeys13channel_names
FNDA:0,_RNvXs5_NtNtCs3Fco0mfnckT_17block_macros_test7execute21self_only_unit_returnNtB5_9InputKeysNtNtCs6JSeF52E3eC_8channels12channel_keys11ChannelKeys13channel_names
FNDA:0,_RNvXs5_NtNtCs3Fco0mfnckT_17block_macros_test7execute21state_only_full_tupleNtB5_9InputKeysNtNtCs6JSeF52E3eC_8channels12channel_keys11ChannelKeys13channel_names
FNDA:0,_RNvXs5_NtNtCs3Fco0mfnckT_17block_macros_test7execute22context_only_no_returnNtB5_9InputKeysNtNtCs6JSeF52E3eC_8channels12channel_keys11ChannelKeys13channel_names
FNDA:0,_RNvXs5_NtNtCs3Fco0mfnckT_17block_macros_test7execute22input_only_unit_returnNtB5_9InputKeysNtNtCs6JSeF52E3eC_8channels12channel_keys11ChannelKeys13channel_names
FNDA:0,_RNvXs5_NtNtCs3Fco0mfnckT_17block_macros_test7execute22self_only_output_stateNtB5_9InputKeysNtNtCs6JSeF52E3eC_8channels12channel_keys11ChannelKeys13channel_names
FNDA:0,_RNvXs5_NtNtCs3Fco0mfnckT_17block_macros_test7execute22state_only_unit_returnNtB5_9InputKeysNtNtCs6JSeF52E3eC_8channels12channel_keys11ChannelKeys13channel_names
FNDA:0,_RNvXs5_NtNtCs3Fco0mfnckT_17block_macros_test7execute23context_input_no_returnNtB5_9InputKeysNtNtCs6JSeF52E3eC_8channels12channel_keys11ChannelKeys13channel_names
FNDA:0,_RNvXs5_NtNtCs3Fco0mfnckT_17block_macros_test7execute23context_only_full_tupleNtB5_9InputKeysNtNtCs6JSeF52E3eC_8channels12channel_keys11ChannelKeys13channel_names
FNDA:0,_RNvXs5_NtNtCs3Fco0mfnckT_17block_macros_test7execute23context_state_no_returnNtB5_9InputKeysNtNtCs6JSeF52E3eC_8channels12channel_keys11ChannelKeys13channel_names
FNDA:0,_RNvXs5_NtNtCs3Fco0mfnckT_17block_macros_test7execute23input_only_output_stateNtB5_9InputKeysNtNtCs6JSeF52E3eC_8channels12channel_keys11ChannelKeys13channel_names
FNDA:0,_RNvXs5_NtNtCs3Fco0mfnckT_17block_macros_test7execute23self_only_state_intentsNtB5_9InputKeysNtNtCs6JSeF52E3eC_8channels12channel_keys11ChannelKeys13channel_names
FNDA:0,_RNvXs5_NtNtCs3Fco0mfnckT_17block_macros_test7execute23state_only_output_stateNtB5_9InputKeysNtNtCs6JSeF52E3eC_8channels12channel_keys11ChannelKeys13channel_names
FNDA:0,_RNvXs5_NtNtCs3Fco0mfnckT_17block_macros_test7execute24context_only_unit_returnNtB5_9InputKeysNtNtCs6JSeF52E3eC_8channels12channel_keys11ChannelKeys13channel_names
FNDA:0,_RNvXs5_NtNtCs3Fco0mfnckT_17block_macros_test7execute24input_only_state_intentsNtB5_9InputKeysNtNtCs6JSeF52E3eC_8channels12channel_keys11ChannelKeys13channel_names
FNDA:0,_RNvXs5_NtNtCs3Fco0mfnckT_17block_macros_test7execute24self_only_output_intentsNtB5_9InputKeysNtNtCs6JSeF52E3eC_8channels12channel_keys11ChannelKeys13channel_names
FNDA:0,_RNvXs5_NtNtCs3Fco0mfnckT_17block_macros_test7execute24state_only_state_intentsNtB5_9InputKeysNtNtCs6JSeF52E3eC_8channels12channel_keys11ChannelKeys13channel_names
FNDA:0,_RNvXs5_NtNtCs3Fco0mfnckT_17block_macros_test7execute25context_only_output_stateNtB5_9InputKeysNtNtCs6JSeF52E3eC_8channels12channel_keys11ChannelKeys13channel_names
FNDA:0,_RNvXs5_NtNtCs3Fco0mfnckT_17block_macros_test7execute25input_only_output_intentsNtB5_9InputKeysNtNtCs6JSeF52E3eC_8channels12channel_keys11ChannelKeys13channel_names
FNDA:0,_RNvXs5_NtNtCs3Fco0mfnckT_17block_macros_test7execute25state_only_output_intentsNtB5_9InputKeysNtNtCs6JSeF52E3eC_8channels12channel_keys11ChannelKeys13channel_names
FNDA:0,_RNvXs5_NtNtCs3Fco0mfnckT_17block_macros_test7execute26context_only_state_intentsNtB5_9InputKeysNtNtCs6JSeF52E3eC_8channels12channel_keys11ChannelKeys13channel_names
FNDA:0,_RNvXs5_NtNtCs3Fco0mfnckT_17block_macros_test7execute27context_only_output_intentsNtB5_9InputKeysNtNtCs6JSeF52E3eC_8channels12channel_keys11ChannelKeys13channel_names
FNDA:0,_RNvXs5_NtNtCs3Fco0mfnckT_17block_macros_test7execute28self_only_option_output_noneNtB5_9InputKeysNtNtCs6JSeF52E3eC_8channels12channel_keys11ChannelKeys13channel_names
FNDA:0,_RNvXs5_NtNtCs3Fco0mfnckT_17block_macros_test7execute28self_only_option_output_someNtB5_9InputKeysNtNtCs6JSeF52E3eC_8channels12channel_keys11ChannelKeys13channel_names
FNDA:0,_RNvXs5_NtNtCs3Fco0mfnckT_17block_macros_test7execute29context_input_state_no_returnNtB5_9InputKeysNtNtCs6JSeF52E3eC_8channels12channel_keys11ChannelKeys13channel_names
FNDA:0,_RNvXs5_NtNtCs3Fco0mfnckT_17block_macros_test7execute30context_input_state_full_tupleNtB5_9InputKeysNtNtCs6JSeF52E3eC_8channels12channel_keys11ChannelKeys13channel_names
FNDA:0,_RNvXs5_NtNtCs3Fco0mfnckT_17block_macros_test7execute32self_only_option_full_tuple_noneNtB5_9InputKeysNtNtCs6JSeF52E3eC_8channels12channel_keys11ChannelKeys13channel_names
FNDA:0,_RNvXs5_NtNtCs3Fco0mfnckT_17block_macros_test7execute32self_only_option_full_tuple_someNtB5_9InputKeysNtNtCs6JSeF52E3eC_8channels12channel_keys11ChannelKeys13channel_names
FNDA:0,_RNvXs5_NtNtCs3Fco0mfnckT_17block_macros_test7execute34self_only_option_output_state_noneNtB5_9InputKeysNtNtCs6JSeF52E3eC_8channels12channel_keys11ChannelKeys13channel_names
FNDA:0,_RNvXs5_NtNtCs3Fco0mfnckT_17block_macros_test7execute34self_only_option_output_state_someNtB5_9InputKeysNtNtCs6JSeF52E3eC_8channels12channel_keys11ChannelKeys13channel_names
FNDA:0,_RNvXsf_NtNtCs3Fco0mfnckT_17block_macros_test7execute15self_only_stateNtB5_10OutputKeysNtNtCs6JSeF52E3eC_8channels12channel_keys11ChannelKeys13channel_names
FNDA:0,_RNvXsf_NtNtCs3Fco0mfnckT_17block_macros_test7execute16input_only_stateNtB5_10OutputKeysNtNtCs6JSeF52E3eC_8channels12channel_keys11ChannelKeys13channel_names
FNDA:0,_RNvXsf_NtNtCs3Fco0mfnckT_17block_macros_test7execute16self_only_outputNtB5_10OutputKeysNtNtCs6JSeF52E3eC_8channels12channel_keys11ChannelKeys13channel_names
FNDA:0,_RNvXsf_NtNtCs3Fco0mfnckT_17block_macros_test7execute16state_only_stateNtB5_10OutputKeysNtNtCs6JSeF52E3eC_8channels12channel_keys11ChannelKeys13channel_names
FNDA:0,_RNvXsf_NtNtCs3Fco0mfnckT_17block_macros_test7execute17input_only_outputNtB5_10OutputKeysNtNtCs6JSeF52E3eC_8channels12channel_keys11ChannelKeys13channel_names
FNDA:0,_RNvXsf_NtNtCs3Fco0mfnckT_17block_macros_test7execute17self_only_intentsNtB5_10OutputKeysNtNtCs6JSeF52E3eC_8channels12channel_keys11ChannelKeys13channel_names
FNDA:0,_RNvXsf_NtNtCs3Fco0mfnckT_17block_macros_test7execute17state_only_outputNtB5_10OutputKeysNtNtCs6JSeF52E3eC_8channels12channel_keys11ChannelKeys13channel_names
FNDA:0,_RNvXsf_NtNtCs3Fco0mfnckT_17block_macros_test7execute18context_only_stateNtB5_10OutputKeysNtNtCs6JSeF52E3eC_8channels12channel_keys11ChannelKeys13channel_names
FNDA:0,_RNvXsf_NtNtCs3Fco0mfnckT_17block_macros_test7execute18input_only_intentsNtB5_10OutputKeysNtNtCs6JSeF52E3eC_8channels12channel_keys11ChannelKeys13channel_names
FNDA:0,_RNvXsf_NtNtCs3Fco0mfnckT_17block_macros_test7execute18state_only_intentsNtB5_10OutputKeysNtNtCs6JSeF52E3eC_8channels12channel_keys11ChannelKeys13channel_names
FNDA:0,_RNvXsf_NtNtCs3Fco0mfnckT_17block_macros_test7execute19context_only_outputNtB5_10OutputKeysNtNtCs6JSeF52E3eC_8channels12channel_keys11ChannelKeys13channel_names
FNDA:0,_RNvXsf_NtNtCs3Fco0mfnckT_17block_macros_test7execute19self_only_no_returnNtB5_10OutputKeysNtNtCs6JSeF52E3eC_8channels12channel_keys11ChannelKeys13channel_names
FNDA:0,_RNvXsf_NtNtCs3Fco0mfnckT_17block_macros_test7execute20context_input_outputNtB5_10OutputKeysNtNtCs6JSeF52E3eC_8channels12channel_keys11ChannelKeys13channel_names
FNDA:0,_RNvXsf_NtNtCs3Fco0mfnckT_17block_macros_test7execute20context_only_intentsNtB5_10OutputKeysNtNtCs6JSeF52E3eC_8channels12channel_keys11ChannelKeys13channel_names
FNDA:0,_RNvXsf_NtNtCs3Fco0mfnckT_17block_macros_test7execute20input_only_no_returnNtB5_10OutputKeysNtNtCs6JSeF52E3eC_8channels12channel_keys11ChannelKeys13channel_names
FNDA:0,_RNvXsf_NtNtCs3Fco0mfnckT_17block_macros_test7execute20self_only_full_tupleNtB5_10OutputKeysNtNtCs6JSeF52E3eC_8channels12channel_keys11ChannelKeys13channel_names
FNDA:0,_RNvXsf_NtNtCs3Fco0mfnckT_17block_macros_test7execute20state_only_no_returnNtB5_10OutputKeysNtNtCs6JSeF52E3eC_8channels12channel_keys11ChannelKeys13channel_names
FNDA:0,_RNvXsf_NtNtCs3Fco0mfnckT_17block_macros_test7execute21input_only_full_tupleNtB5_10OutputKeysNtNtCs6JSeF52E3eC_8channels12channel_keys11ChannelKeys13channel_names
FNDA:0,_RNvXsf_NtNtCs3Fco0mfnckT_17block_macros_test7execute21input_state_no_returnNtB5_10OutputKeysNtNtCs6JSeF52E3eC_8channels12channel_keys11ChannelKeys13channel_names
FNDA:0,_RNvXsf_NtNtCs3Fco0mfnckT_17block_macros_test7execute21self_only_unit_returnNtB5_10OutputKeysNtNtCs6JSeF52E3eC_8channels12channel_keys11ChannelKeys13channel_names
FNDA:0,_RNvXsf_NtNtCs3Fco0mfnckT_17block_macros_test7execute21state_only_full_tupleNtB5_10OutputKeysNtNtCs6JSeF52E3eC_8channels12channel_keys11ChannelKeys13channel_names
FNDA:0,_RNvXsf_NtNtCs3Fco0mfnckT_17block_macros_test7execute22context_only_no_returnNtB5_10OutputKeysNtNtCs6JSeF52E3eC_8channels12channel_keys11ChannelKeys13channel_names
FNDA:0,_RNvXsf_NtNtCs3Fco0mfnckT_17block_macros_test7execute22input_only_unit_returnNtB5_10OutputKeysNtNtCs6JSeF52E3eC_8channels12channel_keys11ChannelKeys13channel_names
FNDA:0,_RNvXsf_NtNtCs3Fco0mfnckT_17block_macros_test7execute22self_only_output_stateNtB5_10OutputKeysNtNtCs6JSeF52E3eC_8channels12channel_keys11ChannelKeys13channel_names
FNDA:0,_RNvXsf_NtNtCs3Fco0mfnckT_17block_macros_test7execute22state_only_unit_returnNtB5_10OutputKeysNtNtCs6JSeF52E3eC_8channels12channel_keys11ChannelKeys13channel_names
FNDA:0,_RNvXsf_NtNtCs3Fco0mfnckT_17block_macros_test7execute23context_input_no_returnNtB5_10OutputKeysNtNtCs6JSeF52E3eC_8channels12channel_keys11ChannelKeys13channel_names
FNDA:0,_RNvXsf_NtNtCs3Fco0mfnckT_17block_macros_test7execute23context_only_full_tupleNtB5_10OutputKeysNtNtCs6JSeF52E3eC_8channels12channel_keys11ChannelKeys13channel_names
FNDA:0,_RNvXsf_NtNtCs3Fco0mfnckT_17block_macros_test7execute23context_state_no_returnNtB5_10OutputKeysNtNtCs6JSeF52E3eC_8channels12channel_keys11ChannelKeys13channel_names
FNDA:0,_RNvXsf_NtNtCs3Fco0mfnckT_17block_macros_test7execute23input_only_output_stateNtB5_10OutputKeysNtNtCs6JSeF52E3eC_8channels12channel_keys11ChannelKeys13channel_names
FNDA:0,_RNvXsf_NtNtCs3Fco0mfnckT_17block_macros_test7execute23self_only_state_intentsNtB5_10OutputKeysNtNtCs6JSeF52E3eC_8channels12channel_keys11ChannelKeys13channel_names
FNDA:0,_RNvXsf_NtNtCs3Fco0mfnckT_17block_macros_test7execute23state_only_output_stateNtB5_10OutputKeysNtNtCs6JSeF52E3eC_8channels12channel_keys11ChannelKeys13channel_names
FNDA:0,_RNvXsf_NtNtCs3Fco0mfnckT_17block_macros_test7execute24context_only_unit_returnNtB5_10OutputKeysNtNtCs6JSeF52E3eC_8channels12channel_keys11ChannelKeys13channel_names
FNDA:0,_RNvXsf_NtNtCs3Fco0mfnckT_17block_macros_test7execute24input_only_state_intentsNtB5_10OutputKeysNtNtCs6JSeF52E3eC_8channels12channel_keys11ChannelKeys13channel_names
FNDA:0,_RNvXsf_NtNtCs3Fco0mfnckT_17block_macros_test7execute24self_only_output_intentsNtB5_10OutputKeysNtNtCs6JSeF52E3eC_8channels12channel_keys11ChannelKeys13channel_names
FNDA:0,_RNvXsf_NtNtCs3Fco0mfnckT_17block_macros_test7execute24state_only_state_intentsNtB5_10OutputKeysNtNtCs6JSeF52E3eC_8channels12channel_keys11ChannelKeys13channel_names
FNDA:0,_RNvXsf_NtNtCs3Fco0mfnckT_17block_macros_test7execute25context_only_output_stateNtB5_10OutputKeysNtNtCs6JSeF52E3eC_8channels12channel_keys11ChannelKeys13channel_names
FNDA:0,_RNvXsf_NtNtCs3Fco0mfnckT_17block_macros_test7execute25input_only_output_intentsNtB5_10OutputKeysNtNtCs6JSeF52E3eC_8channels12channel_keys11ChannelKeys13channel_names
FNDA:0,_RNvXsf_NtNtCs3Fco0mfnckT_17block_macros_test7execute25state_only_output_intentsNtB5_10OutputKeysNtNtCs6JSeF52E3eC_8channels12channel_keys11ChannelKeys13channel_names
FNDA:0,_RNvXsf_NtNtCs3Fco0mfnckT_17block_macros_test7execute26context_only_state_intentsNtB5_10OutputKeysNtNtCs6JSeF52E3eC_8channels12channel_keys11ChannelKeys13channel_names
FNDA:0,_RNvXsf_NtNtCs3Fco0mfnckT_17block_macros_test7execute27context_only_output_intentsNtB5_10OutputKeysNtNtCs6JSeF52E3eC_8channels12channel_keys11ChannelKeys13channel_names
FNDA:0,_RNvXsf_NtNtCs3Fco0mfnckT_17block_macros_test7execute28self_only_option_output_noneNtB5_10OutputKeysNtNtCs6JSeF52E3eC_8channels12channel_keys11ChannelKeys13channel_names
FNDA:0,_RNvXsf_NtNtCs3Fco0mfnckT_17block_macros_test7execute28self_only_option_output_someNtB5_10OutputKeysNtNtCs6JSeF52E3eC_8channels12channel_keys11ChannelKeys13channel_names
FNDA:0,_RNvXsf_NtNtCs3Fco0mfnckT_17block_macros_test7execute29context_input_state_no_returnNtB5_10OutputKeysNtNtCs6JSeF52E3eC_8channels12channel_keys11ChannelKeys13channel_names
FNDA:0,_RNvXsf_NtNtCs3Fco0mfnckT_17block_macros_test7execute30context_input_state_full_tupleNtB5_10OutputKeysNtNtCs6JSeF52E3eC_8channels12channel_keys11ChannelKeys13channel_names
FNDA:0,_RNvXsf_NtNtCs3Fco0mfnckT_17block_macros_test7execute32self_only_option_full_tuple_noneNtB5_10OutputKeysNtNtCs6JSeF52E3eC_8channels12channel_keys11ChannelKeys13channel_names
FNDA:0,_RNvXsf_NtNtCs3Fco0mfnckT_17block_macros_test7execute32self_only_option_full_tuple_someNtB5_10OutputKeysNtNtCs6JSeF52E3eC_8channels12channel_keys11ChannelKeys13channel_names
FNDA:0,_RNvXsf_NtNtCs3Fco0mfnckT_17block_macros_test7execute34self_only_option_output_state_noneNtB5_10OutputKeysNtNtCs6JSeF52E3eC_8channels12channel_keys11ChannelKeys13channel_names
FNDA:0,_RNvXsf_NtNtCs3Fco0mfnckT_17block_macros_test7execute34self_only_option_output_state_someNtB5_10OutputKeysNtNtCs6JSeF52E3eC_8channels12channel_keys11ChannelKeys13channel_names
FNDA:1,_RNvNtNtCs3Fco0mfnckT_17block_macros_test7execute34self_only_option_output_state_somes_35test_context_input_output_execution
FNDA:1,_RNvNtNtCs3Fco0mfnckT_17block_macros_test7execute23state_only_output_states_35test_context_input_output_execution
FNDA:1,_RNvNtNtCs3Fco0mfnckT_17block_macros_test7execute22state_only_unit_returns_35test_context_input_output_execution
FNDA:1,_RNvNtNtCs3Fco0mfnckT_17block_macros_test7execute18input_only_intentss_35test_context_input_output_execution
FNDA:1,_RNCNvMNtNtCs3Fco0mfnckT_17block_macros_test7execute23context_state_no_returnNtB4_10DummyBlock7execute0B8_
FNDA:1,_RNCNvMNtNtCs3Fco0mfnckT_17block_macros_test7execute16input_only_stateNtB4_10DummyBlock7execute0B8_
FNDA:1,_RNCNvMNtNtCs3Fco0mfnckT_17block_macros_test7execute15self_only_stateNtB4_10DummyBlock7execute0B8_
FNDA:1,_RNvNtNtCs3Fco0mfnckT_17block_macros_test7execute23context_only_full_tuples_35test_context_input_output_execution
FNDA:1,_RNvNtNtCs3Fco0mfnckT_17block_macros_test7execute20state_only_no_returns_35test_context_input_output_execution
FNDA:1,_RNvNtNtCs3Fco0mfnckT_17block_macros_test7execute23input_only_output_states_35test_context_input_output_execution
FNDA:1,_RNCNvMNtNtCs3Fco0mfnckT_17block_macros_test7execute16self_only_outputNtB4_10DummyBlock7execute0B8_
FNDA:1,_RNvNtNtCs3Fco0mfnckT_17block_macros_test7execute16input_only_states_35test_context_input_output_execution
FNDA:1,_RNCNvMNtNtCs3Fco0mfnckT_17block_macros_test7execute17state_only_outputNtB4_10DummyBlock7execute0B8_
FNDA:1,_RNvNtNtCs3Fco0mfnckT_17block_macros_test7execute30context_input_state_full_tuples_35test_context_input_output_execution
FNDA:1,_RNvNtNtCs3Fco0mfnckT_17block_macros_test7execute28self_only_option_output_somes_35test_context_input_output_execution
FNDA:1,_RNCNvMNtNtCs3Fco0mfnckT_17block_macros_test7execute23self_only_state_intentsNtB4_10DummyBlock7execute0B8_
FNDA:1,_RNvNtNtCs3Fco0mfnckT_17block_macros_test7execute16self_only_outputs_35test_context_input_output_execution
FNDA:1,_RNvNtNtCs3Fco0mfnckT_17block_macros_test7execute21state_only_full_tuples_35test_context_input_output_execution
FNDA:1,_RNCNvMNtNtCs3Fco0mfnckT_17block_macros_test7execute27context_only_output_intentsNtB4_10DummyBlock7execute0B8_
FNDA:1,_RNvNtNtCs3Fco0mfnckT_17block_macros_test7execute23self_only_state_intentss_35test_context_input_output_execution
FNDA:1,_RNvNtNtCs3Fco0mfnckT_17block_macros_test7execute21self_only_unit_returns_35test_context_input_output_execution
FNDA:1,_RNCNvMNtNtCs3Fco0mfnckT_17block_macros_test7execute17input_only_outputNtB4_10DummyBlock7execute0B8_
FNDA:1,_RNvNtNtCs3Fco0mfnckT_17block_macros_test7execute20context_input_outputs_35test_context_input_output_execution
FNDA:1,_RNCNvMNtNtCs3Fco0mfnckT_17block_macros_test7execute28self_only_option_output_noneNtB4_10DummyBlock7execute0B8_
FNDA:1,_RNvNtNtCs3Fco0mfnckT_17block_macros_test7execute20input_only_no_returns_35test_context_input_output_execution
FNDA:1,_RNvNtNtCs3Fco0mfnckT_17block_macros_test7execute20self_only_full_tuples_35test_context_input_output_execution
FNDA:1,_RNCNvMNtNtCs3Fco0mfnckT_17block_macros_test7execute19context_only_outputNtB4_10DummyBlock7execute0B8_
FNDA:1,_RNvNtNtCs3Fco0mfnckT_17block_macros_test7execute19self_only_no_returns_35test_context_input_output_execution
FNDA:1,_RNCNvMNtNtCs3Fco0mfnckT_17block_macros_test7execute32self_only_option_full_tuple_someNtB4_10DummyBlock7execute0B8_
FNDA:1,_RNCNvMNtNtCs3Fco0mfnckT_17block_macros_test7execute18input_only_intentsNtB4_10DummyBlock7execute0B8_
FNDA:1,_RNCNvMNtNtCs3Fco0mfnckT_17block_macros_test7execute24input_only_state_intentsNtB4_10DummyBlock7execute0B8_
FNF:136
FNH:88
DA:7,0
DA:18,1
DA:19,1
DA:20,1
DA:21,1
DA:22,1
DA:27,0
DA:38,1
DA:39,1
DA:40,1
DA:41,1
DA:42,1
DA:47,0
DA:54,1
DA:55,1
DA:60,1
DA:61,1
DA:62,1
DA:63,1
DA:64,1
DA:69,0
DA:76,1
DA:77,1
DA:82,1
DA:83,1
DA:84,1
DA:85,1
DA:86,1
DA:93,0
DA:100,1
DA:101,1
DA:106,1
DA:107,1
DA:108,1
DA:109,1
DA:110,1
DA:115,0
DA:122,1
DA:123,1
DA:128,1
DA:129,1
DA:130,1
DA:131,1
DA:132,1
DA:137,0
DA:144,1
DA:145,1
DA:150,1
DA:151,1
DA:152,1
DA:153,1
DA:154,1
DA:159,0
DA:166,1
DA:167,1
DA:172,1
DA:173,1
DA:174,1
DA:175,1
DA:176,1
DA:181,0
DA:188,1
DA:189,1
DA:194,1
DA:195,1
DA:196,1
DA:197,1
DA:198,1
DA:203,0
DA:210,1
DA:211,1
DA:216,1
DA:217,1
DA:218,1
DA:219,1
DA:220,1
DA:225,0
DA:232,1
DA:233,1
DA:238,1
DA:239,1
DA:240,1
DA:241,1
DA:242,1
DA:247,0
DA:254,1
DA:255,1
DA:260,1
DA:261,1
DA:262,1
DA:263,1
DA:264,1
DA:269,0
DA:276,1
DA:277,1
DA:282,1
DA:283,1
DA:284,1
DA:285,1
DA:286,1
DA:291,0
DA:298,1
DA:299,1
DA:304,1
DA:305,1
DA:306,1
DA:307,1
DA:308,1
DA:313,0
DA:320,1
DA:321,1
DA:326,1
DA:327,1
DA:328,1
DA:329,1
DA:330,1
DA:365,0
DA:378,1
DA:379,1
DA:380,1
DA:381,1
DA:382,1
DA:387,0
DA:400,1
DA:401,1
DA:402,1
DA:403,1
DA:404,1
DA:409,0
DA:416,1
DA:418,1
DA:423,1
DA:424,1
DA:425,1
DA:426,1
DA:427,1
DA:432,0
DA:439,1
DA:441,1
DA:446,1
DA:447,1
DA:448,1
DA:449,1
DA:450,1
DA:455,0
DA:462,1
DA:464,1
DA:469,1
DA:470,1
DA:471,1
DA:472,1
DA:473,1
DA:478,0
DA:485,1
DA:487,1
DA:492,1
DA:493,1
DA:494,1
DA:495,1
DA:496,1
DA:501,0
DA:508,1
DA:510,1
DA:515,1
DA:516,1
DA:517,1
DA:518,1
DA:519,1
DA:524,0
DA:531,1
DA:533,1
DA:538,1
DA:539,1
DA:540,1
DA:541,1
DA:542,1
DA:547,0
DA:554,1
DA:556,1
DA:561,1
DA:562,1
DA:563,1
DA:564,1
DA:565,1
DA:600,0
DA:613,1
DA:614,1
DA:615,1
DA:616,1
DA:617,1
DA:622,0
DA:635,1
DA:636,1
DA:637,1
DA:638,1
DA:639,1
DA:644,0
DA:651,1
DA:653,1
DA:658,1
DA:659,1
DA:660,1
DA:661,1
DA:662,1
DA:667,0
DA:674,1
DA:676,1
DA:681,1
DA:682,1
DA:683,1
DA:684,1
DA:685,1
DA:690,0
DA:697,1
DA:699,1
DA:704,1
DA:705,1
DA:706,1
DA:707,1
DA:708,1
DA:713,0
DA:720,1
DA:722,1
DA:727,1
DA:728,1
DA:729,1
DA:730,1
DA:731,1
DA:736,0
DA:743,1
DA:745,1
DA:750,1
DA:751,1
DA:752,1
DA:753,1
DA:754,1
DA:759,0
DA:766,1
DA:768,1
DA:773,1
DA:774,1
DA:775,1
DA:776,1
DA:777,1
DA:782,0
DA:789,1
DA:791,1
DA:796,1
DA:797,1
DA:798,1
DA:799,1
DA:800,1
DA:835,0
DA:848,1
DA:849,1
DA:850,1
DA:851,1
DA:852,1
DA:857,0
DA:870,1
DA:871,1
DA:872,1
DA:873,1
DA:874,1
DA:879,0
DA:886,1
DA:888,1
DA:893,1
DA:894,1
DA:895,1
DA:896,1
DA:897,1
DA:902,0
DA:909,1
DA:911,1
DA:916,1
DA:917,1
DA:918,1
DA:919,1
DA:920,1
DA:925,0
DA:932,1
DA:934,1
DA:939,1
DA:940,1
DA:941,1
DA:942,1
DA:943,1
DA:948,0
DA:955,1
DA:957,1
DA:962,1
DA:963,1
DA:964,1
DA:965,1
DA:966,1
DA:971,0
DA:978,1
DA:980,1
DA:985,1
DA:986,1
DA:987,1
DA:988,1
DA:989,1
DA:994,0
DA:1001,1
DA:1003,1
DA:1008,1
DA:1009,1
DA:1010,1
DA:1011,1
DA:1012,1
DA:1017,0
DA:1024,1
DA:1026,1
DA:1031,1
DA:1032,1
DA:1033,1
DA:1034,1
DA:1035,1
DA:1070,0
DA:1077,1
DA:1078,1
DA:1083,1
DA:1084,1
DA:1085,1
DA:1086,1
DA:1087,1
DA:1092,0
DA:1099,1
DA:1100,1
DA:1101,1
DA:1106,1
DA:1107,1
DA:1108,1
DA:1109,1
DA:1110,1
DA:1115,0
DA:1122,1
DA:1123,1
DA:1128,1
DA:1129,1
DA:1130,1
DA:1131,1
DA:1132,1
DA:1137,0
DA:1144,1
DA:1145,1
DA:1150,1
DA:1151,1
DA:1152,1
DA:1153,1
DA:1154,1
DA:1159,0
DA:1166,1
DA:1167,1
DA:1172,1
DA:1173,1
DA:1174,1
DA:1175,1
DA:1176,1
DA:1181,0
DA:1193,1
DA:1194,1
DA:1195,1
DA:1200,1
DA:1201,1
DA:1202,1
DA:1203,1
DA:1204,1
BRF:0
BRH:0
LF:370
LH:322
end_of_record
SF:/Users/mailund/Code/block-flow/block-macros-test/src/init_params.rs
FN:4,_RNvNtCs3Fco0mfnckT_17block_macros_test11init_paramss_44init_params_contract_deps_collects_and_skips
FN:79,_RNvNtNvNtCs3Fco0mfnckT_17block_macros_test11init_paramss_44init_params_contract_deps_collects_and_skips20case_fully_qualified3run
FN:28,_RNvNtNvNtCs3Fco0mfnckT_17block_macros_test11init_paramss_44init_params_contract_deps_collects_and_skips21case_trade_types_glob3run
FNDA:1,_RNvNtCs3Fco0mfnckT_17block_macros_test11init_paramss_44init_params_contract_deps_collects_and_skips
FNDA:1,_RNvNtNvNtCs3Fco0mfnckT_17block_macros_test11init_paramss_44init_params_contract_deps_collects_and_skips20case_fully_qualified3run
FNDA:1,_RNvNtNvNtCs3Fco0mfnckT_17block_macros_test11init_paramss_44init_params_contract_deps_collects_and_skips21case_trade_types_glob3run
FNF:3
FNH:3
DA:4,1
DA:28,1
DA:29,1
DA:30,1
DA:31,1
DA:32,1
DA:33,1
DA:34,1
DA:35,1
DA:36,1
DA:37,1
DA:38,1
DA:40,1
DA:41,1
DA:42,1
DA:43,1
DA:44,1
DA:45,1
DA:46,1
DA:47,1
DA:48,1
DA:49,1
DA:50,1
DA:52,1
DA:53,1
DA:54,1
DA:79,1
DA:80,1
DA:81,1
DA:82,1
DA:83,1
DA:84,1
DA:85,1
DA:86,1
DA:87,1
DA:88,1
DA:89,1
DA:91,1
DA:92,1
DA:93,1
DA:94,1
DA:95,1
DA:96,1
DA:97,1
DA:98,1
DA:99,1
DA:100,1
DA:101,1
DA:103,1
DA:104,1
DA:105,1
DA:108,1
DA:109,1
DA:110,1
BRF:0
BRH:0
LF:54
LH:54
end_of_record
SF:/Users/mailund/Code/block-flow/block-macros/src/block.rs
FN:87,_RNCNCNCNvNtCs53OBr2X2p0y_12block_macros5block10block_impls3_000B9_
FN:84,_RNCNCNvNtCs53OBr2X2p0y_12block_macros5block10block_impls3_00B7_
FN:65,_RNCNvNtCs53OBr2X2p0y_12block_macros5block10block_impl0B5_
FN:67,_RNCNvNtCs53OBr2X2p0y_12block_macros5block10block_impls0_0B5_
FN:68,_RNCNvNtCs53OBr2X2p0y_12block_macros5block10block_impls1_0B5_
FN:70,_RNCNvNtCs53OBr2X2p0y_12block_macros5block10block_impls2_0B5_
FN:75,_RNCNvNtCs53OBr2X2p0y_12block_macros5block10block_impls3_0B5_
FN:66,_RNCNvNtCs53OBr2X2p0y_12block_macros5block10block_impls_0B5_
FN:5,_RNvNtCs53OBr2X2p0y_12block_macros5block10block_impl
FN:87,_RNCNCNCNvNtCscRHNzOhEHoh_12block_macros5block10block_impls3_000B9_
FN:84,_RNCNCNvNtCscRHNzOhEHoh_12block_macros5block10block_impls3_00B7_
FN:65,_RNCNvNtCscRHNzOhEHoh_12block_macros5block10block_impl0B5_
FN:67,_RNCNvNtCscRHNzOhEHoh_12block_macros5block10block_impls0_0B5_
FN:68,_RNCNvNtCscRHNzOhEHoh_12block_macros5block10block_impls1_0B5_
FN:70,_RNCNvNtCscRHNzOhEHoh_12block_macros5block10block_impls2_0B5_
FN:75,_RNCNvNtCscRHNzOhEHoh_12block_macros5block10block_impls3_0B5_
FN:66,_RNCNvNtCscRHNzOhEHoh_12block_macros5block10block_impls_0B5_
FN:5,_RNvNtCscRHNzOhEHoh_12block_macros5block10block_impl
FNDA:0,_RNCNCNCNvNtCs53OBr2X2p0y_12block_macros5block10block_impls3_000B9_
FNDA:0,_RNCNCNvNtCs53OBr2X2p0y_12block_macros5block10block_impls3_00B7_
FNDA:0,_RNCNvNtCs53OBr2X2p0y_12block_macros5block10block_impl0B5_
FNDA:0,_RNCNvNtCs53OBr2X2p0y_12block_macros5block10block_impls0_0B5_
FNDA:0,_RNCNvNtCs53OBr2X2p0y_12block_macros5block10block_impls1_0B5_
FNDA:0,_RNCNvNtCs53OBr2X2p0y_12block_macros5block10block_impls2_0B5_
FNDA:0,_RNCNvNtCs53OBr2X2p0y_12block_macros5block10block_impls3_0B5_
FNDA:0,_RNCNvNtCs53OBr2X2p0y_12block_macros5block10block_impls_0B5_
FNDA:0,_RNvNtCs53OBr2X2p0y_12block_macros5block10block_impl
FNDA:0,_RNCNCNCNvNtCscRHNzOhEHoh_12block_macros5block10block_impls3_000B9_
FNDA:0,_RNCNCNvNtCscRHNzOhEHoh_12block_macros5block10block_impls3_00B7_
FNDA:59,_RNCNvNtCscRHNzOhEHoh_12block_macros5block10block_impl0B5_
FNDA:59,_RNCNvNtCscRHNzOhEHoh_12block_macros5block10block_impls0_0B5_
FNDA:59,_RNCNvNtCscRHNzOhEHoh_12block_macros5block10block_impls1_0B5_
FNDA:54,_RNCNvNtCscRHNzOhEHoh_12block_macros5block10block_impls2_0B5_
FNDA:48,_RNCNvNtCscRHNzOhEHoh_12block_macros5block10block_impls3_0B5_
FNDA:59,_RNCNvNtCscRHNzOhEHoh_12block_macros5block10block_impls_0B5_
FNDA:59,_RNvNtCscRHNzOhEHoh_12block_macros5block10block_impl
FNF:9
FNH:7
DA:5,59
DA:6,59
DA:7,59
DA:9,59
DA:10,59
DA:11,59
DA:12,59
DA:13,59
DA:15,59
DA:17,59
DA:18,5
DA:19,5
DA:21,13
DA:22,8
DA:23,0
DA:25,8
DA:26,0
DA:28,8
DA:30,8
DA:31,3
DA:32,0
DA:33,0
DA:34,0
DA:35,0
DA:36,0
DA:37,0
DA:38,0
DA:39,0
DA:40,0
DA:43,3
DA:44,3
DA:45,3
DA:46,3
DA:48,0
DA:50,5
DA:51,5
DA:52,5
DA:53,5
DA:54,5
DA:55,5
DA:56,0
DA:58,0
DA:61,54
DA:63,59
DA:65,59
DA:66,59
DA:67,59
DA:68,59
DA:69,59
DA:70,59
DA:72,59
DA:74,59
DA:75,58
DA:76,48
DA:77,48
DA:78,0
DA:79,0
DA:80,0
DA:81,0
DA:82,0
DA:84,0
DA:85,0
DA:86,0
DA:87,0
DA:88,0
DA:89,0
DA:90,48
DA:92,58
DA:93,58
DA:94,58
DA:95,58
DA:96,58
DA:97,1
DA:98,1
DA:99,1
DA:101,59
DA:102,1
DA:110,58
DA:113,59
DA:128,59
DA:129,59
BRF:0
BRH:0
LF:89
LH:62
end_of_record
SF:/Users/mailund/Code/block-flow/block-macros/src/contract_deps.rs
FN:107,_RNCNvNtCs53OBr2X2p0y_12block_macros13contract_deps16is_contract_path0B5_
FN:19,_RNCNvNtCs53OBr2X2p0y_12block_macros13contract_deps18contract_deps_impl0B5_
FN:57,_RNvNtCs53OBr2X2p0y_12block_macros13contract_deps12emit_collect
FN:106,_RNvNtCs53OBr2X2p0y_12block_macros13contract_deps16is_contract_path
FN:6,_RNvNtCs53OBr2X2p0y_12block_macros13contract_deps18contract_deps_impl
FN:110,_RNvNtCs53OBr2X2p0y_12block_macros13contract_deps19single_generic_type
FN:57,_RNvNtCscRHNzOhEHoh_12block_macros13contract_deps12emit_collect
FN:106,_RNvNtCscRHNzOhEHoh_12block_macros13contract_deps16is_contract_path
FN:6,_RNvNtCscRHNzOhEHoh_12block_macros13contract_deps18contract_deps_impl
FN:110,_RNvNtCscRHNzOhEHoh_12block_macros13contract_deps19single_generic_type
FN:107,_RNCNvNtCscRHNzOhEHoh_12block_macros13contract_deps16is_contract_path0B5_
FN:19,_RNCNvNtCscRHNzOhEHoh_12block_macros13contract_deps18contract_deps_impl0B5_
FNDA:0,_RNCNvNtCs53OBr2X2p0y_12block_macros13contract_deps16is_contract_path0B5_
FNDA:0,_RNCNvNtCs53OBr2X2p0y_12block_macros13contract_deps18contract_deps_impl0B5_
FNDA:0,_RNvNtCs53OBr2X2p0y_12block_macros13contract_deps12emit_collect
FNDA:0,_RNvNtCs53OBr2X2p0y_12block_macros13contract_deps16is_contract_path
FNDA:0,_RNvNtCs53OBr2X2p0y_12block_macros13contract_deps18contract_deps_impl
FNDA:0,_RNvNtCs53OBr2X2p0y_12block_macros13contract_deps19single_generic_type
FNDA:46,_RNvNtCscRHNzOhEHoh_12block_macros13contract_deps12emit_collect
FNDA:46,_RNvNtCscRHNzOhEHoh_12block_macros13contract_deps16is_contract_path
FNDA:119,_RNvNtCscRHNzOhEHoh_12block_macros13contract_deps18contract_deps_impl
FNDA:12,_RNvNtCscRHNzOhEHoh_12block_macros13contract_deps19single_generic_type
FNDA:46,_RNCNvNtCscRHNzOhEHoh_12block_macros13contract_deps16is_contract_path0B5_
FNDA:8,_RNCNvNtCscRHNzOhEHoh_12block_macros13contract_deps18contract_deps_impl0B5_
FNF:6
FNH:6
DA:6,119
DA:7,119
DA:8,119
DA:9,119
DA:10,119
DA:12,119
DA:13,119
DA:14,19
DA:15,19
DA:16,61
DA:17,42
DA:18,42
DA:19,42
DA:21,8
DA:22,34
DA:23,34
DA:24,34
DA:25,0
DA:27,34
DA:28,34
DA:30,19
DA:32,100
DA:35,0
DA:36,0
DA:37,0
DA:38,0
DA:39,0
DA:40,0
DA:44,119
DA:54,119
DA:55,119
DA:57,46
DA:58,46
DA:59,46
DA:60,46
DA:61,46
DA:62,46
DA:63,0
DA:66,46
DA:67,16
DA:70,30
DA:72,30
DA:73,4
DA:74,4
DA:75,0
DA:77,4
DA:78,4
DA:79,4
DA:84,26
DA:86,26
DA:87,8
DA:88,8
DA:89,0
DA:91,8
DA:92,8
DA:93,8
DA:98,18
DA:100,18
DA:102,0
DA:104,46
DA:106,46
DA:107,46
DA:108,46
DA:110,12
DA:111,12
DA:112,12
DA:113,12
DA:114,12
DA:115,0
DA:117,0
DA:119,12
BRF:0
BRH:0
LF:73
LH:60
end_of_record
SF:/Users/mailund/Code/block-flow/block-macros/src/execute.rs
FN:16,_RNCNvNtCs53OBr2X2p0y_12block_macros7execute12execute_impl0B5_
FN:266,_RNCNvNtCs53OBr2X2p0y_12block_macros7execute15is_last_segment0B5_
FN:284,_RNvNtCs53OBr2X2p0y_12block_macros7execute10is_intents
FN:8,_RNvNtCs53OBr2X2p0y_12block_macros7execute12execute_impl
FN:289,_RNvNtCs53OBr2X2p0y_12block_macros7execute12is_unit_type
FN:272,_RNvNtCs53OBr2X2p0y_12block_macros7execute13is_ident_type
FN:260,_RNvNtCs53OBr2X2p0y_12block_macros7execute15is_last_segment
FN:294,_RNvNtCs53OBr2X2p0y_12block_macros7execute17option_inner_type
FN:280,_RNvNtCs53OBr2X2p0y_12block_macros7execute8is_state
FN:276,_RNvNtCs53OBr2X2p0y_12block_macros7execute9is_output
FN:255,_RNvNtCs53OBr2X2p0y_12block_macros7execute9is_ref_to
FN:89,_RNvNvNtCs53OBr2X2p0y_12block_macros7execute12execute_impl16adapt_value_expr
FN:284,_RNvNtCscRHNzOhEHoh_12block_macros7execute10is_intents
FN:8,_RNvNtCscRHNzOhEHoh_12block_macros7execute12execute_impl
FN:289,_RNvNtCscRHNzOhEHoh_12block_macros7execute12is_unit_type
FN:272,_RNvNtCscRHNzOhEHoh_12block_macros7execute13is_ident_type
FN:260,_RNvNtCscRHNzOhEHoh_12block_macros7execute15is_last_segment
FN:294,_RNvNtCscRHNzOhEHoh_12block_macros7execute17option_inner_type
FN:280,_RNvNtCscRHNzOhEHoh_12block_macros7execute8is_state
FN:276,_RNvNtCscRHNzOhEHoh_12block_macros7execute9is_output
FN:255,_RNvNtCscRHNzOhEHoh_12block_macros7execute9is_ref_to
FN:89,_RNvNvNtCscRHNzOhEHoh_12block_macros7execute12execute_impl16adapt_value_expr
FN:16,_RNCNvNtCscRHNzOhEHoh_12block_macros7execute12execute_impl0B5_
FN:266,_RNCNvNtCscRHNzOhEHoh_12block_macros7execute15is_last_segment0B5_
FNDA:0,_RNCNvNtCs53OBr2X2p0y_12block_macros7execute12execute_impl0B5_
FNDA:0,_RNCNvNtCs53OBr2X2p0y_12block_macros7execute15is_last_segment0B5_
FNDA:0,_RNvNtCs53OBr2X2p0y_12block_macros7execute10is_intents
FNDA:0,_RNvNtCs53OBr2X2p0y_12block_macros7execute12execute_impl
FNDA:0,_RNvNtCs53OBr2X2p0y_12block_macros7execute12is_unit_type
FNDA:0,_RNvNtCs53OBr2X2p0y_12block_macros7execute13is_ident_type
FNDA:0,_RNvNtCs53OBr2X2p0y_12block_macros7execute15is_last_segment
FNDA:0,_RNvNtCs53OBr2X2p0y_12block_macros7execute17option_inner_type
FNDA:0,_RNvNtCs53OBr2X2p0y_12block_macros7execute8is_state
FNDA:0,_RNvNtCs53OBr2X2p0y_12block_macros7execute9is_output
FNDA:0,_RNvNtCs53OBr2X2p0y_12block_macros7execute9is_ref_to
FNDA:0,_RNvNvNtCs53OBr2X2p0y_12block_macros7execute12execute_impl16adapt_value_expr
FNDA:45,_RNvNtCscRHNzOhEHoh_12block_macros7execute10is_intents
FNDA:59,_RNvNtCscRHNzOhEHoh_12block_macros7execute12execute_impl
FNDA:96,_RNvNtCscRHNzOhEHoh_12block_macros7execute12is_unit_type
FNDA:36,_RNvNtCscRHNzOhEHoh_12block_macros7execute13is_ident_type
FNDA:252,_RNvNtCscRHNzOhEHoh_12block_macros7execute15is_last_segment
FNDA:45,_RNvNtCscRHNzOhEHoh_12block_macros7execute17option_inner_type
FNDA:55,_RNvNtCscRHNzOhEHoh_12block_macros7execute8is_state
FNDA:74,_RNvNtCscRHNzOhEHoh_12block_macros7execute9is_output
FNDA:65,_RNvNtCscRHNzOhEHoh_12block_macros7execute9is_ref_to
FNDA:45,_RNvNvNtCscRHNzOhEHoh_12block_macros7execute12execute_impl16adapt_value_expr
FNDA:59,_RNCNvNtCscRHNzOhEHoh_12block_macros7execute12execute_impl0B5_
FNDA:176,_RNCNvNtCscRHNzOhEHoh_12block_macros7execute15is_last_segment0B5_
FNF:12
FNH:12
DA:8,59
DA:9,59
DA:12,59
DA:13,59
DA:16,59
DA:17,59
DA:18,0
DA:19,59
DA:20,59
DA:21,0
DA:22,0
DA:23,0
DA:24,0
DA:25,0
DA:26,0
DA:30,59
DA:31,59
DA:32,59
DA:34,111
DA:35,111
DA:36,52
DA:37,16
DA:38,36
DA:39,23
DA:40,23
DA:41,13
DA:42,13
DA:43,0
DA:44,0
DA:45,0
DA:46,0
DA:47,0
DA:48,0
DA:50,59
DA:54,59
DA:55,59
DA:58,59
DA:62,59
DA:63,59
DA:64,59
DA:67,59
DA:68,59
DA:69,59
DA:70,59
DA:71,59
DA:72,59
DA:73,59
DA:77,59
DA:85,59
DA:89,45
DA:90,45
DA:91,45
DA:92,45
DA:93,45
DA:96,45
DA:97,0
DA:98,0
DA:99,0
DA:100,0
DA:101,0
DA:102,0
DA:103,45
DA:106,45
DA:107,11
DA:108,11
DA:109,11
DA:110,11
DA:111,11
DA:112,11
DA:113,34
DA:114,4
DA:115,4
DA:116,4
DA:117,4
DA:118,4
DA:119,4
DA:120,30
DA:121,9
DA:122,9
DA:123,9
DA:124,9
DA:125,9
DA:126,9
DA:127,21
DA:128,21
DA:131,21
DA:132,6
DA:133,6
DA:134,6
DA:135,6
DA:136,6
DA:137,6
DA:138,6
DA:139,6
DA:140,6
DA:143,15
DA:144,4
DA:145,4
DA:146,4
DA:147,4
DA:148,4
DA:149,4
DA:150,4
DA:151,4
DA:152,4
DA:155,11
DA:156,4
DA:157,4
DA:158,4
DA:159,4
DA:160,4
DA:161,4
DA:162,4
DA:163,4
DA:164,4
DA:167,7
DA:168,7
DA:169,7
DA:170,7
DA:172,7
DA:173,7
DA:174,7
DA:175,7
DA:176,7
DA:177,7
DA:178,7
DA:179,7
DA:180,7
DA:181,7
DA:183,0
DA:184,0
DA:185,0
DA:186,0
DA:189,0
DA:190,0
DA:191,0
DA:192,0
DA:194,45
DA:197,59
DA:200,14
DA:206,45
DA:207,45
DA:210,45
DA:211,0
DA:217,45
DA:219,6
DA:220,0
DA:227,6
DA:228,6
DA:234,0
DA:239,39
DA:240,39
DA:243,0
DA:250,59
DA:252,59
DA:253,59
DA:255,65
DA:256,42
DA:257,65
DA:260,252
DA:261,252
DA:262,176
DA:263,176
DA:264,176
DA:265,176
DA:266,176
DA:267,176
DA:268,76
DA:270,252
DA:272,36
DA:273,36
DA:274,36
DA:276,74
DA:277,74
DA:278,74
DA:280,55
DA:281,55
DA:282,55
DA:284,45
DA:285,45
DA:286,45
DA:289,96
DA:290,42
DA:291,96
DA:294,45
DA:295,28
DA:296,17
DA:298,28
DA:299,28
DA:300,22
DA:301,6
DA:302,6
DA:304,0
DA:306,6
DA:307,0
DA:308,6
DA:309,6
DA:310,6
DA:311,0
DA:313,45
BRF:0
BRH:0
LF:202
LH:168
end_of_record
[...]
DA:42,1
DA:43,1
DA:45,1
DA:46,1
DA:47,1
DA:50,3
DA:51,3
DA:52,3
DA:53,3
DA:55,3
DA:56,2
DA:57,3
DA:60,4
DA:61,4
DA:62,4
DA:63,4
DA:65,4
DA:66,4
DA:69,1
DA:70,1
DA:71,1
DA:73,1
DA:74,1
DA:75,1
DA:78,1
DA:79,1
DA:80,1
DA:82,1
DA:83,1
DA:84,1
DA:100,4
DA:101,4
DA:102,4
DA:103,4
DA:104,4
DA:105,4
DA:106,4
DA:107,4
DA:110,1
DA:111,1
DA:112,1
DA:113,1
DA:114,1
DA:115,1
DA:118,1
DA:119,1
DA:120,1
DA:121,1
DA:122,1
DA:125,1
DA:126,1
DA:127,1
DA:130,1
DA:131,1
DA:132,1
DA:133,1
DA:136,1
DA:137,1
DA:139,1
DA:140,1
DA:143,1
DA:144,1
DA:145,1
DA:148,1
DA:151,1
DA:153,1
DA:154,1
BRF:0
BRH:0
LF:84
LH:84
end_of_record
SF:/Users/mailund/Code/block-flow/serialization/src/structs.rs
FN:97,_RINvXs0_NtCs7ObwQ5QRwWq_13serialization7structsNtB6_20JsonStructSerializerNtB6_16StructSerializer11deserializeINtNtCs5j1hKG2ybrF_12block_traits11block_weave25BlockSerializationPackageNtNtB1N_5tests13MultiplyBlockEEB1P_
FN:93,_RINvXs0_NtCs7ObwQ5QRwWq_13serialization7structsNtB6_20JsonStructSerializerNtB6_16StructSerializer9serializeINtNtCs5j1hKG2ybrF_12block_traits11block_weave25BlockSerializationPackageNtNtB1K_5tests13MultiplyBlockEEB1M_
FN:81,_RNvMNtCs7ObwQ5QRwWq_13serialization7structsNtB2_20JsonStructSerializer3new
FN:87,_RNvXs_NtCs7ObwQ5QRwWq_13serialization7structsNtB4_20JsonStructSerializerNtNtCskzPJi2J8k3N_4core7default7Default7default
FN:110,_RINvNtCs7ObwQ5QRwWq_13serialization7structs21read_struct_from_jsonpEB4_
FN:97,_RINvXs0_NtCs7ObwQ5QRwWq_13serialization7structsNtB6_20JsonStructSerializerNtB6_16StructSerializer11deserializepEB8_
FN:101,_RINvXs0_NtCs7ObwQ5QRwWq_13serialization7structsNtB6_20JsonStructSerializerNtB6_16StructSerializer19serialize_to_writerppEB8_
FN:105,_RINvXs0_NtCs7ObwQ5QRwWq_13serialization7structsNtB6_20JsonStructSerializerNtB6_16StructSerializer23deserialize_from_readerppEB8_
FN:93,_RINvXs0_NtCs7ObwQ5QRwWq_13serialization7structsNtB6_20JsonStructSerializerNtB6_16StructSerializer9serializepEB8_
FN:135,_RNvNtNtCs36rHndiqFL9_13serialization7structs5tests20create_test_config_a
FN:142,_RNvNtNtCs36rHndiqFL9_13serialization7structs5tests20create_test_config_b
FN:186,_RNvNtNtCs36rHndiqFL9_13serialization7structs5testss_23test_json_output_format
FN:205,_RNvNtNtCs36rHndiqFL9_13serialization7structs5testss_24test_default_constructor
FN:217,_RNvNtNtCs36rHndiqFL9_13serialization7structs5testss_33test_read_struct_from_json_helper
FN:285,_RNvNtNtCs36rHndiqFL9_13serialization7structs5testss_35test_name_parameter_ignored_in_json
FN:229,_RNvNtNtCs36rHndiqFL9_13serialization7structs5testss_36test_invalid_json_deserialize_errors
FN:150,_RNvNtNtCs36rHndiqFL9_13serialization7structs5testss_37test_json_struct_serializer_roundtrip
FN:172,_RNvNtNtCs36rHndiqFL9_13serialization7structs5testss_41test_json_struct_serializer_writer_reader
FN:259,_RNvNtNtCs36rHndiqFL9_13serialization7structs5testss_41test_serialize_to_writer_error_propagates
FN:161,_RNvNtNtCs36rHndiqFL9_13serialization7structs5testss_43test_json_struct_serializer_different_types
FN:269,_RNvNtNtCs36rHndiqFL9_13serialization7structs5testss_45test_deserialize_from_reader_error_propagates
FN:253,_RNvNtNtCs36rHndiqFL9_13serialization7structs5testss_47test_serialize_to_writer_flush_error_is_covered
FN:274,_RNvXNvNtNtCs36rHndiqFL9_13serialization7structs5testss_45test_deserialize_from_reader_error_propagatesNtB2_10FailReaderNtNtCsiThrkg7suPy_3std2io4Read4read
FN:247,_RNvXs0_NtNtCs36rHndiqFL9_13serialization7structs5testsNtB5_16AlwaysFailWriterNtNtCsiThrkg7suPy_3std2io5Write5flush
FN:244,_RNvXs0_NtNtCs36rHndiqFL9_13serialization7structs5testsNtB5_16AlwaysFailWriterNtNtCsiThrkg7suPy_3std2io5Write5write
FN:81,_RNvMNtCs36rHndiqFL9_13serialization7structsNtB2_20JsonStructSerializer3new
FN:87,_RNvXs_NtCs36rHndiqFL9_13serialization7structsNtB4_20JsonStructSerializerNtNtCskzPJi2J8k3N_4core7default7Default7default
FN:110,_RINvNtCs36rHndiqFL9_13serialization7structs21read_struct_from_jsonNtNtB2_5tests11TestConfigAEB4_
FN:110,_RINvNtCs36rHndiqFL9_13serialization7structs21read_struct_from_jsonNtNtB2_5tests11TestConfigBEB4_
FN:97,_RINvXs0_NtCs36rHndiqFL9_13serialization7structsNtB6_20JsonStructSerializerNtB6_16StructSerializer11deserializeNtNtB6_5tests11TestConfigAEB8_
FN:97,_RINvXs0_NtCs36rHndiqFL9_13serialization7structsNtB6_20JsonStructSerializerNtB6_16StructSerializer11deserializeNtNtB6_5tests11TestConfigBEB8_
FN:101,_RINvXs0_NtCs36rHndiqFL9_13serialization7structsNtB6_20JsonStructSerializerNtB6_16StructSerializer19serialize_to_writerNtNtB6_5tests11TestConfigANtB1U_16AlwaysFailWriterEB8_
FN:101,_RINvXs0_NtCs36rHndiqFL9_13serialization7structsNtB6_20JsonStructSerializerNtB6_16StructSerializer19serialize_to_writerNtNtB6_5tests11TestConfigAQINtNtCsganj50Cd8Gx_5alloc3vec3VechEEB8_
FN:105,_RINvXs0_NtCs36rHndiqFL9_13serialization7structsNtB6_20JsonStructSerializerNtB6_16StructSerializer23deserialize_from_readerNtNtB6_5tests11TestConfigANtNvB1Y_s_45test_deserialize_from_reader_error_propagates10FailReaderEB8_
FN:105,_RINvXs0_NtCs36rHndiqFL9_13serialization7structsNtB6_20JsonStructSerializerNtB6_16StructSerializer23deserialize_from_readerNtNtB6_5tests11TestConfigARShEB8_
FN:93,_RINvXs0_NtCs36rHndiqFL9_13serialization7structsNtB6_20JsonStructSerializerNtB6_16StructSerializer9serializeNtNtB6_5tests11TestConfigAEB8_
FN:93,_RINvXs0_NtCs36rHndiqFL9_13serialization7structsNtB6_20JsonStructSerializerNtB6_16StructSerializer9serializeNtNtB6_5tests11TestConfigBEB8_
FNDA:2,_RINvXs0_NtCs7ObwQ5QRwWq_13serialization7structsNtB6_20JsonStructSerializerNtB6_16StructSerializer11deserializeINtNtCs5j1hKG2ybrF_12block_traits11block_weave25BlockSerializationPackageNtNtB1N_5tests13MultiplyBlockEEB1P_
FNDA:1,_RINvXs0_NtCs7ObwQ5QRwWq_13serialization7structsNtB6_20JsonStructSerializerNtB6_16StructSerializer9serializeINtNtCs5j1hKG2ybrF_12block_traits11block_weave25BlockSerializationPackageNtNtB1K_5tests13MultiplyBlockEEB1M_
FNDA:2,_RNvMNtCs7ObwQ5QRwWq_13serialization7structsNtB2_20JsonStructSerializer3new
FNDA:0,_RNvXs_NtCs7ObwQ5QRwWq_13serialization7structsNtB4_20JsonStructSerializerNtNtCskzPJi2J8k3N_4core7default7Default7default
FNDA:0,_RINvNtCs7ObwQ5QRwWq_13serialization7structs21read_struct_from_jsonpEB4_
FNDA:0,_RINvXs0_NtCs7ObwQ5QRwWq_13serialization7structsNtB6_20JsonStructSerializerNtB6_16StructSerializer11deserializepEB8_
FNDA:0,_RINvXs0_NtCs7ObwQ5QRwWq_13serialization7structsNtB6_20JsonStructSerializerNtB6_16StructSerializer19serialize_to_writerppEB8_
FNDA:0,_RINvXs0_NtCs7ObwQ5QRwWq_13serialization7structsNtB6_20JsonStructSerializerNtB6_16StructSerializer23deserialize_from_readerppEB8_
FNDA:0,_RINvXs0_NtCs7ObwQ5QRwWq_13serialization7structsNtB6_20JsonStructSerializerNtB6_16StructSerializer9serializepEB8_
FNDA:5,_RNvNtNtCs36rHndiqFL9_13serialization7structs5tests20create_test_config_a
FNDA:2,_RNvNtNtCs36rHndiqFL9_13serialization7structs5tests20create_test_config_b
FNDA:1,_RNvNtNtCs36rHndiqFL9_13serialization7structs5testss_23test_json_output_format
FNDA:1,_RNvNtNtCs36rHndiqFL9_13serialization7structs5testss_24test_default_constructor
FNDA:1,_RNvNtNtCs36rHndiqFL9_13serialization7structs5testss_33test_read_struct_from_json_helper
FNDA:1,_RNvNtNtCs36rHndiqFL9_13serialization7structs5testss_35test_name_parameter_ignored_in_json
FNDA:1,_RNvNtNtCs36rHndiqFL9_13serialization7structs5testss_36test_invalid_json_deserialize_errors
FNDA:1,_RNvNtNtCs36rHndiqFL9_13serialization7structs5testss_37test_json_struct_serializer_roundtrip
FNDA:1,_RNvNtNtCs36rHndiqFL9_13serialization7structs5testss_41test_json_struct_serializer_writer_reader
FNDA:1,_RNvNtNtCs36rHndiqFL9_13serialization7structs5testss_41test_serialize_to_writer_error_propagates
FNDA:1,_RNvNtNtCs36rHndiqFL9_13serialization7structs5testss_43test_json_struct_serializer_different_types
FNDA:1,_RNvNtNtCs36rHndiqFL9_13serialization7structs5testss_45test_deserialize_from_reader_error_propagates
FNDA:1,_RNvNtNtCs36rHndiqFL9_13serialization7structs5testss_47test_serialize_to_writer_flush_error_is_covered
FNDA:1,_RNvXNvNtNtCs36rHndiqFL9_13serialization7structs5testss_45test_deserialize_from_reader_error_propagatesNtB2_10FailReaderNtNtCsiThrkg7suPy_3std2io4Read4read
FNDA:1,_RNvXs0_NtNtCs36rHndiqFL9_13serialization7structs5testsNtB5_16AlwaysFailWriterNtNtCsiThrkg7suPy_3std2io5Write5flush
FNDA:1,_RNvXs0_NtNtCs36rHndiqFL9_13serialization7structs5testsNtB5_16AlwaysFailWriterNtNtCsiThrkg7suPy_3std2io5Write5write
FNDA:9,_RNvMNtCs36rHndiqFL9_13serialization7structsNtB2_20JsonStructSerializer3new
FNDA:0,_RNvXs_NtCs36rHndiqFL9_13serialization7structsNtB4_20JsonStructSerializerNtNtCskzPJi2J8k3N_4core7default7Default7default
FNDA:1,_RINvNtCs36rHndiqFL9_13serialization7structs21read_struct_from_jsonNtNtB2_5tests11TestConfigAEB4_
FNDA:1,_RINvNtCs36rHndiqFL9_13serialization7structs21read_struct_from_jsonNtNtB2_5tests11TestConfigBEB4_
FNDA:5,_RINvXs0_NtCs36rHndiqFL9_13serialization7structsNtB6_20JsonStructSerializerNtB6_16StructSerializer11deserializeNtNtB6_5tests11TestConfigAEB8_
FNDA:1,_RINvXs0_NtCs36rHndiqFL9_13serialization7structsNtB6_20JsonStructSerializerNtB6_16StructSerializer11deserializeNtNtB6_5tests11TestConfigBEB8_
FNDA:1,_RINvXs0_NtCs36rHndiqFL9_13serialization7structsNtB6_20JsonStructSerializerNtB6_16StructSerializer19serialize_to_writerNtNtB6_5tests11TestConfigANtB1U_16AlwaysFailWriterEB8_
FNDA:1,_RINvXs0_NtCs36rHndiqFL9_13serialization7structsNtB6_20JsonStructSerializerNtB6_16StructSerializer19serialize_to_writerNtNtB6_5tests11TestConfigAQINtNtCsganj50Cd8Gx_5alloc3vec3VechEEB8_
FNDA:1,_RINvXs0_NtCs36rHndiqFL9_13serialization7structsNtB6_20JsonStructSerializerNtB6_16StructSerializer23deserialize_from_readerNtNtB6_5tests11TestConfigANtNvB1Y_s_45test_deserialize_from_reader_error_propagates10FailReaderEB8_
FNDA:1,_RINvXs0_NtCs36rHndiqFL9_13serialization7structsNtB6_20JsonStructSerializerNtB6_16StructSerializer23deserialize_from_readerNtNtB6_5tests11TestConfigARShEB8_
FNDA:5,_RINvXs0_NtCs36rHndiqFL9_13serialization7structsNtB6_20JsonStructSerializerNtB6_16StructSerializer9serializeNtNtB6_5tests11TestConfigAEB8_
FNDA:2,_RINvXs0_NtCs36rHndiqFL9_13serialization7structsNtB6_20JsonStructSerializerNtB6_16StructSerializer9serializeNtNtB6_5tests11TestConfigBEB8_
FNF:23
FNH:22
DA:81,11
DA:82,11
DA:83,11
DA:87,0
DA:88,0
DA:89,0
DA:93,8
DA:94,8
DA:95,8
DA:97,8
DA:98,8
DA:99,8
DA:101,2
DA:102,2
DA:103,2
DA:105,2
DA:106,2
DA:107,2
DA:110,2
DA:111,2
DA:112,2
DA:135,5
DA:136,5
DA:137,5
DA:138,5
DA:139,5
DA:140,5
DA:142,2
DA:143,2
DA:144,2
DA:145,2
DA:146,2
DA:147,2
DA:150,1
DA:151,1
DA:152,1
DA:154,1
DA:155,1
DA:157,1
DA:158,1
DA:161,1
DA:162,1
DA:163,1
DA:165,1
DA:166,1
DA:168,1
DA:169,1
DA:172,1
DA:173,1
DA:174,1
DA:175,1
DA:177,1
DA:178,1
DA:179,1
DA:181,1
DA:182,1
DA:183,1
DA:186,1
DA:187,1
DA:188,1
DA:189,1
DA:190,1
DA:191,1
DA:193,1
DA:194,1
DA:197,1
DA:198,1
DA:199,1
DA:200,1
DA:201,1
DA:202,1
DA:205,1
DA:207,1
DA:208,1
DA:210,1
DA:211,1
DA:213,1
DA:214,1
DA:217,1
DA:219,1
DA:220,1
DA:222,1
DA:223,1
DA:225,1
DA:226,1
DA:229,1
DA:231,1
DA:232,1
DA:234,1
DA:235,1
DA:237,1
DA:238,1
DA:239,1
DA:244,1
DA:245,1
DA:246,1
DA:247,1
DA:248,1
DA:249,1
DA:253,1
DA:254,1
DA:255,1
DA:256,1
DA:259,1
DA:261,1
DA:262,1
DA:264,1
DA:265,1
DA:266,1
DA:269,1
DA:274,1
DA:275,1
DA:276,1
DA:279,1
DA:280,1
DA:281,1
DA:282,1
DA:285,1
DA:286,1
DA:287,1
DA:289,1
DA:290,1
DA:292,1
DA:294,1
DA:295,1
DA:297,1
DA:298,1
DA:299,1
BRF:0
BRH:0
LF:128
LH:125
end_of_record
SF:/Users/mailund/Code/block-flow/trade-types/src/lib.rs
FN:8,_RNvMCsfIj9rnDmdUA_11trade_typesNtB2_8Contract3new
FN:45,_RNvMs2_CsfIj9rnDmdUA_11trade_typesNtB5_8Quantity5in_kw
FN:48,_RNvMs2_CsfIj9rnDmdUA_11trade_typesNtB5_8Quantity5in_mw
FN:75,_RNvMs5_CsfIj9rnDmdUA_11trade_typesNtB5_9Orderbook11top_of_side
FN:18,_RNvMs_CsfIj9rnDmdUA_11trade_typesNtB4_5Price8in_cents
FN:21,_RNvMs_CsfIj9rnDmdUA_11trade_typesNtB4_5Price8in_euros
FN:28,_RNvXs0_CsfIj9rnDmdUA_11trade_typesNtB5_5PriceINtNtCskzPJi2J8k3N_4core7convert4FromNtB5_5CentsE4from
FN:35,_RNvXs1_CsfIj9rnDmdUA_11trade_typesNtB5_5PriceINtNtCskzPJi2J8k3N_4core7convert4FromNtB5_5EurosE4from
FN:55,_RNvXs3_CsfIj9rnDmdUA_11trade_typesNtB5_8QuantityINtNtCskzPJi2J8k3N_4core7convert4FromNtB5_2KwE4from
FN:62,_RNvXs4_CsfIj9rnDmdUA_11trade_typesNtB5_8QuantityINtNtCskzPJi2J8k3N_4core7convert4FromNtB5_2MwE4from
FN:8,_RNvMCs7EpWI7oDuY3_11trade_typesNtB2_8Contract3new
FN:45,_RNvMs2_Cs7EpWI7oDuY3_11trade_typesNtB5_8Quantity5in_kw
FN:48,_RNvMs2_Cs7EpWI7oDuY3_11trade_typesNtB5_8Quantity5in_mw
FN:75,_RNvMs5_Cs7EpWI7oDuY3_11trade_typesNtB5_9Orderbook11top_of_side
FN:18,_RNvMs_Cs7EpWI7oDuY3_11trade_typesNtB4_5Price8in_cents
FN:21,_RNvMs_Cs7EpWI7oDuY3_11trade_typesNtB4_5Price8in_euros
FN:28,_RNvXs0_Cs7EpWI7oDuY3_11trade_typesNtB5_5PriceINtNtCskzPJi2J8k3N_4core7convert4FromNtB5_5CentsE4from
FN:35,_RNvXs1_Cs7EpWI7oDuY3_11trade_typesNtB5_5PriceINtNtCskzPJi2J8k3N_4core7convert4FromNtB5_5EurosE4from
FN:55,_RNvXs3_Cs7EpWI7oDuY3_11trade_typesNtB5_8QuantityINtNtCskzPJi2J8k3N_4core7convert4FromNtB5_2KwE4from
FN:62,_RNvXs4_Cs7EpWI7oDuY3_11trade_typesNtB5_8QuantityINtNtCskzPJi2J8k3N_4core7convert4FromNtB5_2MwE4from
FN:86,_RNvNtCs7EpWI7oDuY3_11trade_types5testss_25contract_new_and_equality
FN:124,_RNvNtCs7EpWI7oDuY3_11trade_types5testss_34side_enum_variants_exist_and_match
FN:110,_RNvNtCs7EpWI7oDuY3_11trade_types5testss_39quantity_from_kw_roundtrip_in_kw_and_mw
FN:117,_RNvNtCs7EpWI7oDuY3_11trade_types5testss_41quantity_from_mw_converts_to_kw_correctly
FN:103,_RNvNtCs7EpWI7oDuY3_11trade_types5testss_44price_from_euros_converts_to_cents_correctly
FN:96,_RNvNtCs7EpWI7oDuY3_11trade_types5testss_45price_from_cents_roundtrip_in_cents_and_euros
FN:140,_RNvNtCs7EpWI7oDuY3_11trade_types5testss_49orderbook_top_of_side_returns_some_for_both_sides
FNDA:42,_RNvMCsfIj9rnDmdUA_11trade_typesNtB2_8Contract3new
FNDA:0,_RNvMs2_CsfIj9rnDmdUA_11trade_typesNtB5_8Quantity5in_kw
FNDA:0,_RNvMs2_CsfIj9rnDmdUA_11trade_typesNtB5_8Quantity5in_mw
FNDA:0,_RNvMs5_CsfIj9rnDmdUA_11trade_typesNtB5_9Orderbook11top_of_side
FNDA:0,_RNvMs_CsfIj9rnDmdUA_11trade_typesNtB4_5Price8in_cents
FNDA:0,_RNvMs_CsfIj9rnDmdUA_11trade_typesNtB4_5Price8in_euros
FNDA:3,_RNvXs0_CsfIj9rnDmdUA_11trade_typesNtB5_5PriceINtNtCskzPJi2J8k3N_4core7convert4FromNtB5_5CentsE4from
FNDA:0,_RNvXs1_CsfIj9rnDmdUA_11trade_typesNtB5_5PriceINtNtCskzPJi2J8k3N_4core7convert4FromNtB5_5EurosE4from
FNDA:3,_RNvXs3_CsfIj9rnDmdUA_11trade_typesNtB5_8QuantityINtNtCskzPJi2J8k3N_4core7convert4FromNtB5_2KwE4from
FNDA:0,_RNvXs4_CsfIj9rnDmdUA_11trade_typesNtB5_8QuantityINtNtCskzPJi2J8k3N_4core7convert4FromNtB5_2MwE4from
FNDA:3,_RNvMCs7EpWI7oDuY3_11trade_typesNtB2_8Contract3new
FNDA:2,_RNvMs2_Cs7EpWI7oDuY3_11trade_typesNtB5_8Quantity5in_kw
FNDA:2,_RNvMs2_Cs7EpWI7oDuY3_11trade_typesNtB5_8Quantity5in_mw
FNDA:2,_RNvMs5_Cs7EpWI7oDuY3_11trade_typesNtB5_9Orderbook11top_of_side
FNDA:2,_RNvMs_Cs7EpWI7oDuY3_11trade_typesNtB4_5Price8in_cents
FNDA:2,_RNvMs_Cs7EpWI7oDuY3_11trade_typesNtB4_5Price8in_euros
FNDA:1,_RNvXs0_Cs7EpWI7oDuY3_11trade_typesNtB5_5PriceINtNtCskzPJi2J8k3N_4core7convert4FromNtB5_5CentsE4from
FNDA:1,_RNvXs1_Cs7EpWI7oDuY3_11trade_typesNtB5_5PriceINtNtCskzPJi2J8k3N_4core7convert4FromNtB5_5EurosE4from
FNDA:1,_RNvXs3_Cs7EpWI7oDuY3_11trade_typesNtB5_8QuantityINtNtCskzPJi2J8k3N_4core7convert4FromNtB5_2KwE4from
FNDA:1,_RNvXs4_Cs7EpWI7oDuY3_11trade_typesNtB5_8QuantityINtNtCskzPJi2J8k3N_4core7convert4FromNtB5_2MwE4from
FNDA:1,_RNvNtCs7EpWI7oDuY3_11trade_types5testss_25contract_new_and_equality
FNDA:1,_RNvNtCs7EpWI7oDuY3_11trade_types5testss_34side_enum_variants_exist_and_match
FNDA:1,_RNvNtCs7EpWI7oDuY3_11trade_types5testss_39quantity_from_kw_roundtrip_in_kw_and_mw
FNDA:1,_RNvNtCs7EpWI7oDuY3_11trade_types5testss_41quantity_from_mw_converts_to_kw_correctly
FNDA:1,_RNvNtCs7EpWI7oDuY3_11trade_types5testss_44price_from_euros_converts_to_cents_correctly
FNDA:1,_RNvNtCs7EpWI7oDuY3_11trade_types5testss_45price_from_cents_roundtrip_in_cents_and_euros
FNDA:1,_RNvNtCs7EpWI7oDuY3_11trade_types5testss_49orderbook_top_of_side_returns_some_for_both_sides
FNF:17
FNH:17
DA:8,45
DA:9,45
DA:10,45
DA:18,2
DA:19,2
DA:20,2
DA:21,2
DA:22,2
DA:23,2
DA:28,4
DA:29,4
DA:30,4
DA:35,1
DA:36,1
DA:37,1
DA:45,2
DA:46,2
DA:47,2
DA:48,2
DA:49,2
DA:50,2
DA:55,4
DA:56,4
DA:57,4
DA:62,1
DA:63,1
DA:64,1
DA:75,2
DA:77,2
DA:78,2
DA:86,1
DA:87,1
DA:88,1
DA:89,1
DA:91,1
DA:92,1
DA:93,1
DA:96,1
DA:97,1
DA:98,1
DA:99,1
DA:100,1
DA:103,1
DA:104,1
DA:105,1
DA:106,1
DA:107,1
DA:110,1
DA:111,1
DA:112,1
DA:113,1
DA:114,1
DA:117,1
DA:118,1
DA:119,1
DA:120,1
DA:121,1
DA:124,1
DA:125,1
DA:126,1
DA:128,1
DA:129,1
DA:130,0
DA:133,1
DA:134,1
DA:135,0
DA:137,1
DA:140,1
DA:141,1
DA:143,1
DA:144,1
DA:146,1
DA:147,1
DA:149,1
DA:150,1
DA:151,1
BRF:0
BRH:0
LF:76
LH:74
end_of_record
SF:/Users/mailund/Code/block-flow/weave-test/src/lib.rs
FN:11,_RNvNtCsc2zoXNXoxjk_10weave_test5testss_28weave_after_and_simple_order
FNDA:1,_RNvNtCsc2zoXNXoxjk_10weave_test5testss_28weave_after_and_simple_order
FNF:1
FNH:1
DA:11,1
DA:12,1
DA:13,1
DA:14,1
DA:15,1
DA:16,1
DA:17,1
DA:18,1
DA:20,1
DA:21,1
DA:22,1
DA:23,1
DA:24,1
DA:25,1
DA:26,1
DA:27,1
DA:28,1
DA:29,1
DA:30,1
DA:31,1
DA:32,1
DA:33,1
DA:34,1
DA:35,0
DA:37,1
DA:38,1
DA:39,1
BRF:0
BRH:0
LF:27
LH:26
end_of_record
SF:/Users/mailund/Code/block-flow/weave/src/lib.rs
FN:19,_RNvXINICscUPep4eT1Ke_5weave0pEINtB5_11TopoOrderedpENtNtNtCskzPJi2J8k3N_4core3ops5deref5Deref5derefB5_
FN:19,_RNvXCs1h9vZ3J823c_5weaveINtB2_11TopoOrderedNtCs5jZFThBnmtR_12block_traits5BlockENtNtNtCskzPJi2J8k3N_4core3ops5deref5Deref5derefCsc2zoXNXoxjk_10weave_test
FNDA:0,_RNvXINICscUPep4eT1Ke_5weave0pEINtB5_11TopoOrderedpENtNtNtCskzPJi2J8k3N_4core3ops5deref5Deref5derefB5_
FNDA:1,_RNvXCs1h9vZ3J823c_5weaveINtB2_11TopoOrderedNtCs5jZFThBnmtR_12block_traits5BlockENtNtNtCskzPJi2J8k3N_4core3ops5deref5Deref5derefCsc2zoXNXoxjk_10weave_test
FNF:1
FNH:1
DA:19,1
DA:20,1
DA:21,1
BRF:0
BRH:0
LF:3
LH:3
end_of_record
SF:/Users/mailund/Code/block-flow/weave/src/weave.rs
FN:5,_RINvNtCscUPep4eT1Ke_5weave5weave11weave_nodespEB4_
FN:13,_RNCINvNtCscUPep4eT1Ke_5weave5weave11weave_nodespE0B6_
FN:52,_RNCINvNtCscUPep4eT1Ke_5weave5weave11weave_nodespEs0_0B6_
FN:70,_RNCINvNtCscUPep4eT1Ke_5weave5weave11weave_nodespEs1_0B6_
FN:14,_RNCINvNtCscUPep4eT1Ke_5weave5weave11weave_nodespEs_0B6_
FN:5,_RINvNtCs1h9vZ3J823c_5weave5weave11weave_nodesNtCs5jZFThBnmtR_12block_traits5BlockECsc2zoXNXoxjk_10weave_test
FN:13,_RNCINvNtCs1h9vZ3J823c_5weave5weave11weave_nodesNtCs5jZFThBnmtR_12block_traits5BlockE0Csc2zoXNXoxjk_10weave_test
FN:52,_RNCINvNtCs1h9vZ3J823c_5weave5weave11weave_nodesNtCs5jZFThBnmtR_12block_traits5BlockEs0_0Csc2zoXNXoxjk_10weave_test
FN:70,_RNCINvNtCs1h9vZ3J823c_5weave5weave11weave_nodesNtCs5jZFThBnmtR_12block_traits5BlockEs1_0Csc2zoXNXoxjk_10weave_test
FN:14,_RNCINvNtCs1h9vZ3J823c_5weave5weave11weave_nodesNtCs5jZFThBnmtR_12block_traits5BlockEs_0Csc2zoXNXoxjk_10weave_test
FNDA:0,_RINvNtCscUPep4eT1Ke_5weave5weave11weave_nodespEB4_
FNDA:0,_RNCINvNtCscUPep4eT1Ke_5weave5weave11weave_nodespE0B6_
FNDA:0,_RNCINvNtCscUPep4eT1Ke_5weave5weave11weave_nodespEs0_0B6_
FNDA:0,_RNCINvNtCscUPep4eT1Ke_5weave5weave11weave_nodespEs1_0B6_
FNDA:0,_RNCINvNtCscUPep4eT1Ke_5weave5weave11weave_nodespEs_0B6_
FNDA:1,_RINvNtCs1h9vZ3J823c_5weave5weave11weave_nodesNtCs5jZFThBnmtR_12block_traits5BlockECsc2zoXNXoxjk_10weave_test
FNDA:2,_RNCINvNtCs1h9vZ3J823c_5weave5weave11weave_nodesNtCs5jZFThBnmtR_12block_traits5BlockE0Csc2zoXNXoxjk_10weave_test
FNDA:2,_RNCINvNtCs1h9vZ3J823c_5weave5weave11weave_nodesNtCs5jZFThBnmtR_12block_traits5BlockEs0_0Csc2zoXNXoxjk_10weave_test
FNDA:0,_RNCINvNtCs1h9vZ3J823c_5weave5weave11weave_nodesNtCs5jZFThBnmtR_12block_traits5BlockEs1_0Csc2zoXNXoxjk_10weave_test
FNDA:2,_RNCINvNtCs1h9vZ3J823c_5weave5weave11weave_nodesNtCs5jZFThBnmtR_12block_traits5BlockEs_0Csc2zoXNXoxjk_10weave_test
FNF:5
FNH:4
DA:5,1
DA:6,1
DA:7,1
DA:8,1
DA:10,1
DA:13,2
DA:14,2
DA:17,1
DA:18,2
DA:19,3
DA:20,1
DA:21,0
DA:22,1
DA:27,1
DA:28,1
DA:30,2
DA:31,3
DA:32,1
DA:33,1
DA:34,1
DA:35,1
DA:39,0
DA:40,0
DA:41,0
DA:42,0
DA:43,0
DA:49,1
DA:50,1
DA:51,1
DA:52,2
DA:53,1
DA:55,1
DA:56,3
DA:57,2
DA:58,2
DA:59,1
DA:60,1
DA:61,1
DA:62,1
DA:66,1
DA:67,0
DA:68,0
DA:69,0
DA:70,0
DA:71,0
DA:72,0
DA:73,1
DA:76,1
DA:77,3
DA:78,2
DA:81,1
DA:82,1
BRF:0
BRH:0
LF:56
LH:43
end_of_record