SF:/Users/mailund/Code/block-flow/crates/actor/src/actor.rs
FN:22,_RNvMNtCsips623BuZWF_5actor5actorNtB2_5Actor3new
FN:29,_RNvMNtCsips623BuZWF_5actor5actorNtB2_5Actor5block
FN:33,_RNvMNtCsips623BuZWF_5actor5actorNtB2_5Actor9contracts
FN:62,_RNCNvMNtCsips623BuZWF_5actor5actorNtB4_5Actor17reconcile_intents0B6_
FN:37,_RNvMNtCsips623BuZWF_5actor5actorNtB2_5Actor17reconcile_intents
FN:69,_RNvMNtCsips623BuZWF_5actor5actorNtB2_5Actor4tick
FNDA:6,_RNvMNtCsips623BuZWF_5actor5actorNtB2_5Actor3new
FNDA:9,_RNvMNtCsips623BuZWF_5actor5actorNtB2_5Actor5block
FNDA:7,_RNvMNtCsips623BuZWF_5actor5actorNtB2_5Actor9contracts
FNDA:0,_RNCNvMNtCsips623BuZWF_5actor5actorNtB4_5Actor17reconcile_intents0B6_
FNDA:0,_RNvMNtCsips623BuZWF_5actor5actorNtB2_5Actor17reconcile_intents
FNDA:0,_RNvMNtCsips623BuZWF_5actor5actorNtB2_5Actor4tick
FNF:6
FNH:3
DA:22,6
DA:23,6
DA:24,6
DA:25,6
DA:26,6
DA:27,6
DA:29,9
DA:30,9
DA:31,9
DA:33,7
DA:34,7
DA:35,7
DA:37,0
DA:38,0
DA:45,0
DA:48,0
DA:49,0
DA:50,0
DA:51,0
DA:52,0
DA:53,0
DA:54,0
DA:55,0
DA:56,0
DA:61,0
DA:62,0
DA:63,0
DA:69,0
DA:70,0
DA:71,0
DA:72,0
DA:73,0
BRF:0
BRH:0
LF:33
LH:12
end_of_record
SF:/Users/mailund/Code/block-flow/crates/actor/src/controller.rs
FN:221,_RNCNvNtNtNtCsips623BuZWF_5actor10controller5tests30add_actor_indexes_by_contracts8mk_actor0B9_
FN:201,_RNCNvXNtNtNtCsips623BuZWF_5actor10controller5tests30add_actor_indexes_by_contractsNtB4_9TestBlockNtNtCs6KBpAEkBOfL_12block_traits10block_spec9BlockSpec7execute0Ba_
FN:283,_RNvNtNtNtCsips623BuZWF_5actor10controller5tests52remove_actor_by_id_removes_from_id_and_contract_maps1c
FN:287,_RNvNtNtNtCsips623BuZWF_5actor10controller5tests52remove_actor_by_id_removes_from_id_and_contract_maps8mk_actor
FN:308,_RNvNtNtNtCsips623BuZWF_5actor10controller5tests52remove_actor_by_id_removes_from_id_and_contract_mapss_4test
FN:273,_RNvXNtNtNtCsips623BuZWF_5actor10controller5tests52remove_actor_by_id_removes_from_id_and_contract_mapsNtB2_9TestBlockNtNtCs6KBpAEkBOfL_12block_traits10block_spec9BlockSpec10init_state
FN:266,_RNvXNtNtNtCsips623BuZWF_5actor10controller5tests52remove_actor_by_id_removes_from_id_and_contract_mapsNtB2_9TestBlockNtNtCs6KBpAEkBOfL_12block_traits10block_spec9BlockSpec20new_from_init_params
FN:262,_RNvXNtNtNtCsips623BuZWF_5actor10controller5tests52remove_actor_by_id_removes_from_id_and_contract_mapsNtB2_9TestBlockNtNtCs6KBpAEkBOfL_12block_traits10block_spec9BlockSpec8block_id
FN:133,_RNCNvXNtNtNtCsips623BuZWF_5actor10controller5tests23add_actor_indexes_by_idNtB4_9TestBlockNtNtCs6KBpAEkBOfL_12block_traits10block_spec9BlockSpec7execute0Ba_
FN:75,_RNCNvMNtCsips623BuZWF_5actor10controllerNtB4_15ActorController10tick_delta0B6_
FN:66,_RNvMNtCsips623BuZWF_5actor10controllerNtB2_15ActorController10tick_delta
FN:56,_RNvMNtCsips623BuZWF_5actor10controllerNtB2_15ActorController11emit_orders
FN:171,_RNvXs4_NtNtNtCsips623BuZWF_5actor10controller5tests30add_actor_indexes_by_contractsNtB5_9InputKeysNtNtCsgFl9GrjVdhr_8channels12channel_keys11ChannelKeys13channel_names
FN:248,_RNvXs4_NtNtNtCsips623BuZWF_5actor10controller5tests52remove_actor_by_id_removes_from_id_and_contract_mapsNtB5_9InputKeysNtNtCsgFl9GrjVdhr_8channels12channel_keys11ChannelKeys13channel_names
FN:112,_RNvXs5_NtNtNtCsips623BuZWF_5actor10controller5tests23add_actor_indexes_by_idNtB5_9InputKeysNtNtCsgFl9GrjVdhr_8channels12channel_keys11ChannelKeys13channel_names
FN:97,_RNvXs_NtCsips623BuZWF_5actor10controllerNtB4_15ActorControllerNtNtCskzPJi2J8k3N_4core7default7Default7default
FN:171,_RNvXse_NtNtNtCsips623BuZWF_5actor10controller5tests30add_actor_indexes_by_contractsNtB5_10OutputKeysNtNtCsgFl9GrjVdhr_8channels12channel_keys11ChannelKeys13channel_names
FN:248,_RNvXse_NtNtNtCsips623BuZWF_5actor10controller5tests52remove_actor_by_id_removes_from_id_and_contract_mapsNtB5_10OutputKeysNtNtCsgFl9GrjVdhr_8channels12channel_keys11ChannelKeys13channel_names
FN:112,_RNvXsf_NtNtNtCsips623BuZWF_5actor10controller5tests23add_actor_indexes_by_idNtB5_10OutputKeysNtNtCsgFl9GrjVdhr_8channels12channel_keys11ChannelKeys13channel_names
FN:48,_RNCNvMNtCsips623BuZWF_5actor10controllerNtB4_15ActorController36remove_actor_rc_from_contract_tables0B6_
FN:298,_RNCNvNtNtNtCsips623BuZWF_5actor10controller5tests52remove_actor_by_id_removes_from_id_and_contract_maps8mk_actor0B9_
FN:278,_RNCNvXNtNtNtCsips623BuZWF_5actor10controller5tests52remove_actor_by_id_removes_from_id_and_contract_mapsNtB4_9TestBlockNtNtCs6KBpAEkBOfL_12block_traits10block_spec9BlockSpec7execute0Ba_
FN:138,_RNvNtNtNtCsips623BuZWF_5actor10controller5tests23add_actor_indexes_by_id8mk_actor
FN:156,_RNvNtNtNtCsips623BuZWF_5actor10controller5tests23add_actor_indexes_by_ids_4test
FN:128,_RNvXNtNtNtCsips623BuZWF_5actor10controller5tests23add_actor_indexes_by_idNtB2_9TestBlockNtNtCs6KBpAEkBOfL_12block_traits10block_spec9BlockSpec10init_state
FN:124,_RNvXNtNtNtCsips623BuZWF_5actor10controller5tests23add_actor_indexes_by_idNtB2_9TestBlockNtNtCs6KBpAEkBOfL_12block_traits10block_spec9BlockSpec20new_from_init_params
FN:120,_RNvXNtNtNtCsips623BuZWF_5actor10controller5tests23add_actor_indexes_by_idNtB2_9TestBlockNtNtCs6KBpAEkBOfL_12block_traits10block_spec9BlockSpec8block_id
FN:206,_RNvNtNtNtCsips623BuZWF_5actor10controller5tests30add_actor_indexes_by_contracts1c
FN:210,_RNvNtNtNtCsips623BuZWF_5actor10controller5tests30add_actor_indexes_by_contracts8mk_actor
FN:231,_RNvNtNtNtCsips623BuZWF_5actor10controller5tests30add_actor_indexes_by_contractss_4test
FN:196,_RNvXNtNtNtCsips623BuZWF_5actor10controller5tests30add_actor_indexes_by_contractsNtB2_9TestBlockNtNtCs6KBpAEkBOfL_12block_traits10block_spec9BlockSpec10init_state
FN:189,_RNvXNtNtNtCsips623BuZWF_5actor10controller5tests30add_actor_indexes_by_contractsNtB2_9TestBlockNtNtCs6KBpAEkBOfL_12block_traits10block_spec9BlockSpec20new_from_init_params
FN:185,_RNvXNtNtNtCsips623BuZWF_5actor10controller5tests30add_actor_indexes_by_contractsNtB2_9TestBlockNtNtCs6KBpAEkBOfL_12block_traits10block_spec9BlockSpec8block_id
FN:35,_RNvMNtCsips623BuZWF_5actor10controllerNtB2_15ActorController15get_actor_by_id
FN:39,_RNvMNtCsips623BuZWF_5actor10controllerNtB2_15ActorController18remove_actor_by_id
FN:45,_RNvMNtCsips623BuZWF_5actor10controllerNtB2_15ActorController36remove_actor_rc_from_contract_tables
FN:15,_RNvMNtCsips623BuZWF_5actor10controllerNtB2_15ActorController3new
FN:23,_RNvMNtCsips623BuZWF_5actor10controllerNtB2_15ActorController9add_actor
FNDA:4,_RNCNvNtNtNtCsips623BuZWF_5actor10controller5tests30add_actor_indexes_by_contracts8mk_actor0B9_
FNDA:0,_RNCNvXNtNtNtCsips623BuZWF_5actor10controller5tests30add_actor_indexes_by_contractsNtB4_9TestBlockNtNtCs6KBpAEkBOfL_12block_traits10block_spec9BlockSpec7execute0Ba_
FNDA:6,_RNvNtNtNtCsips623BuZWF_5actor10controller5tests52remove_actor_by_id_removes_from_id_and_contract_maps1c
FNDA:2,_RNvNtNtNtCsips623BuZWF_5actor10controller5tests52remove_actor_by_id_removes_from_id_and_contract_maps8mk_actor
FNDA:1,_RNvNtNtNtCsips623BuZWF_5actor10controller5tests52remove_actor_by_id_removes_from_id_and_contract_mapss_4test
FNDA:2,_RNvXNtNtNtCsips623BuZWF_5actor10controller5tests52remove_actor_by_id_removes_from_id_and_contract_mapsNtB2_9TestBlockNtNtCs6KBpAEkBOfL_12block_traits10block_spec9BlockSpec10init_state
FNDA:2,_RNvXNtNtNtCsips623BuZWF_5actor10controller5tests52remove_actor_by_id_removes_from_id_and_contract_mapsNtB2_9TestBlockNtNtCs6KBpAEkBOfL_12block_traits10block_spec9BlockSpec20new_from_init_params
FNDA:3,_RNvXNtNtNtCsips623BuZWF_5actor10controller5tests52remove_actor_by_id_removes_from_id_and_contract_mapsNtB2_9TestBlockNtNtCs6KBpAEkBOfL_12block_traits10block_spec9BlockSpec8block_id
FNDA:0,_RNCNvXNtNtNtCsips623BuZWF_5actor10controller5tests23add_actor_indexes_by_idNtB4_9TestBlockNtNtCs6KBpAEkBOfL_12block_traits10block_spec9BlockSpec7execute0Ba_
FNDA:0,_RNCNvMNtCsips623BuZWF_5actor10controllerNtB4_15ActorController10tick_delta0B6_
FNDA:0,_RNvMNtCsips623BuZWF_5actor10controllerNtB2_15ActorController10tick_delta
FNDA:0,_RNvMNtCsips623BuZWF_5actor10controllerNtB2_15ActorController11emit_orders
FNDA:0,_RNvXs4_NtNtNtCsips623BuZWF_5actor10controller5tests30add_actor_indexes_by_contractsNtB5_9InputKeysNtNtCsgFl9GrjVdhr_8channels12channel_keys11ChannelKeys13channel_names
FNDA:0,_RNvXs4_NtNtNtCsips623BuZWF_5actor10controller5tests52remove_actor_by_id_removes_from_id_and_contract_mapsNtB5_9InputKeysNtNtCsgFl9GrjVdhr_8channels12channel_keys11ChannelKeys13channel_names
FNDA:0,_RNvXs5_NtNtNtCsips623BuZWF_5actor10controller5tests23add_actor_indexes_by_idNtB5_9InputKeysNtNtCsgFl9GrjVdhr_8channels12channel_keys11ChannelKeys13channel_names
FNDA:0,_RNvXs_NtCsips623BuZWF_5actor10controllerNtB4_15ActorControllerNtNtCskzPJi2J8k3N_4core7default7Default7default
FNDA:0,_RNvXse_NtNtNtCsips623BuZWF_5actor10controller5tests30add_actor_indexes_by_contractsNtB5_10OutputKeysNtNtCsgFl9GrjVdhr_8channels12channel_keys11ChannelKeys13channel_names
FNDA:0,_RNvXse_NtNtNtCsips623BuZWF_5actor10controller5tests52remove_actor_by_id_removes_from_id_and_contract_mapsNtB5_10OutputKeysNtNtCsgFl9GrjVdhr_8channels12channel_keys11ChannelKeys13channel_names
FNDA:0,_RNvXsf_NtNtNtCsips623BuZWF_5actor10controller5tests23add_actor_indexes_by_idNtB5_10OutputKeysNtNtCsgFl9GrjVdhr_8channels12channel_keys11ChannelKeys13channel_names
FNDA:3,_RNCNvMNtCsips623BuZWF_5actor10controllerNtB4_15ActorController36remove_actor_rc_from_contract_tables0B6_
FNDA:3,_RNCNvNtNtNtCsips623BuZWF_5actor10controller5tests52remove_actor_by_id_removes_from_id_and_contract_maps8mk_actor0B9_
FNDA:0,_RNCNvXNtNtNtCsips623BuZWF_5actor10controller5tests52remove_actor_by_id_removes_from_id_and_contract_mapsNtB4_9TestBlockNtNtCs6KBpAEkBOfL_12block_traits10block_spec9BlockSpec7execute0Ba_
FNDA:2,_RNvNtNtNtCsips623BuZWF_5actor10controller5tests23add_actor_indexes_by_id8mk_actor
FNDA:1,_RNvNtNtNtCsips623BuZWF_5actor10controller5tests23add_actor_indexes_by_ids_4test
FNDA:2,_RNvXNtNtNtCsips623BuZWF_5actor10controller5tests23add_actor_indexes_by_idNtB2_9TestBlockNtNtCs6KBpAEkBOfL_12block_traits10block_spec9BlockSpec10init_state
FNDA:2,_RNvXNtNtNtCsips623BuZWF_5actor10controller5tests23add_actor_indexes_by_idNtB2_9TestBlockNtNtCs6KBpAEkBOfL_12block_traits10block_spec9BlockSpec20new_from_init_params
FNDA:4,_RNvXNtNtNtCsips623BuZWF_5actor10controller5tests23add_actor_indexes_by_idNtB2_9TestBlockNtNtCs6KBpAEkBOfL_12block_traits10block_spec9BlockSpec8block_id
FNDA:8,_RNvNtNtNtCsips623BuZWF_5actor10controller5tests30add_actor_indexes_by_contracts1c
FNDA:2,_RNvNtNtNtCsips623BuZWF_5actor10controller5tests30add_actor_indexes_by_contracts8mk_actor
FNDA:1,_RNvNtNtNtCsips623BuZWF_5actor10controller5tests30add_actor_indexes_by_contractss_4test
FNDA:2,_RNvXNtNtNtCsips623BuZWF_5actor10controller5tests30add_actor_indexes_by_contractsNtB2_9TestBlockNtNtCs6KBpAEkBOfL_12block_traits10block_spec9BlockSpec10init_state
FNDA:2,_RNvXNtNtNtCsips623BuZWF_5actor10controller5tests30add_actor_indexes_by_contractsNtB2_9TestBlockNtNtCs6KBpAEkBOfL_12block_traits10block_spec9BlockSpec20new_from_init_params
FNDA:2,_RNvXNtNtNtCsips623BuZWF_5actor10controller5tests30add_actor_indexes_by_contractsNtB2_9TestBlockNtNtCs6KBpAEkBOfL_12block_traits10block_spec9BlockSpec8block_id
FNDA:4,_RNvMNtCsips623BuZWF_5actor10controllerNtB2_15ActorController15get_actor_by_id
FNDA:1,_RNvMNtCsips623BuZWF_5actor10controllerNtB2_15ActorController18remove_actor_by_id
FNDA:1,_RNvMNtCsips623BuZWF_5actor10controllerNtB2_15ActorController36remove_actor_rc_from_contract_tables
FNDA:3,_RNvMNtCsips623BuZWF_5actor10controllerNtB2_15ActorController3new
FNDA:6,_RNvMNtCsips623BuZWF_5actor10controllerNtB2_15ActorController9add_actor
FNF:35
FNH:25
DA:15,3
DA:16,3
DA:17,3
DA:18,3
DA:19,3
DA:20,3
DA:21,3
DA:23,6
DA:24,6
DA:25,6
DA:26,6
DA:27,7
DA:28,7
DA:29,7
DA:30,7
DA:31,7
DA:32,7
DA:33,6
DA:35,4
DA:36,4
DA:37,4
DA:39,1
DA:40,1
DA:41,1
DA:42,1
DA:43,1
DA:45,1
DA:46,2
DA:47,2
DA:48,3
DA:49,2
DA:50,1
DA:51,1
DA:52,0
DA:54,1
DA:56,0
DA:58,0
DA:59,0
DA:60,0
DA:61,0
DA:64,0
DA:66,0
DA:68,0
DA:74,0
DA:75,0
DA:76,0
DA:77,0
DA:78,0
DA:80,0
DA:81,0
DA:83,0
DA:86,0
DA:87,0
DA:88,0
DA:89,0
DA:92,0
DA:93,0
DA:97,0
DA:98,0
DA:99,0
DA:112,0
DA:120,4
DA:121,4
DA:122,4
DA:124,2
DA:125,2
DA:126,2
DA:128,2
DA:129,2
DA:130,2
DA:133,0
DA:134,0
DA:138,2
DA:139,2
DA:140,2
DA:142,2
DA:143,2
DA:144,2
DA:146,2
DA:147,2
DA:148,2
DA:149,2
DA:151,2
DA:152,2
DA:153,2
DA:156,1
DA:157,1
DA:158,1
DA:159,1
DA:161,1
DA:162,1
DA:163,1
DA:171,0
DA:185,2
DA:186,2
DA:187,2
DA:189,2
DA:190,2
DA:191,2
DA:192,2
DA:193,2
DA:194,2
DA:196,2
DA:197,2
DA:198,2
DA:201,0
DA:202,0
DA:206,8
DA:207,8
DA:208,8
DA:210,2
DA:211,2
DA:212,2
DA:213,2
DA:215,2
DA:216,2
DA:217,2
DA:218,2
DA:220,2
DA:221,4
DA:223,2
DA:224,2
DA:226,2
DA:227,2
DA:228,2
DA:231,1
DA:232,1
DA:233,1
DA:234,1
DA:236,1
DA:237,1
DA:238,1
DA:239,1
DA:240,1
DA:248,0
DA:262,3
DA:263,3
DA:264,3
DA:266,2
DA:267,2
DA:268,2
DA:269,2
DA:270,2
DA:271,2
DA:273,2
DA:274,2
DA:275,2
DA:278,0
DA:279,0
DA:283,6
DA:284,6
DA:285,6
DA:287,2
DA:288,2
DA:289,2
DA:290,2
DA:292,2
DA:293,2
DA:294,2
DA:295,2
DA:297,2
DA:298,3
DA:300,2
DA:301,2
DA:303,2
DA:304,2
DA:305,2
DA:308,1
DA:309,1
DA:310,1
DA:311,1
DA:313,1
DA:315,1
DA:316,1
DA:318,1
DA:319,1
DA:320,1
DA:321,1
DA:322,1
DA:323,1
DA:326,1
BRF:0
BRH:0
LF:185
LH:149
end_of_record
SF:/Users/mailund/Code/block-flow/crates/block-macros/src/block.rs
FN:87,_RNCNCNCNvNtCsdLvHDPBmXbt_12block_macros5block10block_impls3_000B9_
FN:84,_RNCNCNvNtCsdLvHDPBmXbt_12block_macros5block10block_impls3_00B7_
FN:65,_RNCNvNtCsdLvHDPBmXbt_12block_macros5block10block_impl0B5_
FN:67,_RNCNvNtCsdLvHDPBmXbt_12block_macros5block10block_impls0_0B5_
FN:68,_RNCNvNtCsdLvHDPBmXbt_12block_macros5block10block_impls1_0B5_
FN:70,_RNCNvNtCsdLvHDPBmXbt_12block_macros5block10block_impls2_0B5_
FN:75,_RNCNvNtCsdLvHDPBmXbt_12block_macros5block10block_impls3_0B5_
FN:66,_RNCNvNtCsdLvHDPBmXbt_12block_macros5block10block_impls_0B5_
FN:5,_RNvNtCsdLvHDPBmXbt_12block_macros5block10block_impl
FN:5,_RNvNtCsgnFBjCxA3ek_12block_macros5block10block_impl
FN:87,_RNCNCNCNvNtCsgnFBjCxA3ek_12block_macros5block10block_impls3_000B9_
FN:84,_RNCNCNvNtCsgnFBjCxA3ek_12block_macros5block10block_impls3_00B7_
FN:65,_RNCNvNtCsgnFBjCxA3ek_12block_macros5block10block_impl0B5_
FN:67,_RNCNvNtCsgnFBjCxA3ek_12block_macros5block10block_impls0_0B5_
FN:68,_RNCNvNtCsgnFBjCxA3ek_12block_macros5block10block_impls1_0B5_
FN:70,_RNCNvNtCsgnFBjCxA3ek_12block_macros5block10block_impls2_0B5_
FN:75,_RNCNvNtCsgnFBjCxA3ek_12block_macros5block10block_impls3_0B5_
FN:66,_RNCNvNtCsgnFBjCxA3ek_12block_macros5block10block_impls_0B5_
FNDA:0,_RNCNCNCNvNtCsdLvHDPBmXbt_12block_macros5block10block_impls3_000B9_
FNDA:0,_RNCNCNvNtCsdLvHDPBmXbt_12block_macros5block10block_impls3_00B7_
FNDA:0,_RNCNvNtCsdLvHDPBmXbt_12block_macros5block10block_impl0B5_
FNDA:0,_RNCNvNtCsdLvHDPBmXbt_12block_macros5block10block_impls0_0B5_
FNDA:0,_RNCNvNtCsdLvHDPBmXbt_12block_macros5block10block_impls1_0B5_
FNDA:0,_RNCNvNtCsdLvHDPBmXbt_12block_macros5block10block_impls2_0B5_
FNDA:0,_RNCNvNtCsdLvHDPBmXbt_12block_macros5block10block_impls3_0B5_
FNDA:0,_RNCNvNtCsdLvHDPBmXbt_12block_macros5block10block_impls_0B5_
FNDA:0,_RNvNtCsdLvHDPBmXbt_12block_macros5block10block_impl
FNDA:61,_RNvNtCsgnFBjCxA3ek_12block_macros5block10block_impl
FNDA:0,_RNCNCNCNvNtCsgnFBjCxA3ek_12block_macros5block10block_impls3_000B9_
FNDA:0,_RNCNCNvNtCsgnFBjCxA3ek_12block_macros5block10block_impls3_00B7_
FNDA:61,_RNCNvNtCsgnFBjCxA3ek_12block_macros5block10block_impl0B5_
FNDA:61,_RNCNvNtCsgnFBjCxA3ek_12block_macros5block10block_impls0_0B5_
FNDA:61,_RNCNvNtCsgnFBjCxA3ek_12block_macros5block10block_impls1_0B5_
FNDA:54,_RNCNvNtCsgnFBjCxA3ek_12block_macros5block10block_impls2_0B5_
FNDA:48,_RNCNvNtCsgnFBjCxA3ek_12block_macros5block10block_impls3_0B5_
FNDA:61,_RNCNvNtCsgnFBjCxA3ek_12block_macros5block10block_impls_0B5_
FNF:9
FNH:7
DA:5,61
DA:6,61
DA:7,61
DA:9,61
DA:10,61
DA:11,61
DA:12,61
DA:13,61
DA:15,61
DA:17,61
DA:18,7
DA:19,7
DA:21,17
DA:22,10
DA:23,0
DA:25,10
DA:26,0
DA:28,10
DA:30,10
DA:31,3
DA:32,0
DA:33,0
DA:34,0
DA:35,0
DA:36,0
DA:37,0
DA:38,0
DA:39,0
DA:40,0
DA:43,3
DA:44,3
DA:45,3
DA:46,3
DA:48,0
DA:50,7
DA:51,7
DA:52,7
DA:53,7
DA:54,7
DA:55,7
DA:56,0
DA:58,0
DA:61,54
DA:63,61
DA:65,61
DA:66,61
DA:67,61
DA:68,61
DA:69,61
DA:70,61
DA:72,61
DA:74,61
DA:75,60
DA:76,48
DA:77,48
DA:78,0
DA:79,0
DA:80,0
DA:81,0
DA:82,0
DA:84,0
DA:85,0
DA:86,0
DA:87,0
DA:88,0
DA:89,0
DA:90,48
DA:92,60
DA:93,60
DA:94,60
DA:95,60
DA:96,60
DA:97,1
DA:98,1
DA:99,1
DA:101,61
DA:102,1
DA:110,60
DA:113,61
DA:128,61
DA:129,61
BRF:0
BRH:0
LF:89
LH:62
end_of_record
SF:/Users/mailund/Code/block-flow/crates/block-macros/src/contract_deps.rs
FN:107,_RNCNvNtCsdLvHDPBmXbt_12block_macros13contract_deps16is_contract_path0B5_
FN:19,_RNCNvNtCsdLvHDPBmXbt_12block_macros13contract_deps18contract_deps_impl0B5_
FN:57,_RNvNtCsdLvHDPBmXbt_12block_macros13contract_deps12emit_collect
FN:106,_RNvNtCsdLvHDPBmXbt_12block_macros13contract_deps16is_contract_path
FN:6,_RNvNtCsdLvHDPBmXbt_12block_macros13contract_deps18contract_deps_impl
FN:110,_RNvNtCsdLvHDPBmXbt_12block_macros13contract_deps19single_generic_type
FN:107,_RNCNvNtCsgnFBjCxA3ek_12block_macros13contract_deps16is_contract_path0B5_
FN:19,_RNCNvNtCsgnFBjCxA3ek_12block_macros13contract_deps18contract_deps_impl0B5_
FN:57,_RNvNtCsgnFBjCxA3ek_12block_macros13contract_deps12emit_collect
FN:106,_RNvNtCsgnFBjCxA3ek_12block_macros13contract_deps16is_contract_path
FN:6,_RNvNtCsgnFBjCxA3ek_12block_macros13contract_deps18contract_deps_impl
FN:110,_RNvNtCsgnFBjCxA3ek_12block_macros13contract_deps19single_generic_type
FNDA:0,_RNCNvNtCsdLvHDPBmXbt_12block_macros13contract_deps16is_contract_path0B5_
FNDA:0,_RNCNvNtCsdLvHDPBmXbt_12block_macros13contract_deps18contract_deps_impl0B5_
FNDA:0,_RNvNtCsdLvHDPBmXbt_12block_macros13contract_deps12emit_collect
FNDA:0,_RNvNtCsdLvHDPBmXbt_12block_macros13contract_deps16is_contract_path
FNDA:0,_RNvNtCsdLvHDPBmXbt_12block_macros13contract_deps18contract_deps_impl
FNDA:0,_RNvNtCsdLvHDPBmXbt_12block_macros13contract_deps19single_generic_type
FNDA:80,_RNCNvNtCsgnFBjCxA3ek_12block_macros13contract_deps16is_contract_path0B5_
FNDA:8,_RNCNvNtCsgnFBjCxA3ek_12block_macros13contract_deps18contract_deps_impl0B5_
FNDA:80,_RNvNtCsgnFBjCxA3ek_12block_macros13contract_deps12emit_collect
FNDA:80,_RNvNtCsgnFBjCxA3ek_12block_macros13contract_deps16is_contract_path
FNDA:123,_RNvNtCsgnFBjCxA3ek_12block_macros13contract_deps18contract_deps_impl
FNDA:12,_RNvNtCsgnFBjCxA3ek_12block_macros13contract_deps19single_generic_type
FNF:6
FNH:6
DA:6,123
DA:7,123
DA:8,123
DA:9,123
DA:10,123
DA:12,123
DA:13,123
DA:14,23
DA:15,23
DA:16,99
DA:17,76
DA:18,76
DA:19,76
DA:21,8
DA:22,68
DA:23,68
DA:24,68
DA:25,0
DA:27,68
DA:28,68
DA:30,23
DA:32,100
DA:35,0
DA:36,0
DA:37,0
DA:38,0
DA:39,0
DA:40,0
DA:44,123
DA:54,123
DA:55,123
DA:57,80
DA:58,80
DA:59,80
DA:60,80
DA:61,80
DA:62,80
DA:63,0
DA:66,80
DA:67,20
DA:70,60
DA:72,60
DA:73,4
DA:74,4
DA:75,0
DA:77,4
DA:78,4
DA:79,4
DA:84,56
DA:86,56
DA:87,8
DA:88,8
DA:89,0
DA:91,8
DA:92,8
DA:93,8
DA:98,48
DA:100,48
DA:102,0
DA:104,80
DA:106,80
DA:107,80
DA:108,80
DA:110,12
DA:111,12
DA:112,12
DA:113,12
DA:114,12
DA:115,0
DA:117,0
DA:119,12
BRF:0
BRH:0
LF:73
LH:60
end_of_record
SF:/Users/mailund/Code/block-flow/crates/block-macros/src/execute.rs
FN:16,_RNCNvNtCsdLvHDPBmXbt_12block_macros7execute12execute_impl0B5_
FN:266,_RNCNvNtCsdLvHDPBmXbt_12block_macros7execute15is_last_segment0B5_
FN:284,_RNvNtCsdLvHDPBmXbt_12block_macros7execute10is_intents
FN:8,_RNvNtCsdLvHDPBmXbt_12block_macros7execute12execute_impl
FN:289,_RNvNtCsdLvHDPBmXbt_12block_macros7execute12is_unit_type
FN:272,_RNvNtCsdLvHDPBmXbt_12block_macros7execute13is_ident_type
FN:260,_RNvNtCsdLvHDPBmXbt_12block_macros7execute15is_last_segment
FN:294,_RNvNtCsdLvHDPBmXbt_12block_macros7execute17option_inner_type
FN:280,_RNvNtCsdLvHDPBmXbt_12block_macros7execute8is_state
FN:276,_RNvNtCsdLvHDPBmXbt_12block_macros7execute9is_output
FN:255,_RNvNtCsdLvHDPBmXbt_12block_macros7execute9is_ref_to
FN:89,_RNvNvNtCsdLvHDPBmXbt_12block_macros7execute12execute_impl16adapt_value_expr
FN:16,_RNCNvNtCsgnFBjCxA3ek_12block_macros7execute12execute_impl0B5_
FN:266,_RNCNvNtCsgnFBjCxA3ek_12block_macros7execute15is_last_segment0B5_
FN:284,_RNvNtCsgnFBjCxA3ek_12block_macros7execute10is_intents
FN:8,_RNvNtCsgnFBjCxA3ek_12block_macros7execute12execute_impl
FN:289,_RNvNtCsgnFBjCxA3ek_12block_macros7execute12is_unit_type
FN:272,_RNvNtCsgnFBjCxA3ek_12block_macros7execute13is_ident_type
FN:260,_RNvNtCsgnFBjCxA3ek_12block_macros7execute15is_last_segment
FN:294,_RNvNtCsgnFBjCxA3ek_12block_macros7execute17option_inner_type
FN:280,_RNvNtCsgnFBjCxA3ek_12block_macros7execute8is_state
FN:276,_RNvNtCsgnFBjCxA3ek_12block_macros7execute9is_output
FN:255,_RNvNtCsgnFBjCxA3ek_12block_macros7execute9is_ref_to
FN:89,_RNvNvNtCsgnFBjCxA3ek_12block_macros7execute12execute_impl16adapt_value_expr
FNDA:0,_RNCNvNtCsdLvHDPBmXbt_12block_macros7execute12execute_impl0B5_
FNDA:0,_RNCNvNtCsdLvHDPBmXbt_12block_macros7execute15is_last_segment0B5_
FNDA:0,_RNvNtCsdLvHDPBmXbt_12block_macros7execute10is_intents
FNDA:0,_RNvNtCsdLvHDPBmXbt_12block_macros7execute12execute_impl
FNDA:0,_RNvNtCsdLvHDPBmXbt_12block_macros7execute12is_unit_type
FNDA:0,_RNvNtCsdLvHDPBmXbt_12block_macros7execute13is_ident_type
FNDA:0,_RNvNtCsdLvHDPBmXbt_12block_macros7execute15is_last_segment
FNDA:0,_RNvNtCsdLvHDPBmXbt_12block_macros7execute17option_inner_type
FNDA:0,_RNvNtCsdLvHDPBmXbt_12block_macros7execute8is_state
FNDA:0,_RNvNtCsdLvHDPBmXbt_12block_macros7execute9is_output
FNDA:0,_RNvNtCsdLvHDPBmXbt_12block_macros7execute9is_ref_to
FNDA:0,_RNvNvNtCsdLvHDPBmXbt_12block_macros7execute12execute_impl16adapt_value_expr
FNDA:61,_RNCNvNtCsgnFBjCxA3ek_12block_macros7execute12execute_impl0B5_
FNDA:186,_RNCNvNtCsgnFBjCxA3ek_12block_macros7execute15is_last_segment0B5_
FNDA:47,_RNvNtCsgnFBjCxA3ek_12block_macros7execute10is_intents
FNDA:61,_RNvNtCsgnFBjCxA3ek_12block_macros7execute12execute_impl
FNDA:102,_RNvNtCsgnFBjCxA3ek_12block_macros7execute12is_unit_type
FNDA:38,_RNvNtCsgnFBjCxA3ek_12block_macros7execute13is_ident_type
FNDA:262,_RNvNtCsgnFBjCxA3ek_12block_macros7execute15is_last_segment
FNDA:47,_RNvNtCsgnFBjCxA3ek_12block_macros7execute17option_inner_type
FNDA:57,_RNvNtCsgnFBjCxA3ek_12block_macros7execute8is_state
FNDA:76,_RNvNtCsgnFBjCxA3ek_12block_macros7execute9is_output
FNDA:69,_RNvNtCsgnFBjCxA3ek_12block_macros7execute9is_ref_to
FNDA:47,_RNvNvNtCsgnFBjCxA3ek_12block_macros7execute12execute_impl16adapt_value_expr
FNF:12
FNH:12
DA:8,61
DA:9,61
DA:12,61
DA:13,61
DA:16,61
DA:17,61
DA:18,0
DA:19,61
DA:20,61
DA:21,0
DA:22,0
DA:23,0
DA:24,0
DA:25,0
DA:26,0
DA:30,61
DA:31,61
DA:32,61
DA:34,117
DA:35,117
DA:36,56
DA:37,18
DA:38,38
DA:39,25
DA:40,25
DA:41,13
DA:42,13
DA:43,0
DA:44,0
DA:45,0
DA:46,0
DA:47,0
DA:48,0
DA:50,61
DA:54,61
DA:55,61
DA:58,61
DA:62,61
DA:63,61
DA:64,61
DA:67,61
DA:68,61
DA:69,61
DA:70,61
DA:71,61
DA:72,61
DA:73,61
DA:77,61
DA:85,61
DA:89,47
DA:90,47
DA:91,47
DA:92,47
DA:93,47
DA:96,47
DA:97,0
DA:98,0
DA:99,0
DA:100,0
DA:101,0
DA:102,0
DA:103,47
DA:106,47
DA:107,11
DA:108,11
DA:109,11
DA:110,11
DA:111,11
DA:112,11
DA:113,36
DA:114,4
DA:115,4
DA:116,4
DA:117,4
DA:118,4
DA:119,4
DA:120,32
DA:121,11
DA:122,11
DA:123,11
DA:124,11
DA:125,11
DA:126,11
DA:127,21
DA:128,21
DA:131,21
DA:132,6
DA:133,6
DA:134,6
DA:135,6
DA:136,6
DA:137,6
DA:138,6
DA:139,6
DA:140,6
DA:143,15
DA:144,4
DA:145,4
DA:146,4
DA:147,4
DA:148,4
DA:149,4
DA:150,4
DA:151,4
DA:152,4
DA:155,11
DA:156,4
DA:157,4
DA:158,4
DA:159,4
DA:160,4
DA:161,4
DA:162,4
DA:163,4
DA:164,4
DA:167,7
DA:168,7
DA:169,7
DA:170,7
DA:172,7
DA:173,7
DA:174,7
DA:175,7
DA:176,7
DA:177,7
DA:178,7
DA:179,7
DA:180,7
DA:181,7
DA:183,0
DA:184,0
DA:185,0
DA:186,0
DA:189,0
DA:190,0
DA:191,0
DA:192,0
DA:194,47
DA:197,61
DA:200,14
DA:206,47
DA:207,47
DA:210,47
DA:211,0
DA:217,47
DA:219,8
DA:220,0
DA:227,8
DA:228,8
DA:234,0
DA:239,39
DA:240,39
DA:243,0
DA:250,61
DA:252,61
DA:253,61
DA:255,69
DA:256,44
DA:257,69
DA:260,262
DA:261,262
DA:262,186
DA:263,186
DA:264,186
DA:265,186
DA:266,186
DA:267,186
DA:268,76
DA:270,262
DA:272,38
DA:273,38
DA:274,38
DA:276,76
DA:277,76
DA:278,76
DA:280,57
DA:281,57
DA:282,57
DA:284,47
DA:285,47
DA:286,47
DA:289,102
DA:290,42
DA:291,102
DA:294,47
DA:295,30
DA:296,17
DA:298,30
DA:299,30
DA:300,22
DA:301,8
DA:302,8
DA:304,0
DA:306,8
DA:307,0
DA:308,8
DA:309,8
DA:310,8
DA:311,0
DA:313,47
BRF:0
BRH:0
LF:202
LH:168
end_of_record
SF:/Users/mailund/Code/block-flow/crates/block-macros/src/input.rs
FN:73,_RNCNvNtCsdLvHDPBmXbt_12block_macros5input10input_impl0B5_
FN:80,_RNCNvNtCsdLvHDPBmXbt_12block_macros5input10input_impls0_0B5_
FN:86,_RNCNvNtCsdLvHDPBmXbt_12block_macros5input10input_impls1_0B5_
FN:92,_RNCNvNtCsdLvHDPBmXbt_12block_macros5input10input_impls2_0B5_
FN:75,_RNCNvNtCsdLvHDPBmXbt_12block_macros5input10input_impls_0B5_
FN:5,_RNvNtCsdLvHDPBmXbt_12block_macros5input10input_impl
FN:73,_RNCNvNtCsgnFBjCxA3ek_12block_macros5input10input_impl0B5_
FN:80,_RNCNvNtCsgnFBjCxA3ek_12block_macros5input10input_impls0_0B5_
FN:86,_RNCNvNtCsgnFBjCxA3ek_12block_macros5input10input_impls1_0B5_
FN:92,_RNCNvNtCsgnFBjCxA3ek_12block_macros5input10input_impls2_0B5_
FN:75,_RNCNvNtCsgnFBjCxA3ek_12block_macros5input10input_impls_0B5_
FN:5,_RNvNtCsgnFBjCxA3ek_12block_macros5input10input_impl
FNDA:0,_RNCNvNtCsdLvHDPBmXbt_12block_macros5input10input_impl0B5_
FNDA:0,_RNCNvNtCsdLvHDPBmXbt_12block_macros5input10input_impls0_0B5_
FNDA:0,_RNCNvNtCsdLvHDPBmXbt_12block_macros5input10input_impls1_0B5_
FNDA:0,_RNCNvNtCsdLvHDPBmXbt_12block_macros5input10input_impls2_0B5_
FNDA:0,_RNCNvNtCsdLvHDPBmXbt_12block_macros5input10input_impls_0B5_
FNDA:0,_RNvNtCsdLvHDPBmXbt_12block_macros5input10input_impl
FNDA:8,_RNCNvNtCsgnFBjCxA3ek_12block_macros5input10input_impl0B5_
FNDA:8,_RNCNvNtCsgnFBjCxA3ek_12block_macros5input10input_impls0_0B5_
FNDA:8,_RNCNvNtCsgnFBjCxA3ek_12block_macros5input10input_impls1_0B5_
FNDA:8,_RNCNvNtCsgnFBjCxA3ek_12block_macros5input10input_impls2_0B5_
FNDA:8,_RNCNvNtCsgnFBjCxA3ek_12block_macros5input10input_impls_0B5_
FNDA:61,_RNvNtCsgnFBjCxA3ek_12block_macros5input10input_impl
FNF:6
FNH:6
DA:5,61
DA:6,61
DA:7,61
DA:9,61
DA:10,61
DA:11,61
DA:13,61
DA:14,61
DA:15,61
DA:18,61
DA:19,61
DA:20,8
DA:21,53
DA:22,0
DA:24,0
DA:28,61
DA:29,53
DA:68,53
DA:69,8
DA:72,8
DA:73,8
DA:75,8
DA:76,8
DA:77,8
DA:78,8
DA:80,8
DA:81,8
DA:82,8
DA:83,8
DA:84,8
DA:86,8
DA:87,8
DA:88,8
DA:89,8
DA:90,8
DA:92,8
DA:93,8
DA:94,8
DA:95,8
DA:97,8
DA:143,8
DA:144,61
BRF:0
BRH:0
LF:47
LH:45
end_of_record
SF:/Users/mailund/Code/block-flow/crates/block-macros/src/lib.rs
FN:45,_RNvCsdLvHDPBmXbt_12block_macros11init_params
FN:58,_RNvCsdLvHDPBmXbt_12block_macros13make_defaults
FN:40,_RNvCsdLvHDPBmXbt_12block_macros20contract_deps_derive
FN:31,_RNvCsdLvHDPBmXbt_12block_macros5block
FN:11,_RNvCsdLvHDPBmXbt_12block_macros5input
FN:21,_RNvCsdLvHDPBmXbt_12block_macros5state
FN:16,_RNvCsdLvHDPBmXbt_12block_macros6output
FN:66,_RNvCsdLvHDPBmXbt_12block_macros7execute
FN:45,_RNvCsgnFBjCxA3ek_12block_macros11init_params
FN:58,_RNvCsgnFBjCxA3ek_12block_macros13make_defaults
FN:40,_RNvCsgnFBjCxA3ek_12block_macros20contract_deps_derive
FN:31,_RNvCsgnFBjCxA3ek_12block_macros5block
FN:11,_RNvCsgnFBjCxA3ek_12block_macros5input
FN:21,_RNvCsgnFBjCxA3ek_12block_macros5state
FN:16,_RNvCsgnFBjCxA3ek_12block_macros6output
FN:66,_RNvCsgnFBjCxA3ek_12block_macros7execute
FNDA:0,_RNvCsdLvHDPBmXbt_12block_macros11init_params
FNDA:0,_RNvCsdLvHDPBmXbt_12block_macros13make_defaults
FNDA:0,_RNvCsdLvHDPBmXbt_12block_macros20contract_deps_derive
FNDA:0,_RNvCsdLvHDPBmXbt_12block_macros5block
FNDA:0,_RNvCsdLvHDPBmXbt_12block_macros5input
FNDA:0,_RNvCsdLvHDPBmXbt_12block_macros5state
FNDA:0,_RNvCsdLvHDPBmXbt_12block_macros6output
FNDA:0,_RNvCsdLvHDPBmXbt_12block_macros7execute
FNDA:63,_RNvCsgnFBjCxA3ek_12block_macros11init_params
FNDA:61,_RNvCsgnFBjCxA3ek_12block_macros13make_defaults
FNDA:123,_RNvCsgnFBjCxA3ek_12block_macros20contract_deps_derive
FNDA:61,_RNvCsgnFBjCxA3ek_12block_macros5block
FNDA:61,_RNvCsgnFBjCxA3ek_12block_macros5input
FNDA:62,_RNvCsgnFBjCxA3ek_12block_macros5state
FNDA:61,_RNvCsgnFBjCxA3ek_12block_macros6output
FNDA:61,_RNvCsgnFBjCxA3ek_12block_macros7execute
FNF:8
FNH:8
DA:11,61
DA:12,61
DA:13,61
DA:16,61
DA:17,61
DA:18,61
DA:21,62
DA:22,62
DA:23,62
DA:27,62
DA:28,62
DA:31,61
DA:32,61
DA:33,61
DA:40,123
DA:41,123
DA:42,123
DA:45,63
DA:46,63
DA:47,63
DA:52,63
DA:53,63
DA:58,61
DA:59,61
DA:60,61
DA:66,61
DA:67,61
DA:68,61
BRF:0
BRH:0
LF:28
LH:28
end_of_record
SF:/Users/mailund/Code/block-flow/crates/block-macros/src/make_defaults.rs
FN:109,_RNCNvMNtCsdLvHDPBmXbt_12block_macros13make_defaultsNtB4_4Spec12default_name0B6_
FN:46,_RNCNvNtCsdLvHDPBmXbt_12block_macros13make_defaults18make_defaults_impl0B5_
FN:52,_RNCNvNtCsdLvHDPBmXbt_12block_macros13make_defaults18make_defaults_impls0_0B5_
FN:55,_RNCNvNtCsdLvHDPBmXbt_12block_macros13make_defaults18make_defaults_impls1_0B5_
FN:49,_RNCNvNtCsdLvHDPBmXbt_12block_macros13make_defaults18make_defaults_impls_0B5_
FN:86,_RNCNvNtCsdLvHDPBmXbt_12block_macros13make_defaults8set_once0B5_
FN:107,_RNvMNtCsdLvHDPBmXbt_12block_macros13make_defaultsNtB2_4Spec12default_name
FN:65,_RNvNtCsdLvHDPBmXbt_12block_macros13make_defaults10gen_struct
FN:89,_RNvNtCsdLvHDPBmXbt_12block_macros13make_defaults17default_ident_for
FN:10,_RNvNtCsdLvHDPBmXbt_12block_macros13make_defaults18make_defaults_impl
FN:80,_RNvNtCsdLvHDPBmXbt_12block_macros13make_defaults8set_once
FN:139,_RNvXs0_NtCsdLvHDPBmXbt_12block_macros13make_defaultsNtB5_8SpecItemNtNtCsgEZGNehO46h_3syn5parse5Parse5parse
FN:125,_RNvXs_NtCsdLvHDPBmXbt_12block_macros13make_defaultsNtB4_4SpecNtNtCsgEZGNehO46h_3syn5parse5Parse5parse
FN:109,_RNCNvMNtCsgnFBjCxA3ek_12block_macros13make_defaultsNtB4_4Spec12default_name0B6_
FN:46,_RNCNvNtCsgnFBjCxA3ek_12block_macros13make_defaults18make_defaults_impl0B5_
FN:52,_RNCNvNtCsgnFBjCxA3ek_12block_macros13make_defaults18make_defaults_impls0_0B5_
FN:55,_RNCNvNtCsgnFBjCxA3ek_12block_macros13make_defaults18make_defaults_impls1_0B5_
FN:49,_RNCNvNtCsgnFBjCxA3ek_12block_macros13make_defaults18make_defaults_impls_0B5_
FN:86,_RNCNvNtCsgnFBjCxA3ek_12block_macros13make_defaults8set_once0B5_
FN:107,_RNvMNtCsgnFBjCxA3ek_12block_macros13make_defaultsNtB2_4Spec12default_name
FN:65,_RNvNtCsgnFBjCxA3ek_12block_macros13make_defaults10gen_struct
FN:89,_RNvNtCsgnFBjCxA3ek_12block_macros13make_defaults17default_ident_for
FN:10,_RNvNtCsgnFBjCxA3ek_12block_macros13make_defaults18make_defaults_impl
FN:80,_RNvNtCsgnFBjCxA3ek_12block_macros13make_defaults8set_once
FN:139,_RNvXs0_NtCsgnFBjCxA3ek_12block_macros13make_defaultsNtB5_8SpecItemNtNtCsgEZGNehO46h_3syn5parse5Parse5parse
FN:125,_RNvXs_NtCsgnFBjCxA3ek_12block_macros13make_defaultsNtB4_4SpecNtNtCsgEZGNehO46h_3syn5parse5Parse5parse
FNDA:0,_RNCNvMNtCsdLvHDPBmXbt_12block_macros13make_defaultsNtB4_4Spec12default_name0B6_
FNDA:0,_RNCNvNtCsdLvHDPBmXbt_12block_macros13make_defaults18make_defaults_impl0B5_
FNDA:0,_RNCNvNtCsdLvHDPBmXbt_12block_macros13make_defaults18make_defaults_impls0_0B5_
FNDA:0,_RNCNvNtCsdLvHDPBmXbt_12block_macros13make_defaults18make_defaults_impls1_0B5_
FNDA:0,_RNCNvNtCsdLvHDPBmXbt_12block_macros13make_defaults18make_defaults_impls_0B5_
FNDA:0,_RNCNvNtCsdLvHDPBmXbt_12block_macros13make_defaults8set_once0B5_
FNDA:0,_RNvMNtCsdLvHDPBmXbt_12block_macros13make_defaultsNtB2_4Spec12default_name
FNDA:0,_RNvNtCsdLvHDPBmXbt_12block_macros13make_defaults10gen_struct
FNDA:0,_RNvNtCsdLvHDPBmXbt_12block_macros13make_defaults17default_ident_for
FNDA:0,_RNvNtCsdLvHDPBmXbt_12block_macros13make_defaults18make_defaults_impl
FNDA:0,_RNvNtCsdLvHDPBmXbt_12block_macros13make_defaults8set_once
FNDA:0,_RNvXs0_NtCsdLvHDPBmXbt_12block_macros13make_defaultsNtB5_8SpecItemNtNtCsgEZGNehO46h_3syn5parse5Parse5parse
FNDA:0,_RNvXs_NtCsdLvHDPBmXbt_12block_macros13make_defaultsNtB4_4SpecNtNtCsgEZGNehO46h_3syn5parse5Parse5parse
FNDA:43,_RNCNvMNtCsgnFBjCxA3ek_12block_macros13make_defaultsNtB4_4Spec12default_name0B6_
FNDA:8,_RNCNvNtCsgnFBjCxA3ek_12block_macros13make_defaults18make_defaults_impl0B5_
FNDA:9,_RNCNvNtCsgnFBjCxA3ek_12block_macros13make_defaults18make_defaults_impls0_0B5_
FNDA:0,_RNCNvNtCsgnFBjCxA3ek_12block_macros13make_defaults18make_defaults_impls1_0B5_
FNDA:4,_RNCNvNtCsgnFBjCxA3ek_12block_macros13make_defaults18make_defaults_impls_0B5_
FNDA:223,_RNCNvNtCsgnFBjCxA3ek_12block_macros13make_defaults8set_once0B5_
FNDA:21,_RNvMNtCsgnFBjCxA3ek_12block_macros13make_defaultsNtB2_4Spec12default_name
FNDA:223,_RNvNtCsgnFBjCxA3ek_12block_macros13make_defaults10gen_struct
FNDA:223,_RNvNtCsgnFBjCxA3ek_12block_macros13make_defaults17default_ident_for
FNDA:61,_RNvNtCsgnFBjCxA3ek_12block_macros13make_defaults18make_defaults_impl
FNDA:223,_RNvNtCsgnFBjCxA3ek_12block_macros13make_defaults8set_once
FNDA:223,_RNvXs0_NtCsgnFBjCxA3ek_12block_macros13make_defaultsNtB5_8SpecItemNtNtCsgEZGNehO46h_3syn5parse5Parse5parse
FNDA:61,_RNvXs_NtCsgnFBjCxA3ek_12block_macros13make_defaultsNtB4_4SpecNtNtCsgEZGNehO46h_3syn5parse5Parse5parse
FNF:13
FNH:12
DA:10,61
DA:11,61
DA:14,61
DA:15,61
DA:16,61
DA:17,61
DA:19,284
DA:20,223
DA:21,223
DA:22,170
DA:23,113
DA:24,61
DA:25,0
DA:26,0
DA:27,0
DA:28,0
DA:29,0
DA:30,0
DA:31,0
DA:32,0
DA:33,0
DA:39,61
DA:40,61
DA:41,61
DA:42,61
DA:44,61
DA:46,61
DA:47,53
DA:48,53
DA:49,61
DA:50,57
DA:51,57
DA:52,61
DA:53,52
DA:54,52
DA:55,61
DA:56,61
DA:57,61
DA:59,61
DA:60,61
DA:65,223
DA:66,223
DA:67,223
DA:77,223
DA:80,223
DA:81,223
DA:84,0
DA:85,223
DA:86,223
DA:87,223
DA:89,223
DA:90,223
DA:91,223
DA:92,170
DA:93,113
DA:94,61
DA:95,0
DA:97,223
DA:107,21
DA:109,43
DA:110,21
DA:111,21
DA:112,0
DA:115,0
DA:116,21
DA:125,61
DA:126,61
DA:127,0
DA:128,61
DA:130,61
DA:132,61
DA:133,61
DA:134,61
DA:135,61
DA:139,223
DA:140,223
DA:141,223
DA:142,0
DA:143,0
DA:145,223
DA:148,223
DA:149,223
BRF:0
BRH:0
LF:88
LH:71
end_of_record
SF:/Users/mailund/Code/block-flow/crates/block-macros/src/output.rs
FN:76,_RNCNvNtCsdLvHDPBmXbt_12block_macros6output11output_impl0B5_
FN:83,_RNCNvNtCsdLvHDPBmXbt_12block_macros6output11output_impls0_0B5_
FN:89,_RNCNvNtCsdLvHDPBmXbt_12block_macros6output11output_impls1_0B5_
FN:95,_RNCNvNtCsdLvHDPBmXbt_12block_macros6output11output_impls2_0B5_
FN:100,_RNCNvNtCsdLvHDPBmXbt_12block_macros6output11output_impls3_0B5_
FN:78,_RNCNvNtCsdLvHDPBmXbt_12block_macros6output11output_impls_0B5_
FN:5,_RNvNtCsdLvHDPBmXbt_12block_macros6output11output_impl
FN:76,_RNCNvNtCsgnFBjCxA3ek_12block_macros6output11output_impl0B5_
FN:83,_RNCNvNtCsgnFBjCxA3ek_12block_macros6output11output_impls0_0B5_
FN:89,_RNCNvNtCsgnFBjCxA3ek_12block_macros6output11output_impls1_0B5_
FN:95,_RNCNvNtCsgnFBjCxA3ek_12block_macros6output11output_impls2_0B5_
FN:100,_RNCNvNtCsgnFBjCxA3ek_12block_macros6output11output_impls3_0B5_
FN:78,_RNCNvNtCsgnFBjCxA3ek_12block_macros6output11output_impls_0B5_
FN:5,_RNvNtCsgnFBjCxA3ek_12block_macros6output11output_impl
FNDA:0,_RNCNvNtCsdLvHDPBmXbt_12block_macros6output11output_impl0B5_
FNDA:0,_RNCNvNtCsdLvHDPBmXbt_12block_macros6output11output_impls0_0B5_
FNDA:0,_RNCNvNtCsdLvHDPBmXbt_12block_macros6output11output_impls1_0B5_
FNDA:0,_RNCNvNtCsdLvHDPBmXbt_12block_macros6output11output_impls2_0B5_
FNDA:0,_RNCNvNtCsdLvHDPBmXbt_12block_macros6output11output_impls3_0B5_
FNDA:0,_RNCNvNtCsdLvHDPBmXbt_12block_macros6output11output_impls_0B5_
FNDA:0,_RNvNtCsdLvHDPBmXbt_12block_macros6output11output_impl
FNDA:4,_RNCNvNtCsgnFBjCxA3ek_12block_macros6output11output_impl0B5_
FNDA:4,_RNCNvNtCsgnFBjCxA3ek_12block_macros6output11output_impls0_0B5_
FNDA:4,_RNCNvNtCsgnFBjCxA3ek_12block_macros6output11output_impls1_0B5_
FNDA:4,_RNCNvNtCsgnFBjCxA3ek_12block_macros6output11output_impls2_0B5_
FNDA:4,_RNCNvNtCsgnFBjCxA3ek_12block_macros6output11output_impls3_0B5_
FNDA:4,_RNCNvNtCsgnFBjCxA3ek_12block_macros6output11output_impls_0B5_
FNDA:61,_RNvNtCsgnFBjCxA3ek_12block_macros6output11output_impl
FNF:7
FNH:7
DA:5,61
DA:6,61
DA:7,61
DA:9,61
DA:10,61
DA:11,61
DA:13,61
DA:14,61
DA:15,61
DA:18,61
DA:19,61
DA:20,4
DA:21,57
DA:22,0
DA:24,0
DA:28,61
DA:29,57
DA:71,57
DA:72,4
DA:75,4
DA:76,4
DA:78,4
DA:79,4
DA:80,4
DA:81,4
DA:83,4
DA:84,4
DA:85,4
DA:86,4
DA:87,4
DA:89,4
DA:90,4
DA:91,4
DA:92,4
DA:93,4
DA:95,4
DA:96,4
DA:97,4
DA:98,4
DA:100,4
DA:101,4
DA:103,4
DA:152,4
DA:153,61
BRF:0
BRH:0
LF:50
LH:48
end_of_record
SF:/Users/mailund/Code/block-flow/crates/block-traits/src/associated_types.rs
FN:115,_RNvYpNtNtCsbnRBzbLfv5T_12block_traits16associated_types12ContractDeps13contract_depsB7_
FNDA:0,_RNvYpNtNtCsbnRBzbLfv5T_12block_traits16associated_types12ContractDeps13contract_depsB7_
FNF:1
FNH:0
DA:115,0
DA:116,0
DA:117,0
BRF:0
BRH:0
LF:3
LH:0
end_of_record
SF:/Users/mailund/Code/block-flow/crates/block-traits/src/block_spec.rs
FN:114,_RNvXININtCsbnRBzbLfv5T_12block_traits10block_spec0pEpNtNtB7_16associated_types12ContractDeps13contract_depsB7_
FNDA:0,_RNvXININtCsbnRBzbLfv5T_12block_traits10block_spec0pEpNtNtB7_16associated_types12ContractDeps13contract_depsB7_
FNF:1
FNH:0
DA:114,0
DA:115,0
DA:116,0
BRF:0
BRH:0
LF:3
LH:0
end_of_record
SF:/Users/mailund/Code/block-flow/crates/block-traits/src/block_weave.rs
FN:117,_RNCNvXNtNtCsbnRBzbLfv5T_12block_traits11block_weave5testsNtB4_13MultiplyBlockNtNtB8_10block_spec9BlockSpec7execute0B8_
FN:124,_RNvNtNtCsbnRBzbLfv5T_12block_traits11block_weave5tests7keys_in
FN:131,_RNvNtNtCsbnRBzbLfv5T_12block_traits11block_weave5tests8keys_out
FN:181,_RNvNtNtCsbnRBzbLfv5T_12block_traits11block_weave5testss_31deserialize_invalid_json_errors
FN:138,_RNvNtNtCsbnRBzbLfv5T_12block_traits11block_weave5testss_35package_new_smoke_and_channel_lists
FN:190,_RNvNtNtCsbnRBzbLfv5T_12block_traits11block_weave5testss_49weave_returns_error_when_input_channel_is_missing
FN:151,_RNvNtNtCsbnRBzbLfv5T_12block_traits11block_weave5testss_56weave_node_channel_lists_are_correct_for_arbitrary_names
FN:163,_RNvNtNtCsbnRBzbLfv5T_12block_traits11block_weave5testss_62serialize_deserialize_roundtrip_preserves_init_params_and_keys
FN:112,_RNvXNtNtCsbnRBzbLfv5T_12block_traits11block_weave5testsNtB2_13MultiplyBlockNtNtB6_10block_spec9BlockSpec10init_state
FN:105,_RNvXNtNtCsbnRBzbLfv5T_12block_traits11block_weave5testsNtB2_13MultiplyBlockNtNtB6_10block_spec9BlockSpec20new_from_init_params
FN:101,_RNvXNtNtCsbnRBzbLfv5T_12block_traits11block_weave5testsNtB2_13MultiplyBlockNtNtB6_10block_spec9BlockSpec8block_id
FN:79,_RNvXs6_NtNtCsbnRBzbLfv5T_12block_traits11block_weave5testsNtB5_9InputKeysINtNtCsgFl9GrjVdhr_8channels12channel_keys9InputKeysNtB5_5InputE6reader
FN:84,_RNvXsg_NtNtCsbnRBzbLfv5T_12block_traits11block_weave5testsNtB5_10OutputKeysINtNtCsgFl9GrjVdhr_8channels12channel_keys10OutputKeysNtB5_6OutputE6writer
FN:84,_RNvXsg_NtNtCsbnRBzbLfv5T_12block_traits11block_weave5testsNtB5_10OutputKeysINtNtCsgFl9GrjVdhr_8channels12channel_keys10OutputKeysNtB5_6OutputE8register
FN:53,_RINvNtCsbnRBzbLfv5T_12block_traits11block_weave15serialize_blockNtNtB2_5tests13MultiplyBlockNtNtCslJdvRwz2tKc_13serialization7structs20JsonStructSerializerEB4_
FN:60,_RINvNtCsbnRBzbLfv5T_12block_traits11block_weave17deserialize_blockNtNtB2_5tests13MultiplyBlockNtNtCslJdvRwz2tKc_13serialization7structs20JsonStructSerializerEB4_
FN:18,_RNvMNtCsbnRBzbLfv5T_12block_traits11block_weaveINtB2_25BlockSerializationPackageNtNtB2_5tests13MultiplyBlockE3newB4_
FN:32,_RNvXs_NtCsbnRBzbLfv5T_12block_traits11block_weaveINtB4_25BlockSerializationPackageNtNtB4_5tests13MultiplyBlockEINtCs2rQ39zuOMxn_5weave9WeaveNodeNtB6_5BlockE14input_channelsB6_
FN:35,_RNvXs_NtCsbnRBzbLfv5T_12block_traits11block_weaveINtB4_25BlockSerializationPackageNtNtB4_5tests13MultiplyBlockEINtCs2rQ39zuOMxn_5weave9WeaveNodeNtB6_5BlockE15output_channelsB6_
FN:39,_RNvXs_NtCsbnRBzbLfv5T_12block_traits11block_weaveINtB4_25BlockSerializationPackageNtNtB4_5tests13MultiplyBlockEINtCs2rQ39zuOMxn_5weave9WeaveNodeNtB6_5BlockE5weaveB6_
FN:32,_RNvXs_NtCs6KBpAEkBOfL_12block_traits11block_weaveINtB4_25BlockSerializationPackageNtNtCs5XaLe4nUHL0_6blocks12simple_order16SimpleOrderBlockEINtCs2rQ39zuOMxn_5weave9WeaveNodeNtB6_5BlockE14input_channelsB1m_
FN:35,_RNvXs_NtCs6KBpAEkBOfL_12block_traits11block_weaveINtB4_25BlockSerializationPackageNtNtCs5XaLe4nUHL0_6blocks12simple_order16SimpleOrderBlockEINtCs2rQ39zuOMxn_5weave9WeaveNodeNtB6_5BlockE15output_channelsB1m_
FN:39,_RNvXs_NtCs6KBpAEkBOfL_12block_traits11block_weaveINtB4_25BlockSerializationPackageNtNtCs5XaLe4nUHL0_6blocks12simple_order16SimpleOrderBlockEINtCs2rQ39zuOMxn_5weave9WeaveNodeNtB6_5BlockE5weaveB1m_
FN:32,_RNvXs_NtCs6KBpAEkBOfL_12block_traits11block_weaveINtB4_25BlockSerializationPackageNtNtCs5XaLe4nUHL0_6blocks5after10AfterBlockEINtCs2rQ39zuOMxn_5weave9WeaveNodeNtB6_5BlockE14input_channelsB1m_
FN:35,_RNvXs_NtCs6KBpAEkBOfL_12block_traits11block_weaveINtB4_25BlockSerializationPackageNtNtCs5XaLe4nUHL0_6blocks5after10AfterBlockEINtCs2rQ39zuOMxn_5weave9WeaveNodeNtB6_5BlockE15output_channelsB1m_
FN:39,_RNvXs_NtCs6KBpAEkBOfL_12block_traits11block_weaveINtB4_25BlockSerializationPackageNtNtCs5XaLe4nUHL0_6blocks5after10AfterBlockEINtCs2rQ39zuOMxn_5weave9WeaveNodeNtB6_5BlockE5weaveB1m_
FN:32,_RNvXs_NtCs6KBpAEkBOfL_12block_traits11block_weaveINtB4_25BlockSerializationPackageNtNtCs5XaLe4nUHL0_6blocks6delete11DeleteBlockEINtCs2rQ39zuOMxn_5weave9WeaveNodeNtB6_5BlockE14input_channelsB1m_
FN:35,_RNvXs_NtCs6KBpAEkBOfL_12block_traits11block_weaveINtB4_25BlockSerializationPackageNtNtCs5XaLe4nUHL0_6blocks6delete11DeleteBlockEINtCs2rQ39zuOMxn_5weave9WeaveNodeNtB6_5BlockE15output_channelsB1m_
FN:39,_RNvXs_NtCs6KBpAEkBOfL_12block_traits11block_weaveINtB4_25BlockSerializationPackageNtNtCs5XaLe4nUHL0_6blocks6delete11DeleteBlockEINtCs2rQ39zuOMxn_5weave9WeaveNodeNtB6_5BlockE5weaveB1m_
FN:32,_RNvXs_NtCs6KBpAEkBOfL_12block_traits11block_weaveINtB4_25BlockSerializationPackageNtNtCs1y2iVuyooEo_6blocks12simple_order16SimpleOrderBlockEINtCs2rQ39zuOMxn_5weave9WeaveNodeNtB6_5BlockE14input_channelsB1m_
FN:35,_RNvXs_NtCs6KBpAEkBOfL_12block_traits11block_weaveINtB4_25BlockSerializationPackageNtNtCs1y2iVuyooEo_6blocks12simple_order16SimpleOrderBlockEINtCs2rQ39zuOMxn_5weave9WeaveNodeNtB6_5BlockE15output_channelsB1m_
FN:39,_RNvXs_NtCs6KBpAEkBOfL_12block_traits11block_weaveINtB4_25BlockSerializationPackageNtNtCs1y2iVuyooEo_6blocks12simple_order16SimpleOrderBlockEINtCs2rQ39zuOMxn_5weave9WeaveNodeNtB6_5BlockE5weaveB1m_
FN:32,_RNvXs_NtCs6KBpAEkBOfL_12block_traits11block_weaveINtB4_25BlockSerializationPackageNtNtCs1y2iVuyooEo_6blocks5after10AfterBlockEINtCs2rQ39zuOMxn_5weave9WeaveNodeNtB6_5BlockE14input_channelsB1m_
FN:35,_RNvXs_NtCs6KBpAEkBOfL_12block_traits11block_weaveINtB4_25BlockSerializationPackageNtNtCs1y2iVuyooEo_6blocks5after10AfterBlockEINtCs2rQ39zuOMxn_5weave9WeaveNodeNtB6_5BlockE15output_channelsB1m_
FN:39,_RNvXs_NtCs6KBpAEkBOfL_12block_traits11block_weaveINtB4_25BlockSerializationPackageNtNtCs1y2iVuyooEo_6blocks5after10AfterBlockEINtCs2rQ39zuOMxn_5weave9WeaveNodeNtB6_5BlockE5weaveB1m_
FN:32,_RNvXs_NtCs6KBpAEkBOfL_12block_traits11block_weaveINtB4_25BlockSerializationPackageNtNtCs1y2iVuyooEo_6blocks6delete11DeleteBlockEINtCs2rQ39zuOMxn_5weave9WeaveNodeNtB6_5BlockE14input_channelsB1m_
FN:35,_RNvXs_NtCs6KBpAEkBOfL_12block_traits11block_weaveINtB4_25BlockSerializationPackageNtNtCs1y2iVuyooEo_6blocks6delete11DeleteBlockEINtCs2rQ39zuOMxn_5weave9WeaveNodeNtB6_5BlockE15output_channelsB1m_
FN:39,_RNvXs_NtCs6KBpAEkBOfL_12block_traits11block_weaveINtB4_25BlockSerializationPackageNtNtCs1y2iVuyooEo_6blocks6delete11DeleteBlockEINtCs2rQ39zuOMxn_5weave9WeaveNodeNtB6_5BlockE5weaveB1m_
FNDA:0,_RNCNvXNtNtCsbnRBzbLfv5T_12block_traits11block_weave5testsNtB4_13MultiplyBlockNtNtB8_10block_spec9BlockSpec7execute0B8_
FNDA:4,_RNvNtNtCsbnRBzbLfv5T_12block_traits11block_weave5tests7keys_in
FNDA:4,_RNvNtNtCsbnRBzbLfv5T_12block_traits11block_weave5tests8keys_out
FNDA:1,_RNvNtNtCsbnRBzbLfv5T_12block_traits11block_weave5testss_31deserialize_invalid_json_errors
FNDA:1,_RNvNtNtCsbnRBzbLfv5T_12block_traits11block_weave5testss_35package_new_smoke_and_channel_lists
FNDA:1,_RNvNtNtCsbnRBzbLfv5T_12block_traits11block_weave5testss_49weave_returns_error_when_input_channel_is_missing
FNDA:1,_RNvNtNtCsbnRBzbLfv5T_12block_traits11block_weave5testss_56weave_node_channel_lists_are_correct_for_arbitrary_names
FNDA:1,_RNvNtNtCsbnRBzbLfv5T_12block_traits11block_weave5testss_62serialize_deserialize_roundtrip_preserves_init_params_and_keys
FNDA:0,_RNvXNtNtCsbnRBzbLfv5T_12block_traits11block_weave5testsNtB2_13MultiplyBlockNtNtB6_10block_spec9BlockSpec10init_state
FNDA:1,_RNvXNtNtCsbnRBzbLfv5T_12block_traits11block_weave5testsNtB2_13MultiplyBlockNtNtB6_10block_spec9BlockSpec20new_from_init_params
FNDA:0,_RNvXNtNtCsbnRBzbLfv5T_12block_traits11block_weave5testsNtB2_13MultiplyBlockNtNtB6_10block_spec9BlockSpec8block_id
FNDA:1,_RNvXs6_NtNtCsbnRBzbLfv5T_12block_traits11block_weave5testsNtB5_9InputKeysINtNtCsgFl9GrjVdhr_8channels12channel_keys9InputKeysNtB5_5InputE6reader
FNDA:0,_RNvXsg_NtNtCsbnRBzbLfv5T_12block_traits11block_weave5testsNtB5_10OutputKeysINtNtCsgFl9GrjVdhr_8channels12channel_keys10OutputKeysNtB5_6OutputE6writer
FNDA:0,_RNvXsg_NtNtCsbnRBzbLfv5T_12block_traits11block_weave5testsNtB5_10OutputKeysINtNtCsgFl9GrjVdhr_8channels12channel_keys10OutputKeysNtB5_6OutputE8register
FNDA:1,_RINvNtCsbnRBzbLfv5T_12block_traits11block_weave15serialize_blockNtNtB2_5tests13MultiplyBlockNtNtCslJdvRwz2tKc_13serialization7structs20JsonStructSerializerEB4_
FNDA:2,_RINvNtCsbnRBzbLfv5T_12block_traits11block_weave17deserialize_blockNtNtB2_5tests13MultiplyBlockNtNtCslJdvRwz2tKc_13serialization7structs20JsonStructSerializerEB4_
FNDA:4,_RNvMNtCsbnRBzbLfv5T_12block_traits11block_weaveINtB2_25BlockSerializationPackageNtNtB2_5tests13MultiplyBlockE3newB4_
FNDA:3,_RNvXs_NtCsbnRBzbLfv5T_12block_traits11block_weaveINtB4_25BlockSerializationPackageNtNtB4_5tests13MultiplyBlockEINtCs2rQ39zuOMxn_5weave9WeaveNodeNtB6_5BlockE14input_channelsB6_
FNDA:3,_RNvXs_NtCsbnRBzbLfv5T_12block_traits11block_weaveINtB4_25BlockSerializationPackageNtNtB4_5tests13MultiplyBlockEINtCs2rQ39zuOMxn_5weave9WeaveNodeNtB6_5BlockE15output_channelsB6_
FNDA:1,_RNvXs_NtCsbnRBzbLfv5T_12block_traits11block_weaveINtB4_25BlockSerializationPackageNtNtB4_5tests13MultiplyBlockEINtCs2rQ39zuOMxn_5weave9WeaveNodeNtB6_5BlockE5weaveB6_
FNDA:0,_RNvXs_NtCs6KBpAEkBOfL_12block_traits11block_weaveINtB4_25BlockSerializationPackageNtNtCs5XaLe4nUHL0_6blocks12simple_order16SimpleOrderBlockEINtCs2rQ39zuOMxn_5weave9WeaveNodeNtB6_5BlockE14input_channelsB1m_
FNDA:0,_RNvXs_NtCs6KBpAEkBOfL_12block_traits11block_weaveINtB4_25BlockSerializationPackageNtNtCs5XaLe4nUHL0_6blocks12simple_order16SimpleOrderBlockEINtCs2rQ39zuOMxn_5weave9WeaveNodeNtB6_5BlockE15output_channelsB1m_
FNDA:0,_RNvXs_NtCs6KBpAEkBOfL_12block_traits11block_weaveINtB4_25BlockSerializationPackageNtNtCs5XaLe4nUHL0_6blocks12simple_order16SimpleOrderBlockEINtCs2rQ39zuOMxn_5weave9WeaveNodeNtB6_5BlockE5weaveB1m_
FNDA:0,_RNvXs_NtCs6KBpAEkBOfL_12block_traits11block_weaveINtB4_25BlockSerializationPackageNtNtCs5XaLe4nUHL0_6blocks5after10AfterBlockEINtCs2rQ39zuOMxn_5weave9WeaveNodeNtB6_5BlockE14input_channelsB1m_
FNDA:0,_RNvXs_NtCs6KBpAEkBOfL_12block_traits11block_weaveINtB4_25BlockSerializationPackageNtNtCs5XaLe4nUHL0_6blocks5after10AfterBlockEINtCs2rQ39zuOMxn_5weave9WeaveNodeNtB6_5BlockE15output_channelsB1m_
FNDA:1,_RNvXs_NtCs6KBpAEkBOfL_12block_traits11block_weaveINtB4_25BlockSerializationPackageNtNtCs5XaLe4nUHL0_6blocks5after10AfterBlockEINtCs2rQ39zuOMxn_5weave9WeaveNodeNtB6_5BlockE5weaveB1m_
FNDA:0,_RNvXs_NtCs6KBpAEkBOfL_12block_traits11block_weaveINtB4_25BlockSerializationPackageNtNtCs5XaLe4nUHL0_6blocks6delete11DeleteBlockEINtCs2rQ39zuOMxn_5weave9WeaveNodeNtB6_5BlockE14input_channelsB1m_
FNDA:0,_RNvXs_NtCs6KBpAEkBOfL_12block_traits11block_weaveINtB4_25BlockSerializationPackageNtNtCs5XaLe4nUHL0_6blocks6delete11DeleteBlockEINtCs2rQ39zuOMxn_5weave9WeaveNodeNtB6_5BlockE15output_channelsB1m_
FNDA:1,_RNvXs_NtCs6KBpAEkBOfL_12block_traits11block_weaveINtB4_25BlockSerializationPackageNtNtCs5XaLe4nUHL0_6blocks6delete11DeleteBlockEINtCs2rQ39zuOMxn_5weave9WeaveNodeNtB6_5BlockE5weaveB1m_
FNDA:1,_RNvXs_NtCs6KBpAEkBOfL_12block_traits11block_weaveINtB4_25BlockSerializationPackageNtNtCs1y2iVuyooEo_6blocks12simple_order16SimpleOrderBlockEINtCs2rQ39zuOMxn_5weave9WeaveNodeNtB6_5BlockE14input_channelsB1m_
FNDA:1,_RNvXs_NtCs6KBpAEkBOfL_12block_traits11block_weaveINtB4_25BlockSerializationPackageNtNtCs1y2iVuyooEo_6blocks12simple_order16SimpleOrderBlockEINtCs2rQ39zuOMxn_5weave9WeaveNodeNtB6_5BlockE15output_channelsB1m_
FNDA:1,_RNvXs_NtCs6KBpAEkBOfL_12block_traits11block_weaveINtB4_25BlockSerializationPackageNtNtCs1y2iVuyooEo_6blocks12simple_order16SimpleOrderBlockEINtCs2rQ39zuOMxn_5weave9WeaveNodeNtB6_5BlockE5weaveB1m_
FNDA:1,_RNvXs_NtCs6KBpAEkBOfL_12block_traits11block_weaveINtB4_25BlockSerializationPackageNtNtCs1y2iVuyooEo_6blocks5after10AfterBlockEINtCs2rQ39zuOMxn_5weave9WeaveNodeNtB6_5BlockE14input_channelsB1m_
FNDA:1,_RNvXs_NtCs6KBpAEkBOfL_12block_traits11block_weaveINtB4_25BlockSerializationPackageNtNtCs1y2iVuyooEo_6blocks5after10AfterBlockEINtCs2rQ39zuOMxn_5weave9WeaveNodeNtB6_5BlockE15output_channelsB1m_
FNDA:1,_RNvXs_NtCs6KBpAEkBOfL_12block_traits11block_weaveINtB4_25BlockSerializationPackageNtNtCs1y2iVuyooEo_6blocks5after10AfterBlockEINtCs2rQ39zuOMxn_5weave9WeaveNodeNtB6_5BlockE5weaveB1m_
FNDA:0,_RNvXs_NtCs6KBpAEkBOfL_12block_traits11block_weaveINtB4_25BlockSerializationPackageNtNtCs1y2iVuyooEo_6blocks6delete11DeleteBlockEINtCs2rQ39zuOMxn_5weave9WeaveNodeNtB6_5BlockE14input_channelsB1m_
FNDA:0,_RNvXs_NtCs6KBpAEkBOfL_12block_traits11block_weaveINtB4_25BlockSerializationPackageNtNtCs1y2iVuyooEo_6blocks6delete11DeleteBlockEINtCs2rQ39zuOMxn_5weave9WeaveNodeNtB6_5BlockE15output_channelsB1m_
FNDA:0,_RNvXs_NtCs6KBpAEkBOfL_12block_traits11block_weaveINtB4_25BlockSerializationPackageNtNtCs1y2iVuyooEo_6blocks6delete11DeleteBlockEINtCs2rQ39zuOMxn_5weave9WeaveNodeNtB6_5BlockE5weaveB1m_
FNF:19
FNH:15
DA:18,4
DA:19,4
DA:20,4
DA:21,4
DA:22,4
DA:23,4
DA:24,4
DA:25,4
DA:26,4
DA:27,4
DA:28,4
DA:32,5
DA:33,5
DA:34,5
DA:35,5
DA:36,5
DA:37,5
DA:39,5
DA:40,5
DA:42,5
DA:44,5
DA:45,4
DA:47,4
DA:49,4
DA:50,5
DA:53,1
DA:54,1
DA:55,1
DA:56,1
DA:57,1
DA:58,1
DA:60,2
DA:61,2
DA:62,2
DA:63,2
DA:64,2
DA:65,2
DA:79,1
DA:84,0
DA:101,0
DA:102,0
DA:103,0
DA:105,1
DA:106,1
DA:107,1
DA:108,1
DA:109,1
DA:110,1
DA:112,0
DA:113,0
DA:114,0
DA:117,0
DA:118,0
DA:119,0
DA:120,0
DA:124,4
DA:126,4
DA:127,4
DA:128,4
DA:129,4
DA:131,4
DA:132,4
DA:133,4
DA:134,4
DA:135,4
DA:138,1
DA:139,1
DA:140,1
DA:141,1
DA:142,1
DA:145,1
DA:146,1
DA:147,1
DA:148,1
DA:151,1
DA:152,1
DA:153,1
DA:154,1
DA:155,1
DA:158,1
DA:159,1
DA:160,1
DA:163,1
DA:164,1
DA:165,1
DA:166,1
DA:167,1
DA:170,1
DA:172,1
DA:173,1
DA:175,1
DA:176,1
DA:177,1
DA:178,1
DA:181,1
DA:182,1
DA:183,1
DA:185,1
DA:186,1
DA:187,1
DA:190,1
DA:193,1
DA:194,1
DA:195,1
DA:196,1
DA:199,1
DA:200,1
DA:202,1
DA:203,1
BRF:0
BRH:0
LF:109
LH:98
end_of_record
SF:/Users/mailund/Code/block-flow/crates/block-traits/src/execution_context.rs
FN:14,_RNvMNtCsbnRBzbLfv5T_12block_traits17execution_contextNtB2_16ExecutionContext14get_order_book
FN:10,_RNvMNtCsbnRBzbLfv5T_12block_traits17execution_contextNtB2_16ExecutionContext3new
FNDA:0,_RNvMNtCsbnRBzbLfv5T_12block_traits17execution_contextNtB2_16ExecutionContext14get_order_book
FNDA:0,_RNvMNtCsbnRBzbLfv5T_12block_traits17execution_contextNtB2_16ExecutionContext3new
FNF:2
FNH:0
DA:10,0
DA:11,0
DA:12,0
DA:14,0
DA:16,0
DA:17,0
BRF:0
BRH:0
LF:6
LH:0
end_of_record
SF:/Users/mailund/Code/block-flow/crates/block-traits/src/execution_plan.rs
FN:47,_RNCNvXs_NtCs6KBpAEkBOfL_12block_traits14execution_planNtB6_13ExecutionPlanNtB8_10BlockTrait7execute0B8_
FN:51,_RNCNvXs_NtCs6KBpAEkBOfL_12block_traits14execution_planNtB6_13ExecutionPlanNtB8_10BlockTrait7executes_0B8_
FN:47,_RNCNvXs_NtCsbnRBzbLfv5T_12block_traits14execution_planNtB6_13ExecutionPlanNtB8_10BlockTrait7execute0B8_
FN:51,_RNCNvXs_NtCsbnRBzbLfv5T_12block_traits14execution_planNtB6_13ExecutionPlanNtB8_10BlockTrait7executes_0B8_
FN:16,_RNvMNtCsbnRBzbLfv5T_12block_traits14execution_planNtB2_13ExecutionPlan3new
FN:20,_RNvMNtCsbnRBzbLfv5T_12block_traits14execution_planNtB2_13ExecutionPlan6blocks
FN:31,_RNvXs_NtCsbnRBzbLfv5T_12block_traits14execution_planNtB4_13ExecutionPlanNtB6_10BlockTrait13contract_deps
FN:41,_RNvXs_NtCsbnRBzbLfv5T_12block_traits14execution_planNtB4_13ExecutionPlanNtB6_10BlockTrait7execute
FN:27,_RNvXs_NtCsbnRBzbLfv5T_12block_traits14execution_planNtB4_13ExecutionPlanNtB6_10BlockTrait8block_id
FNDA:0,_RNCNvXs_NtCs6KBpAEkBOfL_12block_traits14execution_planNtB6_13ExecutionPlanNtB8_10BlockTrait7execute0B8_
FNDA:0,_RNCNvXs_NtCs6KBpAEkBOfL_12block_traits14execution_planNtB6_13ExecutionPlanNtB8_10BlockTrait7executes_0B8_
FNDA:0,_RNCNvXs_NtCsbnRBzbLfv5T_12block_traits14execution_planNtB6_13ExecutionPlanNtB8_10BlockTrait7execute0B8_
FNDA:0,_RNCNvXs_NtCsbnRBzbLfv5T_12block_traits14execution_planNtB6_13ExecutionPlanNtB8_10BlockTrait7executes_0B8_
FNDA:0,_RNvMNtCsbnRBzbLfv5T_12block_traits14execution_planNtB2_13ExecutionPlan3new
FNDA:0,_RNvMNtCsbnRBzbLfv5T_12block_traits14execution_planNtB2_13ExecutionPlan6blocks
FNDA:0,_RNvXs_NtCsbnRBzbLfv5T_12block_traits14execution_planNtB4_13ExecutionPlanNtB6_10BlockTrait13contract_deps
FNDA:0,_RNvXs_NtCsbnRBzbLfv5T_12block_traits14execution_planNtB4_13ExecutionPlanNtB6_10BlockTrait7execute
FNDA:0,_RNvXs_NtCsbnRBzbLfv5T_12block_traits14execution_planNtB4_13ExecutionPlanNtB6_10BlockTrait8block_id
FNF:7
FNH:0
DA:16,0
DA:17,0
DA:18,0
DA:20,0
DA:21,0
DA:22,0
DA:27,0
DA:28,0
DA:29,0
DA:31,0
DA:32,0
DA:33,0
DA:34,0
DA:35,0
DA:36,0
DA:37,0
DA:41,0
DA:44,0
DA:45,0
DA:47,0
DA:49,0
DA:51,0
DA:52,0
BRF:0
BRH:0
LF:25
LH:0
end_of_record
SF:/Users/mailund/Code/block-flow/crates/block-traits/src/intents/block_intents.rs
FN:19,_RNCNvYNtNtNtCs6KBpAEkBOfL_12block_traits7intents13block_intents11ZeroIntentsNtB6_12BlockIntents15as_slot_intents0Csips623BuZWF_5actor
FN:15,_RNvYNtNtNtCs6KBpAEkBOfL_12block_traits7intents13block_intents11ZeroIntentsNtB4_12BlockIntents15as_slot_intentsCsips623BuZWF_5actor
FN:42,_RNvMNtNtCs6KBpAEkBOfL_12block_traits7intents13block_intentsNtB2_11ZeroIntents10from_array
FN:39,_RNvMNtNtCs6KBpAEkBOfL_12block_traits7intents13block_intentsNtB2_11ZeroIntents3new
FN:71,_RNvMs4_NtNtCs6KBpAEkBOfL_12block_traits7intents13block_intentsNtB5_9OneIntent10from_array
FN:68,_RNvMs4_NtNtCs6KBpAEkBOfL_12block_traits7intents13block_intentsNtB5_9OneIntent3new
FN:71,_RNvMsa_NtNtCs6KBpAEkBOfL_12block_traits7intents13block_intentsNtB5_10TwoIntents10from_array
FN:68,_RNvMsa_NtNtCs6KBpAEkBOfL_12block_traits7intents13block_intentsNtB5_10TwoIntents3new
FN:71,_RNvMsg_NtNtCs6KBpAEkBOfL_12block_traits7intents13block_intentsNtB5_12ThreeIntents10from_array
FN:68,_RNvMsg_NtNtCs6KBpAEkBOfL_12block_traits7intents13block_intentsNtB5_12ThreeIntents3new
FN:71,_RNvMsm_NtNtCs6KBpAEkBOfL_12block_traits7intents13block_intentsNtB5_11FourIntents10from_array
FN:68,_RNvMsm_NtNtCs6KBpAEkBOfL_12block_traits7intents13block_intentsNtB5_11FourIntents3new
FN:71,_RNvMss_NtNtCs6KBpAEkBOfL_12block_traits7intents13block_intentsNtB5_11FiveIntents10from_array
FN:68,_RNvMss_NtNtCs6KBpAEkBOfL_12block_traits7intents13block_intentsNtB5_11FiveIntents3new
FN:57,_RNvXs1_NtNtCs6KBpAEkBOfL_12block_traits7intents13block_intentsNtB5_11ZeroIntentsNtB5_12BlockIntents8as_slice
FN:77,_RNvXs5_NtNtCs6KBpAEkBOfL_12block_traits7intents13block_intentsNtB5_9OneIntentNtNtCskzPJi2J8k3N_4core7default7Default7default
FN:86,_RNvXs7_NtNtCs6KBpAEkBOfL_12block_traits7intents13block_intentsNtB5_9OneIntentNtB5_12BlockIntents8as_slice
FN:48,_RNvXs_NtNtCs6KBpAEkBOfL_12block_traits7intents13block_intentsNtB4_11ZeroIntentsNtNtCskzPJi2J8k3N_4core7default7Default7default
FN:77,_RNvXsb_NtNtCs6KBpAEkBOfL_12block_traits7intents13block_intentsNtB5_10TwoIntentsNtNtCskzPJi2J8k3N_4core7default7Default7default
FN:86,_RNvXsd_NtNtCs6KBpAEkBOfL_12block_traits7intents13block_intentsNtB5_10TwoIntentsNtB5_12BlockIntents8as_slice
FN:77,_RNvXsh_NtNtCs6KBpAEkBOfL_12block_traits7intents13block_intentsNtB5_12ThreeIntentsNtNtCskzPJi2J8k3N_4core7default7Default7default
FN:86,_RNvXsj_NtNtCs6KBpAEkBOfL_12block_traits7intents13block_intentsNtB5_12ThreeIntentsNtB5_12BlockIntents8as_slice
FN:77,_RNvXsn_NtNtCs6KBpAEkBOfL_12block_traits7intents13block_intentsNtB5_11FourIntentsNtNtCskzPJi2J8k3N_4core7default7Default7default
FN:86,_RNvXsp_NtNtCs6KBpAEkBOfL_12block_traits7intents13block_intentsNtB5_11FourIntentsNtB5_12BlockIntents8as_slice
FN:77,_RNvXst_NtNtCs6KBpAEkBOfL_12block_traits7intents13block_intentsNtB5_11FiveIntentsNtNtCskzPJi2J8k3N_4core7default7Default7default
FN:86,_RNvXsv_NtNtCs6KBpAEkBOfL_12block_traits7intents13block_intentsNtB5_11FiveIntentsNtB5_12BlockIntents8as_slice
FN:78,_RNCNvXs5_NtNtCs6KBpAEkBOfL_12block_traits7intents13block_intentsNtB7_9OneIntentNtNtCskzPJi2J8k3N_4core7default7Default7default0Bb_
FN:78,_RNCNvXsb_NtNtCs6KBpAEkBOfL_12block_traits7intents13block_intentsNtB7_10TwoIntentsNtNtCskzPJi2J8k3N_4core7default7Default7default0Bb_
FN:78,_RNCNvXsh_NtNtCs6KBpAEkBOfL_12block_traits7intents13block_intentsNtB7_12ThreeIntentsNtNtCskzPJi2J8k3N_4core7default7Default7default0Bb_
FN:78,_RNCNvXsn_NtNtCs6KBpAEkBOfL_12block_traits7intents13block_intentsNtB7_11FourIntentsNtNtCskzPJi2J8k3N_4core7default7Default7default0Bb_
FN:78,_RNCNvXst_NtNtCs6KBpAEkBOfL_12block_traits7intents13block_intentsNtB7_11FiveIntentsNtNtCskzPJi2J8k3N_4core7default7Default7default0Bb_
FN:78,_RNCNvXs5_NtNtCsbnRBzbLfv5T_12block_traits7intents13block_intentsNtB7_9OneIntentNtNtCskzPJi2J8k3N_4core7default7Default7default0Bb_
FN:78,_RNCNvXsb_NtNtCsbnRBzbLfv5T_12block_traits7intents13block_intentsNtB7_10TwoIntentsNtNtCskzPJi2J8k3N_4core7default7Default7default0Bb_
FN:78,_RNCNvXsh_NtNtCsbnRBzbLfv5T_12block_traits7intents13block_intentsNtB7_12ThreeIntentsNtNtCskzPJi2J8k3N_4core7default7Default7default0Bb_
FN:78,_RNCNvXsn_NtNtCsbnRBzbLfv5T_12block_traits7intents13block_intentsNtB7_11FourIntentsNtNtCskzPJi2J8k3N_4core7default7Default7default0Bb_
FN:78,_RNCNvXst_NtNtCsbnRBzbLfv5T_12block_traits7intents13block_intentsNtB7_11FiveIntentsNtNtCskzPJi2J8k3N_4core7default7Default7default0Bb_
FN:42,_RNvMNtNtCsbnRBzbLfv5T_12block_traits7intents13block_intentsNtB2_11ZeroIntents10from_array
FN:71,_RNvMs4_NtNtCsbnRBzbLfv5T_12block_traits7intents13block_intentsNtB5_9OneIntent10from_array
FN:68,_RNvMs4_NtNtCsbnRBzbLfv5T_12block_traits7intents13block_intentsNtB5_9OneIntent3new
FN:71,_RNvMsa_NtNtCsbnRBzbLfv5T_12block_traits7intents13block_intentsNtB5_10TwoIntents10from_array
FN:68,_RNvMsa_NtNtCsbnRBzbLfv5T_12block_traits7intents13block_intentsNtB5_10TwoIntents3new
FN:71,_RNvMsg_NtNtCsbnRBzbLfv5T_12block_traits7intents13block_intentsNtB5_12ThreeIntents10from_array
FN:68,_RNvMsg_NtNtCsbnRBzbLfv5T_12block_traits7intents13block_intentsNtB5_12ThreeIntents3new
FN:71,_RNvMsm_NtNtCsbnRBzbLfv5T_12block_traits7intents13block_intentsNtB5_11FourIntents10from_array
FN:68,_RNvMsm_NtNtCsbnRBzbLfv5T_12block_traits7intents13block_intentsNtB5_11FourIntents3new
FN:71,_RNvMss_NtNtCsbnRBzbLfv5T_12block_traits7intents13block_intentsNtB5_11FiveIntents10from_array
FN:68,_RNvMss_NtNtCsbnRBzbLfv5T_12block_traits7intents13block_intentsNtB5_11FiveIntents3new
FN:77,_RNvXs5_NtNtCsbnRBzbLfv5T_12block_traits7intents13block_intentsNtB5_9OneIntentNtNtCskzPJi2J8k3N_4core7default7Default7default
FN:86,_RNvXs7_NtNtCsbnRBzbLfv5T_12block_traits7intents13block_intentsNtB5_9OneIntentNtB5_12BlockIntents8as_slice
FN:77,_RNvXsb_NtNtCsbnRBzbLfv5T_12block_traits7intents13block_intentsNtB5_10TwoIntentsNtNtCskzPJi2J8k3N_4core7default7Default7default
FN:86,_RNvXsd_NtNtCsbnRBzbLfv5T_12block_traits7intents13block_intentsNtB5_10TwoIntentsNtB5_12BlockIntents8as_slice
FN:77,_RNvXsh_NtNtCsbnRBzbLfv5T_12block_traits7intents13block_intentsNtB5_12ThreeIntentsNtNtCskzPJi2J8k3N_4core7default7Default7default
FN:86,_RNvXsj_NtNtCsbnRBzbLfv5T_12block_traits7intents13block_intentsNtB5_12ThreeIntentsNtB5_12BlockIntents8as_slice
FN:77,_RNvXsn_NtNtCsbnRBzbLfv5T_12block_traits7intents13block_intentsNtB5_11FourIntentsNtNtCskzPJi2J8k3N_4core7default7Default7default
FN:86,_RNvXsp_NtNtCsbnRBzbLfv5T_12block_traits7intents13block_intentsNtB5_11FourIntentsNtB5_12BlockIntents8as_slice
FN:77,_RNvXst_NtNtCsbnRBzbLfv5T_12block_traits7intents13block_intentsNtB5_11FiveIntentsNtNtCskzPJi2J8k3N_4core7default7Default7default
FN:86,_RNvXsv_NtNtCsbnRBzbLfv5T_12block_traits7intents13block_intentsNtB5_11FiveIntentsNtB5_12BlockIntents8as_slice
FN:11,_RNvYpNtNtNtCsbnRBzbLfv5T_12block_traits7intents13block_intents12BlockIntents3lenB9_
FN:19,_RNCNvYNtNtNtCsbnRBzbLfv5T_12block_traits7intents13block_intents11ZeroIntentsNtB6_12BlockIntents15as_slot_intents0Ba_
FN:15,_RNvYNtNtNtCsbnRBzbLfv5T_12block_traits7intents13block_intents11ZeroIntentsNtB4_12BlockIntents15as_slot_intentsB8_
FN:39,_RNvMNtNtCsbnRBzbLfv5T_12block_traits7intents13block_intentsNtB2_11ZeroIntents3new
FN:57,_RNvXs1_NtNtCsbnRBzbLfv5T_12block_traits7intents13block_intentsNtB5_11ZeroIntentsNtB5_12BlockIntents8as_slice
FN:48,_RNvXs_NtNtCsbnRBzbLfv5T_12block_traits7intents13block_intentsNtB4_11ZeroIntentsNtNtCskzPJi2J8k3N_4core7default7Default7default
FN:19,_RNCNvYNtNtNtCs6KBpAEkBOfL_12block_traits7intents13block_intents11ZeroIntentsNtB6_12BlockIntents15as_slot_intents0Cs5XaLe4nUHL0_6blocks
FN:19,_RNCNvYNtNtNtCs6KBpAEkBOfL_12block_traits7intents13block_intents9OneIntentNtB6_12BlockIntents15as_slot_intents0Cs5XaLe4nUHL0_6blocks
FN:15,_RNvYNtNtNtCs6KBpAEkBOfL_12block_traits7intents13block_intents11ZeroIntentsNtB4_12BlockIntents15as_slot_intentsCs5XaLe4nUHL0_6blocks
FN:15,_RNvYNtNtNtCs6KBpAEkBOfL_12block_traits7intents13block_intents9OneIntentNtB4_12BlockIntents15as_slot_intentsCs5XaLe4nUHL0_6blocks
FN:19,_RNCNvYNtNtNtCs6KBpAEkBOfL_12block_traits7intents13block_intents11ZeroIntentsNtB6_12BlockIntents15as_slot_intents0Cs1y2iVuyooEo_6blocks
FN:19,_RNCNvYNtNtNtCs6KBpAEkBOfL_12block_traits7intents13block_intents9OneIntentNtB6_12BlockIntents15as_slot_intents0Cs1y2iVuyooEo_6blocks
FN:15,_RNvYNtNtNtCs6KBpAEkBOfL_12block_traits7intents13block_intents11ZeroIntentsNtB4_12BlockIntents15as_slot_intentsCs1y2iVuyooEo_6blocks
FN:15,_RNvYNtNtNtCs6KBpAEkBOfL_12block_traits7intents13block_intents9OneIntentNtB4_12BlockIntents15as_slot_intentsCs1y2iVuyooEo_6blocks
FNDA:0,_RNCNvYNtNtNtCs6KBpAEkBOfL_12block_traits7intents13block_intents11ZeroIntentsNtB6_12BlockIntents15as_slot_intents0Csips623BuZWF_5actor
FNDA:0,_RNvYNtNtNtCs6KBpAEkBOfL_12block_traits7intents13block_intents11ZeroIntentsNtB4_12BlockIntents15as_slot_intentsCsips623BuZWF_5actor
FNDA:0,_RNvMNtNtCs6KBpAEkBOfL_12block_traits7intents13block_intentsNtB2_11ZeroIntents10from_array
FNDA:52,_RNvMNtNtCs6KBpAEkBOfL_12block_traits7intents13block_intentsNtB2_11ZeroIntents3new
FNDA:0,_RNvMs4_NtNtCs6KBpAEkBOfL_12block_traits7intents13block_intentsNtB5_9OneIntent10from_array
FNDA:4,_RNvMs4_NtNtCs6KBpAEkBOfL_12block_traits7intents13block_intentsNtB5_9OneIntent3new
FNDA:0,_RNvMsa_NtNtCs6KBpAEkBOfL_12block_traits7intents13block_intentsNtB5_10TwoIntents10from_array
FNDA:0,_RNvMsa_NtNtCs6KBpAEkBOfL_12block_traits7intents13block_intentsNtB5_10TwoIntents3new
FNDA:0,_RNvMsg_NtNtCs6KBpAEkBOfL_12block_traits7intents13block_intentsNtB5_12ThreeIntents10from_array
FNDA:0,_RNvMsg_NtNtCs6KBpAEkBOfL_12block_traits7intents13block_intentsNtB5_12ThreeIntents3new
FNDA:0,_RNvMsm_NtNtCs6KBpAEkBOfL_12block_traits7intents13block_intentsNtB5_11FourIntents10from_array
FNDA:0,_RNvMsm_NtNtCs6KBpAEkBOfL_12block_traits7intents13block_intentsNtB5_11FourIntents3new
FNDA:0,_RNvMss_NtNtCs6KBpAEkBOfL_12block_traits7intents13block_intentsNtB5_11FiveIntents10from_array
FNDA:0,_RNvMss_NtNtCs6KBpAEkBOfL_12block_traits7intents13block_intentsNtB5_11FiveIntents3new
FNDA:2,_RNvXs1_NtNtCs6KBpAEkBOfL_12block_traits7intents13block_intentsNtB5_11ZeroIntentsNtB5_12BlockIntents8as_slice
FNDA:0,_RNvXs5_NtNtCs6KBpAEkBOfL_12block_traits7intents13block_intentsNtB5_9OneIntentNtNtCskzPJi2J8k3N_4core7default7Default7default
FNDA:4,_RNvXs7_NtNtCs6KBpAEkBOfL_12block_traits7intents13block_intentsNtB5_9OneIntentNtB5_12BlockIntents8as_slice
FNDA:34,_RNvXs_NtNtCs6KBpAEkBOfL_12block_traits7intents13block_intentsNtB4_11ZeroIntentsNtNtCskzPJi2J8k3N_4core7default7Default7default
FNDA:0,_RNvXsb_NtNtCs6KBpAEkBOfL_12block_traits7intents13block_intentsNtB5_10TwoIntentsNtNtCskzPJi2J8k3N_4core7default7Default7default
FNDA:0,_RNvXsd_NtNtCs6KBpAEkBOfL_12block_traits7intents13block_intentsNtB5_10TwoIntentsNtB5_12BlockIntents8as_slice
FNDA:0,_RNvXsh_NtNtCs6KBpAEkBOfL_12block_traits7intents13block_intentsNtB5_12ThreeIntentsNtNtCskzPJi2J8k3N_4core7default7Default7default
FNDA:0,_RNvXsj_NtNtCs6KBpAEkBOfL_12block_traits7intents13block_intentsNtB5_12ThreeIntentsNtB5_12BlockIntents8as_slice
FNDA:0,_RNvXsn_NtNtCs6KBpAEkBOfL_12block_traits7intents13block_intentsNtB5_11FourIntentsNtNtCskzPJi2J8k3N_4core7default7Default7default
FNDA:0,_RNvXsp_NtNtCs6KBpAEkBOfL_12block_traits7intents13block_intentsNtB5_11FourIntentsNtB5_12BlockIntents8as_slice
FNDA:0,_RNvXst_NtNtCs6KBpAEkBOfL_12block_traits7intents13block_intentsNtB5_11FiveIntentsNtNtCskzPJi2J8k3N_4core7default7Default7default
FNDA:0,_RNvXsv_NtNtCs6KBpAEkBOfL_12block_traits7intents13block_intentsNtB5_11FiveIntentsNtB5_12BlockIntents8as_slice
FNDA:0,_RNCNvXs5_NtNtCs6KBpAEkBOfL_12block_traits7intents13block_intentsNtB7_9OneIntentNtNtCskzPJi2J8k3N_4core7default7Default7default0Bb_
FNDA:0,_RNCNvXsb_NtNtCs6KBpAEkBOfL_12block_traits7intents13block_intentsNtB7_10TwoIntentsNtNtCskzPJi2J8k3N_4core7default7Default7default0Bb_
FNDA:0,_RNCNvXsh_NtNtCs6KBpAEkBOfL_12block_traits7intents13block_intentsNtB7_12ThreeIntentsNtNtCskzPJi2J8k3N_4core7default7Default7default0Bb_
FNDA:0,_RNCNvXsn_NtNtCs6KBpAEkBOfL_12block_traits7intents13block_intentsNtB7_11FourIntentsNtNtCskzPJi2J8k3N_4core7default7Default7default0Bb_
FNDA:0,_RNCNvXst_NtNtCs6KBpAEkBOfL_12block_traits7intents13block_intentsNtB7_11FiveIntentsNtNtCskzPJi2J8k3N_4core7default7Default7default0Bb_
FNDA:0,_RNCNvXs5_NtNtCsbnRBzbLfv5T_12block_traits7intents13block_intentsNtB7_9OneIntentNtNtCskzPJi2J8k3N_4core7default7Default7default0Bb_
FNDA:0,_RNCNvXsb_NtNtCsbnRBzbLfv5T_12block_traits7intents13block_intentsNtB7_10TwoIntentsNtNtCskzPJi2J8k3N_4core7default7Default7default0Bb_
FNDA:0,_RNCNvXsh_NtNtCsbnRBzbLfv5T_12block_traits7intents13block_intentsNtB7_12ThreeIntentsNtNtCskzPJi2J8k3N_4core7default7Default7default0Bb_
FNDA:0,_RNCNvXsn_NtNtCsbnRBzbLfv5T_12block_traits7intents13block_intentsNtB7_11FourIntentsNtNtCskzPJi2J8k3N_4core7default7Default7default0Bb_
FNDA:0,_RNCNvXst_NtNtCsbnRBzbLfv5T_12block_traits7intents13block_intentsNtB7_11FiveIntentsNtNtCskzPJi2J8k3N_4core7default7Default7default0Bb_
FNDA:0,_RNvMNtNtCsbnRBzbLfv5T_12block_traits7intents13block_intentsNtB2_11ZeroIntents10from_array
FNDA:0,_RNvMs4_NtNtCsbnRBzbLfv5T_12block_traits7intents13block_intentsNtB5_9OneIntent10from_array
FNDA:0,_RNvMs4_NtNtCsbnRBzbLfv5T_12block_traits7intents13block_intentsNtB5_9OneIntent3new
FNDA:0,_RNvMsa_NtNtCsbnRBzbLfv5T_12block_traits7intents13block_intentsNtB5_10TwoIntents10from_array
FNDA:0,_RNvMsa_NtNtCsbnRBzbLfv5T_12block_traits7intents13block_intentsNtB5_10TwoIntents3new
FNDA:0,_RNvMsg_NtNtCsbnRBzbLfv5T_12block_traits7intents13block_intentsNtB5_12ThreeIntents10from_array
FNDA:0,_RNvMsg_NtNtCsbnRBzbLfv5T_12block_traits7intents13block_intentsNtB5_12ThreeIntents3new
FNDA:0,_RNvMsm_NtNtCsbnRBzbLfv5T_12block_traits7intents13block_intentsNtB5_11FourIntents10from_array
FNDA:0,_RNvMsm_NtNtCsbnRBzbLfv5T_12block_traits7intents13block_intentsNtB5_11FourIntents3new
FNDA:0,_RNvMss_NtNtCsbnRBzbLfv5T_12block_traits7intents13block_intentsNtB5_11FiveIntents10from_array
FNDA:0,_RNvMss_NtNtCsbnRBzbLfv5T_12block_traits7intents13block_intentsNtB5_11FiveIntents3new
FNDA:0,_RNvXs5_NtNtCsbnRBzbLfv5T_12block_traits7intents13block_intentsNtB5_9OneIntentNtNtCskzPJi2J8k3N_4core7default7Default7default
FNDA:0,_RNvXs7_NtNtCsbnRBzbLfv5T_12block_traits7intents13block_intentsNtB5_9OneIntentNtB5_12BlockIntents8as_slice
FNDA:0,_RNvXsb_NtNtCsbnRBzbLfv5T_12block_traits7intents13block_intentsNtB5_10TwoIntentsNtNtCskzPJi2J8k3N_4core7default7Default7default
FNDA:0,_RNvXsd_NtNtCsbnRBzbLfv5T_12block_traits7intents13block_intentsNtB5_10TwoIntentsNtB5_12BlockIntents8as_slice
FNDA:0,_RNvXsh_NtNtCsbnRBzbLfv5T_12block_traits7intents13block_intentsNtB5_12ThreeIntentsNtNtCskzPJi2J8k3N_4core7default7Default7default
FNDA:0,_RNvXsj_NtNtCsbnRBzbLfv5T_12block_traits7intents13block_intentsNtB5_12ThreeIntentsNtB5_12BlockIntents8as_slice
FNDA:0,_RNvXsn_NtNtCsbnRBzbLfv5T_12block_traits7intents13block_intentsNtB5_11FourIntentsNtNtCskzPJi2J8k3N_4core7default7Default7default
FNDA:0,_RNvXsp_NtNtCsbnRBzbLfv5T_12block_traits7intents13block_intentsNtB5_11FourIntentsNtB5_12BlockIntents8as_slice
FNDA:0,_RNvXst_NtNtCsbnRBzbLfv5T_12block_traits7intents13block_intentsNtB5_11FiveIntentsNtNtCskzPJi2J8k3N_4core7default7Default7default
FNDA:0,_RNvXsv_NtNtCsbnRBzbLfv5T_12block_traits7intents13block_intentsNtB5_11FiveIntentsNtB5_12BlockIntents8as_slice
FNDA:0,_RNvYpNtNtNtCsbnRBzbLfv5T_12block_traits7intents13block_intents12BlockIntents3lenB9_
FNDA:0,_RNCNvYNtNtNtCsbnRBzbLfv5T_12block_traits7intents13block_intents11ZeroIntentsNtB6_12BlockIntents15as_slot_intents0Ba_
FNDA:10,_RNvYNtNtNtCsbnRBzbLfv5T_12block_traits7intents13block_intents11ZeroIntentsNtB4_12BlockIntents15as_slot_intentsB8_
FNDA:17,_RNvMNtNtCsbnRBzbLfv5T_12block_traits7intents13block_intentsNtB2_11ZeroIntents3new
FNDA:10,_RNvXs1_NtNtCsbnRBzbLfv5T_12block_traits7intents13block_intentsNtB5_11ZeroIntentsNtB5_12BlockIntents8as_slice
FNDA:4,_RNvXs_NtNtCsbnRBzbLfv5T_12block_traits7intents13block_intentsNtB4_11ZeroIntentsNtNtCskzPJi2J8k3N_4core7default7Default7default
FNDA:0,_RNCNvYNtNtNtCs6KBpAEkBOfL_12block_traits7intents13block_intents11ZeroIntentsNtB6_12BlockIntents15as_slot_intents0Cs5XaLe4nUHL0_6blocks
FNDA:0,_RNCNvYNtNtNtCs6KBpAEkBOfL_12block_traits7intents13block_intents9OneIntentNtB6_12BlockIntents15as_slot_intents0Cs5XaLe4nUHL0_6blocks
FNDA:2,_RNvYNtNtNtCs6KBpAEkBOfL_12block_traits7intents13block_intents11ZeroIntentsNtB4_12BlockIntents15as_slot_intentsCs5XaLe4nUHL0_6blocks
FNDA:0,_RNvYNtNtNtCs6KBpAEkBOfL_12block_traits7intents13block_intents9OneIntentNtB4_12BlockIntents15as_slot_intentsCs5XaLe4nUHL0_6blocks
FNDA:0,_RNCNvYNtNtNtCs6KBpAEkBOfL_12block_traits7intents13block_intents11ZeroIntentsNtB6_12BlockIntents15as_slot_intents0Cs1y2iVuyooEo_6blocks
FNDA:0,_RNCNvYNtNtNtCs6KBpAEkBOfL_12block_traits7intents13block_intents9OneIntentNtB6_12BlockIntents15as_slot_intents0Cs1y2iVuyooEo_6blocks
FNDA:0,_RNvYNtNtNtCs6KBpAEkBOfL_12block_traits7intents13block_intents11ZeroIntentsNtB4_12BlockIntents15as_slot_intentsCs1y2iVuyooEo_6blocks
FNDA:0,_RNvYNtNtNtCs6KBpAEkBOfL_12block_traits7intents13block_intents9OneIntentNtB4_12BlockIntents15as_slot_intentsCs1y2iVuyooEo_6blocks
FNF:12
FNH:6
DA:11,0
DA:12,0
DA:13,0
DA:15,12
DA:16,12
DA:17,12
DA:18,12
DA:19,12
DA:20,12
DA:21,12
DA:39,69
DA:40,69
DA:41,69
DA:42,0
DA:43,0
DA:44,0
DA:48,38
DA:49,38
DA:50,38
DA:57,12
DA:58,12
DA:59,12
DA:68,4
DA:69,4
DA:70,4
DA:71,0
DA:72,0
DA:73,0
DA:77,0
DA:78,0
DA:79,0
DA:86,4
DA:87,4
DA:88,4
BRF:0
BRH:0
LF:36
LH:22
end_of_record
SF:/Users/mailund/Code/block-flow/crates/block-traits/src/intents/intent_types.rs
FN:6,_RNvMNtNtCs6KBpAEkBOfL_12block_traits7intents12intent_typesNtB2_8NoIntent3new
FN:25,_RNvMs0_NtNtCs6KBpAEkBOfL_12block_traits7intents12intent_typesNtB5_11PlaceIntent3new
FN:11,_RNvXs_NtNtCs6KBpAEkBOfL_12block_traits7intents12intent_typesNtB4_8NoIntentNtNtCskzPJi2J8k3N_4core7default7Default7default
FN:42,_RNvYNtNtNtCs6KBpAEkBOfL_12block_traits7intents12intent_types6IntentNtB4_13IntentFactory9no_intentB8_
FN:6,_RNvMNtNtCsbnRBzbLfv5T_12block_traits7intents12intent_typesNtB2_8NoIntent3new
FN:11,_RNvXs_NtNtCsbnRBzbLfv5T_12block_traits7intents12intent_typesNtB4_8NoIntentNtNtCskzPJi2J8k3N_4core7default7Default7default
FN:42,_RNvYpNtNtNtCsbnRBzbLfv5T_12block_traits7intents12intent_types13IntentFactory9no_intentB9_
FN:25,_RNvMs0_NtNtCsbnRBzbLfv5T_12block_traits7intents12intent_typesNtB5_11PlaceIntent3new
FN:46,_RNvYNtNtNtCsbnRBzbLfv5T_12block_traits7intents12intent_types6IntentNtB4_13IntentFactory12place_intentB8_
FN:46,_RNvYNtNtNtCs6KBpAEkBOfL_12block_traits7intents12intent_types6IntentNtB4_13IntentFactory12place_intentCs5XaLe4nUHL0_6blocks
FN:46,_RNvYNtNtNtCs6KBpAEkBOfL_12block_traits7intents12intent_types6IntentNtB4_13IntentFactory12place_intentCs1y2iVuyooEo_6blocks
FNDA:2,_RNvMNtNtCs6KBpAEkBOfL_12block_traits7intents12intent_typesNtB2_8NoIntent3new
FNDA:2,_RNvMs0_NtNtCs6KBpAEkBOfL_12block_traits7intents12intent_typesNtB5_11PlaceIntent3new
FNDA:0,_RNvXs_NtNtCs6KBpAEkBOfL_12block_traits7intents12intent_typesNtB4_8NoIntentNtNtCskzPJi2J8k3N_4core7default7Default7default
FNDA:2,_RNvYNtNtNtCs6KBpAEkBOfL_12block_traits7intents12intent_types6IntentNtB4_13IntentFactory9no_intentB8_
FNDA:0,_RNvMNtNtCsbnRBzbLfv5T_12block_traits7intents12intent_typesNtB2_8NoIntent3new
FNDA:0,_RNvXs_NtNtCsbnRBzbLfv5T_12block_traits7intents12intent_typesNtB4_8NoIntentNtNtCskzPJi2J8k3N_4core7default7Default7default
FNDA:0,_RNvYpNtNtNtCsbnRBzbLfv5T_12block_traits7intents12intent_types13IntentFactory9no_intentB9_
FNDA:1,_RNvMs0_NtNtCsbnRBzbLfv5T_12block_traits7intents12intent_typesNtB5_11PlaceIntent3new
FNDA:1,_RNvYNtNtNtCsbnRBzbLfv5T_12block_traits7intents12intent_types6IntentNtB4_13IntentFactory12place_intentB8_
FNDA:2,_RNvYNtNtNtCs6KBpAEkBOfL_12block_traits7intents12intent_types6IntentNtB4_13IntentFactory12place_intentCs5XaLe4nUHL0_6blocks
FNDA:0,_RNvYNtNtNtCs6KBpAEkBOfL_12block_traits7intents12intent_types6IntentNtB4_13IntentFactory12place_intentCs1y2iVuyooEo_6blocks
FNF:5
FNH:4
DA:6,2
DA:7,2
DA:8,2
DA:11,0
DA:12,0
DA:13,0
DA:25,3
DA:26,3
DA:27,3
DA:28,3
DA:29,3
DA:30,3
DA:31,3
DA:32,3
DA:42,2
DA:43,2
DA:44,2
DA:46,3
DA:47,3
DA:48,3
BRF:0
BRH:0
LF:20
LH:17
end_of_record
SF:/Users/mailund/Code/block-flow/crates/block-traits/src/intents/mod.rs
FN:14,_RNvMNtCs6KBpAEkBOfL_12block_traits7intentsNtB2_10SlotIntent3new
FN:25,_RNvNtNtCsbnRBzbLfv5T_12block_traits7intents5testss_46test_slot_intents_have_block_id_and_slot_index
FN:14,_RNvMNtCsbnRBzbLfv5T_12block_traits7intentsNtB2_10SlotIntent3new
FNDA:0,_RNvMNtCs6KBpAEkBOfL_12block_traits7intentsNtB2_10SlotIntent3new
FNDA:1,_RNvNtNtCsbnRBzbLfv5T_12block_traits7intents5testss_46test_slot_intents_have_block_id_and_slot_index
FNDA:1,_RNvMNtCsbnRBzbLfv5T_12block_traits7intentsNtB2_10SlotIntent3new
FNF:2
FNH:2
DA:14,1
DA:15,1
DA:16,1
DA:25,1
DA:26,1
DA:27,1
DA:28,1
DA:29,1
DA:30,1
DA:31,1
DA:32,1
DA:35,1
DA:36,1
DA:37,1
BRF:0
BRH:0
LF:14
LH:14
end_of_record
SF:/Users/mailund/Code/block-flow/crates/block-traits/src/intents/slots.rs
FN:8,_RNvMNtNtCs6KBpAEkBOfL_12block_traits7intents5slotsNtB2_6SlotId3new
FN:8,_RNvMNtNtCsbnRBzbLfv5T_12block_traits7intents5slotsNtB2_6SlotId3new
FNDA:0,_RNvMNtNtCs6KBpAEkBOfL_12block_traits7intents5slotsNtB2_6SlotId3new
FNDA:1,_RNvMNtNtCsbnRBzbLfv5T_12block_traits7intents5slotsNtB2_6SlotId3new
FNF:1
FNH:1
DA:8,1
DA:9,1
DA:10,1
DA:11,1
DA:12,1
DA:13,1
BRF:0
BRH:0
LF:6
LH:6
end_of_record
SF:/Users/mailund/Code/block-flow/crates/block-traits/src/lib.rs
FN:38,_RNvXCs6KBpAEkBOfL_12block_traitsNtB2_5BlockNtB2_10BlockTrait13contract_deps
FN:42,_RNvXCs6KBpAEkBOfL_12block_traitsNtB2_5BlockNtB2_10BlockTrait7execute
FN:34,_RNvXCs6KBpAEkBOfL_12block_traitsNtB2_5BlockNtB2_10BlockTrait8block_id
FN:97,_RNvXs2_NtCsbnRBzbLfv5T_12block_traits10test_typesINtB5_10MockReaderNtB5_9TestInputEINtNtCsgFl9GrjVdhr_8channels12channel_keys6ReaderB13_E4readB7_
FN:107,_RNvXs3_NtCsbnRBzbLfv5T_12block_traits10test_typesINtB5_10MockWriterNtB5_10TestOutputEINtNtCsgFl9GrjVdhr_8channels12channel_keys6WriterB13_E5writeB7_
FN:364,_RNvNtCsbnRBzbLfv5T_12block_traits5testss_22test_accumulator_block
FN:212,_RNvNtCsbnRBzbLfv5T_12block_traits5testss_22test_execution_context
FN:301,_RNvNtCsbnRBzbLfv5T_12block_traits5testss_22test_wrapped_block_new
FN:236,_RNvNtCsbnRBzbLfv5T_12block_traits5testss_23test_block_spec_execute
FN:218,_RNvNtCsbnRBzbLfv5T_12block_traits5testss_24test_block_spec_block_id
FN:229,_RNvNtCsbnRBzbLfv5T_12block_traits5testss_26test_block_spec_init_state
FN:224,_RNvNtCsbnRBzbLfv5T_12block_traits5testss_36test_block_spec_new_from_init_params
FN:249,_RNvNtCsbnRBzbLfv5T_12block_traits5testss_38test_block_spec_execute_multiple_times
FN:270,_RNvNtCsbnRBzbLfv5T_12block_traits5testss_54test_channel_keys_and_reader_writer_traits_are_invoked
FN:356,_RNvNtCsbnRBzbLfv5T_12block_traits5testss_56test_accumulator_block_block_id_and_new_from_init_params
FN:335,_RNvXs0_NtCsbnRBzbLfv5T_12block_traits5testsNtB5_16AccumulatorBlockNtNtB7_10block_spec9BlockSpec10init_state
FN:331,_RNvXs0_NtCsbnRBzbLfv5T_12block_traits5testsNtB5_16AccumulatorBlockNtNtB7_10block_spec9BlockSpec20new_from_init_params
FN:339,_RNvXs0_NtCsbnRBzbLfv5T_12block_traits5testsNtB5_16AccumulatorBlockNtNtB7_10block_spec9BlockSpec7execute
FN:327,_RNvXs0_NtCsbnRBzbLfv5T_12block_traits5testsNtB5_16AccumulatorBlockNtNtB7_10block_spec9BlockSpec8block_id
FN:38,_RNvXCsbnRBzbLfv5T_12block_traitsNtB2_5BlockNtB2_10BlockTrait13contract_deps
FN:116,_RNvXs6_NtCsbnRBzbLfv5T_12block_traits10test_typesNtB5_13TestInputKeysNtNtCsgFl9GrjVdhr_8channels12channel_keys11ChannelKeys13channel_names
FN:124,_RNvXs7_NtCsbnRBzbLfv5T_12block_traits10test_typesNtB5_13TestInputKeysINtNtCsgFl9GrjVdhr_8channels12channel_keys9InputKeysNtB5_9TestInputE6reader
FN:132,_RNvXs8_NtCsbnRBzbLfv5T_12block_traits10test_typesNtB5_14TestOutputKeysNtNtCsgFl9GrjVdhr_8channels12channel_keys11ChannelKeys13channel_names
FN:140,_RNvXs9_NtCsbnRBzbLfv5T_12block_traits10test_typesNtB5_14TestOutputKeysINtNtCsgFl9GrjVdhr_8channels12channel_keys10OutputKeysNtB5_10TestOutputE6writer
FN:146,_RNvXs9_NtCsbnRBzbLfv5T_12block_traits10test_typesNtB5_14TestOutputKeysINtNtCsgFl9GrjVdhr_8channels12channel_keys10OutputKeysNtB5_10TestOutputE8register
FN:181,_RNvXse_NtCsbnRBzbLfv5T_12block_traits10test_typesNtB5_12DoublerBlockNtNtB7_10block_spec9BlockSpec10init_state
FN:177,_RNvXse_NtCsbnRBzbLfv5T_12block_traits10test_typesNtB5_12DoublerBlockNtNtB7_10block_spec9BlockSpec20new_from_init_params
FN:185,_RNvXse_NtCsbnRBzbLfv5T_12block_traits10test_typesNtB5_12DoublerBlockNtNtB7_10block_spec9BlockSpec7execute
FN:173,_RNvXse_NtCsbnRBzbLfv5T_12block_traits10test_typesNtB5_12DoublerBlockNtNtB7_10block_spec9BlockSpec8block_id
FN:42,_RNvXCsbnRBzbLfv5T_12block_traitsNtB2_5BlockNtB2_10BlockTrait7execute
FN:34,_RNvXCsbnRBzbLfv5T_12block_traitsNtB2_5BlockNtB2_10BlockTrait8block_id
FNDA:7,_RNvXCs6KBpAEkBOfL_12block_traitsNtB2_5BlockNtB2_10BlockTrait13contract_deps
FNDA:2,_RNvXCs6KBpAEkBOfL_12block_traitsNtB2_5BlockNtB2_10BlockTrait7execute
FNDA:9,_RNvXCs6KBpAEkBOfL_12block_traitsNtB2_5BlockNtB2_10BlockTrait8block_id
FNDA:7,_RNvXs2_NtCsbnRBzbLfv5T_12block_traits10test_typesINtB5_10MockReaderNtB5_9TestInputEINtNtCsgFl9GrjVdhr_8channels12channel_keys6ReaderB13_E4readB7_
FNDA:7,_RNvXs3_NtCsbnRBzbLfv5T_12block_traits10test_typesINtB5_10MockWriterNtB5_10TestOutputEINtNtCsgFl9GrjVdhr_8channels12channel_keys6WriterB13_E5writeB7_
FNDA:1,_RNvNtCsbnRBzbLfv5T_12block_traits5testss_22test_accumulator_block
FNDA:1,_RNvNtCsbnRBzbLfv5T_12block_traits5testss_22test_execution_context
FNDA:1,_RNvNtCsbnRBzbLfv5T_12block_traits5testss_22test_wrapped_block_new
FNDA:1,_RNvNtCsbnRBzbLfv5T_12block_traits5testss_23test_block_spec_execute
FNDA:1,_RNvNtCsbnRBzbLfv5T_12block_traits5testss_24test_block_spec_block_id
FNDA:1,_RNvNtCsbnRBzbLfv5T_12block_traits5testss_26test_block_spec_init_state
FNDA:1,_RNvNtCsbnRBzbLfv5T_12block_traits5testss_36test_block_spec_new_from_init_params
FNDA:1,_RNvNtCsbnRBzbLfv5T_12block_traits5testss_38test_block_spec_execute_multiple_times
FNDA:1,_RNvNtCsbnRBzbLfv5T_12block_traits5testss_54test_channel_keys_and_reader_writer_traits_are_invoked
FNDA:1,_RNvNtCsbnRBzbLfv5T_12block_traits5testss_56test_accumulator_block_block_id_and_new_from_init_params
FNDA:1,_RNvXs0_NtCsbnRBzbLfv5T_12block_traits5testsNtB5_16AccumulatorBlockNtNtB7_10block_spec9BlockSpec10init_state
FNDA:1,_RNvXs0_NtCsbnRBzbLfv5T_12block_traits5testsNtB5_16AccumulatorBlockNtNtB7_10block_spec9BlockSpec20new_from_init_params
FNDA:3,_RNvXs0_NtCsbnRBzbLfv5T_12block_traits5testsNtB5_16AccumulatorBlockNtNtB7_10block_spec9BlockSpec7execute
FNDA:1,_RNvXs0_NtCsbnRBzbLfv5T_12block_traits5testsNtB5_16AccumulatorBlockNtNtB7_10block_spec9BlockSpec8block_id
FNDA:0,_RNvXCsbnRBzbLfv5T_12block_traitsNtB2_5BlockNtB2_10BlockTrait13contract_deps
FNDA:1,_RNvXs6_NtCsbnRBzbLfv5T_12block_traits10test_typesNtB5_13TestInputKeysNtNtCsgFl9GrjVdhr_8channels12channel_keys11ChannelKeys13channel_names
FNDA:1,_RNvXs7_NtCsbnRBzbLfv5T_12block_traits10test_typesNtB5_13TestInputKeysINtNtCsgFl9GrjVdhr_8channels12channel_keys9InputKeysNtB5_9TestInputE6reader
[...]
FNDA:0,_RNvXs5_NtNtCsdbeOE2piyzc_17block_macros_test7execute32self_only_option_full_tuple_someNtB5_9InputKeysNtNtCsgFl9GrjVdhr_8channels12channel_keys11ChannelKeys13channel_names
FNDA:0,_RNvXs5_NtNtCsdbeOE2piyzc_17block_macros_test7execute34self_only_option_output_state_noneNtB5_9InputKeysNtNtCsgFl9GrjVdhr_8channels12channel_keys11ChannelKeys13channel_names
FNDA:0,_RNvXs5_NtNtCsdbeOE2piyzc_17block_macros_test7execute34self_only_option_output_state_someNtB5_9InputKeysNtNtCsgFl9GrjVdhr_8channels12channel_keys11ChannelKeys13channel_names
FNDA:0,_RNvXsf_NtNtCsdbeOE2piyzc_17block_macros_test7execute15self_only_stateNtB5_10OutputKeysNtNtCsgFl9GrjVdhr_8channels12channel_keys11ChannelKeys13channel_names
FNDA:0,_RNvXsf_NtNtCsdbeOE2piyzc_17block_macros_test7execute16input_only_stateNtB5_10OutputKeysNtNtCsgFl9GrjVdhr_8channels12channel_keys11ChannelKeys13channel_names
FNDA:0,_RNvXsf_NtNtCsdbeOE2piyzc_17block_macros_test7execute16self_only_outputNtB5_10OutputKeysNtNtCsgFl9GrjVdhr_8channels12channel_keys11ChannelKeys13channel_names
FNDA:0,_RNvXsf_NtNtCsdbeOE2piyzc_17block_macros_test7execute16state_only_stateNtB5_10OutputKeysNtNtCsgFl9GrjVdhr_8channels12channel_keys11ChannelKeys13channel_names
FNDA:0,_RNvXsf_NtNtCsdbeOE2piyzc_17block_macros_test7execute17input_only_outputNtB5_10OutputKeysNtNtCsgFl9GrjVdhr_8channels12channel_keys11ChannelKeys13channel_names
FNDA:0,_RNvXsf_NtNtCsdbeOE2piyzc_17block_macros_test7execute17self_only_intentsNtB5_10OutputKeysNtNtCsgFl9GrjVdhr_8channels12channel_keys11ChannelKeys13channel_names
FNDA:0,_RNvXsf_NtNtCsdbeOE2piyzc_17block_macros_test7execute17state_only_outputNtB5_10OutputKeysNtNtCsgFl9GrjVdhr_8channels12channel_keys11ChannelKeys13channel_names
FNDA:0,_RNvXsf_NtNtCsdbeOE2piyzc_17block_macros_test7execute18context_only_stateNtB5_10OutputKeysNtNtCsgFl9GrjVdhr_8channels12channel_keys11ChannelKeys13channel_names
FNDA:0,_RNvXsf_NtNtCsdbeOE2piyzc_17block_macros_test7execute18input_only_intentsNtB5_10OutputKeysNtNtCsgFl9GrjVdhr_8channels12channel_keys11ChannelKeys13channel_names
FNDA:0,_RNvXsf_NtNtCsdbeOE2piyzc_17block_macros_test7execute18state_only_intentsNtB5_10OutputKeysNtNtCsgFl9GrjVdhr_8channels12channel_keys11ChannelKeys13channel_names
FNDA:0,_RNvXsf_NtNtCsdbeOE2piyzc_17block_macros_test7execute19context_only_outputNtB5_10OutputKeysNtNtCsgFl9GrjVdhr_8channels12channel_keys11ChannelKeys13channel_names
FNDA:0,_RNvXsf_NtNtCsdbeOE2piyzc_17block_macros_test7execute19self_only_no_returnNtB5_10OutputKeysNtNtCsgFl9GrjVdhr_8channels12channel_keys11ChannelKeys13channel_names
FNDA:0,_RNvXsf_NtNtCsdbeOE2piyzc_17block_macros_test7execute20context_input_outputNtB5_10OutputKeysNtNtCsgFl9GrjVdhr_8channels12channel_keys11ChannelKeys13channel_names
FNDA:0,_RNvXsf_NtNtCsdbeOE2piyzc_17block_macros_test7execute20context_only_intentsNtB5_10OutputKeysNtNtCsgFl9GrjVdhr_8channels12channel_keys11ChannelKeys13channel_names
FNDA:0,_RNvXsf_NtNtCsdbeOE2piyzc_17block_macros_test7execute20input_only_no_returnNtB5_10OutputKeysNtNtCsgFl9GrjVdhr_8channels12channel_keys11ChannelKeys13channel_names
FNDA:0,_RNvXsf_NtNtCsdbeOE2piyzc_17block_macros_test7execute20self_only_full_tupleNtB5_10OutputKeysNtNtCsgFl9GrjVdhr_8channels12channel_keys11ChannelKeys13channel_names
FNDA:0,_RNvXsf_NtNtCsdbeOE2piyzc_17block_macros_test7execute20state_only_no_returnNtB5_10OutputKeysNtNtCsgFl9GrjVdhr_8channels12channel_keys11ChannelKeys13channel_names
FNDA:0,_RNvXsf_NtNtCsdbeOE2piyzc_17block_macros_test7execute21input_only_full_tupleNtB5_10OutputKeysNtNtCsgFl9GrjVdhr_8channels12channel_keys11ChannelKeys13channel_names
FNDA:0,_RNvXsf_NtNtCsdbeOE2piyzc_17block_macros_test7execute21input_state_no_returnNtB5_10OutputKeysNtNtCsgFl9GrjVdhr_8channels12channel_keys11ChannelKeys13channel_names
FNDA:0,_RNvXsf_NtNtCsdbeOE2piyzc_17block_macros_test7execute21self_only_unit_returnNtB5_10OutputKeysNtNtCsgFl9GrjVdhr_8channels12channel_keys11ChannelKeys13channel_names
FNDA:0,_RNvXsf_NtNtCsdbeOE2piyzc_17block_macros_test7execute21state_only_full_tupleNtB5_10OutputKeysNtNtCsgFl9GrjVdhr_8channels12channel_keys11ChannelKeys13channel_names
FNDA:0,_RNvXsf_NtNtCsdbeOE2piyzc_17block_macros_test7execute22context_only_no_returnNtB5_10OutputKeysNtNtCsgFl9GrjVdhr_8channels12channel_keys11ChannelKeys13channel_names
FNDA:0,_RNvXsf_NtNtCsdbeOE2piyzc_17block_macros_test7execute22input_only_unit_returnNtB5_10OutputKeysNtNtCsgFl9GrjVdhr_8channels12channel_keys11ChannelKeys13channel_names
FNDA:0,_RNvXsf_NtNtCsdbeOE2piyzc_17block_macros_test7execute22self_only_output_stateNtB5_10OutputKeysNtNtCsgFl9GrjVdhr_8channels12channel_keys11ChannelKeys13channel_names
FNDA:0,_RNvXsf_NtNtCsdbeOE2piyzc_17block_macros_test7execute22state_only_unit_returnNtB5_10OutputKeysNtNtCsgFl9GrjVdhr_8channels12channel_keys11ChannelKeys13channel_names
FNDA:0,_RNvXsf_NtNtCsdbeOE2piyzc_17block_macros_test7execute23context_input_no_returnNtB5_10OutputKeysNtNtCsgFl9GrjVdhr_8channels12channel_keys11ChannelKeys13channel_names
FNDA:0,_RNvXsf_NtNtCsdbeOE2piyzc_17block_macros_test7execute23context_only_full_tupleNtB5_10OutputKeysNtNtCsgFl9GrjVdhr_8channels12channel_keys11ChannelKeys13channel_names
FNDA:0,_RNvXsf_NtNtCsdbeOE2piyzc_17block_macros_test7execute23context_state_no_returnNtB5_10OutputKeysNtNtCsgFl9GrjVdhr_8channels12channel_keys11ChannelKeys13channel_names
FNDA:0,_RNvXsf_NtNtCsdbeOE2piyzc_17block_macros_test7execute23input_only_output_stateNtB5_10OutputKeysNtNtCsgFl9GrjVdhr_8channels12channel_keys11ChannelKeys13channel_names
FNDA:0,_RNvXsf_NtNtCsdbeOE2piyzc_17block_macros_test7execute23self_only_state_intentsNtB5_10OutputKeysNtNtCsgFl9GrjVdhr_8channels12channel_keys11ChannelKeys13channel_names
FNDA:0,_RNvXsf_NtNtCsdbeOE2piyzc_17block_macros_test7execute23state_only_output_stateNtB5_10OutputKeysNtNtCsgFl9GrjVdhr_8channels12channel_keys11ChannelKeys13channel_names
FNDA:0,_RNvXsf_NtNtCsdbeOE2piyzc_17block_macros_test7execute24context_only_unit_returnNtB5_10OutputKeysNtNtCsgFl9GrjVdhr_8channels12channel_keys11ChannelKeys13channel_names
FNDA:0,_RNvXsf_NtNtCsdbeOE2piyzc_17block_macros_test7execute24input_only_state_intentsNtB5_10OutputKeysNtNtCsgFl9GrjVdhr_8channels12channel_keys11ChannelKeys13channel_names
FNDA:0,_RNvXsf_NtNtCsdbeOE2piyzc_17block_macros_test7execute24self_only_output_intentsNtB5_10OutputKeysNtNtCsgFl9GrjVdhr_8channels12channel_keys11ChannelKeys13channel_names
FNDA:0,_RNvXsf_NtNtCsdbeOE2piyzc_17block_macros_test7execute24state_only_state_intentsNtB5_10OutputKeysNtNtCsgFl9GrjVdhr_8channels12channel_keys11ChannelKeys13channel_names
FNDA:0,_RNvXsf_NtNtCsdbeOE2piyzc_17block_macros_test7execute25context_only_output_stateNtB5_10OutputKeysNtNtCsgFl9GrjVdhr_8channels12channel_keys11ChannelKeys13channel_names
FNDA:0,_RNvXsf_NtNtCsdbeOE2piyzc_17block_macros_test7execute25input_only_output_intentsNtB5_10OutputKeysNtNtCsgFl9GrjVdhr_8channels12channel_keys11ChannelKeys13channel_names
FNDA:0,_RNvXsf_NtNtCsdbeOE2piyzc_17block_macros_test7execute25state_only_output_intentsNtB5_10OutputKeysNtNtCsgFl9GrjVdhr_8channels12channel_keys11ChannelKeys13channel_names
FNDA:0,_RNvXsf_NtNtCsdbeOE2piyzc_17block_macros_test7execute26context_only_state_intentsNtB5_10OutputKeysNtNtCsgFl9GrjVdhr_8channels12channel_keys11ChannelKeys13channel_names
FNDA:0,_RNvXsf_NtNtCsdbeOE2piyzc_17block_macros_test7execute27context_only_output_intentsNtB5_10OutputKeysNtNtCsgFl9GrjVdhr_8channels12channel_keys11ChannelKeys13channel_names
FNDA:0,_RNvXsf_NtNtCsdbeOE2piyzc_17block_macros_test7execute28self_only_option_output_noneNtB5_10OutputKeysNtNtCsgFl9GrjVdhr_8channels12channel_keys11ChannelKeys13channel_names
FNDA:0,_RNvXsf_NtNtCsdbeOE2piyzc_17block_macros_test7execute28self_only_option_output_someNtB5_10OutputKeysNtNtCsgFl9GrjVdhr_8channels12channel_keys11ChannelKeys13channel_names
FNDA:0,_RNvXsf_NtNtCsdbeOE2piyzc_17block_macros_test7execute29context_input_state_no_returnNtB5_10OutputKeysNtNtCsgFl9GrjVdhr_8channels12channel_keys11ChannelKeys13channel_names
FNDA:0,_RNvXsf_NtNtCsdbeOE2piyzc_17block_macros_test7execute30context_input_state_full_tupleNtB5_10OutputKeysNtNtCsgFl9GrjVdhr_8channels12channel_keys11ChannelKeys13channel_names
FNDA:0,_RNvXsf_NtNtCsdbeOE2piyzc_17block_macros_test7execute32self_only_option_full_tuple_noneNtB5_10OutputKeysNtNtCsgFl9GrjVdhr_8channels12channel_keys11ChannelKeys13channel_names
FNDA:0,_RNvXsf_NtNtCsdbeOE2piyzc_17block_macros_test7execute32self_only_option_full_tuple_someNtB5_10OutputKeysNtNtCsgFl9GrjVdhr_8channels12channel_keys11ChannelKeys13channel_names
FNDA:0,_RNvXsf_NtNtCsdbeOE2piyzc_17block_macros_test7execute34self_only_option_output_state_noneNtB5_10OutputKeysNtNtCsgFl9GrjVdhr_8channels12channel_keys11ChannelKeys13channel_names
FNDA:0,_RNvXsf_NtNtCsdbeOE2piyzc_17block_macros_test7execute34self_only_option_output_state_someNtB5_10OutputKeysNtNtCsgFl9GrjVdhr_8channels12channel_keys11ChannelKeys13channel_names
FNDA:1,_RNvNtNtCsdbeOE2piyzc_17block_macros_test7execute22input_only_unit_returns_35test_context_input_output_execution
FNDA:1,_RNvNtNtCsdbeOE2piyzc_17block_macros_test7execute23self_only_state_intentss_35test_context_input_output_execution
FNDA:1,_RNCNvMNtNtCsdbeOE2piyzc_17block_macros_test7execute16input_only_stateNtB4_10DummyBlock7execute0B8_
FNDA:1,_RNCNvMNtNtCsdbeOE2piyzc_17block_macros_test7execute23input_only_output_stateNtB4_10DummyBlock7execute0B8_
FNDA:1,_RNCNvMNtNtCsdbeOE2piyzc_17block_macros_test7execute21input_only_full_tupleNtB4_10DummyBlock7execute0B8_
FNDA:1,_RNCNvMNtNtCsdbeOE2piyzc_17block_macros_test7execute20self_only_full_tupleNtB4_10DummyBlock7execute0B8_
FNDA:1,_RNvNtNtCsdbeOE2piyzc_17block_macros_test7execute29context_input_state_no_returns_35test_context_input_output_execution
FNDA:1,_RNvNtNtCsdbeOE2piyzc_17block_macros_test7execute20input_only_no_returns_35test_context_input_output_execution
FNDA:1,_RNCNvMNtNtCsdbeOE2piyzc_17block_macros_test7execute25input_only_output_intentsNtB4_10DummyBlock7execute0B8_
FNDA:1,_RNvNtNtCsdbeOE2piyzc_17block_macros_test7execute21input_only_full_tuples_35test_context_input_output_execution
FNDA:1,_RNCNvMNtNtCsdbeOE2piyzc_17block_macros_test7execute15self_only_stateNtB4_10DummyBlock7execute0B8_
FNDA:1,_RNCNvMNtNtCsdbeOE2piyzc_17block_macros_test7execute32self_only_option_full_tuple_someNtB4_10DummyBlock7execute0B8_
FNDA:1,_RNvNtNtCsdbeOE2piyzc_17block_macros_test7execute24state_only_state_intentss_35test_context_input_output_execution
FNDA:1,_RNvNtNtCsdbeOE2piyzc_17block_macros_test7execute20state_only_no_returns_35test_context_input_output_execution
FNDA:1,_RNCNvMNtNtCsdbeOE2piyzc_17block_macros_test7execute25state_only_output_intentsNtB4_10DummyBlock7execute0B8_
FNDA:1,_RNvNtNtCsdbeOE2piyzc_17block_macros_test7execute18state_only_intentss_35test_context_input_output_execution
FNDA:1,_RNvNtNtCsdbeOE2piyzc_17block_macros_test7execute22self_only_output_states_35test_context_input_output_execution
FNDA:1,_RNvNtNtCsdbeOE2piyzc_17block_macros_test7execute34self_only_option_output_state_somes_35test_context_input_output_execution
FNDA:1,_RNCNvMNtNtCsdbeOE2piyzc_17block_macros_test7execute22self_only_output_stateNtB4_10DummyBlock7execute0B8_
FNDA:1,_RNCNvMNtNtCsdbeOE2piyzc_17block_macros_test7execute23context_state_no_returnNtB4_10DummyBlock7execute0B8_
FNDA:1,_RNCNvMNtNtCsdbeOE2piyzc_17block_macros_test7execute24self_only_output_intentsNtB4_10DummyBlock7execute0B8_
FNDA:1,_RNvNtNtCsdbeOE2piyzc_17block_macros_test7execute16self_only_outputs_35test_context_input_output_execution
FNDA:1,_RNvNtNtCsdbeOE2piyzc_17block_macros_test7execute21self_only_unit_returns_35test_context_input_output_execution
FNDA:1,_RNvNtNtCsdbeOE2piyzc_17block_macros_test7execute17state_only_outputs_35test_context_input_output_execution
FNDA:1,_RNCNvMNtNtCsdbeOE2piyzc_17block_macros_test7execute28self_only_option_output_someNtB4_10DummyBlock7execute0B8_
FNDA:1,_RNvNtNtCsdbeOE2piyzc_17block_macros_test7execute18input_only_intentss_35test_context_input_output_execution
FNDA:1,_RNvNtNtCsdbeOE2piyzc_17block_macros_test7execute24self_only_output_intentss_35test_context_input_output_execution
FNDA:1,_RNCNvMNtNtCsdbeOE2piyzc_17block_macros_test7execute23self_only_state_intentsNtB4_10DummyBlock7execute0B8_
FNDA:1,_RNvNtNtCsdbeOE2piyzc_17block_macros_test7execute20context_input_outputs_35test_context_input_output_execution
FNDA:1,_RNCNvMNtNtCsdbeOE2piyzc_17block_macros_test7execute18context_only_stateNtB4_10DummyBlock7execute0B8_
FNDA:1,_RNvNtNtCsdbeOE2piyzc_17block_macros_test7execute25context_only_output_states_35test_context_input_output_execution
FNDA:1,_RNCNvMNtNtCsdbeOE2piyzc_17block_macros_test7execute17state_only_outputNtB4_10DummyBlock7execute0B8_
FNDA:1,_RNvNtNtCsdbeOE2piyzc_17block_macros_test7execute23context_only_full_tuples_35test_context_input_output_execution
FNDA:1,_RNCNvMNtNtCsdbeOE2piyzc_17block_macros_test7execute29context_input_state_no_returnNtB4_10DummyBlock7execute0B8_
FNDA:1,_RNvNtNtCsdbeOE2piyzc_17block_macros_test7execute26context_only_state_intentss_35test_context_input_output_execution
FNDA:1,_RNCNvMNtNtCsdbeOE2piyzc_17block_macros_test7execute16state_only_stateNtB4_10DummyBlock7execute0B8_
FNDA:1,_RNCNvMNtNtCsdbeOE2piyzc_17block_macros_test7execute19context_only_outputNtB4_10DummyBlock7execute0B8_
FNDA:1,_RNCNvMNtNtCsdbeOE2piyzc_17block_macros_test7execute25context_only_output_stateNtB4_10DummyBlock7execute0B8_
FNDA:1,_RNCNvMNtNtCsdbeOE2piyzc_17block_macros_test7execute16self_only_outputNtB4_10DummyBlock7execute0B8_
FNDA:1,_RNvNtNtCsdbeOE2piyzc_17block_macros_test7execute18context_only_states_35test_context_input_output_execution
FNDA:1,_RNCNvMNtNtCsdbeOE2piyzc_17block_macros_test7execute34self_only_option_output_state_noneNtB4_10DummyBlock7execute0B8_
FNDA:1,_RNvNtNtCsdbeOE2piyzc_17block_macros_test7execute19context_only_outputs_35test_context_input_output_execution
FNDA:1,_RNvNtNtCsdbeOE2piyzc_17block_macros_test7execute23context_state_no_returns_35test_context_input_output_execution
FNDA:1,_RNvNtNtCsdbeOE2piyzc_17block_macros_test7execute24context_only_unit_returns_35test_context_input_output_execution
FNDA:1,_RNCNvMNtNtCsdbeOE2piyzc_17block_macros_test7execute28self_only_option_output_noneNtB4_10DummyBlock7execute0B8_
FNDA:1,_RNvNtNtCsdbeOE2piyzc_17block_macros_test7execute22state_only_unit_returns_35test_context_input_output_execution
FNDA:1,_RNCNvMNtNtCsdbeOE2piyzc_17block_macros_test7execute21input_state_no_returnNtB4_10DummyBlock7execute0B8_
FNDA:1,_RNCNvMNtNtCsdbeOE2piyzc_17block_macros_test7execute17input_only_outputNtB4_10DummyBlock7execute0B8_
FNDA:1,_RNCNvMNtNtCsdbeOE2piyzc_17block_macros_test7execute23state_only_output_stateNtB4_10DummyBlock7execute0B8_
FNDA:1,_RNvNtNtCsdbeOE2piyzc_17block_macros_test7execute16state_only_states_35test_context_input_output_execution
FNF:136
FNH:88
DA:7,0
DA:18,1
DA:19,1
DA:20,1
DA:21,1
DA:22,1
DA:27,0
DA:38,1
DA:39,1
DA:40,1
DA:41,1
DA:42,1
DA:47,0
DA:54,1
DA:55,1
DA:60,1
DA:61,1
DA:62,1
DA:63,1
DA:64,1
DA:69,0
DA:76,1
DA:77,1
DA:82,1
DA:83,1
DA:84,1
DA:85,1
DA:86,1
DA:93,0
DA:100,1
DA:101,1
DA:106,1
DA:107,1
DA:108,1
DA:109,1
DA:110,1
DA:115,0
DA:122,1
DA:123,1
DA:128,1
DA:129,1
DA:130,1
DA:131,1
DA:132,1
DA:137,0
DA:144,1
DA:145,1
DA:150,1
DA:151,1
DA:152,1
DA:153,1
DA:154,1
DA:159,0
DA:166,1
DA:167,1
DA:172,1
DA:173,1
DA:174,1
DA:175,1
DA:176,1
DA:181,0
DA:188,1
DA:189,1
DA:194,1
DA:195,1
DA:196,1
DA:197,1
DA:198,1
DA:203,0
DA:210,1
DA:211,1
DA:216,1
DA:217,1
DA:218,1
DA:219,1
DA:220,1
DA:225,0
DA:232,1
DA:233,1
DA:238,1
DA:239,1
DA:240,1
DA:241,1
DA:242,1
DA:247,0
DA:254,1
DA:255,1
DA:260,1
DA:261,1
DA:262,1
DA:263,1
DA:264,1
DA:269,0
DA:276,1
DA:277,1
DA:282,1
DA:283,1
DA:284,1
DA:285,1
DA:286,1
DA:291,0
DA:298,1
DA:299,1
DA:304,1
DA:305,1
DA:306,1
DA:307,1
DA:308,1
DA:313,0
DA:320,1
DA:321,1
DA:326,1
DA:327,1
DA:328,1
DA:329,1
DA:330,1
DA:365,0
DA:378,1
DA:379,1
DA:380,1
DA:381,1
DA:382,1
DA:387,0
DA:400,1
DA:401,1
DA:402,1
DA:403,1
DA:404,1
DA:409,0
DA:416,1
DA:418,1
DA:423,1
DA:424,1
DA:425,1
DA:426,1
DA:427,1
DA:432,0
DA:439,1
DA:441,1
DA:446,1
DA:447,1
DA:448,1
DA:449,1
DA:450,1
DA:455,0
DA:462,1
DA:464,1
DA:469,1
DA:470,1
DA:471,1
DA:472,1
DA:473,1
DA:478,0
DA:485,1
DA:487,1
DA:492,1
DA:493,1
DA:494,1
DA:495,1
DA:496,1
DA:501,0
DA:508,1
DA:510,1
DA:515,1
DA:516,1
DA:517,1
DA:518,1
DA:519,1
DA:524,0
DA:531,1
DA:533,1
DA:538,1
DA:539,1
DA:540,1
DA:541,1
DA:542,1
DA:547,0
DA:554,1
DA:556,1
DA:561,1
DA:562,1
DA:563,1
DA:564,1
DA:565,1
DA:600,0
DA:613,1
DA:614,1
DA:615,1
DA:616,1
DA:617,1
DA:622,0
DA:635,1
DA:636,1
DA:637,1
DA:638,1
DA:639,1
DA:644,0
DA:651,1
DA:653,1
DA:658,1
DA:659,1
DA:660,1
DA:661,1
DA:662,1
DA:667,0
DA:674,1
DA:676,1
DA:681,1
DA:682,1
DA:683,1
DA:684,1
DA:685,1
DA:690,0
DA:697,1
DA:699,1
DA:704,1
DA:705,1
DA:706,1
DA:707,1
DA:708,1
DA:713,0
DA:720,1
DA:722,1
DA:727,1
DA:728,1
DA:729,1
DA:730,1
DA:731,1
DA:736,0
DA:743,1
DA:745,1
DA:750,1
DA:751,1
DA:752,1
DA:753,1
DA:754,1
DA:759,0
DA:766,1
DA:768,1
DA:773,1
DA:774,1
DA:775,1
DA:776,1
DA:777,1
DA:782,0
DA:789,1
DA:791,1
DA:796,1
DA:797,1
DA:798,1
DA:799,1
DA:800,1
DA:835,0
DA:848,1
DA:849,1
DA:850,1
DA:851,1
DA:852,1
DA:857,0
DA:870,1
DA:871,1
DA:872,1
DA:873,1
DA:874,1
DA:879,0
DA:886,1
DA:888,1
DA:893,1
DA:894,1
DA:895,1
DA:896,1
DA:897,1
DA:902,0
DA:909,1
DA:911,1
DA:916,1
DA:917,1
DA:918,1
DA:919,1
DA:920,1
DA:925,0
DA:932,1
DA:934,1
DA:939,1
DA:940,1
DA:941,1
DA:942,1
DA:943,1
DA:948,0
DA:955,1
DA:957,1
DA:962,1
DA:963,1
DA:964,1
DA:965,1
DA:966,1
DA:971,0
DA:978,1
DA:980,1
DA:985,1
DA:986,1
DA:987,1
DA:988,1
DA:989,1
DA:994,0
DA:1001,1
DA:1003,1
DA:1008,1
DA:1009,1
DA:1010,1
DA:1011,1
DA:1012,1
DA:1017,0
DA:1024,1
DA:1026,1
DA:1031,1
DA:1032,1
DA:1033,1
DA:1034,1
DA:1035,1
DA:1070,0
DA:1077,1
DA:1078,1
DA:1083,1
DA:1084,1
DA:1085,1
DA:1086,1
DA:1087,1
DA:1092,0
DA:1099,1
DA:1100,1
DA:1101,1
DA:1106,1
DA:1107,1
DA:1108,1
DA:1109,1
DA:1110,1
DA:1115,0
DA:1122,1
DA:1123,1
DA:1128,1
DA:1129,1
DA:1130,1
DA:1131,1
DA:1132,1
DA:1137,0
DA:1144,1
DA:1145,1
DA:1150,1
DA:1151,1
DA:1152,1
DA:1153,1
DA:1154,1
DA:1159,0
DA:1166,1
DA:1167,1
DA:1172,1
DA:1173,1
DA:1174,1
DA:1175,1
DA:1176,1
DA:1181,0
DA:1193,1
DA:1194,1
DA:1195,1
DA:1200,1
DA:1201,1
DA:1202,1
DA:1203,1
DA:1204,1
BRF:0
BRH:0
LF:370
LH:322
end_of_record
SF:/Users/mailund/Code/block-flow/test-crates/block-macros-test/src/init_params.rs
FN:4,_RNvNtCsdbeOE2piyzc_17block_macros_test11init_paramss_44init_params_contract_deps_collects_and_skips
FN:79,_RNvNtNvNtCsdbeOE2piyzc_17block_macros_test11init_paramss_44init_params_contract_deps_collects_and_skips20case_fully_qualified3run
FN:28,_RNvNtNvNtCsdbeOE2piyzc_17block_macros_test11init_paramss_44init_params_contract_deps_collects_and_skips21case_trade_types_glob3run
FNDA:1,_RNvNtCsdbeOE2piyzc_17block_macros_test11init_paramss_44init_params_contract_deps_collects_and_skips
FNDA:1,_RNvNtNvNtCsdbeOE2piyzc_17block_macros_test11init_paramss_44init_params_contract_deps_collects_and_skips20case_fully_qualified3run
FNDA:1,_RNvNtNvNtCsdbeOE2piyzc_17block_macros_test11init_paramss_44init_params_contract_deps_collects_and_skips21case_trade_types_glob3run
FNF:3
FNH:3
DA:4,1
DA:28,1
DA:29,1
DA:30,1
DA:31,1
DA:32,1
DA:33,1
DA:34,1
DA:35,1
DA:36,1
DA:37,1
DA:38,1
DA:40,1
DA:41,1
DA:42,1
DA:43,1
DA:44,1
DA:45,1
DA:46,1
DA:47,1
DA:48,1
DA:49,1
DA:50,1
DA:52,1
DA:53,1
DA:54,1
DA:79,1
DA:80,1
DA:81,1
DA:82,1
DA:83,1
DA:84,1
DA:85,1
DA:86,1
DA:87,1
DA:88,1
DA:89,1
DA:91,1
DA:92,1
DA:93,1
DA:94,1
DA:95,1
DA:96,1
DA:97,1
DA:98,1
DA:99,1
DA:100,1
DA:101,1
DA:103,1
DA:104,1
DA:105,1
DA:108,1
DA:109,1
DA:110,1
BRF:0
BRH:0
LF:54
LH:54
end_of_record
SF:/Users/mailund/Code/block-flow/test-crates/weave-test/src/lib.rs
FN:11,_RNvNtCs2au5a8hxEmw_10weave_test5testss_28weave_after_and_simple_order
FNDA:1,_RNvNtCs2au5a8hxEmw_10weave_test5testss_28weave_after_and_simple_order
FNF:1
FNH:1
DA:11,1
DA:12,1
DA:13,1
DA:14,1
DA:15,1
DA:16,1
DA:17,1
DA:18,1
DA:20,1
DA:21,1
DA:22,1
DA:23,1
DA:24,1
DA:25,1
DA:26,1
DA:27,1
DA:28,1
DA:29,1
DA:30,1
DA:31,1
DA:32,1
DA:33,1
DA:34,1
DA:35,1
DA:36,1
DA:37,1
DA:38,0
DA:40,1
DA:41,1
DA:42,1
BRF:0
BRH:0
LF:30
LH:29
end_of_record