SF:/Users/mailund/Code/block-flow/block_traits/src/lib.rs
FN:358,_RNvMCs3FQjPBqKN2B_12block_traitsINtB2_12WrappedBlockpE3newB2_
FN:376,_RNvXINICs3FQjPBqKN2B_12block_traitss_0pEINtB5_12WrappedBlockpENtB5_5Block7executeB5_
FN:294,_RNvYpNtCs3FQjPBqKN2B_12block_traits9BlockSpec16declare_and_wireB5_
FN:257,_RNvYpNtCs3FQjPBqKN2B_12block_traits9BlockSpec16register_outputsB5_
FN:268,_RNvYpNtCs3FQjPBqKN2B_12block_traits9BlockSpec4wireB5_
FNDA:0,_RNvMCs3FQjPBqKN2B_12block_traitsINtB2_12WrappedBlockpE3newB2_
FNDA:0,_RNvXINICs3FQjPBqKN2B_12block_traitss_0pEINtB5_12WrappedBlockpENtB5_5Block7executeB5_
FNDA:0,_RNvYpNtCs3FQjPBqKN2B_12block_traits9BlockSpec16declare_and_wireB5_
FNDA:0,_RNvYpNtCs3FQjPBqKN2B_12block_traits9BlockSpec16register_outputsB5_
FNDA:0,_RNvYpNtCs3FQjPBqKN2B_12block_traits9BlockSpec4wireB5_
FNF:5
FNH:0
DA:257,0
DA:258,0
DA:259,0
DA:260,0
DA:261,0
DA:262,0
DA:263,0
DA:265,0
DA:268,0
DA:269,0
DA:270,0
DA:271,0
DA:272,0
DA:273,0
DA:274,0
DA:275,0
DA:280,0
DA:281,0
DA:283,0
DA:285,0
DA:286,0
DA:287,0
DA:288,0
DA:289,0
DA:290,0
DA:291,0
DA:294,0
DA:295,0
DA:296,0
DA:297,0
DA:298,0
DA:299,0
DA:300,0
DA:301,0
DA:303,0
DA:304,0
DA:305,0
DA:358,0
DA:359,0
DA:360,0
DA:361,0
DA:362,0
DA:363,0
DA:364,0
DA:365,0
DA:366,0
DA:367,0
DA:368,0
DA:369,0
DA:370,0
DA:371,0
DA:372,0
DA:376,0
DA:378,0
DA:379,0
DA:380,0
DA:381,0
DA:382,0
BRF:0
BRH:0
LF:58
LH:0
end_of_record
