SF:/Users/mailund/Code/block-flow/block-macros/src/block.rs
FN:55,_RNCNvNtCs53OBr2X2p0y_12block_macros5block10block_impl0B5_
FN:57,_RNCNvNtCs53OBr2X2p0y_12block_macros5block10block_impls0_0B5_
FN:58,_RNCNvNtCs53OBr2X2p0y_12block_macros5block10block_impls1_0B5_
FN:60,_RNCNvNtCs53OBr2X2p0y_12block_macros5block10block_impls2_0B5_
FN:56,_RNCNvNtCs53OBr2X2p0y_12block_macros5block10block_impls_0B5_
FN:5,_RNvNtCs53OBr2X2p0y_12block_macros5block10block_impl
FN:55,_RNCNvNtCscRHNzOhEHoh_12block_macros5block10block_impl0B5_
FN:57,_RNCNvNtCscRHNzOhEHoh_12block_macros5block10block_impls0_0B5_
FN:58,_RNCNvNtCscRHNzOhEHoh_12block_macros5block10block_impls1_0B5_
FN:60,_RNCNvNtCscRHNzOhEHoh_12block_macros5block10block_impls2_0B5_
FN:56,_RNCNvNtCscRHNzOhEHoh_12block_macros5block10block_impls_0B5_
FN:5,_RNvNtCscRHNzOhEHoh_12block_macros5block10block_impl
FNDA:0,_RNCNvNtCs53OBr2X2p0y_12block_macros5block10block_impl0B5_
FNDA:0,_RNCNvNtCs53OBr2X2p0y_12block_macros5block10block_impls0_0B5_
FNDA:0,_RNCNvNtCs53OBr2X2p0y_12block_macros5block10block_impls1_0B5_
FNDA:0,_RNCNvNtCs53OBr2X2p0y_12block_macros5block10block_impls2_0B5_
FNDA:0,_RNCNvNtCs53OBr2X2p0y_12block_macros5block10block_impls_0B5_
FNDA:0,_RNvNtCs53OBr2X2p0y_12block_macros5block10block_impl
FNDA:6,_RNCNvNtCscRHNzOhEHoh_12block_macros5block10block_impl0B5_
FNDA:6,_RNCNvNtCscRHNzOhEHoh_12block_macros5block10block_impls0_0B5_
FNDA:6,_RNCNvNtCscRHNzOhEHoh_12block_macros5block10block_impls1_0B5_
FNDA:4,_RNCNvNtCscRHNzOhEHoh_12block_macros5block10block_impls2_0B5_
FNDA:6,_RNCNvNtCscRHNzOhEHoh_12block_macros5block10block_impls_0B5_
FNDA:6,_RNvNtCscRHNzOhEHoh_12block_macros5block10block_impl
FNF:6
FNH:6
DA:5,6
DA:6,6
DA:7,6
DA:9,6
DA:10,6
DA:11,6
DA:12,6
DA:13,6
DA:16,6
DA:18,2
DA:19,2
DA:21,4
DA:22,2
DA:23,2
DA:26,2
DA:27,0
DA:28,0
DA:29,0
DA:30,0
DA:31,0
DA:32,0
DA:33,0
DA:34,0
DA:35,0
DA:36,0
DA:38,0
DA:40,2
DA:41,2
DA:42,2
DA:43,2
DA:44,2
DA:45,2
DA:46,0
DA:48,0
DA:50,0
DA:52,4
DA:55,6
DA:56,6
DA:57,6
DA:58,6
DA:59,6
DA:60,6
DA:62,6
DA:75,6
DA:76,6
BRF:0
BRH:0
LF:50
LH:36
end_of_record
SF:/Users/mailund/Code/block-flow/block-macros/src/execute.rs
FN:13,_RNCNvNtCs53OBr2X2p0y_12block_macros7execute12execute_impl0B5_
FN:206,_RNCNvNtCs53OBr2X2p0y_12block_macros7execute15is_last_segment0B5_
FN:224,_RNvNtCs53OBr2X2p0y_12block_macros7execute10is_intents
FN:5,_RNvNtCs53OBr2X2p0y_12block_macros7execute12execute_impl
FN:212,_RNvNtCs53OBr2X2p0y_12block_macros7execute13is_ident_type
FN:200,_RNvNtCs53OBr2X2p0y_12block_macros7execute15is_last_segment
FN:220,_RNvNtCs53OBr2X2p0y_12block_macros7execute8is_state
FN:216,_RNvNtCs53OBr2X2p0y_12block_macros7execute9is_output
FN:195,_RNvNtCs53OBr2X2p0y_12block_macros7execute9is_ref_to
FN:224,_RNvNtCscRHNzOhEHoh_12block_macros7execute10is_intents
FN:5,_RNvNtCscRHNzOhEHoh_12block_macros7execute12execute_impl
FN:212,_RNvNtCscRHNzOhEHoh_12block_macros7execute13is_ident_type
FN:200,_RNvNtCscRHNzOhEHoh_12block_macros7execute15is_last_segment
FN:220,_RNvNtCscRHNzOhEHoh_12block_macros7execute8is_state
FN:216,_RNvNtCscRHNzOhEHoh_12block_macros7execute9is_output
FN:195,_RNvNtCscRHNzOhEHoh_12block_macros7execute9is_ref_to
FN:13,_RNCNvNtCscRHNzOhEHoh_12block_macros7execute12execute_impl0B5_
FN:206,_RNCNvNtCscRHNzOhEHoh_12block_macros7execute15is_last_segment0B5_
FNDA:0,_RNCNvNtCs53OBr2X2p0y_12block_macros7execute12execute_impl0B5_
FNDA:0,_RNCNvNtCs53OBr2X2p0y_12block_macros7execute15is_last_segment0B5_
FNDA:0,_RNvNtCs53OBr2X2p0y_12block_macros7execute10is_intents
FNDA:0,_RNvNtCs53OBr2X2p0y_12block_macros7execute12execute_impl
FNDA:0,_RNvNtCs53OBr2X2p0y_12block_macros7execute13is_ident_type
FNDA:0,_RNvNtCs53OBr2X2p0y_12block_macros7execute15is_last_segment
FNDA:0,_RNvNtCs53OBr2X2p0y_12block_macros7execute8is_state
FNDA:0,_RNvNtCs53OBr2X2p0y_12block_macros7execute9is_output
FNDA:0,_RNvNtCs53OBr2X2p0y_12block_macros7execute9is_ref_to
FNDA:2,_RNvNtCscRHNzOhEHoh_12block_macros7execute10is_intents
FNDA:6,_RNvNtCscRHNzOhEHoh_12block_macros7execute12execute_impl
FNDA:4,_RNvNtCscRHNzOhEHoh_12block_macros7execute13is_ident_type
FNDA:14,_RNvNtCscRHNzOhEHoh_12block_macros7execute15is_last_segment
FNDA:2,_RNvNtCscRHNzOhEHoh_12block_macros7execute8is_state
FNDA:4,_RNvNtCscRHNzOhEHoh_12block_macros7execute9is_output
FNDA:6,_RNvNtCscRHNzOhEHoh_12block_macros7execute9is_ref_to
FNDA:6,_RNCNvNtCscRHNzOhEHoh_12block_macros7execute12execute_impl0B5_
FNDA:14,_RNCNvNtCscRHNzOhEHoh_12block_macros7execute15is_last_segment0B5_
FNF:9
FNH:9
DA:5,6
DA:6,6
DA:9,6
DA:10,6
DA:13,6
DA:14,6
DA:15,0
DA:16,6
DA:17,6
DA:18,0
DA:19,0
DA:20,0
DA:21,0
DA:22,0
DA:23,0
DA:27,6
DA:28,6
DA:29,6
DA:31,12
DA:32,12
DA:33,6
DA:34,2
DA:35,4
DA:36,4
DA:37,4
DA:38,0
DA:39,0
DA:40,0
DA:41,0
DA:42,0
DA:43,0
DA:44,0
DA:45,0
DA:47,6
DA:51,6
DA:52,6
DA:55,6
DA:59,6
DA:60,6
DA:61,6
DA:64,6
DA:65,6
DA:66,6
DA:67,6
DA:68,6
DA:69,6
DA:70,6
DA:73,6
DA:82,6
DA:85,6
DA:88,2
DA:93,4
DA:94,4
DA:99,4
DA:100,2
DA:107,2
DA:108,0
DA:115,2
DA:116,2
DA:123,0
DA:124,0
DA:127,0
DA:128,0
DA:137,0
DA:138,0
DA:147,0
DA:148,0
DA:157,0
DA:158,0
DA:159,0
DA:160,0
DA:162,0
DA:171,0
DA:172,0
DA:173,0
DA:174,0
DA:175,0
DA:176,0
DA:179,0
DA:180,0
DA:181,0
DA:182,0
DA:183,0
DA:184,0
DA:190,6
DA:192,6
DA:193,6
DA:195,6
DA:196,2
DA:197,6
DA:200,14
DA:201,14
DA:202,14
DA:203,14
DA:204,14
DA:205,14
DA:206,14
DA:207,14
DA:208,0
DA:210,14
DA:212,4
DA:213,4
DA:214,4
DA:216,4
DA:217,4
DA:218,4
DA:220,2
DA:221,2
DA:222,2
DA:224,2
DA:225,2
DA:226,2
BRF:0
BRH:0
LF:114
LH:72
end_of_record
SF:/Users/mailund/Code/block-flow/block-macros/src/init_params.rs
FN:5,_RNvNtCs53OBr2X2p0y_12block_macros11init_params16init_params_impl
FN:5,_RNvNtCscRHNzOhEHoh_12block_macros11init_params16init_params_impl
FNDA:0,_RNvNtCs53OBr2X2p0y_12block_macros11init_params16init_params_impl
FNDA:6,_RNvNtCscRHNzOhEHoh_12block_macros11init_params16init_params_impl
FNF:1
FNH:1
DA:5,6
DA:6,6
DA:8,6
DA:13,6
DA:14,6
BRF:0
BRH:0
LF:5
LH:5
end_of_record
SF:/Users/mailund/Code/block-flow/block-macros/src/input.rs
FN:73,_RNCNvNtCs53OBr2X2p0y_12block_macros5input10input_impl0B5_
FN:80,_RNCNvNtCs53OBr2X2p0y_12block_macros5input10input_impls0_0B5_
FN:86,_RNCNvNtCs53OBr2X2p0y_12block_macros5input10input_impls1_0B5_
FN:92,_RNCNvNtCs53OBr2X2p0y_12block_macros5input10input_impls2_0B5_
FN:75,_RNCNvNtCs53OBr2X2p0y_12block_macros5input10input_impls_0B5_
FN:5,_RNvNtCs53OBr2X2p0y_12block_macros5input10input_impl
FN:5,_RNvNtCscRHNzOhEHoh_12block_macros5input10input_impl
FN:73,_RNCNvNtCscRHNzOhEHoh_12block_macros5input10input_impl0B5_
FN:80,_RNCNvNtCscRHNzOhEHoh_12block_macros5input10input_impls0_0B5_
FN:86,_RNCNvNtCscRHNzOhEHoh_12block_macros5input10input_impls1_0B5_
FN:92,_RNCNvNtCscRHNzOhEHoh_12block_macros5input10input_impls2_0B5_
FN:75,_RNCNvNtCscRHNzOhEHoh_12block_macros5input10input_impls_0B5_
FNDA:0,_RNCNvNtCs53OBr2X2p0y_12block_macros5input10input_impl0B5_
FNDA:0,_RNCNvNtCs53OBr2X2p0y_12block_macros5input10input_impls0_0B5_
FNDA:0,_RNCNvNtCs53OBr2X2p0y_12block_macros5input10input_impls1_0B5_
FNDA:0,_RNCNvNtCs53OBr2X2p0y_12block_macros5input10input_impls2_0B5_
FNDA:0,_RNCNvNtCs53OBr2X2p0y_12block_macros5input10input_impls_0B5_
FNDA:0,_RNvNtCs53OBr2X2p0y_12block_macros5input10input_impl
FNDA:6,_RNvNtCscRHNzOhEHoh_12block_macros5input10input_impl
FNDA:4,_RNCNvNtCscRHNzOhEHoh_12block_macros5input10input_impl0B5_
FNDA:4,_RNCNvNtCscRHNzOhEHoh_12block_macros5input10input_impls0_0B5_
FNDA:4,_RNCNvNtCscRHNzOhEHoh_12block_macros5input10input_impls1_0B5_
FNDA:4,_RNCNvNtCscRHNzOhEHoh_12block_macros5input10input_impls2_0B5_
FNDA:4,_RNCNvNtCscRHNzOhEHoh_12block_macros5input10input_impls_0B5_
FNF:6
FNH:6
DA:5,6
DA:6,6
DA:7,6
DA:9,6
DA:10,6
DA:11,6
DA:13,6
DA:14,6
DA:15,6
DA:18,6
DA:19,6
DA:20,4
DA:21,2
DA:22,0
DA:24,0
DA:28,6
DA:29,2
DA:68,2
DA:69,4
DA:72,4
DA:73,4
DA:75,4
DA:76,4
DA:77,4
DA:78,4
DA:80,4
DA:81,4
DA:82,4
DA:83,4
DA:84,4
DA:86,4
DA:87,4
DA:88,4
DA:89,4
DA:90,4
DA:92,4
DA:93,4
DA:94,4
DA:95,4
DA:97,4
DA:143,4
DA:144,6
BRF:0
BRH:0
LF:47
LH:45
end_of_record
SF:/Users/mailund/Code/block-flow/block-macros/src/lib.rs
FN:32,_RNvCs53OBr2X2p0y_12block_macros11init_params
FN:39,_RNvCs53OBr2X2p0y_12block_macros13make_defaults
FN:27,_RNvCs53OBr2X2p0y_12block_macros5block
FN:11,_RNvCs53OBr2X2p0y_12block_macros5input
FN:21,_RNvCs53OBr2X2p0y_12block_macros5state
FN:16,_RNvCs53OBr2X2p0y_12block_macros6output
FN:47,_RNvCs53OBr2X2p0y_12block_macros7execute
FN:32,_RNvCscRHNzOhEHoh_12block_macros11init_params
FN:39,_RNvCscRHNzOhEHoh_12block_macros13make_defaults
FN:27,_RNvCscRHNzOhEHoh_12block_macros5block
FN:11,_RNvCscRHNzOhEHoh_12block_macros5input
FN:21,_RNvCscRHNzOhEHoh_12block_macros5state
FN:16,_RNvCscRHNzOhEHoh_12block_macros6output
FN:47,_RNvCscRHNzOhEHoh_12block_macros7execute
FNDA:0,_RNvCs53OBr2X2p0y_12block_macros11init_params
FNDA:0,_RNvCs53OBr2X2p0y_12block_macros13make_defaults
FNDA:0,_RNvCs53OBr2X2p0y_12block_macros5block
FNDA:0,_RNvCs53OBr2X2p0y_12block_macros5input
FNDA:0,_RNvCs53OBr2X2p0y_12block_macros5state
FNDA:0,_RNvCs53OBr2X2p0y_12block_macros6output
FNDA:0,_RNvCs53OBr2X2p0y_12block_macros7execute
FNDA:6,_RNvCscRHNzOhEHoh_12block_macros11init_params
FNDA:6,_RNvCscRHNzOhEHoh_12block_macros13make_defaults
FNDA:6,_RNvCscRHNzOhEHoh_12block_macros5block
FNDA:6,_RNvCscRHNzOhEHoh_12block_macros5input
FNDA:6,_RNvCscRHNzOhEHoh_12block_macros5state
FNDA:6,_RNvCscRHNzOhEHoh_12block_macros6output
FNDA:6,_RNvCscRHNzOhEHoh_12block_macros7execute
FNF:7
FNH:7
DA:11,6
DA:12,6
DA:13,6
DA:16,6
DA:17,6
DA:18,6
DA:21,6
DA:23,6
DA:24,6
DA:27,6
DA:28,6
DA:29,6
DA:32,6
DA:33,6
DA:34,6
DA:39,6
DA:40,6
DA:41,6
DA:47,6
DA:48,6
DA:49,6
BRF:0
BRH:0
LF:21
LH:21
end_of_record
SF:/Users/mailund/Code/block-flow/block-macros/src/make_defaults.rs
FN:109,_RNCNvMNtCs53OBr2X2p0y_12block_macros13make_defaultsNtB4_4Spec12default_name0B6_
FN:46,_RNCNvNtCs53OBr2X2p0y_12block_macros13make_defaults18make_defaults_impl0B5_
FN:52,_RNCNvNtCs53OBr2X2p0y_12block_macros13make_defaults18make_defaults_impls0_0B5_
FN:55,_RNCNvNtCs53OBr2X2p0y_12block_macros13make_defaults18make_defaults_impls1_0B5_
FN:49,_RNCNvNtCs53OBr2X2p0y_12block_macros13make_defaults18make_defaults_impls_0B5_
FN:86,_RNCNvNtCs53OBr2X2p0y_12block_macros13make_defaults8set_once0B5_
FN:107,_RNvMNtCs53OBr2X2p0y_12block_macros13make_defaultsNtB2_4Spec12default_name
FN:65,_RNvNtCs53OBr2X2p0y_12block_macros13make_defaults10gen_struct
FN:89,_RNvNtCs53OBr2X2p0y_12block_macros13make_defaults17default_ident_for
FN:10,_RNvNtCs53OBr2X2p0y_12block_macros13make_defaults18make_defaults_impl
FN:80,_RNvNtCs53OBr2X2p0y_12block_macros13make_defaults8set_once
FN:139,_RNvXs0_NtCs53OBr2X2p0y_12block_macros13make_defaultsNtB5_8SpecItemNtNtCsgEZGNehO46h_3syn5parse5Parse5parse
FN:125,_RNvXs_NtCs53OBr2X2p0y_12block_macros13make_defaultsNtB4_4SpecNtNtCsgEZGNehO46h_3syn5parse5Parse5parse
FN:107,_RNvMNtCscRHNzOhEHoh_12block_macros13make_defaultsNtB2_4Spec12default_name
FN:65,_RNvNtCscRHNzOhEHoh_12block_macros13make_defaults10gen_struct
FN:89,_RNvNtCscRHNzOhEHoh_12block_macros13make_defaults17default_ident_for
FN:10,_RNvNtCscRHNzOhEHoh_12block_macros13make_defaults18make_defaults_impl
FN:80,_RNvNtCscRHNzOhEHoh_12block_macros13make_defaults8set_once
FN:139,_RNvXs0_NtCscRHNzOhEHoh_12block_macros13make_defaultsNtB5_8SpecItemNtNtCsgEZGNehO46h_3syn5parse5Parse5parse
FN:125,_RNvXs_NtCscRHNzOhEHoh_12block_macros13make_defaultsNtB4_4SpecNtNtCsgEZGNehO46h_3syn5parse5Parse5parse
FN:109,_RNCNvMNtCscRHNzOhEHoh_12block_macros13make_defaultsNtB4_4Spec12default_name0B6_
FN:46,_RNCNvNtCscRHNzOhEHoh_12block_macros13make_defaults18make_defaults_impl0B5_
FN:52,_RNCNvNtCscRHNzOhEHoh_12block_macros13make_defaults18make_defaults_impls0_0B5_
FN:55,_RNCNvNtCscRHNzOhEHoh_12block_macros13make_defaults18make_defaults_impls1_0B5_
FN:49,_RNCNvNtCscRHNzOhEHoh_12block_macros13make_defaults18make_defaults_impls_0B5_
FN:86,_RNCNvNtCscRHNzOhEHoh_12block_macros13make_defaults8set_once0B5_
FNDA:0,_RNCNvMNtCs53OBr2X2p0y_12block_macros13make_defaultsNtB4_4Spec12default_name0B6_
FNDA:0,_RNCNvNtCs53OBr2X2p0y_12block_macros13make_defaults18make_defaults_impl0B5_
FNDA:0,_RNCNvNtCs53OBr2X2p0y_12block_macros13make_defaults18make_defaults_impls0_0B5_
FNDA:0,_RNCNvNtCs53OBr2X2p0y_12block_macros13make_defaults18make_defaults_impls1_0B5_
FNDA:0,_RNCNvNtCs53OBr2X2p0y_12block_macros13make_defaults18make_defaults_impls_0B5_
FNDA:0,_RNCNvNtCs53OBr2X2p0y_12block_macros13make_defaults8set_once0B5_
FNDA:0,_RNvMNtCs53OBr2X2p0y_12block_macros13make_defaultsNtB2_4Spec12default_name
FNDA:0,_RNvNtCs53OBr2X2p0y_12block_macros13make_defaults10gen_struct
FNDA:0,_RNvNtCs53OBr2X2p0y_12block_macros13make_defaults17default_ident_for
FNDA:0,_RNvNtCs53OBr2X2p0y_12block_macros13make_defaults18make_defaults_impl
FNDA:0,_RNvNtCs53OBr2X2p0y_12block_macros13make_defaults8set_once
FNDA:0,_RNvXs0_NtCs53OBr2X2p0y_12block_macros13make_defaultsNtB5_8SpecItemNtNtCsgEZGNehO46h_3syn5parse5Parse5parse
FNDA:0,_RNvXs_NtCs53OBr2X2p0y_12block_macros13make_defaultsNtB4_4SpecNtNtCsgEZGNehO46h_3syn5parse5Parse5parse
FNDA:10,_RNvMNtCscRHNzOhEHoh_12block_macros13make_defaultsNtB2_4Spec12default_name
FNDA:14,_RNvNtCscRHNzOhEHoh_12block_macros13make_defaults10gen_struct
FNDA:14,_RNvNtCscRHNzOhEHoh_12block_macros13make_defaults17default_ident_for
FNDA:6,_RNvNtCscRHNzOhEHoh_12block_macros13make_defaults18make_defaults_impl
FNDA:14,_RNvNtCscRHNzOhEHoh_12block_macros13make_defaults8set_once
FNDA:14,_RNvXs0_NtCscRHNzOhEHoh_12block_macros13make_defaultsNtB5_8SpecItemNtNtCsgEZGNehO46h_3syn5parse5Parse5parse
FNDA:6,_RNvXs_NtCscRHNzOhEHoh_12block_macros13make_defaultsNtB4_4SpecNtNtCsgEZGNehO46h_3syn5parse5Parse5parse
FNDA:22,_RNCNvMNtCscRHNzOhEHoh_12block_macros13make_defaultsNtB4_4Spec12default_name0B6_
FNDA:4,_RNCNvNtCscRHNzOhEHoh_12block_macros13make_defaults18make_defaults_impl0B5_
FNDA:4,_RNCNvNtCscRHNzOhEHoh_12block_macros13make_defaults18make_defaults_impls0_0B5_
FNDA:0,_RNCNvNtCscRHNzOhEHoh_12block_macros13make_defaults18make_defaults_impls1_0B5_
FNDA:2,_RNCNvNtCscRHNzOhEHoh_12block_macros13make_defaults18make_defaults_impls_0B5_
FNDA:14,_RNCNvNtCscRHNzOhEHoh_12block_macros13make_defaults8set_once0B5_
FNF:13
FNH:12
DA:10,6
DA:11,6
DA:14,6
DA:15,6
DA:16,6
DA:17,6
DA:19,20
DA:20,14
DA:21,14
DA:22,12
DA:23,8
DA:24,6
DA:25,0
DA:26,0
DA:27,0
DA:28,0
DA:29,0
DA:30,0
DA:31,0
DA:32,0
DA:33,0
DA:39,6
DA:40,6
DA:41,6
DA:42,6
DA:44,6
DA:46,6
DA:47,2
DA:48,4
DA:49,6
DA:50,4
DA:51,4
DA:52,6
DA:53,2
DA:54,4
DA:55,6
DA:56,6
DA:57,6
DA:59,6
DA:60,6
DA:65,14
DA:66,14
DA:67,14
DA:77,14
DA:80,14
DA:81,14
DA:84,0
DA:85,14
DA:86,14
DA:87,14
DA:89,14
DA:90,14
DA:91,14
DA:92,12
DA:93,8
DA:94,6
DA:95,0
DA:97,14
DA:107,10
DA:109,22
DA:110,10
DA:111,10
DA:112,0
DA:115,0
DA:116,10
DA:125,6
DA:126,6
DA:127,0
DA:128,6
DA:130,6
DA:132,6
DA:133,6
DA:134,6
DA:135,6
DA:139,14
DA:140,14
DA:141,14
DA:142,0
DA:143,0
DA:145,14
DA:148,14
DA:149,14
BRF:0
BRH:0
LF:88
LH:71
end_of_record
SF:/Users/mailund/Code/block-flow/block-macros/src/output.rs
FN:75,_RNCNvNtCs53OBr2X2p0y_12block_macros6output11output_impl0B5_
FN:82,_RNCNvNtCs53OBr2X2p0y_12block_macros6output11output_impls0_0B5_
FN:88,_RNCNvNtCs53OBr2X2p0y_12block_macros6output11output_impls1_0B5_
FN:94,_RNCNvNtCs53OBr2X2p0y_12block_macros6output11output_impls2_0B5_
FN:99,_RNCNvNtCs53OBr2X2p0y_12block_macros6output11output_impls3_0B5_
FN:77,_RNCNvNtCs53OBr2X2p0y_12block_macros6output11output_impls_0B5_
FN:5,_RNvNtCs53OBr2X2p0y_12block_macros6output11output_impl
FN:5,_RNvNtCscRHNzOhEHoh_12block_macros6output11output_impl
FN:75,_RNCNvNtCscRHNzOhEHoh_12block_macros6output11output_impl0B5_
FN:82,_RNCNvNtCscRHNzOhEHoh_12block_macros6output11output_impls0_0B5_
FN:88,_RNCNvNtCscRHNzOhEHoh_12block_macros6output11output_impls1_0B5_
FN:94,_RNCNvNtCscRHNzOhEHoh_12block_macros6output11output_impls2_0B5_
FN:99,_RNCNvNtCscRHNzOhEHoh_12block_macros6output11output_impls3_0B5_
FN:77,_RNCNvNtCscRHNzOhEHoh_12block_macros6output11output_impls_0B5_
FNDA:0,_RNCNvNtCs53OBr2X2p0y_12block_macros6output11output_impl0B5_
FNDA:0,_RNCNvNtCs53OBr2X2p0y_12block_macros6output11output_impls0_0B5_
FNDA:0,_RNCNvNtCs53OBr2X2p0y_12block_macros6output11output_impls1_0B5_
FNDA:0,_RNCNvNtCs53OBr2X2p0y_12block_macros6output11output_impls2_0B5_
FNDA:0,_RNCNvNtCs53OBr2X2p0y_12block_macros6output11output_impls3_0B5_
FNDA:0,_RNCNvNtCs53OBr2X2p0y_12block_macros6output11output_impls_0B5_
FNDA:0,_RNvNtCs53OBr2X2p0y_12block_macros6output11output_impl
FNDA:6,_RNvNtCscRHNzOhEHoh_12block_macros6output11output_impl
FNDA:2,_RNCNvNtCscRHNzOhEHoh_12block_macros6output11output_impl0B5_
FNDA:2,_RNCNvNtCscRHNzOhEHoh_12block_macros6output11output_impls0_0B5_
FNDA:2,_RNCNvNtCscRHNzOhEHoh_12block_macros6output11output_impls1_0B5_
FNDA:2,_RNCNvNtCscRHNzOhEHoh_12block_macros6output11output_impls2_0B5_
FNDA:2,_RNCNvNtCscRHNzOhEHoh_12block_macros6output11output_impls3_0B5_
FNDA:2,_RNCNvNtCscRHNzOhEHoh_12block_macros6output11output_impls_0B5_
FNF:7
FNH:7
DA:5,6
DA:6,6
DA:7,6
DA:9,6
DA:10,6
DA:11,6
DA:13,6
DA:14,6
DA:15,6
DA:18,6
DA:19,6
DA:20,2
DA:21,4
DA:22,0
DA:24,0
DA:28,6
DA:29,4
DA:70,4
DA:71,2
DA:74,2
DA:75,2
DA:77,2
DA:78,2
DA:79,2
DA:80,2
DA:82,2
DA:83,2
DA:84,2
DA:85,2
DA:86,2
DA:88,2
DA:89,2
DA:90,2
DA:91,2
DA:92,2
DA:94,2
DA:95,2
DA:96,2
DA:97,2
DA:99,2
DA:100,2
DA:102,2
DA:150,2
DA:151,6
BRF:0
BRH:0
LF:50
LH:48
end_of_record
SF:/Users/mailund/Code/block-flow/block-traits/src/block_weave.rs
FN:59,_RINvNtCsb4HXwg7kb3v_12block_traits11block_weave15serialize_blockppEB4_
FN:66,_RINvNtCsb4HXwg7kb3v_12block_traits11block_weave17deserialize_blockppEB4_
FN:18,_RNvMNtCsb4HXwg7kb3v_12block_traits11block_weaveINtB2_25BlockSerializationPackagepE3newB4_
FN:32,_RNvXININtCsb4HXwg7kb3v_12block_traits11block_weaves_0pEINtB5_25BlockSerializationPackagepEINtCs82NNbgnBvdf_12weave_traits9WeaveNodeNtNtB7_12type_erasure5BlockE14input_channelsB7_
FN:35,_RNvXININtCsb4HXwg7kb3v_12block_traits11block_weaves_0pEINtB5_25BlockSerializationPackagepEINtCs82NNbgnBvdf_12weave_traits9WeaveNodeNtNtB7_12type_erasure5BlockE15output_channelsB7_
FN:39,_RNvXININtCsb4HXwg7kb3v_12block_traits11block_weaves_0pEINtB5_25BlockSerializationPackagepEINtCs82NNbgnBvdf_12weave_traits9WeaveNodeNtNtB7_12type_erasure5BlockE5weaveB7_
FN:32,_RNvXs_NtCsftJwm24TBQa_12block_traits11block_weaveINtB4_25BlockSerializationPackageNtNtCs8vpBMIMeQE0_6blocks12simple_order16SimpleOrderBlockEINtCs82NNbgnBvdf_12weave_traits9WeaveNodeNtNtB6_12type_erasure5BlockE14input_channelsB1m_
FN:35,_RNvXs_NtCsftJwm24TBQa_12block_traits11block_weaveINtB4_25BlockSerializationPackageNtNtCs8vpBMIMeQE0_6blocks12simple_order16SimpleOrderBlockEINtCs82NNbgnBvdf_12weave_traits9WeaveNodeNtNtB6_12type_erasure5BlockE15output_channelsB1m_
FN:39,_RNvXs_NtCsftJwm24TBQa_12block_traits11block_weaveINtB4_25BlockSerializationPackageNtNtCs8vpBMIMeQE0_6blocks12simple_order16SimpleOrderBlockEINtCs82NNbgnBvdf_12weave_traits9WeaveNodeNtNtB6_12type_erasure5BlockE5weaveB1m_
FN:32,_RNvXs_NtCsftJwm24TBQa_12block_traits11block_weaveINtB4_25BlockSerializationPackageNtNtCs8vpBMIMeQE0_6blocks5after10AfterBlockEINtCs82NNbgnBvdf_12weave_traits9WeaveNodeNtNtB6_12type_erasure5BlockE14input_channelsB1m_
FN:35,_RNvXs_NtCsftJwm24TBQa_12block_traits11block_weaveINtB4_25BlockSerializationPackageNtNtCs8vpBMIMeQE0_6blocks5after10AfterBlockEINtCs82NNbgnBvdf_12weave_traits9WeaveNodeNtNtB6_12type_erasure5BlockE15output_channelsB1m_
FN:39,_RNvXs_NtCsftJwm24TBQa_12block_traits11block_weaveINtB4_25BlockSerializationPackageNtNtCs8vpBMIMeQE0_6blocks5after10AfterBlockEINtCs82NNbgnBvdf_12weave_traits9WeaveNodeNtNtB6_12type_erasure5BlockE5weaveB1m_
FN:32,_RNvXs_NtCsftJwm24TBQa_12block_traits11block_weaveINtB4_25BlockSerializationPackageNtNtCs8vpBMIMeQE0_6blocks6delete11DeleteBlockEINtCs82NNbgnBvdf_12weave_traits9WeaveNodeNtNtB6_12type_erasure5BlockE14input_channelsB1m_
FN:35,_RNvXs_NtCsftJwm24TBQa_12block_traits11block_weaveINtB4_25BlockSerializationPackageNtNtCs8vpBMIMeQE0_6blocks6delete11DeleteBlockEINtCs82NNbgnBvdf_12weave_traits9WeaveNodeNtNtB6_12type_erasure5BlockE15output_channelsB1m_
FN:39,_RNvXs_NtCsftJwm24TBQa_12block_traits11block_weaveINtB4_25BlockSerializationPackageNtNtCs8vpBMIMeQE0_6blocks6delete11DeleteBlockEINtCs82NNbgnBvdf_12weave_traits9WeaveNodeNtNtB6_12type_erasure5BlockE5weaveB1m_
FN:59,_RINvNtCsftJwm24TBQa_12block_traits11block_weave15serialize_blockppEB4_
FN:66,_RINvNtCsftJwm24TBQa_12block_traits11block_weave17deserialize_blockppEB4_
FN:18,_RNvMNtCsftJwm24TBQa_12block_traits11block_weaveINtB2_25BlockSerializationPackagepE3newB4_
FN:32,_RNvXININtCsftJwm24TBQa_12block_traits11block_weaves_0pEINtB5_25BlockSerializationPackagepEINtCs82NNbgnBvdf_12weave_traits9WeaveNodeNtNtB7_12type_erasure5BlockE14input_channelsB7_
FN:35,_RNvXININtCsftJwm24TBQa_12block_traits11block_weaves_0pEINtB5_25BlockSerializationPackagepEINtCs82NNbgnBvdf_12weave_traits9WeaveNodeNtNtB7_12type_erasure5BlockE15output_channelsB7_
FN:39,_RNvXININtCsftJwm24TBQa_12block_traits11block_weaves_0pEINtB5_25BlockSerializationPackagepEINtCs82NNbgnBvdf_12weave_traits9WeaveNodeNtNtB7_12type_erasure5BlockE5weaveB7_
FN:32,_RNvXs_NtCsftJwm24TBQa_12block_traits11block_weaveINtB4_25BlockSerializationPackageNtNtCsk8cf5WJa4A9_6blocks12simple_order16SimpleOrderBlockEINtCs82NNbgnBvdf_12weave_traits9WeaveNodeNtNtB6_12type_erasure5BlockE14input_channelsB1m_
FN:35,_RNvXs_NtCsftJwm24TBQa_12block_traits11block_weaveINtB4_25BlockSerializationPackageNtNtCsk8cf5WJa4A9_6blocks12simple_order16SimpleOrderBlockEINtCs82NNbgnBvdf_12weave_traits9WeaveNodeNtNtB6_12type_erasure5BlockE15output_channelsB1m_
FN:39,_RNvXs_NtCsftJwm24TBQa_12block_traits11block_weaveINtB4_25BlockSerializationPackageNtNtCsk8cf5WJa4A9_6blocks12simple_order16SimpleOrderBlockEINtCs82NNbgnBvdf_12weave_traits9WeaveNodeNtNtB6_12type_erasure5BlockE5weaveB1m_
FN:32,_RNvXs_NtCsftJwm24TBQa_12block_traits11block_weaveINtB4_25BlockSerializationPackageNtNtCsk8cf5WJa4A9_6blocks5after10AfterBlockEINtCs82NNbgnBvdf_12weave_traits9WeaveNodeNtNtB6_12type_erasure5BlockE14input_channelsB1m_
FN:35,_RNvXs_NtCsftJwm24TBQa_12block_traits11block_weaveINtB4_25BlockSerializationPackageNtNtCsk8cf5WJa4A9_6blocks5after10AfterBlockEINtCs82NNbgnBvdf_12weave_traits9WeaveNodeNtNtB6_12type_erasure5BlockE15output_channelsB1m_
FN:39,_RNvXs_NtCsftJwm24TBQa_12block_traits11block_weaveINtB4_25BlockSerializationPackageNtNtCsk8cf5WJa4A9_6blocks5after10AfterBlockEINtCs82NNbgnBvdf_12weave_traits9WeaveNodeNtNtB6_12type_erasure5BlockE5weaveB1m_
FN:32,_RNvXs_NtCsftJwm24TBQa_12block_traits11block_weaveINtB4_25BlockSerializationPackageNtNtCsk8cf5WJa4A9_6blocks6delete11DeleteBlockEINtCs82NNbgnBvdf_12weave_traits9WeaveNodeNtNtB6_12type_erasure5BlockE14input_channelsB1m_
FN:35,_RNvXs_NtCsftJwm24TBQa_12block_traits11block_weaveINtB4_25BlockSerializationPackageNtNtCsk8cf5WJa4A9_6blocks6delete11DeleteBlockEINtCs82NNbgnBvdf_12weave_traits9WeaveNodeNtNtB6_12type_erasure5BlockE15output_channelsB1m_
FN:39,_RNvXs_NtCsftJwm24TBQa_12block_traits11block_weaveINtB4_25BlockSerializationPackageNtNtCsk8cf5WJa4A9_6blocks6delete11DeleteBlockEINtCs82NNbgnBvdf_12weave_traits9WeaveNodeNtNtB6_12type_erasure5BlockE5weaveB1m_
FNDA:0,_RINvNtCsb4HXwg7kb3v_12block_traits11block_weave15serialize_blockppEB4_
FNDA:0,_RINvNtCsb4HXwg7kb3v_12block_traits11block_weave17deserialize_blockppEB4_
FNDA:0,_RNvMNtCsb4HXwg7kb3v_12block_traits11block_weaveINtB2_25BlockSerializationPackagepE3newB4_
FNDA:0,_RNvXININtCsb4HXwg7kb3v_12block_traits11block_weaves_0pEINtB5_25BlockSerializationPackagepEINtCs82NNbgnBvdf_12weave_traits9WeaveNodeNtNtB7_12type_erasure5BlockE14input_channelsB7_
FNDA:0,_RNvXININtCsb4HXwg7kb3v_12block_traits11block_weaves_0pEINtB5_25BlockSerializationPackagepEINtCs82NNbgnBvdf_12weave_traits9WeaveNodeNtNtB7_12type_erasure5BlockE15output_channelsB7_
FNDA:0,_RNvXININtCsb4HXwg7kb3v_12block_traits11block_weaves_0pEINtB5_25BlockSerializationPackagepEINtCs82NNbgnBvdf_12weave_traits9WeaveNodeNtNtB7_12type_erasure5BlockE5weaveB7_
FNDA:0,_RNvXs_NtCsftJwm24TBQa_12block_traits11block_weaveINtB4_25BlockSerializationPackageNtNtCs8vpBMIMeQE0_6blocks12simple_order16SimpleOrderBlockEINtCs82NNbgnBvdf_12weave_traits9WeaveNodeNtNtB6_12type_erasure5BlockE14input_channelsB1m_
FNDA:0,_RNvXs_NtCsftJwm24TBQa_12block_traits11block_weaveINtB4_25BlockSerializationPackageNtNtCs8vpBMIMeQE0_6blocks12simple_order16SimpleOrderBlockEINtCs82NNbgnBvdf_12weave_traits9WeaveNodeNtNtB6_12type_erasure5BlockE15output_channelsB1m_
FNDA:0,_RNvXs_NtCsftJwm24TBQa_12block_traits11block_weaveINtB4_25BlockSerializationPackageNtNtCs8vpBMIMeQE0_6blocks12simple_order16SimpleOrderBlockEINtCs82NNbgnBvdf_12weave_traits9WeaveNodeNtNtB6_12type_erasure5BlockE5weaveB1m_
FNDA:0,_RNvXs_NtCsftJwm24TBQa_12block_traits11block_weaveINtB4_25BlockSerializationPackageNtNtCs8vpBMIMeQE0_6blocks5after10AfterBlockEINtCs82NNbgnBvdf_12weave_traits9WeaveNodeNtNtB6_12type_erasure5BlockE14input_channelsB1m_
FNDA:0,_RNvXs_NtCsftJwm24TBQa_12block_traits11block_weaveINtB4_25BlockSerializationPackageNtNtCs8vpBMIMeQE0_6blocks5after10AfterBlockEINtCs82NNbgnBvdf_12weave_traits9WeaveNodeNtNtB6_12type_erasure5BlockE15output_channelsB1m_
FNDA:0,_RNvXs_NtCsftJwm24TBQa_12block_traits11block_weaveINtB4_25BlockSerializationPackageNtNtCs8vpBMIMeQE0_6blocks5after10AfterBlockEINtCs82NNbgnBvdf_12weave_traits9WeaveNodeNtNtB6_12type_erasure5BlockE5weaveB1m_
FNDA:0,_RNvXs_NtCsftJwm24TBQa_12block_traits11block_weaveINtB4_25BlockSerializationPackageNtNtCs8vpBMIMeQE0_6blocks6delete11DeleteBlockEINtCs82NNbgnBvdf_12weave_traits9WeaveNodeNtNtB6_12type_erasure5BlockE14input_channelsB1m_
FNDA:0,_RNvXs_NtCsftJwm24TBQa_12block_traits11block_weaveINtB4_25BlockSerializationPackageNtNtCs8vpBMIMeQE0_6blocks6delete11DeleteBlockEINtCs82NNbgnBvdf_12weave_traits9WeaveNodeNtNtB6_12type_erasure5BlockE15output_channelsB1m_
FNDA:0,_RNvXs_NtCsftJwm24TBQa_12block_traits11block_weaveINtB4_25BlockSerializationPackageNtNtCs8vpBMIMeQE0_6blocks6delete11DeleteBlockEINtCs82NNbgnBvdf_12weave_traits9WeaveNodeNtNtB6_12type_erasure5BlockE5weaveB1m_
FNDA:0,_RINvNtCsftJwm24TBQa_12block_traits11block_weave15serialize_blockppEB4_
FNDA:0,_RINvNtCsftJwm24TBQa_12block_traits11block_weave17deserialize_blockppEB4_
FNDA:0,_RNvMNtCsftJwm24TBQa_12block_traits11block_weaveINtB2_25BlockSerializationPackagepE3newB4_
FNDA:0,_RNvXININtCsftJwm24TBQa_12block_traits11block_weaves_0pEINtB5_25BlockSerializationPackagepEINtCs82NNbgnBvdf_12weave_traits9WeaveNodeNtNtB7_12type_erasure5BlockE14input_channelsB7_
FNDA:0,_RNvXININtCsftJwm24TBQa_12block_traits11block_weaves_0pEINtB5_25BlockSerializationPackagepEINtCs82NNbgnBvdf_12weave_traits9WeaveNodeNtNtB7_12type_erasure5BlockE15output_channelsB7_
FNDA:0,_RNvXININtCsftJwm24TBQa_12block_traits11block_weaves_0pEINtB5_25BlockSerializationPackagepEINtCs82NNbgnBvdf_12weave_traits9WeaveNodeNtNtB7_12type_erasure5BlockE5weaveB7_
FNDA:1,_RNvXs_NtCsftJwm24TBQa_12block_traits11block_weaveINtB4_25BlockSerializationPackageNtNtCsk8cf5WJa4A9_6blocks12simple_order16SimpleOrderBlockEINtCs82NNbgnBvdf_12weave_traits9WeaveNodeNtNtB6_12type_erasure5BlockE14input_channelsB1m_
FNDA:1,_RNvXs_NtCsftJwm24TBQa_12block_traits11block_weaveINtB4_25BlockSerializationPackageNtNtCsk8cf5WJa4A9_6blocks12simple_order16SimpleOrderBlockEINtCs82NNbgnBvdf_12weave_traits9WeaveNodeNtNtB6_12type_erasure5BlockE15output_channelsB1m_
FNDA:1,_RNvXs_NtCsftJwm24TBQa_12block_traits11block_weaveINtB4_25BlockSerializationPackageNtNtCsk8cf5WJa4A9_6blocks12simple_order16SimpleOrderBlockEINtCs82NNbgnBvdf_12weave_traits9WeaveNodeNtNtB6_12type_erasure5BlockE5weaveB1m_
FNDA:1,_RNvXs_NtCsftJwm24TBQa_12block_traits11block_weaveINtB4_25BlockSerializationPackageNtNtCsk8cf5WJa4A9_6blocks5after10AfterBlockEINtCs82NNbgnBvdf_12weave_traits9WeaveNodeNtNtB6_12type_erasure5BlockE14input_channelsB1m_
FNDA:1,_RNvXs_NtCsftJwm24TBQa_12block_traits11block_weaveINtB4_25BlockSerializationPackageNtNtCsk8cf5WJa4A9_6blocks5after10AfterBlockEINtCs82NNbgnBvdf_12weave_traits9WeaveNodeNtNtB6_12type_erasure5BlockE15output_channelsB1m_
FNDA:1,_RNvXs_NtCsftJwm24TBQa_12block_traits11block_weaveINtB4_25BlockSerializationPackageNtNtCsk8cf5WJa4A9_6blocks5after10AfterBlockEINtCs82NNbgnBvdf_12weave_traits9WeaveNodeNtNtB6_12type_erasure5BlockE5weaveB1m_
FNDA:0,_RNvXs_NtCsftJwm24TBQa_12block_traits11block_weaveINtB4_25BlockSerializationPackageNtNtCsk8cf5WJa4A9_6blocks6delete11DeleteBlockEINtCs82NNbgnBvdf_12weave_traits9WeaveNodeNtNtB6_12type_erasure5BlockE14input_channelsB1m_
FNDA:0,_RNvXs_NtCsftJwm24TBQa_12block_traits11block_weaveINtB4_25BlockSerializationPackageNtNtCsk8cf5WJa4A9_6blocks6delete11DeleteBlockEINtCs82NNbgnBvdf_12weave_traits9WeaveNodeNtNtB6_12type_erasure5BlockE15output_channelsB1m_
FNDA:0,_RNvXs_NtCsftJwm24TBQa_12block_traits11block_weaveINtB4_25BlockSerializationPackageNtNtCsk8cf5WJa4A9_6blocks6delete11DeleteBlockEINtCs82NNbgnBvdf_12weave_traits9WeaveNodeNtNtB6_12type_erasure5BlockE5weaveB1m_
FNF:6
FNH:3
DA:18,0
DA:19,0
DA:20,0
DA:21,0
DA:22,0
DA:23,0
DA:24,0
DA:25,0
DA:26,0
DA:27,0
DA:28,0
DA:32,2
DA:33,2
DA:34,2
DA:35,2
DA:36,2
DA:37,2
DA:39,2
DA:40,2
DA:42,2
DA:43,2
DA:45,2
DA:46,2
DA:48,2
DA:49,2
DA:50,2
DA:51,2
DA:52,2
DA:53,2
DA:55,2
DA:56,2
DA:59,0
DA:60,0
DA:61,0
DA:62,0
DA:63,0
DA:64,0
DA:66,0
DA:67,0
DA:68,0
DA:69,0
DA:70,0
DA:71,0
BRF:0
BRH:0
LF:43
LH:20
end_of_record
SF:/Users/mailund/Code/block-flow/block-traits/src/lib.rs
FN:344,_RNvNtCsb4HXwg7kb3v_12block_traits5testss_22test_accumulator_block
FN:157,_RNvNtCsb4HXwg7kb3v_12block_traits5testss_22test_execution_context
FN:240,_RNvNtCsb4HXwg7kb3v_12block_traits5testss_22test_wrapped_block_new
FN:181,_RNvNtCsb4HXwg7kb3v_12block_traits5testss_23test_block_spec_execute
FN:163,_RNvNtCsb4HXwg7kb3v_12block_traits5testss_24test_block_spec_block_id
FN:174,_RNvNtCsb4HXwg7kb3v_12block_traits5testss_26test_block_spec_init_state
FN:254,_RNvNtCsb4HXwg7kb3v_12block_traits5testss_26test_wrapped_block_execute
FN:169,_RNvNtCsb4HXwg7kb3v_12block_traits5testss_36test_block_spec_new_from_init_params
FN:194,_RNvNtCsb4HXwg7kb3v_12block_traits5testss_38test_block_spec_execute_multiple_times
FN:277,_RNvNtCsb4HXwg7kb3v_12block_traits5testss_38test_multiple_wrapped_block_executions
FN:209,_RNvNtCsb4HXwg7kb3v_12block_traits5testss_54test_channel_keys_and_reader_writer_traits_are_invoked
FN:336,_RNvNtCsb4HXwg7kb3v_12block_traits5testss_56test_accumulator_block_block_id_and_new_from_init_params
FN:76,_RNvXs4_NtCsb4HXwg7kb3v_12block_traits5testsNtB5_13TestInputKeysNtNtCs6JSeF52E3eC_8channels12channel_keys11ChannelKeys13channel_names
FN:84,_RNvXs5_NtCsb4HXwg7kb3v_12block_traits5testsNtB5_13TestInputKeysINtNtCs6JSeF52E3eC_8channels12channel_keys9InputKeysNtB5_9TestInputE6reader
FN:92,_RNvXs6_NtCsb4HXwg7kb3v_12block_traits5testsNtB5_14TestOutputKeysNtNtCs6JSeF52E3eC_8channels12channel_keys11ChannelKeys13channel_names
FN:100,_RNvXs7_NtCsb4HXwg7kb3v_12block_traits5testsNtB5_14TestOutputKeysINtNtCs6JSeF52E3eC_8channels12channel_keys10OutputKeysNtB5_10TestOutputE6writer
FN:106,_RNvXs7_NtCsb4HXwg7kb3v_12block_traits5testsNtB5_14TestOutputKeysINtNtCs6JSeF52E3eC_8channels12channel_keys10OutputKeysNtB5_10TestOutputE8register
FN:139,_RNvXsb_NtCsb4HXwg7kb3v_12block_traits5testsNtB5_12DoublerBlockNtNtB7_10block_spec9BlockSpec10init_state
FN:135,_RNvXsb_NtCsb4HXwg7kb3v_12block_traits5testsNtB5_12DoublerBlockNtNtB7_10block_spec9BlockSpec20new_from_init_params
FN:143,_RNvXsb_NtCsb4HXwg7kb3v_12block_traits5testsNtB5_12DoublerBlockNtNtB7_10block_spec9BlockSpec7execute
FN:131,_RNvXsb_NtCsb4HXwg7kb3v_12block_traits5testsNtB5_12DoublerBlockNtNtB7_10block_spec9BlockSpec8block_id
FN:319,_RNvXsd_NtCsb4HXwg7kb3v_12block_traits5testsNtB5_16AccumulatorBlockNtNtB7_10block_spec9BlockSpec10init_state
FN:315,_RNvXsd_NtCsb4HXwg7kb3v_12block_traits5testsNtB5_16AccumulatorBlockNtNtB7_10block_spec9BlockSpec20new_from_init_params
FN:323,_RNvXsd_NtCsb4HXwg7kb3v_12block_traits5testsNtB5_16AccumulatorBlockNtNtB7_10block_spec9BlockSpec7execute
FN:311,_RNvXsd_NtCsb4HXwg7kb3v_12block_traits5testsNtB5_16AccumulatorBlockNtNtB7_10block_spec9BlockSpec8block_id
FN:57,_RNvXs0_NtCsb4HXwg7kb3v_12block_traits5testsINtB5_10MockReaderNtB5_9TestInputEINtNtCs6JSeF52E3eC_8channels12channel_keys6ReaderBX_E4readB7_
FN:67,_RNvXs1_NtCsb4HXwg7kb3v_12block_traits5testsINtB5_10MockWriterNtB5_10TestOutputEINtNtCs6JSeF52E3eC_8channels12channel_keys6WriterBX_E5writeB7_
FNDA:1,_RNvNtCsb4HXwg7kb3v_12block_traits5testss_22test_accumulator_block
FNDA:1,_RNvNtCsb4HXwg7kb3v_12block_traits5testss_22test_execution_context
FNDA:1,_RNvNtCsb4HXwg7kb3v_12block_traits5testss_22test_wrapped_block_new
FNDA:1,_RNvNtCsb4HXwg7kb3v_12block_traits5testss_23test_block_spec_execute
FNDA:1,_RNvNtCsb4HXwg7kb3v_12block_traits5testss_24test_block_spec_block_id
FNDA:1,_RNvNtCsb4HXwg7kb3v_12block_traits5testss_26test_block_spec_init_state
FNDA:1,_RNvNtCsb4HXwg7kb3v_12block_traits5testss_26test_wrapped_block_execute
FNDA:1,_RNvNtCsb4HXwg7kb3v_12block_traits5testss_36test_block_spec_new_from_init_params
FNDA:1,_RNvNtCsb4HXwg7kb3v_12block_traits5testss_38test_block_spec_execute_multiple_times
FNDA:1,_RNvNtCsb4HXwg7kb3v_12block_traits5testss_38test_multiple_wrapped_block_executions
FNDA:1,_RNvNtCsb4HXwg7kb3v_12block_traits5testss_54test_channel_keys_and_reader_writer_traits_are_invoked
FNDA:1,_RNvNtCsb4HXwg7kb3v_12block_traits5testss_56test_accumulator_block_block_id_and_new_from_init_params
FNDA:1,_RNvXs4_NtCsb4HXwg7kb3v_12block_traits5testsNtB5_13TestInputKeysNtNtCs6JSeF52E3eC_8channels12channel_keys11ChannelKeys13channel_names
FNDA:1,_RNvXs5_NtCsb4HXwg7kb3v_12block_traits5testsNtB5_13TestInputKeysINtNtCs6JSeF52E3eC_8channels12channel_keys9InputKeysNtB5_9TestInputE6reader
FNDA:1,_RNvXs6_NtCsb4HXwg7kb3v_12block_traits5testsNtB5_14TestOutputKeysNtNtCs6JSeF52E3eC_8channels12channel_keys11ChannelKeys13channel_names
FNDA:1,_RNvXs7_NtCsb4HXwg7kb3v_12block_traits5testsNtB5_14TestOutputKeysINtNtCs6JSeF52E3eC_8channels12channel_keys10OutputKeysNtB5_10TestOutputE6writer
FNDA:1,_RNvXs7_NtCsb4HXwg7kb3v_12block_traits5testsNtB5_14TestOutputKeysINtNtCs6JSeF52E3eC_8channels12channel_keys10OutputKeysNtB5_10TestOutputE8register
FNDA:5,_RNvXsb_NtCsb4HXwg7kb3v_12block_traits5testsNtB5_12DoublerBlockNtNtB7_10block_spec9BlockSpec10init_state
FNDA:1,_RNvXsb_NtCsb4HXwg7kb3v_12block_traits5testsNtB5_12DoublerBlockNtNtB7_10block_spec9BlockSpec20new_from_init_params
FNDA:10,_RNvXsb_NtCsb4HXwg7kb3v_12block_traits5testsNtB5_12DoublerBlockNtNtB7_10block_spec9BlockSpec7execute
FNDA:7,_RNvXsb_NtCsb4HXwg7kb3v_12block_traits5testsNtB5_12DoublerBlockNtNtB7_10block_spec9BlockSpec8block_id
FNDA:1,_RNvXsd_NtCsb4HXwg7kb3v_12block_traits5testsNtB5_16AccumulatorBlockNtNtB7_10block_spec9BlockSpec10init_state
FNDA:1,_RNvXsd_NtCsb4HXwg7kb3v_12block_traits5testsNtB5_16AccumulatorBlockNtNtB7_10block_spec9BlockSpec20new_from_init_params
FNDA:3,_RNvXsd_NtCsb4HXwg7kb3v_12block_traits5testsNtB5_16AccumulatorBlockNtNtB7_10block_spec9BlockSpec7execute
FNDA:1,_RNvXsd_NtCsb4HXwg7kb3v_12block_traits5testsNtB5_16AccumulatorBlockNtNtB7_10block_spec9BlockSpec8block_id
FNDA:7,_RNvXs0_NtCsb4HXwg7kb3v_12block_traits5testsINtB5_10MockReaderNtB5_9TestInputEINtNtCs6JSeF52E3eC_8channels12channel_keys6ReaderBX_E4readB7_
FNDA:7,_RNvXs1_NtCsb4HXwg7kb3v_12block_traits5testsINtB5_10MockWriterNtB5_10TestOutputEINtNtCs6JSeF52E3eC_8channels12channel_keys6WriterBX_E5writeB7_
FNF:27
FNH:27
DA:57,7
DA:58,7
DA:59,7
DA:67,7
DA:68,7
DA:69,7
DA:76,1
DA:77,1
DA:78,1
DA:84,1
DA:85,1
DA:86,1
DA:87,1
DA:88,1
DA:92,1
DA:93,1
DA:94,1
DA:100,1
DA:101,1
DA:102,1
DA:103,1
DA:104,1
DA:106,1
DA:108,1
DA:131,7
DA:132,7
DA:133,7
DA:135,1
DA:136,1
DA:137,1
DA:139,5
DA:140,5
DA:141,5
DA:143,10
DA:144,10
DA:145,10
DA:146,10
DA:147,10
DA:148,10
DA:149,10
DA:150,10
DA:151,10
DA:152,10
DA:153,10
DA:157,1
DA:158,1
DA:159,1
DA:160,1
DA:163,1
DA:164,1
DA:165,1
DA:166,1
DA:169,1
DA:170,1
DA:171,1
DA:174,1
DA:175,1
DA:176,1
DA:177,1
DA:178,1
DA:181,1
DA:182,1
DA:183,1
DA:184,1
DA:185,1
DA:187,1
DA:189,1
DA:190,1
DA:191,1
DA:194,1
DA:195,1
DA:196,1
DA:197,1
DA:198,1
DA:200,4
DA:201,3
DA:202,3
DA:203,3
DA:204,3
DA:206,1
DA:209,1
DA:211,1
DA:212,1
DA:213,1
DA:214,1
DA:217,1
DA:220,1
DA:221,1
DA:222,1
DA:223,1
DA:226,1
DA:229,1
DA:230,1
DA:231,1
DA:234,1
DA:235,1
DA:236,1
DA:237,1
DA:240,1
DA:241,1
DA:242,1
DA:243,1
DA:244,1
DA:245,1
DA:246,1
DA:247,1
DA:249,1
DA:250,1
DA:251,1
DA:254,1
DA:255,1
DA:256,1
DA:257,1
DA:258,1
DA:259,1
DA:260,1
DA:261,1
DA:263,1
DA:264,1
DA:267,1
DA:269,1
DA:270,1
DA:271,1
DA:273,1
DA:274,1
DA:277,1
DA:278,1
DA:279,1
DA:280,1
DA:281,1
DA:282,1
DA:283,1
DA:284,1
DA:287,1
DA:288,1
DA:290,6
DA:291,5
DA:292,5
DA:294,5
DA:295,5
DA:297,1
DA:311,1
DA:312,1
DA:313,1
DA:315,1
DA:316,1
DA:317,1
DA:319,1
DA:320,1
DA:321,1
DA:323,3
DA:324,3
DA:325,3
DA:326,3
DA:327,3
DA:328,3
DA:329,3
DA:330,3
DA:331,3
DA:332,3
DA:336,1
DA:337,1
DA:338,1
DA:340,1
DA:341,1
DA:344,1
DA:345,1
DA:346,1
DA:347,1
DA:349,1
DA:350,1
DA:351,1
DA:352,1
DA:355,1
DA:357,3
DA:358,3
DA:359,3
DA:360,3
DA:361,3
DA:363,1
BRF:0
BRH:0
LF:180
LH:180
end_of_record
SF:/Users/mailund/Code/block-flow/block-traits/src/type_erasure.rs
FN:67,_RNvMs0_NtCsb4HXwg7kb3v_12block_traits12type_erasureNtB5_5Block3new
FN:75,_RNvMs0_NtCsb4HXwg7kb3v_12block_traits12type_erasureNtB5_5Block7execute
FN:71,_RNvMs0_NtCsb4HXwg7kb3v_12block_traits12type_erasureNtB5_5Block8block_id
FN:36,_RNvXININtCsb4HXwg7kb3v_12block_traits12type_erasures_0pEINtB5_17EncapsulatedBlockpENtB5_15TypeErasedBlock8block_idB7_
FN:13,_RNvMNtCsb4HXwg7kb3v_12block_traits12type_erasureINtB2_17EncapsulatedBlockNtNtB4_5tests12DoublerBlockE3newB4_
FN:39,_RNvXs_NtCsb4HXwg7kb3v_12block_traits12type_erasureINtB4_17EncapsulatedBlockNtNtB6_5tests12DoublerBlockENtB4_15TypeErasedBlock7executeB6_
FN:39,_RNvXs_NtCsftJwm24TBQa_12block_traits12type_erasureINtB4_17EncapsulatedBlockNtNtCs8vpBMIMeQE0_6blocks12simple_order16SimpleOrderBlockENtB4_15TypeErasedBlock7executeB1f_
FN:36,_RNvXs_NtCsftJwm24TBQa_12block_traits12type_erasureINtB4_17EncapsulatedBlockNtNtCs8vpBMIMeQE0_6blocks12simple_order16SimpleOrderBlockENtB4_15TypeErasedBlock8block_idB1f_
FN:39,_RNvXs_NtCsftJwm24TBQa_12block_traits12type_erasureINtB4_17EncapsulatedBlockNtNtCs8vpBMIMeQE0_6blocks5after10AfterBlockENtB4_15TypeErasedBlock7executeB1f_
FN:36,_RNvXs_NtCsftJwm24TBQa_12block_traits12type_erasureINtB4_17EncapsulatedBlockNtNtCs8vpBMIMeQE0_6blocks5after10AfterBlockENtB4_15TypeErasedBlock8block_idB1f_
FN:39,_RNvXs_NtCsftJwm24TBQa_12block_traits12type_erasureINtB4_17EncapsulatedBlockNtNtCs8vpBMIMeQE0_6blocks6delete11DeleteBlockENtB4_15TypeErasedBlock7executeB1f_
FN:36,_RNvXs_NtCsftJwm24TBQa_12block_traits12type_erasureINtB4_17EncapsulatedBlockNtNtCs8vpBMIMeQE0_6blocks6delete11DeleteBlockENtB4_15TypeErasedBlock8block_idB1f_
FN:67,_RNvMs0_NtCsftJwm24TBQa_12block_traits12type_erasureNtB5_5Block3new
FN:75,_RNvMs0_NtCsftJwm24TBQa_12block_traits12type_erasureNtB5_5Block7execute
FN:71,_RNvMs0_NtCsftJwm24TBQa_12block_traits12type_erasureNtB5_5Block8block_id
FN:13,_RNvMNtCsftJwm24TBQa_12block_traits12type_erasureINtB2_17EncapsulatedBlockpE3newB4_
FN:39,_RNvXININtCsftJwm24TBQa_12block_traits12type_erasures_0pEINtB5_17EncapsulatedBlockpENtB5_15TypeErasedBlock7executeB7_
FN:36,_RNvXININtCsftJwm24TBQa_12block_traits12type_erasures_0pEINtB5_17EncapsulatedBlockpENtB5_15TypeErasedBlock8block_idB7_
FN:39,_RNvXs_NtCsftJwm24TBQa_12block_traits12type_erasureINtB4_17EncapsulatedBlockNtNtCsk8cf5WJa4A9_6blocks12simple_order16SimpleOrderBlockENtB4_15TypeErasedBlock7executeB1f_
FN:36,_RNvXs_NtCsftJwm24TBQa_12block_traits12type_erasureINtB4_17EncapsulatedBlockNtNtCsk8cf5WJa4A9_6blocks12simple_order16SimpleOrderBlockENtB4_15TypeErasedBlock8block_idB1f_
FN:39,_RNvXs_NtCsftJwm24TBQa_12block_traits12type_erasureINtB4_17EncapsulatedBlockNtNtCsk8cf5WJa4A9_6blocks5after10AfterBlockENtB4_15TypeErasedBlock7executeB1f_
FN:36,_RNvXs_NtCsftJwm24TBQa_12block_traits12type_erasureINtB4_17EncapsulatedBlockNtNtCsk8cf5WJa4A9_6blocks5after10AfterBlockENtB4_15TypeErasedBlock8block_idB1f_
FN:39,_RNvXs_NtCsftJwm24TBQa_12block_traits12type_erasureINtB4_17EncapsulatedBlockNtNtCsk8cf5WJa4A9_6blocks6delete11DeleteBlockENtB4_15TypeErasedBlock7executeB1f_
FN:36,_RNvXs_NtCsftJwm24TBQa_12block_traits12type_erasureINtB4_17EncapsulatedBlockNtNtCsk8cf5WJa4A9_6blocks6delete11DeleteBlockENtB4_15TypeErasedBlock8block_idB1f_
FNDA:0,_RNvMs0_NtCsb4HXwg7kb3v_12block_traits12type_erasureNtB5_5Block3new
FNDA:0,_RNvMs0_NtCsb4HXwg7kb3v_12block_traits12type_erasureNtB5_5Block7execute
FNDA:0,_RNvMs0_NtCsb4HXwg7kb3v_12block_traits12type_erasureNtB5_5Block8block_id
FNDA:0,_RNvXININtCsb4HXwg7kb3v_12block_traits12type_erasures_0pEINtB5_17EncapsulatedBlockpENtB5_15TypeErasedBlock8block_idB7_
FNDA:3,_RNvMNtCsb4HXwg7kb3v_12block_traits12type_erasureINtB2_17EncapsulatedBlockNtNtB4_5tests12DoublerBlockE3newB4_
FNDA:6,_RNvXs_NtCsb4HXwg7kb3v_12block_traits12type_erasureINtB4_17EncapsulatedBlockNtNtB6_5tests12DoublerBlockENtB4_15TypeErasedBlock7executeB6_
FNDA:0,_RNvXs_NtCsftJwm24TBQa_12block_traits12type_erasureINtB4_17EncapsulatedBlockNtNtCs8vpBMIMeQE0_6blocks12simple_order16SimpleOrderBlockENtB4_15TypeErasedBlock7executeB1f_
FNDA:0,_RNvXs_NtCsftJwm24TBQa_12block_traits12type_erasureINtB4_17EncapsulatedBlockNtNtCs8vpBMIMeQE0_6blocks12simple_order16SimpleOrderBlockENtB4_15TypeErasedBlock8block_idB1f_
FNDA:0,_RNvXs_NtCsftJwm24TBQa_12block_traits12type_erasureINtB4_17EncapsulatedBlockNtNtCs8vpBMIMeQE0_6blocks5after10AfterBlockENtB4_15TypeErasedBlock7executeB1f_
FNDA:0,_RNvXs_NtCsftJwm24TBQa_12block_traits12type_erasureINtB4_17EncapsulatedBlockNtNtCs8vpBMIMeQE0_6blocks5after10AfterBlockENtB4_15TypeErasedBlock8block_idB1f_
FNDA:0,_RNvXs_NtCsftJwm24TBQa_12block_traits12type_erasureINtB4_17EncapsulatedBlockNtNtCs8vpBMIMeQE0_6blocks6delete11DeleteBlockENtB4_15TypeErasedBlock7executeB1f_
FNDA:0,_RNvXs_NtCsftJwm24TBQa_12block_traits12type_erasureINtB4_17EncapsulatedBlockNtNtCs8vpBMIMeQE0_6blocks6delete11DeleteBlockENtB4_15TypeErasedBlock8block_idB1f_
FNDA:2,_RNvMs0_NtCsftJwm24TBQa_12block_traits12type_erasureNtB5_5Block3new
FNDA:0,_RNvMs0_NtCsftJwm24TBQa_12block_traits12type_erasureNtB5_5Block7execute
FNDA:0,_RNvMs0_NtCsftJwm24TBQa_12block_traits12type_erasureNtB5_5Block8block_id
FNDA:0,_RNvMNtCsftJwm24TBQa_12block_traits12type_erasureINtB2_17EncapsulatedBlockpE3newB4_
FNDA:0,_RNvXININtCsftJwm24TBQa_12block_traits12type_erasures_0pEINtB5_17EncapsulatedBlockpENtB5_15TypeErasedBlock7executeB7_
FNDA:0,_RNvXININtCsftJwm24TBQa_12block_traits12type_erasures_0pEINtB5_17EncapsulatedBlockpENtB5_15TypeErasedBlock8block_idB7_
FNDA:0,_RNvXs_NtCsftJwm24TBQa_12block_traits12type_erasureINtB4_17EncapsulatedBlockNtNtCsk8cf5WJa4A9_6blocks12simple_order16SimpleOrderBlockENtB4_15TypeErasedBlock7executeB1f_
FNDA:0,_RNvXs_NtCsftJwm24TBQa_12block_traits12type_erasureINtB4_17EncapsulatedBlockNtNtCsk8cf5WJa4A9_6blocks12simple_order16SimpleOrderBlockENtB4_15TypeErasedBlock8block_idB1f_
FNDA:0,_RNvXs_NtCsftJwm24TBQa_12block_traits12type_erasureINtB4_17EncapsulatedBlockNtNtCsk8cf5WJa4A9_6blocks5after10AfterBlockENtB4_15TypeErasedBlock7executeB1f_
FNDA:0,_RNvXs_NtCsftJwm24TBQa_12block_traits12type_erasureINtB4_17EncapsulatedBlockNtNtCsk8cf5WJa4A9_6blocks5after10AfterBlockENtB4_15TypeErasedBlock8block_idB1f_
FNDA:0,_RNvXs_NtCsftJwm24TBQa_12block_traits12type_erasureINtB4_17EncapsulatedBlockNtNtCsk8cf5WJa4A9_6blocks6delete11DeleteBlockENtB4_15TypeErasedBlock7executeB1f_
FNDA:0,_RNvXs_NtCsftJwm24TBQa_12block_traits12type_erasureINtB4_17EncapsulatedBlockNtNtCsk8cf5WJa4A9_6blocks6delete11DeleteBlockENtB4_15TypeErasedBlock8block_idB1f_
FNF:6
FNH:3
DA:13,3
DA:14,3
DA:15,3
DA:16,3
DA:17,3
DA:18,3
DA:19,3
DA:20,3
DA:21,3
DA:22,3
DA:23,3
DA:24,3
DA:25,3
DA:26,3
DA:27,3
DA:36,0
DA:37,0
DA:38,0
DA:39,6
DA:43,6
DA:44,6
DA:47,6
DA:50,6
DA:51,6
DA:52,6
DA:56,6
DA:57,6
DA:67,2
DA:68,2
DA:69,2
DA:71,0
DA:72,0
DA:73,0
DA:75,0
DA:76,0
DA:77,0
BRF:0
BRH:0
LF:36
LH:27
end_of_record
SF:/Users/mailund/Code/block-flow/blocks/src/after.rs
FN:49,_RNvNtNtCs8vpBMIMeQE0_6blocks5after5tests3ctx
FN:105,_RNvNtNtCs8vpBMIMeQE0_6blocks5after5testss_27execute_is_false_when_equal
FN:54,_RNvNtNtCs8vpBMIMeQE0_6blocks5after5testss_42make_defaults_creates_unit_input_and_state
FN:69,_RNvNtNtCs8vpBMIMeQE0_6blocks5after5testss_51new_from_init_params_sets_time_and_block_id_default
FN:92,_RNvNtNtCs8vpBMIMeQE0_6blocks5after5testss_64execute_returns_output_and_defaults_for_missing_parts_after_time
FN:78,_RNvNtNtCs8vpBMIMeQE0_6blocks5after5testss_65execute_returns_output_and_defaults_for_missing_parts_before_time
FN:39,_RNCNvXNtCs8vpBMIMeQE0_6blocks5afterNtB4_10AfterBlockNtNtCsftJwm24TBQa_12block_traits10block_spec9BlockSpec7execute0B6_
FN:34,_RNvXNtCs8vpBMIMeQE0_6blocks5afterNtB2_10AfterBlockNtNtCsftJwm24TBQa_12block_traits10block_spec9BlockSpec10init_state
FN:27,_RNvXNtCs8vpBMIMeQE0_6blocks5afterNtB2_10AfterBlockNtNtCsftJwm24TBQa_12block_traits10block_spec9BlockSpec20new_from_init_params
FN:23,_RNvXNtCs8vpBMIMeQE0_6blocks5afterNtB2_10AfterBlockNtNtCsftJwm24TBQa_12block_traits10block_spec9BlockSpec8block_id
FN:4,_RNvXs3_NtCs8vpBMIMeQE0_6blocks5afterNtB5_9InputKeysNtNtCs6JSeF52E3eC_8channels12channel_keys11ChannelKeys13channel_names
FN:6,_RNvXse_NtCs8vpBMIMeQE0_6blocks5afterNtB5_10OutputKeysINtNtCs6JSeF52E3eC_8channels12channel_keys10OutputKeysNtB5_6OutputE6writer
FN:34,_RNvXNtCsk8cf5WJa4A9_6blocks5afterNtB2_10AfterBlockNtNtCsftJwm24TBQa_12block_traits10block_spec9BlockSpec10init_state
FN:27,_RNvXNtCsk8cf5WJa4A9_6blocks5afterNtB2_10AfterBlockNtNtCsftJwm24TBQa_12block_traits10block_spec9BlockSpec20new_from_init_params
FN:23,_RNvXNtCsk8cf5WJa4A9_6blocks5afterNtB2_10AfterBlockNtNtCsftJwm24TBQa_12block_traits10block_spec9BlockSpec8block_id
FN:4,_RNvXs3_NtCsk8cf5WJa4A9_6blocks5afterNtB5_9InputKeysNtNtCs6JSeF52E3eC_8channels12channel_keys11ChannelKeys13channel_names
FN:6,_RNvXse_NtCsk8cf5WJa4A9_6blocks5afterNtB5_10OutputKeysINtNtCs6JSeF52E3eC_8channels12channel_keys10OutputKeysNtB5_6OutputE6writer
FN:39,_RNCNvXNtCsk8cf5WJa4A9_6blocks5afterNtB4_10AfterBlockNtNtCsftJwm24TBQa_12block_traits10block_spec9BlockSpec7execute0B6_
FNDA:3,_RNvNtNtCs8vpBMIMeQE0_6blocks5after5tests3ctx
FNDA:1,_RNvNtNtCs8vpBMIMeQE0_6blocks5after5testss_27execute_is_false_when_equal
FNDA:1,_RNvNtNtCs8vpBMIMeQE0_6blocks5after5testss_42make_defaults_creates_unit_input_and_state
FNDA:1,_RNvNtNtCs8vpBMIMeQE0_6blocks5after5testss_51new_from_init_params_sets_time_and_block_id_default
FNDA:1,_RNvNtNtCs8vpBMIMeQE0_6blocks5after5testss_64execute_returns_output_and_defaults_for_missing_parts_after_time
FNDA:1,_RNvNtNtCs8vpBMIMeQE0_6blocks5after5testss_65execute_returns_output_and_defaults_for_missing_parts_before_time
FNDA:3,_RNCNvXNtCs8vpBMIMeQE0_6blocks5afterNtB4_10AfterBlockNtNtCsftJwm24TBQa_12block_traits10block_spec9BlockSpec7execute0B6_
FNDA:0,_RNvXNtCs8vpBMIMeQE0_6blocks5afterNtB2_10AfterBlockNtNtCsftJwm24TBQa_12block_traits10block_spec9BlockSpec10init_state
FNDA:4,_RNvXNtCs8vpBMIMeQE0_6blocks5afterNtB2_10AfterBlockNtNtCsftJwm24TBQa_12block_traits10block_spec9BlockSpec20new_from_init_params
FNDA:1,_RNvXNtCs8vpBMIMeQE0_6blocks5afterNtB2_10AfterBlockNtNtCsftJwm24TBQa_12block_traits10block_spec9BlockSpec8block_id
FNDA:0,_RNvXs3_NtCs8vpBMIMeQE0_6blocks5afterNtB5_9InputKeysNtNtCs6JSeF52E3eC_8channels12channel_keys11ChannelKeys13channel_names
FNDA:0,_RNvXse_NtCs8vpBMIMeQE0_6blocks5afterNtB5_10OutputKeysINtNtCs6JSeF52E3eC_8channels12channel_keys10OutputKeysNtB5_6OutputE6writer
FNDA:1,_RNvXNtCsk8cf5WJa4A9_6blocks5afterNtB2_10AfterBlockNtNtCsftJwm24TBQa_12block_traits10block_spec9BlockSpec10init_state
FNDA:1,_RNvXNtCsk8cf5WJa4A9_6blocks5afterNtB2_10AfterBlockNtNtCsftJwm24TBQa_12block_traits10block_spec9BlockSpec20new_from_init_params
FNDA:0,_RNvXNtCsk8cf5WJa4A9_6blocks5afterNtB2_10AfterBlockNtNtCsftJwm24TBQa_12block_traits10block_spec9BlockSpec8block_id
FNDA:1,_RNvXs3_NtCsk8cf5WJa4A9_6blocks5afterNtB5_9InputKeysNtNtCs6JSeF52E3eC_8channels12channel_keys11ChannelKeys13channel_names
FNDA:0,_RNvXse_NtCsk8cf5WJa4A9_6blocks5afterNtB5_10OutputKeysINtNtCs6JSeF52E3eC_8channels12channel_keys10OutputKeysNtB5_6OutputE6writer
FNDA:0,_RNCNvXNtCsk8cf5WJa4A9_6blocks5afterNtB4_10AfterBlockNtNtCsftJwm24TBQa_12block_traits10block_spec9BlockSpec7execute0B6_
FNF:12
FNH:11
DA:4,1
DA:6,0
DA:23,1
DA:24,1
DA:25,1
DA:27,5
DA:28,5
DA:29,5
DA:30,5
DA:31,5
DA:32,5
DA:34,1
DA:35,1
DA:36,1
DA:39,3
DA:40,3
DA:41,3
DA:49,3
DA:50,3
DA:51,3
DA:54,1
DA:56,1
DA:57,1
DA:60,1
DA:61,1
DA:64,1
DA:65,1
DA:66,1
DA:69,1
DA:70,1
DA:71,1
DA:74,1
DA:75,1
DA:78,1
DA:79,1
DA:80,1
DA:82,1
DA:85,1
DA:87,1
DA:88,1
DA:89,1
DA:92,1
DA:93,1
DA:94,1
DA:96,1
DA:98,1
DA:100,1
DA:101,1
DA:102,1
DA:105,1
DA:106,1
DA:107,1
DA:109,1
DA:111,1
DA:113,1
DA:114,1
BRF:0
BRH:0
LF:56
LH:55
end_of_record
SF:/Users/mailund/Code/block-flow/blocks/src/delete.rs
FN:29,_RNCNvXNtCs8vpBMIMeQE0_6blocks6deleteNtB4_11DeleteBlockNtNtCsftJwm24TBQa_12block_traits10block_spec9BlockSpec7execute0B6_
FN:24,_RNvXNtCs8vpBMIMeQE0_6blocks6deleteNtB2_11DeleteBlockNtNtCsftJwm24TBQa_12block_traits10block_spec9BlockSpec10init_state
FN:20,_RNvXNtCs8vpBMIMeQE0_6blocks6deleteNtB2_11DeleteBlockNtNtCsftJwm24TBQa_12block_traits10block_spec9BlockSpec20new_from_init_params
FN:16,_RNvXNtCs8vpBMIMeQE0_6blocks6deleteNtB2_11DeleteBlockNtNtCsftJwm24TBQa_12block_traits10block_spec9BlockSpec8block_id
FN:3,_RNvXs4_NtCs8vpBMIMeQE0_6blocks6deleteNtB5_10OutputKeysNtNtCs6JSeF52E3eC_8channels12channel_keys11ChannelKeys13channel_names
FN:5,_RNvXsi_NtCs8vpBMIMeQE0_6blocks6deleteNtB5_9InputKeysINtNtCs6JSeF52E3eC_8channels12channel_keys9InputKeysNtB5_5InputE6reader
FN:67,_RNvNtNtCs8vpBMIMeQE0_6blocks6delete5testss_32init_state_returns_default_state
FN:97,_RNvNtNtCs8vpBMIMeQE0_6blocks6delete5testss_34execute_handles_should_delete_true
FN:61,_RNvNtNtCs8vpBMIMeQE0_6blocks6delete5testss_42new_from_init_params_sets_block_id_default
FN:44,_RNvNtNtCs8vpBMIMeQE0_6blocks6delete5testss_55make_defaults_creates_unit_output_state_and_init_params
FN:74,_RNvNtNtCs8vpBMIMeQE0_6blocks6delete5testss_75execute_compiles_and_returns_defaults_when_no_output_state_intents_returned
FN:24,_RNvXNtCsk8cf5WJa4A9_6blocks6deleteNtB2_11DeleteBlockNtNtCsftJwm24TBQa_12block_traits10block_spec9BlockSpec10init_state
FN:20,_RNvXNtCsk8cf5WJa4A9_6blocks6deleteNtB2_11DeleteBlockNtNtCsftJwm24TBQa_12block_traits10block_spec9BlockSpec20new_from_init_params
FN:16,_RNvXNtCsk8cf5WJa4A9_6blocks6deleteNtB2_11DeleteBlockNtNtCsftJwm24TBQa_12block_traits10block_spec9BlockSpec8block_id
FN:3,_RNvXs4_NtCsk8cf5WJa4A9_6blocks6deleteNtB5_10OutputKeysNtNtCs6JSeF52E3eC_8channels12channel_keys11ChannelKeys13channel_names
FN:5,_RNvXsi_NtCsk8cf5WJa4A9_6blocks6deleteNtB5_9InputKeysINtNtCs6JSeF52E3eC_8channels12channel_keys9InputKeysNtB5_5InputE6reader
FN:29,_RNCNvXNtCsk8cf5WJa4A9_6blocks6deleteNtB4_11DeleteBlockNtNtCsftJwm24TBQa_12block_traits10block_spec9BlockSpec7execute0B6_
FNDA:2,_RNCNvXNtCs8vpBMIMeQE0_6blocks6deleteNtB4_11DeleteBlockNtNtCsftJwm24TBQa_12block_traits10block_spec9BlockSpec7execute0B6_
FNDA:1,_RNvXNtCs8vpBMIMeQE0_6blocks6deleteNtB2_11DeleteBlockNtNtCsftJwm24TBQa_12block_traits10block_spec9BlockSpec10init_state
FNDA:1,_RNvXNtCs8vpBMIMeQE0_6blocks6deleteNtB2_11DeleteBlockNtNtCsftJwm24TBQa_12block_traits10block_spec9BlockSpec20new_from_init_params
FNDA:1,_RNvXNtCs8vpBMIMeQE0_6blocks6deleteNtB2_11DeleteBlockNtNtCsftJwm24TBQa_12block_traits10block_spec9BlockSpec8block_id
FNDA:0,_RNvXs4_NtCs8vpBMIMeQE0_6blocks6deleteNtB5_10OutputKeysNtNtCs6JSeF52E3eC_8channels12channel_keys11ChannelKeys13channel_names
FNDA:0,_RNvXsi_NtCs8vpBMIMeQE0_6blocks6deleteNtB5_9InputKeysINtNtCs6JSeF52E3eC_8channels12channel_keys9InputKeysNtB5_5InputE6reader
FNDA:1,_RNvNtNtCs8vpBMIMeQE0_6blocks6delete5testss_32init_state_returns_default_state
FNDA:1,_RNvNtNtCs8vpBMIMeQE0_6blocks6delete5testss_34execute_handles_should_delete_true
FNDA:1,_RNvNtNtCs8vpBMIMeQE0_6blocks6delete5testss_42new_from_init_params_sets_block_id_default
FNDA:1,_RNvNtNtCs8vpBMIMeQE0_6blocks6delete5testss_55make_defaults_creates_unit_output_state_and_init_params
FNDA:1,_RNvNtNtCs8vpBMIMeQE0_6blocks6delete5testss_75execute_compiles_and_returns_defaults_when_no_output_state_intents_returned
FNDA:0,_RNvXNtCsk8cf5WJa4A9_6blocks6deleteNtB2_11DeleteBlockNtNtCsftJwm24TBQa_12block_traits10block_spec9BlockSpec10init_state
FNDA:0,_RNvXNtCsk8cf5WJa4A9_6blocks6deleteNtB2_11DeleteBlockNtNtCsftJwm24TBQa_12block_traits10block_spec9BlockSpec20new_from_init_params
FNDA:0,_RNvXNtCsk8cf5WJa4A9_6blocks6deleteNtB2_11DeleteBlockNtNtCsftJwm24TBQa_12block_traits10block_spec9BlockSpec8block_id
FNDA:0,_RNvXs4_NtCsk8cf5WJa4A9_6blocks6deleteNtB5_10OutputKeysNtNtCs6JSeF52E3eC_8channels12channel_keys11ChannelKeys13channel_names
FNDA:0,_RNvXsi_NtCsk8cf5WJa4A9_6blocks6deleteNtB5_9InputKeysINtNtCs6JSeF52E3eC_8channels12channel_keys9InputKeysNtB5_5InputE6reader
FNDA:0,_RNCNvXNtCsk8cf5WJa4A9_6blocks6deleteNtB4_11DeleteBlockNtNtCsftJwm24TBQa_12block_traits10block_spec9BlockSpec7execute0B6_
FNF:11
FNH:9
DA:3,0
DA:5,0
DA:16,1
DA:17,1
DA:18,1
DA:20,1
DA:21,1
DA:22,1
DA:24,1
DA:25,1
DA:26,1
DA:29,2
DA:30,2
DA:31,1
DA:32,1
DA:33,1
DA:34,1
DA:35,1
DA:44,1
DA:46,1
DA:47,1
DA:48,1
DA:51,1
DA:52,1
DA:53,1
DA:55,1
DA:56,1
DA:57,1
DA:58,1
DA:61,1
DA:62,1
DA:63,1
DA:64,1
DA:67,1
DA:68,1
DA:69,1
DA:70,1
DA:71,1
DA:74,1
DA:75,1
DA:76,1
DA:77,1
DA:81,1
DA:82,1
DA:83,1
DA:84,1
DA:85,1
DA:86,1
DA:87,1
DA:91,1
DA:92,1
DA:93,1
DA:94,1
DA:97,1
DA:98,1
DA:99,1
DA:100,1
DA:102,1
DA:103,1
DA:104,1
DA:105,1
DA:106,1
DA:107,1
DA:108,1
DA:110,1
DA:111,1
DA:112,1
DA:113,1
BRF:0
BRH:0
LF:68
LH:66
end_of_record
SF:/Users/mailund/Code/block-flow/blocks/src/lib.rs
FN:76,_RINvCs8vpBMIMeQE0_6blocks30read_blocktypes_from_json_filepEB2_
FN:52,_RNvXs0_Cs8vpBMIMeQE0_6blocksNtB5_15ReadBlocksErrorINtNtCskzPJi2J8k3N_4core7convert4FromNtNtCs1dyZE4UH4oJ_10serde_json5error5ErrorE4from
FN:46,_RNvXs_Cs8vpBMIMeQE0_6blocksNtB4_15ReadBlocksErrorINtNtCskzPJi2J8k3N_4core7convert4FromNtNtNtCsiThrkg7suPy_3std2io5error5ErrorE4from
FN:91,_RNvNtCs8vpBMIMeQE0_6blocks4tests_29test_block_type_serialization
FN:212,_RNvNtCs8vpBMIMeQE0_6blocks4tests_41test_deserialize_invalid_block_type_fails
FN:117,_RNvNtCs8vpBMIMeQE0_6blocks4tests_41test_deserialize_single_block_from_string
FN:143,_RNvNtCs8vpBMIMeQE0_6blocks4tests_44test_deserialize_multiple_blocks_from_string
FN:185,_RNvNtCs8vpBMIMeQE0_6blocks4tests_46test_deserialize_multiple_blocks_to_wave_nodes
FN:72,_RNCNvCs8vpBMIMeQE0_6blocks28read_blocks_from_json_string0B3_
FN:65,_RNvCs8vpBMIMeQE0_6blocks28read_blocks_from_json_string
FN:59,_RNvCs8vpBMIMeQE0_6blocks32read_blocktypes_from_json_string
FN:28,_RNvMCs8vpBMIMeQE0_6blocksNtB2_9BlockType13as_weave_node
FN:72,_RNCNvCsk8cf5WJa4A9_6blocks28read_blocks_from_json_string0B3_
FN:65,_RNvCsk8cf5WJa4A9_6blocks28read_blocks_from_json_string
FN:59,_RNvCsk8cf5WJa4A9_6blocks32read_blocktypes_from_json_string
FN:28,_RNvMCsk8cf5WJa4A9_6blocksNtB2_9BlockType13as_weave_node
FN:52,_RNvXs0_Csk8cf5WJa4A9_6blocksNtB5_15ReadBlocksErrorINtNtCskzPJi2J8k3N_4core7convert4FromNtNtCs1dyZE4UH4oJ_10serde_json5error5ErrorE4from
FN:46,_RNvXs_Csk8cf5WJa4A9_6blocksNtB4_15ReadBlocksErrorINtNtCskzPJi2J8k3N_4core7convert4FromNtNtNtCsiThrkg7suPy_3std2io5error5ErrorE4from
FNDA:0,_RINvCs8vpBMIMeQE0_6blocks30read_blocktypes_from_json_filepEB2_
FNDA:0,_RNvXs0_Cs8vpBMIMeQE0_6blocksNtB5_15ReadBlocksErrorINtNtCskzPJi2J8k3N_4core7convert4FromNtNtCs1dyZE4UH4oJ_10serde_json5error5ErrorE4from
FNDA:0,_RNvXs_Cs8vpBMIMeQE0_6blocksNtB4_15ReadBlocksErrorINtNtCskzPJi2J8k3N_4core7convert4FromNtNtNtCsiThrkg7suPy_3std2io5error5ErrorE4from
FNDA:1,_RNvNtCs8vpBMIMeQE0_6blocks4tests_29test_block_type_serialization
FNDA:1,_RNvNtCs8vpBMIMeQE0_6blocks4tests_41test_deserialize_invalid_block_type_fails
FNDA:1,_RNvNtCs8vpBMIMeQE0_6blocks4tests_41test_deserialize_single_block_from_string
FNDA:1,_RNvNtCs8vpBMIMeQE0_6blocks4tests_44test_deserialize_multiple_blocks_from_string
FNDA:1,_RNvNtCs8vpBMIMeQE0_6blocks4tests_46test_deserialize_multiple_blocks_to_wave_nodes
FNDA:2,_RNCNvCs8vpBMIMeQE0_6blocks28read_blocks_from_json_string0B3_
FNDA:1,_RNvCs8vpBMIMeQE0_6blocks28read_blocks_from_json_string
FNDA:4,_RNvCs8vpBMIMeQE0_6blocks32read_blocktypes_from_json_string
FNDA:2,_RNvMCs8vpBMIMeQE0_6blocksNtB2_9BlockType13as_weave_node
FNDA:0,_RNCNvCsk8cf5WJa4A9_6blocks28read_blocks_from_json_string0B3_
FNDA:0,_RNvCsk8cf5WJa4A9_6blocks28read_blocks_from_json_string
FNDA:0,_RNvCsk8cf5WJa4A9_6blocks32read_blocktypes_from_json_string
FNDA:0,_RNvMCsk8cf5WJa4A9_6blocksNtB2_9BlockType13as_weave_node
FNDA:0,_RNvXs0_Csk8cf5WJa4A9_6blocksNtB5_15ReadBlocksErrorINtNtCskzPJi2J8k3N_4core7convert4FromNtNtCs1dyZE4UH4oJ_10serde_json5error5ErrorE4from
FNDA:0,_RNvXs_Csk8cf5WJa4A9_6blocksNtB4_15ReadBlocksErrorINtNtCskzPJi2J8k3N_4core7convert4FromNtNtNtCsiThrkg7suPy_3std2io5error5ErrorE4from
FNF:12
FNH:9
DA:28,2
DA:29,2
DA:30,2
DA:31,2
DA:32,1
DA:33,1
DA:34,0
DA:36,2
DA:46,0
DA:47,0
DA:48,0
DA:52,0
DA:53,0
DA:54,0
DA:59,4
DA:60,4
DA:61,4
DA:65,1
DA:66,1
DA:67,1
DA:68,1
DA:69,1
DA:70,1
DA:71,1
DA:72,2
DA:73,1
DA:74,1
DA:76,0
DA:77,0
DA:78,0
DA:79,0
DA:80,0
DA:81,0
DA:82,0
DA:83,0
DA:91,1
DA:97,1
DA:98,1
DA:99,1
DA:100,1
DA:101,1
DA:102,1
DA:103,1
DA:104,1
DA:105,1
DA:106,1
DA:108,1
DA:109,1
DA:110,1
DA:112,0
DA:114,1
DA:117,1
DA:118,1
DA:119,1
DA:120,1
DA:121,1
DA:122,1
DA:123,1
DA:124,1
DA:125,1
DA:126,1
DA:127,1
DA:128,1
DA:129,1
DA:131,1
DA:132,1
DA:134,1
DA:135,1
DA:136,1
DA:138,0
DA:140,1
DA:143,1
DA:144,1
DA:145,1
DA:146,1
DA:147,1
DA:148,1
DA:149,1
DA:150,1
DA:151,1
DA:152,1
DA:153,1
DA:154,1
DA:155,1
DA:156,1
DA:157,1
DA:158,1
DA:159,1
DA:160,1
DA:161,1
DA:162,1
DA:163,1
DA:165,1
DA:166,1
DA:168,1
DA:169,1
DA:170,1
DA:171,1
DA:173,0
DA:176,1
DA:177,1
DA:178,1
DA:180,0
DA:182,1
DA:185,1
DA:186,1
DA:187,1
DA:188,1
DA:189,1
DA:190,1
DA:191,1
DA:192,1
DA:193,1
DA:194,1
DA:195,1
DA:196,1
DA:197,1
DA:198,1
DA:199,1
DA:200,1
DA:201,1
DA:202,1
DA:203,1
DA:204,1
DA:205,1
DA:207,1
DA:208,1
DA:209,1
DA:212,1
DA:213,1
DA:214,1
DA:215,1
DA:216,1
DA:217,1
DA:218,1
DA:219,1
DA:220,1
DA:222,1
DA:223,1
DA:224,1
BRF:0
BRH:0
LF:141
LH:122
end_of_record
SF:/Users/mailund/Code/block-flow/blocks/src/simple_order.rs
FN:64,_RNCNvXs_NtCs8vpBMIMeQE0_6blocks12simple_orderNtB6_16SimpleOrderBlockNtNtCsftJwm24TBQa_12block_traits10block_spec9BlockSpec7execute0B8_
FN:96,_RNvNtNtCs8vpBMIMeQE0_6blocks12simple_order5testss_32init_state_returns_default_state
FN:169,_RNvNtNtCs8vpBMIMeQE0_6blocks12simple_order5testss_39intents_helper_matches_execute_behavior
FN:86,_RNvNtNtCs8vpBMIMeQE0_6blocks12simple_order5testss_42new_from_init_params_sets_block_id_default
FN:74,_RNvNtNtCs8vpBMIMeQE0_6blocks12simple_order5testss_43make_defaults_creates_unit_state_and_output
FN:140,_RNvNtNtCs8vpBMIMeQE0_6blocks12simple_order5testss_51execute_with_should_execute_false_returns_no_intent
FN:107,_RNvNtNtCs8vpBMIMeQE0_6blocks12simple_order5testss_53execute_with_should_execute_true_returns_place_intent
FN:25,_RNvMNtCs8vpBMIMeQE0_6blocks12simple_orderNtB2_16SimpleOrderBlock12place_intent
FN:38,_RNvMNtCs8vpBMIMeQE0_6blocks12simple_orderNtB2_16SimpleOrderBlock7intents
FN:34,_RNvMNtCs8vpBMIMeQE0_6blocks12simple_orderNtB2_16SimpleOrderBlock9no_intent
FN:5,_RNvXs4_NtCs8vpBMIMeQE0_6blocks12simple_orderNtB5_10OutputKeysNtNtCs6JSeF52E3eC_8channels12channel_keys11ChannelKeys13channel_names
FN:59,_RNvXs_NtCs8vpBMIMeQE0_6blocks12simple_orderNtB4_16SimpleOrderBlockNtNtCsftJwm24TBQa_12block_traits10block_spec9BlockSpec10init_state
FN:52,_RNvXs_NtCs8vpBMIMeQE0_6blocks12simple_orderNtB4_16SimpleOrderBlockNtNtCsftJwm24TBQa_12block_traits10block_spec9BlockSpec20new_from_init_params
FN:48,_RNvXs_NtCs8vpBMIMeQE0_6blocks12simple_orderNtB4_16SimpleOrderBlockNtNtCsftJwm24TBQa_12block_traits10block_spec9BlockSpec8block_id
FN:7,_RNvXsf_NtCs8vpBMIMeQE0_6blocks12simple_orderNtB5_9InputKeysINtNtCs6JSeF52E3eC_8channels12channel_keys9InputKeysNtB5_5InputE6reader
FN:25,_RNvMNtCsk8cf5WJa4A9_6blocks12simple_orderNtB2_16SimpleOrderBlock12place_intent
FN:38,_RNvMNtCsk8cf5WJa4A9_6blocks12simple_orderNtB2_16SimpleOrderBlock7intents
FN:34,_RNvMNtCsk8cf5WJa4A9_6blocks12simple_orderNtB2_16SimpleOrderBlock9no_intent
FN:5,_RNvXs4_NtCsk8cf5WJa4A9_6blocks12simple_orderNtB5_10OutputKeysNtNtCs6JSeF52E3eC_8channels12channel_keys11ChannelKeys13channel_names
FN:59,_RNvXs_NtCsk8cf5WJa4A9_6blocks12simple_orderNtB4_16SimpleOrderBlockNtNtCsftJwm24TBQa_12block_traits10block_spec9BlockSpec10init_state
FN:52,_RNvXs_NtCsk8cf5WJa4A9_6blocks12simple_orderNtB4_16SimpleOrderBlockNtNtCsftJwm24TBQa_12block_traits10block_spec9BlockSpec20new_from_init_params
FN:48,_RNvXs_NtCsk8cf5WJa4A9_6blocks12simple_orderNtB4_16SimpleOrderBlockNtNtCsftJwm24TBQa_12block_traits10block_spec9BlockSpec8block_id
FN:7,_RNvXsf_NtCsk8cf5WJa4A9_6blocks12simple_orderNtB5_9InputKeysINtNtCs6JSeF52E3eC_8channels12channel_keys9InputKeysNtB5_5InputE6reader
FN:64,_RNCNvXs_NtCsk8cf5WJa4A9_6blocks12simple_orderNtB6_16SimpleOrderBlockNtNtCsftJwm24TBQa_12block_traits10block_spec9BlockSpec7execute0B8_
FNDA:2,_RNCNvXs_NtCs8vpBMIMeQE0_6blocks12simple_orderNtB6_16SimpleOrderBlockNtNtCsftJwm24TBQa_12block_traits10block_spec9BlockSpec7execute0B8_
FNDA:1,_RNvNtNtCs8vpBMIMeQE0_6blocks12simple_order5testss_32init_state_returns_default_state
FNDA:1,_RNvNtNtCs8vpBMIMeQE0_6blocks12simple_order5testss_39intents_helper_matches_execute_behavior
FNDA:1,_RNvNtNtCs8vpBMIMeQE0_6blocks12simple_order5testss_42new_from_init_params_sets_block_id_default
FNDA:1,_RNvNtNtCs8vpBMIMeQE0_6blocks12simple_order5testss_43make_defaults_creates_unit_state_and_output
FNDA:1,_RNvNtNtCs8vpBMIMeQE0_6blocks12simple_order5testss_51execute_with_should_execute_false_returns_no_intent
FNDA:1,_RNvNtNtCs8vpBMIMeQE0_6blocks12simple_order5testss_53execute_with_should_execute_true_returns_place_intent
FNDA:2,_RNvMNtCs8vpBMIMeQE0_6blocks12simple_orderNtB2_16SimpleOrderBlock12place_intent
FNDA:4,_RNvMNtCs8vpBMIMeQE0_6blocks12simple_orderNtB2_16SimpleOrderBlock7intents
FNDA:2,_RNvMNtCs8vpBMIMeQE0_6blocks12simple_orderNtB2_16SimpleOrderBlock9no_intent
FNDA:0,_RNvXs4_NtCs8vpBMIMeQE0_6blocks12simple_orderNtB5_10OutputKeysNtNtCs6JSeF52E3eC_8channels12channel_keys11ChannelKeys13channel_names
FNDA:1,_RNvXs_NtCs8vpBMIMeQE0_6blocks12simple_orderNtB4_16SimpleOrderBlockNtNtCsftJwm24TBQa_12block_traits10block_spec9BlockSpec10init_state
FNDA:1,_RNvXs_NtCs8vpBMIMeQE0_6blocks12simple_orderNtB4_16SimpleOrderBlockNtNtCsftJwm24TBQa_12block_traits10block_spec9BlockSpec20new_from_init_params
FNDA:1,_RNvXs_NtCs8vpBMIMeQE0_6blocks12simple_orderNtB4_16SimpleOrderBlockNtNtCsftJwm24TBQa_12block_traits10block_spec9BlockSpec8block_id
FNDA:0,_RNvXsf_NtCs8vpBMIMeQE0_6blocks12simple_orderNtB5_9InputKeysINtNtCs6JSeF52E3eC_8channels12channel_keys9InputKeysNtB5_5InputE6reader
FNDA:0,_RNvMNtCsk8cf5WJa4A9_6blocks12simple_orderNtB2_16SimpleOrderBlock12place_intent
FNDA:0,_RNvMNtCsk8cf5WJa4A9_6blocks12simple_orderNtB2_16SimpleOrderBlock7intents
FNDA:0,_RNvMNtCsk8cf5WJa4A9_6blocks12simple_orderNtB2_16SimpleOrderBlock9no_intent
FNDA:1,_RNvXs4_NtCsk8cf5WJa4A9_6blocks12simple_orderNtB5_10OutputKeysNtNtCs6JSeF52E3eC_8channels12channel_keys11ChannelKeys13channel_names
FNDA:1,_RNvXs_NtCsk8cf5WJa4A9_6blocks12simple_orderNtB4_16SimpleOrderBlockNtNtCsftJwm24TBQa_12block_traits10block_spec9BlockSpec10init_state
FNDA:1,_RNvXs_NtCsk8cf5WJa4A9_6blocks12simple_orderNtB4_16SimpleOrderBlockNtNtCsftJwm24TBQa_12block_traits10block_spec9BlockSpec20new_from_init_params
FNDA:0,_RNvXs_NtCsk8cf5WJa4A9_6blocks12simple_orderNtB4_16SimpleOrderBlockNtNtCsftJwm24TBQa_12block_traits10block_spec9BlockSpec8block_id
FNDA:0,_RNvXsf_NtCsk8cf5WJa4A9_6blocks12simple_orderNtB5_9InputKeysINtNtCs6JSeF52E3eC_8channels12channel_keys9InputKeysNtB5_5InputE6reader
FNDA:0,_RNCNvXs_NtCsk8cf5WJa4A9_6blocks12simple_orderNtB6_16SimpleOrderBlockNtNtCsftJwm24TBQa_12block_traits10block_spec9BlockSpec7execute0B8_
FNF:15
FNH:14
DA:5,1
DA:7,0
DA:25,2
DA:26,2
DA:27,2
DA:28,2
DA:29,2
DA:30,2
DA:32,2
DA:34,2
DA:35,2
DA:36,2
DA:38,4
DA:39,4
DA:40,2
DA:42,2
DA:44,4
DA:48,1
DA:49,1
DA:50,1
DA:52,2
DA:53,2
DA:54,2
DA:55,2
DA:56,2
DA:57,2
DA:59,2
DA:60,2
DA:61,2
DA:64,2
DA:65,2
DA:74,1
DA:75,1
DA:76,1
DA:78,1
DA:79,1
DA:81,1
DA:82,1
DA:83,1
DA:86,1
DA:87,1
DA:88,1
DA:90,1
DA:92,1
DA:93,1
DA:96,1
DA:97,1
DA:98,1
DA:99,1
DA:100,1
DA:102,1
DA:103,1
DA:104,1
DA:107,1
DA:108,1
DA:109,1
DA:110,1
DA:111,1
DA:112,1
DA:114,1
DA:115,1
DA:117,1
DA:118,1
DA:119,1
DA:120,1
DA:121,1
DA:122,1
DA:123,1
DA:125,1
DA:126,1
DA:128,1
DA:129,1
DA:131,1
DA:134,0
DA:137,1
DA:140,1
DA:141,1
DA:142,1
DA:143,1
DA:144,1
DA:146,1
DA:147,1
DA:149,1
DA:150,1
DA:151,1
DA:152,1
DA:153,1
DA:154,1
DA:155,1
DA:157,1
DA:158,1
DA:160,1
DA:161,1
DA:163,0
DA:166,1
DA:169,1
DA:170,1
DA:171,1
DA:172,1
DA:173,1
DA:175,1
DA:176,1
DA:178,1
DA:179,1
DA:181,1
DA:182,1
DA:183,1
BRF:0
BRH:0
LF:107
LH:104
end_of_record
SF:/Users/mailund/Code/block-flow/channels/src/errors.rs
FN:16,_RNvXNtCs6hdUIowAMAo_8channels6errorsNtB2_13RegistryErrorNtNtCskzPJi2J8k3N_4core3fmt7Display3fmt
FNDA:0,_RNvXNtCs6hdUIowAMAo_8channels6errorsNtB2_13RegistryErrorNtNtCskzPJi2J8k3N_4core3fmt7Display3fmt
FNF:1
FNH:0
DA:16,0
DA:17,0
DA:18,0
DA:19,0
DA:20,0
DA:22,0
DA:23,0
DA:25,0
DA:26,0
DA:29,0
DA:30,0
DA:31,0
DA:32,0
DA:33,0
DA:34,0
DA:38,0
BRF:0
BRH:0
LF:16
LH:0
end_of_record
SF:/Users/mailund/Code/block-flow/channels/src/lib.rs
FN:14,_RNvNtCs6hdUIowAMAo_8channels5testss_16test_put_and_get
FN:62,_RNvNtCs6hdUIowAMAo_8channels5testss_19test_ensure_new_key
FN:47,_RNvNtCs6hdUIowAMAo_8channels5testss_19test_get_wrong_type
FN:104,_RNvNtCs6hdUIowAMAo_8channels5testss_19test_mutable_access
FN:26,_RNvNtCs6hdUIowAMAo_8channels5testss_23test_put_and_get_string
FN:74,_RNvNtCs6hdUIowAMAo_8channels5testss_24test_ensure_existing_key
FN:36,_RNvNtCs6hdUIowAMAo_8channels5testss_24test_get_nonexistent_key
FN:121,_RNvNtCs6hdUIowAMAo_8channels5testss_24test_multiple_references
FN:91,_RNvNtCs6hdUIowAMAo_8channels5testss_31test_ensure_with_custom_default
FNDA:1,_RNvNtCs6hdUIowAMAo_8channels5testss_16test_put_and_get
FNDA:1,_RNvNtCs6hdUIowAMAo_8channels5testss_19test_ensure_new_key
FNDA:1,_RNvNtCs6hdUIowAMAo_8channels5testss_19test_get_wrong_type
FNDA:1,_RNvNtCs6hdUIowAMAo_8channels5testss_19test_mutable_access
FNDA:1,_RNvNtCs6hdUIowAMAo_8channels5testss_23test_put_and_get_string
FNDA:1,_RNvNtCs6hdUIowAMAo_8channels5testss_24test_ensure_existing_key
FNDA:1,_RNvNtCs6hdUIowAMAo_8channels5testss_24test_get_nonexistent_key
FNDA:1,_RNvNtCs6hdUIowAMAo_8channels5testss_24test_multiple_references
FNDA:1,_RNvNtCs6hdUIowAMAo_8channels5testss_31test_ensure_with_custom_default
FNF:9
FNH:9
DA:14,1
DA:15,1
DA:18,1
DA:21,1
DA:22,1
DA:23,1
DA:26,1
DA:27,1
DA:29,1
DA:31,1
DA:32,1
DA:33,1
DA:36,1
DA:37,1
DA:39,1
DA:40,1
DA:42,1
DA:44,1
DA:47,1
DA:48,1
DA:50,1
DA:52,1
DA:53,1
DA:54,1
DA:55,1
DA:57,0
DA:59,1
DA:62,1
DA:63,1
DA:65,1
DA:66,1
DA:69,1
DA:70,1
DA:71,1
DA:74,1
DA:75,1
DA:77,1
DA:79,1
DA:80,1
DA:83,1
DA:86,1
DA:87,1
DA:88,1
DA:91,1
DA:92,1
DA:99,1
DA:100,1
DA:101,1
DA:104,1
DA:105,1
DA:107,1
DA:109,1
DA:110,1
DA:113,1
DA:116,1
DA:117,1
DA:118,1
DA:121,1
DA:122,1
DA:124,1
DA:126,1
DA:127,1
DA:130,1
DA:131,1
DA:134,1
DA:137,1
DA:138,1
BRF:0
BRH:0
LF:67
LH:66
end_of_record
SF:/Users/mailund/Code/block-flow/channels/src/registry.rs
FN:15,_RNvMNtCs6JSeF52E3eC_8channels8registryNtB2_15ChannelRegistry3new
FN:72,_RNvXs_NtCs6JSeF52E3eC_8channels8registryNtB4_15ChannelRegistryNtNtCskzPJi2J8k3N_4core7default7Default7default
FN:33,_RINvMNtCs6JSeF52E3eC_8channels8registryNtB3_15ChannelRegistry3getbRNtNtCsganj50Cd8Gx_5alloc6string6StringECs8vpBMIMeQE0_6blocks
FN:56,_RINvMNtCs6JSeF52E3eC_8channels8registryNtB3_15ChannelRegistry6ensurebRNtNtCsganj50Cd8Gx_5alloc6string6StringECs8vpBMIMeQE0_6blocks
FN:43,_RNCINvMNtCs6JSeF52E3eC_8channels8registryNtB5_15ChannelRegistry3getbRNtNtCsganj50Cd8Gx_5alloc6string6StringE0Cs8vpBMIMeQE0_6blocks
FN:15,_RNvMNtCs6hdUIowAMAo_8channels8registryNtB2_15ChannelRegistry3new
FN:33,_RINvMNtCs6hdUIowAMAo_8channels8registryNtB3_15ChannelRegistry3getINtNtCsganj50Cd8Gx_5alloc3vec3VeclEReEB5_
FN:33,_RINvMNtCs6hdUIowAMAo_8channels8registryNtB3_15ChannelRegistry3getNtNtCsganj50Cd8Gx_5alloc6string6StringReEB5_
FN:33,_RINvMNtCs6hdUIowAMAo_8channels8registryNtB3_15ChannelRegistry3getNtNvNtB5_5testss_31test_ensure_with_custom_default12CustomStructRNtNtCsganj50Cd8Gx_5alloc6string6StringEB5_
FN:33,_RINvMNtCs6hdUIowAMAo_8channels8registryNtB3_15ChannelRegistry3getlRNtNtCsganj50Cd8Gx_5alloc6string6StringEB5_
FN:33,_RINvMNtCs6hdUIowAMAo_8channels8registryNtB3_15ChannelRegistry3getlReEB5_
FN:27,_RINvMNtCs6hdUIowAMAo_8channels8registryNtB3_15ChannelRegistry3putINtNtCsganj50Cd8Gx_5alloc3vec3VeclEReEB5_
FN:27,_RINvMNtCs6hdUIowAMAo_8channels8registryNtB3_15ChannelRegistry3putNtNtCsganj50Cd8Gx_5alloc6string6StringReEB5_
FN:27,_RINvMNtCs6hdUIowAMAo_8channels8registryNtB3_15ChannelRegistry3putlReEB5_
FN:56,_RINvMNtCs6hdUIowAMAo_8channels8registryNtB3_15ChannelRegistry6ensureNtNvNtB5_5testss_31test_ensure_with_custom_default12CustomStructReEB5_
FN:56,_RINvMNtCs6hdUIowAMAo_8channels8registryNtB3_15ChannelRegistry6ensurelReEB5_
FN:43,_RNCINvMNtCs6hdUIowAMAo_8channels8registryNtB5_15ChannelRegistry3getINtNtCsganj50Cd8Gx_5alloc3vec3VeclEReE0B7_
FN:43,_RNCINvMNtCs6hdUIowAMAo_8channels8registryNtB5_15ChannelRegistry3getNtNtCsganj50Cd8Gx_5alloc6string6StringReE0B7_
FN:43,_RNCINvMNtCs6hdUIowAMAo_8channels8registryNtB5_15ChannelRegistry3getNtNvNtB7_5testss_31test_ensure_with_custom_default12CustomStructRNtNtCsganj50Cd8Gx_5alloc6string6StringE0B7_
FN:43,_RNCINvMNtCs6hdUIowAMAo_8channels8registryNtB5_15ChannelRegistry3getlRNtNtCsganj50Cd8Gx_5alloc6string6StringE0B7_
FN:43,_RNCINvMNtCs6hdUIowAMAo_8channels8registryNtB5_15ChannelRegistry3getlReE0B7_
FN:21,_RINvMNtCs6hdUIowAMAo_8channels8registryNtB3_15ChannelRegistry3haspEB5_
FN:72,_RNvXs_NtCs6hdUIowAMAo_8channels8registryNtB4_15ChannelRegistryNtNtCskzPJi2J8k3N_4core7default7Default7default
FN:21,_RINvMNtCs6JSeF52E3eC_8channels8registryNtB3_15ChannelRegistry3hasRNtNtCsganj50Cd8Gx_5alloc6string6StringECsddPsN7W6Kwt_5weave
FN:33,_RINvMNtCs6JSeF52E3eC_8channels8registryNtB3_15ChannelRegistry3getbRNtNtCsganj50Cd8Gx_5alloc6string6StringECsk8cf5WJa4A9_6blocks
FN:56,_RINvMNtCs6JSeF52E3eC_8channels8registryNtB3_15ChannelRegistry6ensurebRNtNtCsganj50Cd8Gx_5alloc6string6StringECsk8cf5WJa4A9_6blocks
FN:43,_RNCINvMNtCs6JSeF52E3eC_8channels8registryNtB5_15ChannelRegistry3getbRNtNtCsganj50Cd8Gx_5alloc6string6StringE0Csk8cf5WJa4A9_6blocks
FNDA:2,_RNvMNtCs6JSeF52E3eC_8channels8registryNtB2_15ChannelRegistry3new
FNDA:2,_RNvXs_NtCs6JSeF52E3eC_8channels8registryNtB4_15ChannelRegistryNtNtCskzPJi2J8k3N_4core7default7Default7default
FNDA:0,_RINvMNtCs6JSeF52E3eC_8channels8registryNtB3_15ChannelRegistry3getbRNtNtCsganj50Cd8Gx_5alloc6string6StringECs8vpBMIMeQE0_6blocks
FNDA:0,_RINvMNtCs6JSeF52E3eC_8channels8registryNtB3_15ChannelRegistry6ensurebRNtNtCsganj50Cd8Gx_5alloc6string6StringECs8vpBMIMeQE0_6blocks
FNDA:0,_RNCINvMNtCs6JSeF52E3eC_8channels8registryNtB5_15ChannelRegistry3getbRNtNtCsganj50Cd8Gx_5alloc6string6StringE0Cs8vpBMIMeQE0_6blocks
FNDA:9,_RNvMNtCs6hdUIowAMAo_8channels8registryNtB2_15ChannelRegistry3new
FNDA:2,_RINvMNtCs6hdUIowAMAo_8channels8registryNtB3_15ChannelRegistry3getINtNtCsganj50Cd8Gx_5alloc3vec3VeclEReEB5_
FNDA:2,_RINvMNtCs6hdUIowAMAo_8channels8registryNtB3_15ChannelRegistry3getNtNtCsganj50Cd8Gx_5alloc6string6StringReEB5_
FNDA:1,_RINvMNtCs6hdUIowAMAo_8channels8registryNtB3_15ChannelRegistry3getNtNvNtB5_5testss_31test_ensure_with_custom_default12CustomStructRNtNtCsganj50Cd8Gx_5alloc6string6StringEB5_
FNDA:2,_RINvMNtCs6hdUIowAMAo_8channels8registryNtB3_15ChannelRegistry3getlRNtNtCsganj50Cd8Gx_5alloc6string6StringEB5_
FNDA:6,_RINvMNtCs6hdUIowAMAo_8channels8registryNtB3_15ChannelRegistry3getlReEB5_
FNDA:1,_RINvMNtCs6hdUIowAMAo_8channels8registryNtB3_15ChannelRegistry3putINtNtCsganj50Cd8Gx_5alloc3vec3VeclEReEB5_
FNDA:1,_RINvMNtCs6hdUIowAMAo_8channels8registryNtB3_15ChannelRegistry3putNtNtCsganj50Cd8Gx_5alloc6string6StringReEB5_
FNDA:4,_RINvMNtCs6hdUIowAMAo_8channels8registryNtB3_15ChannelRegistry3putlReEB5_
FNDA:1,_RINvMNtCs6hdUIowAMAo_8channels8registryNtB3_15ChannelRegistry6ensureNtNvNtB5_5testss_31test_ensure_with_custom_default12CustomStructReEB5_
FNDA:2,_RINvMNtCs6hdUIowAMAo_8channels8registryNtB3_15ChannelRegistry6ensurelReEB5_
FNDA:0,_RNCINvMNtCs6hdUIowAMAo_8channels8registryNtB5_15ChannelRegistry3getINtNtCsganj50Cd8Gx_5alloc3vec3VeclEReE0B7_
FNDA:1,_RNCINvMNtCs6hdUIowAMAo_8channels8registryNtB5_15ChannelRegistry3getNtNtCsganj50Cd8Gx_5alloc6string6StringReE0B7_
FNDA:0,_RNCINvMNtCs6hdUIowAMAo_8channels8registryNtB5_15ChannelRegistry3getNtNvNtB7_5testss_31test_ensure_with_custom_default12CustomStructRNtNtCsganj50Cd8Gx_5alloc6string6StringE0B7_
FNDA:0,_RNCINvMNtCs6hdUIowAMAo_8channels8registryNtB5_15ChannelRegistry3getlRNtNtCsganj50Cd8Gx_5alloc6string6StringE0B7_
FNDA:0,_RNCINvMNtCs6hdUIowAMAo_8channels8registryNtB5_15ChannelRegistry3getlReE0B7_
FNDA:0,_RINvMNtCs6hdUIowAMAo_8channels8registryNtB3_15ChannelRegistry3haspEB5_
FNDA:0,_RNvXs_NtCs6hdUIowAMAo_8channels8registryNtB4_15ChannelRegistryNtNtCskzPJi2J8k3N_4core7default7Default7default
FNDA:0,_RINvMNtCs6JSeF52E3eC_8channels8registryNtB3_15ChannelRegistry3hasRNtNtCsganj50Cd8Gx_5alloc6string6StringECsddPsN7W6Kwt_5weave
FNDA:3,_RINvMNtCs6JSeF52E3eC_8channels8registryNtB3_15ChannelRegistry3getbRNtNtCsganj50Cd8Gx_5alloc6string6StringECsk8cf5WJa4A9_6blocks
FNDA:1,_RINvMNtCs6JSeF52E3eC_8channels8registryNtB3_15ChannelRegistry6ensurebRNtNtCsganj50Cd8Gx_5alloc6string6StringECsk8cf5WJa4A9_6blocks
FNDA:0,_RNCINvMNtCs6JSeF52E3eC_8channels8registryNtB5_15ChannelRegistry3getbRNtNtCsganj50Cd8Gx_5alloc6string6StringE0Csk8cf5WJa4A9_6blocks
FNF:7
FNH:6
DA:15,11
DA:16,11
DA:17,11
DA:18,11
DA:19,11
DA:21,0
DA:22,0
DA:23,0
DA:24,0
DA:27,6
DA:28,6
DA:29,6
DA:30,6
DA:33,16
DA:34,16
DA:35,16
DA:36,16
DA:37,16
DA:39,16
DA:40,12
DA:43,12
DA:44,1
DA:45,1
DA:46,1
DA:47,1
DA:48,1
DA:49,1
DA:51,4
DA:53,16
DA:56,4
DA:57,4
DA:60,4
DA:61,1
DA:62,3
DA:65,3
DA:66,3
DA:67,3
DA:68,4
DA:72,2
DA:73,2
DA:74,2
BRF:0
BRH:0
LF:42
LH:38
end_of_record
SF:/Users/mailund/Code/block-flow/execution-plan/src/lib.rs
FN:26,_RNCNvMCsat0Jsi6X9CS_14execution_planNtB4_13ExecutionPlan7execute0B4_
FN:13,_RNvMCsat0Jsi6X9CS_14execution_planNtB2_13ExecutionPlan3new
FN:17,_RNvMCsat0Jsi6X9CS_14execution_planNtB2_13ExecutionPlan6blocks
FN:21,_RNvMCsat0Jsi6X9CS_14execution_planNtB2_13ExecutionPlan7execute
FNDA:0,_RNCNvMCsat0Jsi6X9CS_14execution_planNtB4_13ExecutionPlan7execute0B4_
FNDA:0,_RNvMCsat0Jsi6X9CS_14execution_planNtB2_13ExecutionPlan3new
FNDA:0,_RNvMCsat0Jsi6X9CS_14execution_planNtB2_13ExecutionPlan6blocks
FNDA:0,_RNvMCsat0Jsi6X9CS_14execution_planNtB2_13ExecutionPlan7execute
FNF:4
FNH:0
DA:13,0
DA:14,0
DA:15,0
DA:17,0
DA:18,0
DA:19,0
DA:21,0
DA:24,0
DA:25,0
DA:26,0
DA:27,0
DA:28,0
BRF:0
BRH:0
LF:13
LH:0
end_of_record
SF:/Users/mailund/Code/block-flow/intents/src/block_intents.rs
FN:19,_RNCNvYNtNtCsS0chBNUBrq_7intents13block_intents11ZeroIntentsNtB6_12BlockIntents15as_slot_intents0Csb4HXwg7kb3v_12block_traits
FN:15,_RNvYNtNtCsS0chBNUBrq_7intents13block_intents11ZeroIntentsNtB4_12BlockIntents15as_slot_intentsCsb4HXwg7kb3v_12block_traits
FN:42,_RNvMNtCsS0chBNUBrq_7intents13block_intentsNtB2_11ZeroIntents10from_array
FN:39,_RNvMNtCsS0chBNUBrq_7intents13block_intentsNtB2_11ZeroIntents3new
FN:71,_RNvMs4_NtCsS0chBNUBrq_7intents13block_intentsNtB5_9OneIntent10from_array
FN:68,_RNvMs4_NtCsS0chBNUBrq_7intents13block_intentsNtB5_9OneIntent3new
FN:71,_RNvMsa_NtCsS0chBNUBrq_7intents13block_intentsNtB5_10TwoIntents10from_array
FN:68,_RNvMsa_NtCsS0chBNUBrq_7intents13block_intentsNtB5_10TwoIntents3new
FN:71,_RNvMsg_NtCsS0chBNUBrq_7intents13block_intentsNtB5_12ThreeIntents10from_array
FN:68,_RNvMsg_NtCsS0chBNUBrq_7intents13block_intentsNtB5_12ThreeIntents3new
FN:71,_RNvMsm_NtCsS0chBNUBrq_7intents13block_intentsNtB5_11FourIntents10from_array
FN:68,_RNvMsm_NtCsS0chBNUBrq_7intents13block_intentsNtB5_11FourIntents3new
FN:71,_RNvMss_NtCsS0chBNUBrq_7intents13block_intentsNtB5_11FiveIntents10from_array
FN:68,_RNvMss_NtCsS0chBNUBrq_7intents13block_intentsNtB5_11FiveIntents3new
FN:57,_RNvXs1_NtCsS0chBNUBrq_7intents13block_intentsNtB5_11ZeroIntentsNtB5_12BlockIntents8as_slice
FN:77,_RNvXs5_NtCsS0chBNUBrq_7intents13block_intentsNtB5_9OneIntentNtNtCskzPJi2J8k3N_4core7default7Default7default
FN:86,_RNvXs7_NtCsS0chBNUBrq_7intents13block_intentsNtB5_9OneIntentNtB5_12BlockIntents8as_slice
FN:48,_RNvXs_NtCsS0chBNUBrq_7intents13block_intentsNtB4_11ZeroIntentsNtNtCskzPJi2J8k3N_4core7default7Default7default
FN:77,_RNvXsb_NtCsS0chBNUBrq_7intents13block_intentsNtB5_10TwoIntentsNtNtCskzPJi2J8k3N_4core7default7Default7default
FN:86,_RNvXsd_NtCsS0chBNUBrq_7intents13block_intentsNtB5_10TwoIntentsNtB5_12BlockIntents8as_slice
FN:77,_RNvXsh_NtCsS0chBNUBrq_7intents13block_intentsNtB5_12ThreeIntentsNtNtCskzPJi2J8k3N_4core7default7Default7default
FN:86,_RNvXsj_NtCsS0chBNUBrq_7intents13block_intentsNtB5_12ThreeIntentsNtB5_12BlockIntents8as_slice
FN:77,_RNvXsn_NtCsS0chBNUBrq_7intents13block_intentsNtB5_11FourIntentsNtNtCskzPJi2J8k3N_4core7default7Default7default
FN:86,_RNvXsp_NtCsS0chBNUBrq_7intents13block_intentsNtB5_11FourIntentsNtB5_12BlockIntents8as_slice
FN:77,_RNvXst_NtCsS0chBNUBrq_7intents13block_intentsNtB5_11FiveIntentsNtNtCskzPJi2J8k3N_4core7default7Default7default
FN:86,_RNvXsv_NtCsS0chBNUBrq_7intents13block_intentsNtB5_11FiveIntentsNtB5_12BlockIntents8as_slice
FN:19,_RNCNvYpNtNtCsS0chBNUBrq_7intents13block_intents12BlockIntents15as_slot_intents0B9_
FN:15,_RNvYpNtNtCsS0chBNUBrq_7intents13block_intents12BlockIntents15as_slot_intentsB7_
FN:11,_RNvYpNtNtCsS0chBNUBrq_7intents13block_intents12BlockIntents3lenB7_
FN:78,_RNCNvXs5_NtCsS0chBNUBrq_7intents13block_intentsNtB7_9OneIntentNtNtCskzPJi2J8k3N_4core7default7Default7default0B9_
FN:78,_RNCNvXsb_NtCsS0chBNUBrq_7intents13block_intentsNtB7_10TwoIntentsNtNtCskzPJi2J8k3N_4core7default7Default7default0B9_
FN:78,_RNCNvXsh_NtCsS0chBNUBrq_7intents13block_intentsNtB7_12ThreeIntentsNtNtCskzPJi2J8k3N_4core7default7Default7default0B9_
FN:78,_RNCNvXsn_NtCsS0chBNUBrq_7intents13block_intentsNtB7_11FourIntentsNtNtCskzPJi2J8k3N_4core7default7Default7default0B9_
FN:78,_RNCNvXst_NtCsS0chBNUBrq_7intents13block_intentsNtB7_11FiveIntentsNtNtCskzPJi2J8k3N_4core7default7Default7default0B9_
FN:19,_RNCNvYNtNtCsS0chBNUBrq_7intents13block_intents11ZeroIntentsNtB6_12BlockIntents15as_slot_intents0Cs8vpBMIMeQE0_6blocks
FN:19,_RNCNvYNtNtCsS0chBNUBrq_7intents13block_intents9OneIntentNtB6_12BlockIntents15as_slot_intents0Cs8vpBMIMeQE0_6blocks
FN:15,_RNvYNtNtCsS0chBNUBrq_7intents13block_intents11ZeroIntentsNtB4_12BlockIntents15as_slot_intentsCs8vpBMIMeQE0_6blocks
FN:15,_RNvYNtNtCsS0chBNUBrq_7intents13block_intents9OneIntentNtB4_12BlockIntents15as_slot_intentsCs8vpBMIMeQE0_6blocks
FN:78,_RNCNvXs5_NtCsjhUrvNWWn5d_7intents13block_intentsNtB7_9OneIntentNtNtCskzPJi2J8k3N_4core7default7Default7default0B9_
FN:78,_RNCNvXsb_NtCsjhUrvNWWn5d_7intents13block_intentsNtB7_10TwoIntentsNtNtCskzPJi2J8k3N_4core7default7Default7default0B9_
FN:78,_RNCNvXsh_NtCsjhUrvNWWn5d_7intents13block_intentsNtB7_12ThreeIntentsNtNtCskzPJi2J8k3N_4core7default7Default7default0B9_
FN:78,_RNCNvXsn_NtCsjhUrvNWWn5d_7intents13block_intentsNtB7_11FourIntentsNtNtCskzPJi2J8k3N_4core7default7Default7default0B9_
FN:78,_RNCNvXst_NtCsjhUrvNWWn5d_7intents13block_intentsNtB7_11FiveIntentsNtNtCskzPJi2J8k3N_4core7default7Default7default0B9_
FN:19,_RNCNvYpNtNtCsjhUrvNWWn5d_7intents13block_intents12BlockIntents15as_slot_intents0B9_
FN:42,_RNvMNtCsjhUrvNWWn5d_7intents13block_intentsNtB2_11ZeroIntents10from_array
FN:39,_RNvMNtCsjhUrvNWWn5d_7intents13block_intentsNtB2_11ZeroIntents3new
FN:71,_RNvMs4_NtCsjhUrvNWWn5d_7intents13block_intentsNtB5_9OneIntent10from_array
FN:68,_RNvMs4_NtCsjhUrvNWWn5d_7intents13block_intentsNtB5_9OneIntent3new
FN:71,_RNvMsa_NtCsjhUrvNWWn5d_7intents13block_intentsNtB5_10TwoIntents10from_array
FN:68,_RNvMsa_NtCsjhUrvNWWn5d_7intents13block_intentsNtB5_10TwoIntents3new
FN:71,_RNvMsg_NtCsjhUrvNWWn5d_7intents13block_intentsNtB5_12ThreeIntents10from_array
FN:68,_RNvMsg_NtCsjhUrvNWWn5d_7intents13block_intentsNtB5_12ThreeIntents3new
FN:71,_RNvMsm_NtCsjhUrvNWWn5d_7intents13block_intentsNtB5_11FourIntents10from_array
FN:68,_RNvMsm_NtCsjhUrvNWWn5d_7intents13block_intentsNtB5_11FourIntents3new
FN:71,_RNvMss_NtCsjhUrvNWWn5d_7intents13block_intentsNtB5_11FiveIntents10from_array
FN:68,_RNvMss_NtCsjhUrvNWWn5d_7intents13block_intentsNtB5_11FiveIntents3new
FN:57,_RNvXs1_NtCsjhUrvNWWn5d_7intents13block_intentsNtB5_11ZeroIntentsNtB5_12BlockIntents8as_slice
FN:77,_RNvXs5_NtCsjhUrvNWWn5d_7intents13block_intentsNtB5_9OneIntentNtNtCskzPJi2J8k3N_4core7default7Default7default
FN:86,_RNvXs7_NtCsjhUrvNWWn5d_7intents13block_intentsNtB5_9OneIntentNtB5_12BlockIntents8as_slice
[...]
FN:32,_RINvMNtCs36rHndiqFL9_13serialization10serializerNtB3_10Serializer9from_jsonNtNtB3_5tests8TestDataEB5_
FN:32,_RINvMNtCs36rHndiqFL9_13serialization10serializerNtB3_10Serializer9from_jsonNtNtNtB5_7structs5tests11TestConfigAEB5_
FN:32,_RINvMNtCs36rHndiqFL9_13serialization10serializerNtB3_10Serializer9from_jsonNtNtNtB5_7structs5tests11TestConfigBEB5_
FNDA:4,_RNvNtNtCs36rHndiqFL9_13serialization10serializer5tests16create_test_data
FNDA:1,_RNvNtNtCs36rHndiqFL9_13serialization10serializer5testss_19test_json_roundtrip
FNDA:1,_RNvNtNtCs36rHndiqFL9_13serialization10serializer5testss_23test_json_writer_reader
FNDA:1,_RNvNtNtCs36rHndiqFL9_13serialization10serializer5testss_24test_json_file_roundtrip
FNDA:1,_RNvNtNtCs36rHndiqFL9_13serialization10serializer5testss_26test_json_pretty_roundtrip
FNDA:1,_RINvMNtCs36rHndiqFL9_13serialization10serializerNtB3_10Serializer14to_json_prettyNtNtB3_5tests8TestDataEB5_
FNDA:5,_RINvMNtCs36rHndiqFL9_13serialization10serializerNtB3_10Serializer14to_json_prettyNtNtNtB5_7structs5tests11TestConfigAEB5_
FNDA:2,_RINvMNtCs36rHndiqFL9_13serialization10serializerNtB3_10Serializer14to_json_prettyNtNtNtB5_7structs5tests11TestConfigBEB5_
FNDA:1,_RINvMNtCs36rHndiqFL9_13serialization10serializerNtB3_10Serializer14to_json_writerNtNtB3_5tests8TestDataQINtNtCsganj50Cd8Gx_5alloc3vec3VechEEB5_
FNDA:1,_RINvMNtCs36rHndiqFL9_13serialization10serializerNtB3_10Serializer16from_json_readerNtNtB3_5tests8TestDataNtNtCsiThrkg7suPy_3std2fs4FileEB5_
FNDA:1,_RINvMNtCs36rHndiqFL9_13serialization10serializerNtB3_10Serializer16from_json_readerNtNtB3_5tests8TestDataRShEB5_
FNDA:1,_RINvMNtCs36rHndiqFL9_13serialization10serializerNtB3_10Serializer16from_json_readerNtNtNtB5_7structs5tests11TestConfigANtNvB1l_s_45test_deserialize_from_reader_error_propagates10FailReaderEB5_
FNDA:1,_RINvMNtCs36rHndiqFL9_13serialization10serializerNtB3_10Serializer16from_json_readerNtNtNtB5_7structs5tests11TestConfigARShEB5_
FNDA:1,_RINvMNtCs36rHndiqFL9_13serialization10serializerNtB3_10Serializer17save_json_to_fileNtNtB3_5tests8TestDataEB5_
FNDA:1,_RINvMNtCs36rHndiqFL9_13serialization10serializerNtB3_10Serializer19load_json_from_fileNtNtB3_5tests8TestDataEB5_
FNDA:1,_RINvMNtCs36rHndiqFL9_13serialization10serializerNtB3_10Serializer21to_json_pretty_writerNtNtB3_5tests8TestDataNtNtCsiThrkg7suPy_3std2fs4FileEB5_
FNDA:1,_RINvMNtCs36rHndiqFL9_13serialization10serializerNtB3_10Serializer21to_json_pretty_writerNtNtNtB5_7structs5tests11TestConfigANtB1q_16AlwaysFailWriterEB5_
FNDA:1,_RINvMNtCs36rHndiqFL9_13serialization10serializerNtB3_10Serializer21to_json_pretty_writerNtNtNtB5_7structs5tests11TestConfigAQINtNtCsganj50Cd8Gx_5alloc3vec3VechEEB5_
FNDA:1,_RINvMNtCs36rHndiqFL9_13serialization10serializerNtB3_10Serializer7to_jsonNtNtB3_5tests8TestDataEB5_
FNDA:2,_RINvMNtCs36rHndiqFL9_13serialization10serializerNtB3_10Serializer9from_jsonNtNtB3_5tests8TestDataEB5_
FNDA:6,_RINvMNtCs36rHndiqFL9_13serialization10serializerNtB3_10Serializer9from_jsonNtNtNtB5_7structs5tests11TestConfigAEB5_
FNDA:2,_RINvMNtCs36rHndiqFL9_13serialization10serializerNtB3_10Serializer9from_jsonNtNtNtB5_7structs5tests11TestConfigBEB5_
FNF:13
FNH:13
DA:16,1
DA:17,1
DA:18,1
DA:20,1
DA:21,1
DA:24,8
DA:25,8
DA:26,8
DA:28,8
DA:29,8
DA:32,10
DA:33,10
DA:34,10
DA:36,10
DA:37,10
DA:40,1
DA:41,1
DA:42,1
DA:43,1
DA:45,1
DA:46,1
DA:47,1
DA:50,3
DA:51,3
DA:52,3
DA:53,3
DA:55,3
DA:56,2
DA:57,3
DA:60,4
DA:61,4
DA:62,4
DA:63,4
DA:65,4
DA:66,4
DA:69,1
DA:70,1
DA:71,1
DA:73,1
DA:74,1
DA:75,1
DA:78,1
DA:79,1
DA:80,1
DA:82,1
DA:83,1
DA:84,1
DA:100,4
DA:101,4
DA:102,4
DA:103,4
DA:104,4
DA:105,4
DA:106,4
DA:107,4
DA:110,1
DA:111,1
DA:112,1
DA:113,1
DA:114,1
DA:115,1
DA:118,1
DA:119,1
DA:120,1
DA:121,1
DA:122,1
DA:125,1
DA:126,1
DA:127,1
DA:130,1
DA:131,1
DA:132,1
DA:133,1
DA:136,1
DA:137,1
DA:139,1
DA:140,1
DA:143,1
DA:144,1
DA:145,1
DA:148,1
DA:151,1
DA:153,1
DA:154,1
BRF:0
BRH:0
LF:84
LH:84
end_of_record
SF:/Users/mailund/Code/block-flow/serialization/src/structs.rs
FN:135,_RNvNtNtCs36rHndiqFL9_13serialization7structs5tests20create_test_config_a
FN:142,_RNvNtNtCs36rHndiqFL9_13serialization7structs5tests20create_test_config_b
FN:186,_RNvNtNtCs36rHndiqFL9_13serialization7structs5testss_23test_json_output_format
FN:205,_RNvNtNtCs36rHndiqFL9_13serialization7structs5testss_24test_default_constructor
FN:217,_RNvNtNtCs36rHndiqFL9_13serialization7structs5testss_33test_read_struct_from_json_helper
FN:285,_RNvNtNtCs36rHndiqFL9_13serialization7structs5testss_35test_name_parameter_ignored_in_json
FN:229,_RNvNtNtCs36rHndiqFL9_13serialization7structs5testss_36test_invalid_json_deserialize_errors
FN:150,_RNvNtNtCs36rHndiqFL9_13serialization7structs5testss_37test_json_struct_serializer_roundtrip
FN:172,_RNvNtNtCs36rHndiqFL9_13serialization7structs5testss_41test_json_struct_serializer_writer_reader
FN:259,_RNvNtNtCs36rHndiqFL9_13serialization7structs5testss_41test_serialize_to_writer_error_propagates
FN:161,_RNvNtNtCs36rHndiqFL9_13serialization7structs5testss_43test_json_struct_serializer_different_types
FN:269,_RNvNtNtCs36rHndiqFL9_13serialization7structs5testss_45test_deserialize_from_reader_error_propagates
FN:253,_RNvNtNtCs36rHndiqFL9_13serialization7structs5testss_47test_serialize_to_writer_flush_error_is_covered
FN:274,_RNvXNvNtNtCs36rHndiqFL9_13serialization7structs5testss_45test_deserialize_from_reader_error_propagatesNtB2_10FailReaderNtNtCsiThrkg7suPy_3std2io4Read4read
FN:247,_RNvXs0_NtNtCs36rHndiqFL9_13serialization7structs5testsNtB5_16AlwaysFailWriterNtNtCsiThrkg7suPy_3std2io5Write5flush
FN:244,_RNvXs0_NtNtCs36rHndiqFL9_13serialization7structs5testsNtB5_16AlwaysFailWriterNtNtCsiThrkg7suPy_3std2io5Write5write
FN:81,_RNvMNtCs36rHndiqFL9_13serialization7structsNtB2_20JsonStructSerializer3new
FN:87,_RNvXs_NtCs36rHndiqFL9_13serialization7structsNtB4_20JsonStructSerializerNtNtCskzPJi2J8k3N_4core7default7Default7default
FN:110,_RINvNtCs36rHndiqFL9_13serialization7structs21read_struct_from_jsonNtNtB2_5tests11TestConfigAEB4_
FN:110,_RINvNtCs36rHndiqFL9_13serialization7structs21read_struct_from_jsonNtNtB2_5tests11TestConfigBEB4_
FN:97,_RINvXs0_NtCs36rHndiqFL9_13serialization7structsNtB6_20JsonStructSerializerNtB6_16StructSerializer11deserializeNtNtB6_5tests11TestConfigAEB8_
FN:97,_RINvXs0_NtCs36rHndiqFL9_13serialization7structsNtB6_20JsonStructSerializerNtB6_16StructSerializer11deserializeNtNtB6_5tests11TestConfigBEB8_
FN:101,_RINvXs0_NtCs36rHndiqFL9_13serialization7structsNtB6_20JsonStructSerializerNtB6_16StructSerializer19serialize_to_writerNtNtB6_5tests11TestConfigANtB1U_16AlwaysFailWriterEB8_
FN:101,_RINvXs0_NtCs36rHndiqFL9_13serialization7structsNtB6_20JsonStructSerializerNtB6_16StructSerializer19serialize_to_writerNtNtB6_5tests11TestConfigAQINtNtCsganj50Cd8Gx_5alloc3vec3VechEEB8_
FN:105,_RINvXs0_NtCs36rHndiqFL9_13serialization7structsNtB6_20JsonStructSerializerNtB6_16StructSerializer23deserialize_from_readerNtNtB6_5tests11TestConfigANtNvB1Y_s_45test_deserialize_from_reader_error_propagates10FailReaderEB8_
FN:105,_RINvXs0_NtCs36rHndiqFL9_13serialization7structsNtB6_20JsonStructSerializerNtB6_16StructSerializer23deserialize_from_readerNtNtB6_5tests11TestConfigARShEB8_
FN:93,_RINvXs0_NtCs36rHndiqFL9_13serialization7structsNtB6_20JsonStructSerializerNtB6_16StructSerializer9serializeNtNtB6_5tests11TestConfigAEB8_
FN:93,_RINvXs0_NtCs36rHndiqFL9_13serialization7structsNtB6_20JsonStructSerializerNtB6_16StructSerializer9serializeNtNtB6_5tests11TestConfigBEB8_
FNDA:5,_RNvNtNtCs36rHndiqFL9_13serialization7structs5tests20create_test_config_a
FNDA:2,_RNvNtNtCs36rHndiqFL9_13serialization7structs5tests20create_test_config_b
FNDA:1,_RNvNtNtCs36rHndiqFL9_13serialization7structs5testss_23test_json_output_format
FNDA:1,_RNvNtNtCs36rHndiqFL9_13serialization7structs5testss_24test_default_constructor
FNDA:1,_RNvNtNtCs36rHndiqFL9_13serialization7structs5testss_33test_read_struct_from_json_helper
FNDA:1,_RNvNtNtCs36rHndiqFL9_13serialization7structs5testss_35test_name_parameter_ignored_in_json
FNDA:1,_RNvNtNtCs36rHndiqFL9_13serialization7structs5testss_36test_invalid_json_deserialize_errors
FNDA:1,_RNvNtNtCs36rHndiqFL9_13serialization7structs5testss_37test_json_struct_serializer_roundtrip
FNDA:1,_RNvNtNtCs36rHndiqFL9_13serialization7structs5testss_41test_json_struct_serializer_writer_reader
FNDA:1,_RNvNtNtCs36rHndiqFL9_13serialization7structs5testss_41test_serialize_to_writer_error_propagates
FNDA:1,_RNvNtNtCs36rHndiqFL9_13serialization7structs5testss_43test_json_struct_serializer_different_types
FNDA:1,_RNvNtNtCs36rHndiqFL9_13serialization7structs5testss_45test_deserialize_from_reader_error_propagates
FNDA:1,_RNvNtNtCs36rHndiqFL9_13serialization7structs5testss_47test_serialize_to_writer_flush_error_is_covered
FNDA:1,_RNvXNvNtNtCs36rHndiqFL9_13serialization7structs5testss_45test_deserialize_from_reader_error_propagatesNtB2_10FailReaderNtNtCsiThrkg7suPy_3std2io4Read4read
FNDA:1,_RNvXs0_NtNtCs36rHndiqFL9_13serialization7structs5testsNtB5_16AlwaysFailWriterNtNtCsiThrkg7suPy_3std2io5Write5flush
FNDA:1,_RNvXs0_NtNtCs36rHndiqFL9_13serialization7structs5testsNtB5_16AlwaysFailWriterNtNtCsiThrkg7suPy_3std2io5Write5write
FNDA:10,_RNvMNtCs36rHndiqFL9_13serialization7structsNtB2_20JsonStructSerializer3new
FNDA:1,_RNvXs_NtCs36rHndiqFL9_13serialization7structsNtB4_20JsonStructSerializerNtNtCskzPJi2J8k3N_4core7default7Default7default
FNDA:1,_RINvNtCs36rHndiqFL9_13serialization7structs21read_struct_from_jsonNtNtB2_5tests11TestConfigAEB4_
FNDA:1,_RINvNtCs36rHndiqFL9_13serialization7structs21read_struct_from_jsonNtNtB2_5tests11TestConfigBEB4_
FNDA:5,_RINvXs0_NtCs36rHndiqFL9_13serialization7structsNtB6_20JsonStructSerializerNtB6_16StructSerializer11deserializeNtNtB6_5tests11TestConfigAEB8_
FNDA:1,_RINvXs0_NtCs36rHndiqFL9_13serialization7structsNtB6_20JsonStructSerializerNtB6_16StructSerializer11deserializeNtNtB6_5tests11TestConfigBEB8_
FNDA:1,_RINvXs0_NtCs36rHndiqFL9_13serialization7structsNtB6_20JsonStructSerializerNtB6_16StructSerializer19serialize_to_writerNtNtB6_5tests11TestConfigANtB1U_16AlwaysFailWriterEB8_
FNDA:1,_RINvXs0_NtCs36rHndiqFL9_13serialization7structsNtB6_20JsonStructSerializerNtB6_16StructSerializer19serialize_to_writerNtNtB6_5tests11TestConfigAQINtNtCsganj50Cd8Gx_5alloc3vec3VechEEB8_
FNDA:1,_RINvXs0_NtCs36rHndiqFL9_13serialization7structsNtB6_20JsonStructSerializerNtB6_16StructSerializer23deserialize_from_readerNtNtB6_5tests11TestConfigANtNvB1Y_s_45test_deserialize_from_reader_error_propagates10FailReaderEB8_
FNDA:1,_RINvXs0_NtCs36rHndiqFL9_13serialization7structsNtB6_20JsonStructSerializerNtB6_16StructSerializer23deserialize_from_readerNtNtB6_5tests11TestConfigARShEB8_
FNDA:5,_RINvXs0_NtCs36rHndiqFL9_13serialization7structsNtB6_20JsonStructSerializerNtB6_16StructSerializer9serializeNtNtB6_5tests11TestConfigAEB8_
FNDA:2,_RINvXs0_NtCs36rHndiqFL9_13serialization7structsNtB6_20JsonStructSerializerNtB6_16StructSerializer9serializeNtNtB6_5tests11TestConfigBEB8_
FNF:23
FNH:23
DA:81,10
DA:82,10
DA:83,10
DA:87,1
DA:88,1
DA:89,1
DA:93,7
DA:94,7
DA:95,7
DA:97,6
DA:98,6
DA:99,6
DA:101,2
DA:102,2
DA:103,2
DA:105,2
DA:106,2
DA:107,2
DA:110,2
DA:111,2
DA:112,2
DA:135,5
DA:136,5
DA:137,5
DA:138,5
DA:139,5
DA:140,5
DA:142,2
DA:143,2
DA:144,2
DA:145,2
DA:146,2
DA:147,2
DA:150,1
DA:151,1
DA:152,1
DA:154,1
DA:155,1
DA:157,1
DA:158,1
DA:161,1
DA:162,1
DA:163,1
DA:165,1
DA:166,1
DA:168,1
DA:169,1
DA:172,1
DA:173,1
DA:174,1
DA:175,1
DA:177,1
DA:178,1
DA:179,1
DA:181,1
DA:182,1
DA:183,1
DA:186,1
DA:187,1
DA:188,1
DA:189,1
DA:190,1
DA:191,1
DA:193,1
DA:194,1
DA:197,1
DA:198,1
DA:199,1
DA:200,1
DA:201,1
DA:202,1
DA:205,1
DA:207,1
DA:208,1
DA:210,1
DA:211,1
DA:213,1
DA:214,1
DA:217,1
DA:219,1
DA:220,1
DA:222,1
DA:223,1
DA:225,1
DA:226,1
DA:229,1
DA:231,1
DA:232,1
DA:234,1
DA:235,1
DA:237,1
DA:238,1
DA:239,1
DA:244,1
DA:245,1
DA:246,1
DA:247,1
DA:248,1
DA:249,1
DA:253,1
DA:254,1
DA:255,1
DA:256,1
DA:259,1
DA:261,1
DA:262,1
DA:264,1
DA:265,1
DA:266,1
DA:269,1
DA:274,1
DA:275,1
DA:276,1
DA:279,1
DA:280,1
DA:281,1
DA:282,1
DA:285,1
DA:286,1
DA:287,1
DA:289,1
DA:290,1
DA:292,1
DA:294,1
DA:295,1
DA:297,1
DA:298,1
DA:299,1
BRF:0
BRH:0
LF:128
LH:128
end_of_record
SF:/Users/mailund/Code/block-flow/trade-types/src/lib.rs
FN:8,_RNvMCsfIj9rnDmdUA_11trade_typesNtB2_8Contract3new
FN:45,_RNvMs2_CsfIj9rnDmdUA_11trade_typesNtB5_8Quantity5in_kw
FN:48,_RNvMs2_CsfIj9rnDmdUA_11trade_typesNtB5_8Quantity5in_mw
FN:75,_RNvMs5_CsfIj9rnDmdUA_11trade_typesNtB5_9Orderbook11top_of_side
FN:18,_RNvMs_CsfIj9rnDmdUA_11trade_typesNtB4_5Price8in_cents
FN:21,_RNvMs_CsfIj9rnDmdUA_11trade_typesNtB4_5Price8in_euros
FN:28,_RNvXs0_CsfIj9rnDmdUA_11trade_typesNtB5_5PriceINtNtCskzPJi2J8k3N_4core7convert4FromNtB5_5CentsE4from
FN:35,_RNvXs1_CsfIj9rnDmdUA_11trade_typesNtB5_5PriceINtNtCskzPJi2J8k3N_4core7convert4FromNtB5_5EurosE4from
FN:55,_RNvXs3_CsfIj9rnDmdUA_11trade_typesNtB5_8QuantityINtNtCskzPJi2J8k3N_4core7convert4FromNtB5_2KwE4from
FN:62,_RNvXs4_CsfIj9rnDmdUA_11trade_typesNtB5_8QuantityINtNtCskzPJi2J8k3N_4core7convert4FromNtB5_2MwE4from
FN:8,_RNvMCs7EpWI7oDuY3_11trade_typesNtB2_8Contract3new
FN:45,_RNvMs2_Cs7EpWI7oDuY3_11trade_typesNtB5_8Quantity5in_kw
FN:48,_RNvMs2_Cs7EpWI7oDuY3_11trade_typesNtB5_8Quantity5in_mw
FN:75,_RNvMs5_Cs7EpWI7oDuY3_11trade_typesNtB5_9Orderbook11top_of_side
FN:18,_RNvMs_Cs7EpWI7oDuY3_11trade_typesNtB4_5Price8in_cents
FN:21,_RNvMs_Cs7EpWI7oDuY3_11trade_typesNtB4_5Price8in_euros
FN:28,_RNvXs0_Cs7EpWI7oDuY3_11trade_typesNtB5_5PriceINtNtCskzPJi2J8k3N_4core7convert4FromNtB5_5CentsE4from
FN:35,_RNvXs1_Cs7EpWI7oDuY3_11trade_typesNtB5_5PriceINtNtCskzPJi2J8k3N_4core7convert4FromNtB5_5EurosE4from
FN:55,_RNvXs3_Cs7EpWI7oDuY3_11trade_typesNtB5_8QuantityINtNtCskzPJi2J8k3N_4core7convert4FromNtB5_2KwE4from
FN:62,_RNvXs4_Cs7EpWI7oDuY3_11trade_typesNtB5_8QuantityINtNtCskzPJi2J8k3N_4core7convert4FromNtB5_2MwE4from
FN:86,_RNvNtCs7EpWI7oDuY3_11trade_types5testss_25contract_new_and_equality
FN:124,_RNvNtCs7EpWI7oDuY3_11trade_types5testss_34side_enum_variants_exist_and_match
FN:110,_RNvNtCs7EpWI7oDuY3_11trade_types5testss_39quantity_from_kw_roundtrip_in_kw_and_mw
FN:117,_RNvNtCs7EpWI7oDuY3_11trade_types5testss_41quantity_from_mw_converts_to_kw_correctly
FN:103,_RNvNtCs7EpWI7oDuY3_11trade_types5testss_44price_from_euros_converts_to_cents_correctly
FN:96,_RNvNtCs7EpWI7oDuY3_11trade_types5testss_45price_from_cents_roundtrip_in_cents_and_euros
FN:140,_RNvNtCs7EpWI7oDuY3_11trade_types5testss_49orderbook_top_of_side_returns_some_for_both_sides
FNDA:6,_RNvMCsfIj9rnDmdUA_11trade_typesNtB2_8Contract3new
FNDA:0,_RNvMs2_CsfIj9rnDmdUA_11trade_typesNtB5_8Quantity5in_kw
FNDA:0,_RNvMs2_CsfIj9rnDmdUA_11trade_typesNtB5_8Quantity5in_mw
FNDA:0,_RNvMs5_CsfIj9rnDmdUA_11trade_typesNtB5_9Orderbook11top_of_side
FNDA:0,_RNvMs_CsfIj9rnDmdUA_11trade_typesNtB4_5Price8in_cents
FNDA:0,_RNvMs_CsfIj9rnDmdUA_11trade_typesNtB4_5Price8in_euros
FNDA:2,_RNvXs0_CsfIj9rnDmdUA_11trade_typesNtB5_5PriceINtNtCskzPJi2J8k3N_4core7convert4FromNtB5_5CentsE4from
FNDA:0,_RNvXs1_CsfIj9rnDmdUA_11trade_typesNtB5_5PriceINtNtCskzPJi2J8k3N_4core7convert4FromNtB5_5EurosE4from
FNDA:2,_RNvXs3_CsfIj9rnDmdUA_11trade_typesNtB5_8QuantityINtNtCskzPJi2J8k3N_4core7convert4FromNtB5_2KwE4from
FNDA:0,_RNvXs4_CsfIj9rnDmdUA_11trade_typesNtB5_8QuantityINtNtCskzPJi2J8k3N_4core7convert4FromNtB5_2MwE4from
FNDA:3,_RNvMCs7EpWI7oDuY3_11trade_typesNtB2_8Contract3new
FNDA:2,_RNvMs2_Cs7EpWI7oDuY3_11trade_typesNtB5_8Quantity5in_kw
FNDA:2,_RNvMs2_Cs7EpWI7oDuY3_11trade_typesNtB5_8Quantity5in_mw
FNDA:2,_RNvMs5_Cs7EpWI7oDuY3_11trade_typesNtB5_9Orderbook11top_of_side
FNDA:2,_RNvMs_Cs7EpWI7oDuY3_11trade_typesNtB4_5Price8in_cents
FNDA:2,_RNvMs_Cs7EpWI7oDuY3_11trade_typesNtB4_5Price8in_euros
FNDA:1,_RNvXs0_Cs7EpWI7oDuY3_11trade_typesNtB5_5PriceINtNtCskzPJi2J8k3N_4core7convert4FromNtB5_5CentsE4from
FNDA:1,_RNvXs1_Cs7EpWI7oDuY3_11trade_typesNtB5_5PriceINtNtCskzPJi2J8k3N_4core7convert4FromNtB5_5EurosE4from
FNDA:1,_RNvXs3_Cs7EpWI7oDuY3_11trade_typesNtB5_8QuantityINtNtCskzPJi2J8k3N_4core7convert4FromNtB5_2KwE4from
FNDA:1,_RNvXs4_Cs7EpWI7oDuY3_11trade_typesNtB5_8QuantityINtNtCskzPJi2J8k3N_4core7convert4FromNtB5_2MwE4from
FNDA:1,_RNvNtCs7EpWI7oDuY3_11trade_types5testss_25contract_new_and_equality
FNDA:1,_RNvNtCs7EpWI7oDuY3_11trade_types5testss_34side_enum_variants_exist_and_match
FNDA:1,_RNvNtCs7EpWI7oDuY3_11trade_types5testss_39quantity_from_kw_roundtrip_in_kw_and_mw
FNDA:1,_RNvNtCs7EpWI7oDuY3_11trade_types5testss_41quantity_from_mw_converts_to_kw_correctly
FNDA:1,_RNvNtCs7EpWI7oDuY3_11trade_types5testss_44price_from_euros_converts_to_cents_correctly
FNDA:1,_RNvNtCs7EpWI7oDuY3_11trade_types5testss_45price_from_cents_roundtrip_in_cents_and_euros
FNDA:1,_RNvNtCs7EpWI7oDuY3_11trade_types5testss_49orderbook_top_of_side_returns_some_for_both_sides
FNF:17
FNH:17
DA:8,9
DA:9,9
DA:10,9
DA:18,2
DA:19,2
DA:20,2
DA:21,2
DA:22,2
DA:23,2
DA:28,3
DA:29,3
DA:30,3
DA:35,1
DA:36,1
DA:37,1
DA:45,2
DA:46,2
DA:47,2
DA:48,2
DA:49,2
DA:50,2
DA:55,3
DA:56,3
DA:57,3
DA:62,1
DA:63,1
DA:64,1
DA:75,2
DA:77,2
DA:78,2
DA:86,1
DA:87,1
DA:88,1
DA:89,1
DA:91,1
DA:92,1
DA:93,1
DA:96,1
DA:97,1
DA:98,1
DA:99,1
DA:100,1
DA:103,1
DA:104,1
DA:105,1
DA:106,1
DA:107,1
DA:110,1
DA:111,1
DA:112,1
DA:113,1
DA:114,1
DA:117,1
DA:118,1
DA:119,1
DA:120,1
DA:121,1
DA:124,1
DA:125,1
DA:126,1
DA:128,1
DA:129,1
DA:130,0
DA:133,1
DA:134,1
DA:135,0
DA:137,1
DA:140,1
DA:141,1
DA:143,1
DA:144,1
DA:146,1
DA:147,1
DA:149,1
DA:150,1
DA:151,1
BRF:0
BRH:0
LF:76
LH:74
end_of_record
SF:/Users/mailund/Code/block-flow/weave-traits/src/lib.rs
FN:16,_RNvXCs82NNbgnBvdf_12weave_traitsINtB2_11TopoOrderedNtNtCsftJwm24TBQa_12block_traits12type_erasure5BlockENtNtNtCskzPJi2J8k3N_4core3ops5deref5Deref5derefCsddPsN7W6Kwt_5weave
FN:16,_RNvXINICs19Ax1hn0rpg_12weave_traits0pEINtB5_11TopoOrderedpENtNtNtCskzPJi2J8k3N_4core3ops5deref5Deref5derefB5_
FNDA:1,_RNvXCs82NNbgnBvdf_12weave_traitsINtB2_11TopoOrderedNtNtCsftJwm24TBQa_12block_traits12type_erasure5BlockENtNtNtCskzPJi2J8k3N_4core3ops5deref5Deref5derefCsddPsN7W6Kwt_5weave
FNDA:0,_RNvXINICs19Ax1hn0rpg_12weave_traits0pEINtB5_11TopoOrderedpENtNtNtCskzPJi2J8k3N_4core3ops5deref5Deref5derefB5_
FNF:1
FNH:1
DA:16,1
DA:17,1
DA:18,1
BRF:0
BRH:0
LF:3
LH:3
end_of_record
SF:/Users/mailund/Code/block-flow/weave/src/lib.rs
FN:94,_RNvNtCsddPsN7W6Kwt_5weave5testss_28weave_after_and_simple_order
FN:5,_RINvCsddPsN7W6Kwt_5weave11weave_nodesNtNtCsftJwm24TBQa_12block_traits12type_erasure5BlockEB2_
FN:13,_RNCINvCsddPsN7W6Kwt_5weave11weave_nodesNtNtCsftJwm24TBQa_12block_traits12type_erasure5BlockE0B4_
FN:52,_RNCINvCsddPsN7W6Kwt_5weave11weave_nodesNtNtCsftJwm24TBQa_12block_traits12type_erasure5BlockEs0_0B4_
FN:70,_RNCINvCsddPsN7W6Kwt_5weave11weave_nodesNtNtCsftJwm24TBQa_12block_traits12type_erasure5BlockEs1_0B4_
FN:14,_RNCINvCsddPsN7W6Kwt_5weave11weave_nodesNtNtCsftJwm24TBQa_12block_traits12type_erasure5BlockEs_0B4_
FNDA:1,_RNvNtCsddPsN7W6Kwt_5weave5testss_28weave_after_and_simple_order
FNDA:1,_RINvCsddPsN7W6Kwt_5weave11weave_nodesNtNtCsftJwm24TBQa_12block_traits12type_erasure5BlockEB2_
FNDA:2,_RNCINvCsddPsN7W6Kwt_5weave11weave_nodesNtNtCsftJwm24TBQa_12block_traits12type_erasure5BlockE0B4_
FNDA:2,_RNCINvCsddPsN7W6Kwt_5weave11weave_nodesNtNtCsftJwm24TBQa_12block_traits12type_erasure5BlockEs0_0B4_
FNDA:0,_RNCINvCsddPsN7W6Kwt_5weave11weave_nodesNtNtCsftJwm24TBQa_12block_traits12type_erasure5BlockEs1_0B4_
FNDA:2,_RNCINvCsddPsN7W6Kwt_5weave11weave_nodesNtNtCsftJwm24TBQa_12block_traits12type_erasure5BlockEs_0B4_
FNF:6
FNH:5
DA:5,1
DA:6,1
DA:7,1
DA:8,1
DA:10,1
DA:13,2
DA:14,2
DA:17,1
DA:18,2
DA:19,3
DA:20,1
DA:21,0
DA:22,1
DA:27,1
DA:28,1
DA:30,2
DA:31,3
DA:32,1
DA:33,1
DA:34,1
DA:35,1
DA:39,0
DA:40,0
DA:41,0
DA:42,0
DA:43,0
DA:49,1
DA:50,1
DA:51,1
DA:52,2
DA:53,1
DA:55,1
DA:56,3
DA:57,2
DA:58,2
DA:59,1
DA:60,1
DA:61,1
DA:62,1
DA:66,1
DA:67,0
DA:68,0
DA:69,0
DA:70,0
DA:71,0
DA:72,0
DA:73,1
DA:76,1
DA:77,3
DA:78,2
DA:81,1
DA:82,1
DA:94,1
DA:95,1
DA:96,1
DA:97,1
DA:98,1
DA:99,1
DA:100,1
DA:101,1
DA:103,1
DA:104,1
DA:105,1
DA:106,1
DA:107,1
DA:108,1
DA:109,1
DA:110,1
DA:111,1
DA:112,1
DA:113,1
DA:114,1
DA:115,1
DA:116,1
DA:117,1
DA:118,0
DA:120,1
DA:121,1
DA:122,1
BRF:0
BRH:0
LF:83
LH:69
end_of_record