SF:/Users/mailund/Code/block-flow/block-macros-test/src/execute.rs
FN:166,_RNCNvMNtNtCs5XVWHpxZad7_17block_macros_test7execute23self_only_state_intentsNtB4_10DummyBlock7execute0B8_
FN:60,_RNvNtNtCs5XVWHpxZad7_17block_macros_test7execute16self_only_outputs_35test_context_input_output_execution
FN:962,_RNvNtNtCs5XVWHpxZad7_17block_macros_test7execute23state_only_output_states_35test_context_input_output_execution
FN:326,_RNvNtNtCs5XVWHpxZad7_17block_macros_test7execute32self_only_option_full_tuple_somes_35test_context_input_output_execution
FN:150,_RNvNtNtCs5XVWHpxZad7_17block_macros_test7execute24self_only_output_intentss_35test_context_input_output_execution
FN:238,_RNvNtNtCs5XVWHpxZad7_17block_macros_test7execute28self_only_option_output_somes_35test_context_input_output_execution
FN:886,_RNCNvMNtNtCs5XVWHpxZad7_17block_macros_test7execute17state_only_outputNtB4_10DummyBlock7execute0B8_
FN:485,_RNCNvMNtNtCs5XVWHpxZad7_17block_macros_test7execute25context_only_output_stateNtB4_10DummyBlock7execute0B8_
FN:446,_RNvNtNtCs5XVWHpxZad7_17block_macros_test7execute18context_only_states_35test_context_input_output_execution
FN:1106,_RNvNtNtCs5XVWHpxZad7_17block_macros_test7execute20context_input_outputs_35test_context_input_output_execution
FN:743,_RNCNvMNtNtCs5XVWHpxZad7_17block_macros_test7execute25input_only_output_intentsNtB4_10DummyBlock7execute0B8_
FN:38,_RNvNtNtCs5XVWHpxZad7_17block_macros_test7execute21self_only_unit_returns_35test_context_input_output_execution
FN:1122,_RNCNvMNtNtCs5XVWHpxZad7_17block_macros_test7execute23context_state_no_returnNtB4_10DummyBlock7execute0B8_
FN:955,_RNCNvMNtNtCs5XVWHpxZad7_17block_macros_test7execute23state_only_output_stateNtB4_10DummyBlock7execute0B8_
FN:439,_RNCNvMNtNtCs5XVWHpxZad7_17block_macros_test7execute18context_only_stateNtB4_10DummyBlock7execute0B8_
FN:128,_RNvNtNtCs5XVWHpxZad7_17block_macros_test7execute22self_only_output_states_35test_context_input_output_execution
FN:100,_RNCNvMNtNtCs5XVWHpxZad7_17block_macros_test7execute17self_only_intentsNtB4_10DummyBlock7execute0B8_
FN:750,_RNvNtNtCs5XVWHpxZad7_17block_macros_test7execute25input_only_output_intentss_35test_context_input_output_execution
FN:789,_RNCNvMNtNtCs5XVWHpxZad7_17block_macros_test7execute21input_only_full_tupleNtB4_10DummyBlock7execute0B8_
FN:492,_RNvNtNtCs5XVWHpxZad7_17block_macros_test7execute25context_only_output_states_35test_context_input_output_execution
FN:260,_RNvNtNtCs5XVWHpxZad7_17block_macros_test7execute34self_only_option_output_state_nones_35test_context_input_output_execution
FN:416,_RNCNvMNtNtCs5XVWHpxZad7_17block_macros_test7execute19context_only_outputNtB4_10DummyBlock7execute0B8_
FN:1099,_RNCNvMNtNtCs5XVWHpxZad7_17block_macros_test7execute20context_input_outputNtB4_10DummyBlock7execute0B8_
FN:978,_RNCNvMNtNtCs5XVWHpxZad7_17block_macros_test7execute25state_only_output_intentsNtB4_10DummyBlock7execute0B8_
FN:172,_RNvNtNtCs5XVWHpxZad7_17block_macros_test7execute23self_only_state_intentss_35test_context_input_output_execution
FN:1150,_RNvNtNtCs5XVWHpxZad7_17block_macros_test7execute21input_state_no_returns_35test_context_input_output_execution
FN:681,_RNvNtNtCs5XVWHpxZad7_17block_macros_test7execute16input_only_states_35test_context_input_output_execution
FN:916,_RNvNtNtCs5XVWHpxZad7_17block_macros_test7execute16state_only_states_35test_context_input_output_execution
FN:76,_RNCNvMNtNtCs5XVWHpxZad7_17block_macros_test7execute15self_only_stateNtB4_10DummyBlock7execute0B8_
FN:870,_RNvNtNtCs5XVWHpxZad7_17block_macros_test7execute22state_only_unit_returns_35test_context_input_output_execution
FN:766,_RNCNvMNtNtCs5XVWHpxZad7_17block_macros_test7execute24input_only_state_intentsNtB4_10DummyBlock7execute0B8_
FN:54,_RNCNvMNtNtCs5XVWHpxZad7_17block_macros_test7execute16self_only_outputNtB4_10DummyBlock7execute0B8_
FN:1024,_RNCNvMNtNtCs5XVWHpxZad7_17block_macros_test7execute21state_only_full_tupleNtB4_10DummyBlock7execute0B8_
FN:400,_RNvNtNtCs5XVWHpxZad7_17block_macros_test7execute24context_only_unit_returns_35test_context_input_output_execution
FN:508,_RNCNvMNtNtCs5XVWHpxZad7_17block_macros_test7execute27context_only_output_intentsNtB4_10DummyBlock7execute0B8_
FN:515,_RNvNtNtCs5XVWHpxZad7_17block_macros_test7execute27context_only_output_intentss_35test_context_input_output_execution
FN:1008,_RNvNtNtCs5XVWHpxZad7_17block_macros_test7execute24state_only_state_intentss_35test_context_input_output_execution
FN:727,_RNvNtNtCs5XVWHpxZad7_17block_macros_test7execute23input_only_output_states_35test_context_input_output_execution
FN:462,_RNCNvMNtNtCs5XVWHpxZad7_17block_macros_test7execute20context_only_intentsNtB4_10DummyBlock7execute0B8_
FN:773,_RNvNtNtCs5XVWHpxZad7_17block_macros_test7execute24input_only_state_intentss_35test_context_input_output_execution
FN:378,_RNvNtNtCs5XVWHpxZad7_17block_macros_test7execute22context_only_no_returns_35test_context_input_output_execution
FN:276,_RNCNvMNtNtCs5XVWHpxZad7_17block_macros_test7execute34self_only_option_output_state_someNtB4_10DummyBlock7execute0B8_
FN:298,_RNCNvMNtNtCs5XVWHpxZad7_17block_macros_test7execute32self_only_option_full_tuple_noneNtB4_10DummyBlock7execute0B8_
FN:909,_RNCNvMNtNtCs5XVWHpxZad7_17block_macros_test7execute16state_only_stateNtB4_10DummyBlock7execute0B8_
FN:1200,_RNvNtNtCs5XVWHpxZad7_17block_macros_test7execute30context_input_state_full_tuples_35test_context_input_output_execution
FN:1128,_RNvNtNtCs5XVWHpxZad7_17block_macros_test7execute23context_state_no_returns_35test_context_input_output_execution
FN:893,_RNvNtNtCs5XVWHpxZad7_17block_macros_test7execute17state_only_outputs_35test_context_input_output_execution
FN:69,_RNvXs5_NtNtCs5XVWHpxZad7_17block_macros_test7execute15self_only_stateNtB5_9InputKeysNtNtCs6JSeF52E3eC_8channels12channel_keys11ChannelKeys13channel_names
FN:667,_RNvXs5_NtNtCs5XVWHpxZad7_17block_macros_test7execute16input_only_stateNtB5_9InputKeysNtNtCs6JSeF52E3eC_8channels12channel_keys11ChannelKeys13channel_names
FN:47,_RNvXs5_NtNtCs5XVWHpxZad7_17block_macros_test7execute16self_only_outputNtB5_9InputKeysNtNtCs6JSeF52E3eC_8channels12channel_keys11ChannelKeys13channel_names
FN:902,_RNvXs5_NtNtCs5XVWHpxZad7_17block_macros_test7execute16state_only_stateNtB5_9InputKeysNtNtCs6JSeF52E3eC_8channels12channel_keys11ChannelKeys13channel_names
FN:644,_RNvXs5_NtNtCs5XVWHpxZad7_17block_macros_test7execute17input_only_outputNtB5_9InputKeysNtNtCs6JSeF52E3eC_8channels12channel_keys11ChannelKeys13channel_names
FN:93,_RNvXs5_NtNtCs5XVWHpxZad7_17block_macros_test7execute17self_only_intentsNtB5_9InputKeysNtNtCs6JSeF52E3eC_8channels12channel_keys11ChannelKeys13channel_names
FN:879,_RNvXs5_NtNtCs5XVWHpxZad7_17block_macros_test7execute17state_only_outputNtB5_9InputKeysNtNtCs6JSeF52E3eC_8channels12channel_keys11ChannelKeys13channel_names
FN:432,_RNvXs5_NtNtCs5XVWHpxZad7_17block_macros_test7execute18context_only_stateNtB5_9InputKeysNtNtCs6JSeF52E3eC_8channels12channel_keys11ChannelKeys13channel_names
FN:690,_RNvXs5_NtNtCs5XVWHpxZad7_17block_macros_test7execute18input_only_intentsNtB5_9InputKeysNtNtCs6JSeF52E3eC_8channels12channel_keys11ChannelKeys13channel_names
FN:925,_RNvXs5_NtNtCs5XVWHpxZad7_17block_macros_test7execute18state_only_intentsNtB5_9InputKeysNtNtCs6JSeF52E3eC_8channels12channel_keys11ChannelKeys13channel_names
FN:409,_RNvXs5_NtNtCs5XVWHpxZad7_17block_macros_test7execute19context_only_outputNtB5_9InputKeysNtNtCs6JSeF52E3eC_8channels12channel_keys11ChannelKeys13channel_names
FN:7,_RNvXs5_NtNtCs5XVWHpxZad7_17block_macros_test7execute19self_only_no_returnNtB5_9InputKeysNtNtCs6JSeF52E3eC_8channels12channel_keys11ChannelKeys13channel_names
FN:1092,_RNvXs5_NtNtCs5XVWHpxZad7_17block_macros_test7execute20context_input_outputNtB5_9InputKeysNtNtCs6JSeF52E3eC_8channels12channel_keys11ChannelKeys13channel_names
FN:455,_RNvXs5_NtNtCs5XVWHpxZad7_17block_macros_test7execute20context_only_intentsNtB5_9InputKeysNtNtCs6JSeF52E3eC_8channels12channel_keys11ChannelKeys13channel_names
FN:600,_RNvXs5_NtNtCs5XVWHpxZad7_17block_macros_test7execute20input_only_no_returnNtB5_9InputKeysNtNtCs6JSeF52E3eC_8channels12channel_keys11ChannelKeys13channel_names
FN:181,_RNvXs5_NtNtCs5XVWHpxZad7_17block_macros_test7execute20self_only_full_tupleNtB5_9InputKeysNtNtCs6JSeF52E3eC_8channels12channel_keys11ChannelKeys13channel_names
FN:835,_RNvXs5_NtNtCs5XVWHpxZad7_17block_macros_test7execute20state_only_no_returnNtB5_9InputKeysNtNtCs6JSeF52E3eC_8channels12channel_keys11ChannelKeys13channel_names
FN:782,_RNvXs5_NtNtCs5XVWHpxZad7_17block_macros_test7execute21input_only_full_tupleNtB5_9InputKeysNtNtCs6JSeF52E3eC_8channels12channel_keys11ChannelKeys13channel_names
FN:1137,_RNvXs5_NtNtCs5XVWHpxZad7_17block_macros_test7execute21input_state_no_returnNtB5_9InputKeysNtNtCs6JSeF52E3eC_8channels12channel_keys11ChannelKeys13channel_names
FN:27,_RNvXs5_NtNtCs5XVWHpxZad7_17block_macros_test7execute21self_only_unit_returnNtB5_9InputKeysNtNtCs6JSeF52E3eC_8channels12channel_keys11ChannelKeys13channel_names
FN:1017,_RNvXs5_NtNtCs5XVWHpxZad7_17block_macros_test7execute21state_only_full_tupleNtB5_9InputKeysNtNtCs6JSeF52E3eC_8channels12channel_keys11ChannelKeys13channel_names
FN:365,_RNvXs5_NtNtCs5XVWHpxZad7_17block_macros_test7execute22context_only_no_returnNtB5_9InputKeysNtNtCs6JSeF52E3eC_8channels12channel_keys11ChannelKeys13channel_names
FN:622,_RNvXs5_NtNtCs5XVWHpxZad7_17block_macros_test7execute22input_only_unit_returnNtB5_9InputKeysNtNtCs6JSeF52E3eC_8channels12channel_keys11ChannelKeys13channel_names
FN:115,_RNvXs5_NtNtCs5XVWHpxZad7_17block_macros_test7execute22self_only_output_stateNtB5_9InputKeysNtNtCs6JSeF52E3eC_8channels12channel_keys11ChannelKeys13channel_names
FN:857,_RNvXs5_NtNtCs5XVWHpxZad7_17block_macros_test7execute22state_only_unit_returnNtB5_9InputKeysNtNtCs6JSeF52E3eC_8channels12channel_keys11ChannelKeys13channel_names
FN:1070,_RNvXs5_NtNtCs5XVWHpxZad7_17block_macros_test7execute23context_input_no_returnNtB5_9InputKeysNtNtCs6JSeF52E3eC_8channels12channel_keys11ChannelKeys13channel_names
FN:547,_RNvXs5_NtNtCs5XVWHpxZad7_17block_macros_test7execute23context_only_full_tupleNtB5_9InputKeysNtNtCs6JSeF52E3eC_8channels12channel_keys11ChannelKeys13channel_names
FN:1115,_RNvXs5_NtNtCs5XVWHpxZad7_17block_macros_test7execute23context_state_no_returnNtB5_9InputKeysNtNtCs6JSeF52E3eC_8channels12channel_keys11ChannelKeys13channel_names
FN:713,_RNvXs5_NtNtCs5XVWHpxZad7_17block_macros_test7execute23input_only_output_stateNtB5_9InputKeysNtNtCs6JSeF52E3eC_8channels12channel_keys11ChannelKeys13channel_names
FN:159,_RNvXs5_NtNtCs5XVWHpxZad7_17block_macros_test7execute23self_only_state_intentsNtB5_9InputKeysNtNtCs6JSeF52E3eC_8channels12channel_keys11ChannelKeys13channel_names
FN:948,_RNvXs5_NtNtCs5XVWHpxZad7_17block_macros_test7execute23state_only_output_stateNtB5_9InputKeysNtNtCs6JSeF52E3eC_8channels12channel_keys11ChannelKeys13channel_names
FN:387,_RNvXs5_NtNtCs5XVWHpxZad7_17block_macros_test7execute24context_only_unit_returnNtB5_9InputKeysNtNtCs6JSeF52E3eC_8channels12channel_keys11ChannelKeys13channel_names
FN:759,_RNvXs5_NtNtCs5XVWHpxZad7_17block_macros_test7execute24input_only_state_intentsNtB5_9InputKeysNtNtCs6JSeF52E3eC_8channels12channel_keys11ChannelKeys13channel_names
FN:137,_RNvXs5_NtNtCs5XVWHpxZad7_17block_macros_test7execute24self_only_output_intentsNtB5_9InputKeysNtNtCs6JSeF52E3eC_8channels12channel_keys11ChannelKeys13channel_names
FN:994,_RNvXs5_NtNtCs5XVWHpxZad7_17block_macros_test7execute24state_only_state_intentsNtB5_9InputKeysNtNtCs6JSeF52E3eC_8channels12channel_keys11ChannelKeys13channel_names
FN:478,_RNvXs5_NtNtCs5XVWHpxZad7_17block_macros_test7execute25context_only_output_stateNtB5_9InputKeysNtNtCs6JSeF52E3eC_8channels12channel_keys11ChannelKeys13channel_names
FN:736,_RNvXs5_NtNtCs5XVWHpxZad7_17block_macros_test7execute25input_only_output_intentsNtB5_9InputKeysNtNtCs6JSeF52E3eC_8channels12channel_keys11ChannelKeys13channel_names
FN:971,_RNvXs5_NtNtCs5XVWHpxZad7_17block_macros_test7execute25state_only_output_intentsNtB5_9InputKeysNtNtCs6JSeF52E3eC_8channels12channel_keys11ChannelKeys13channel_names
FN:524,_RNvXs5_NtNtCs5XVWHpxZad7_17block_macros_test7execute26context_only_state_intentsNtB5_9InputKeysNtNtCs6JSeF52E3eC_8channels12channel_keys11ChannelKeys13channel_names
FN:501,_RNvXs5_NtNtCs5XVWHpxZad7_17block_macros_test7execute27context_only_output_intentsNtB5_9InputKeysNtNtCs6JSeF52E3eC_8channels12channel_keys11ChannelKeys13channel_names
FN:203,_RNvXs5_NtNtCs5XVWHpxZad7_17block_macros_test7execute28self_only_option_output_noneNtB5_9InputKeysNtNtCs6JSeF52E3eC_8channels12channel_keys11ChannelKeys13channel_names
FN:225,_RNvXs5_NtNtCs5XVWHpxZad7_17block_macros_test7execute28self_only_option_output_someNtB5_9InputKeysNtNtCs6JSeF52E3eC_8channels12channel_keys11ChannelKeys13channel_names
FN:1159,_RNvXs5_NtNtCs5XVWHpxZad7_17block_macros_test7execute29context_input_state_no_returnNtB5_9InputKeysNtNtCs6JSeF52E3eC_8channels12channel_keys11ChannelKeys13channel_names
FN:1181,_RNvXs5_NtNtCs5XVWHpxZad7_17block_macros_test7execute30context_input_state_full_tupleNtB5_9InputKeysNtNtCs6JSeF52E3eC_8channels12channel_keys11ChannelKeys13channel_names
FN:291,_RNvXs5_NtNtCs5XVWHpxZad7_17block_macros_test7execute32self_only_option_full_tuple_noneNtB5_9InputKeysNtNtCs6JSeF52E3eC_8channels12channel_keys11ChannelKeys13channel_names
FN:313,_RNvXs5_NtNtCs5XVWHpxZad7_17block_macros_test7execute32self_only_option_full_tuple_someNtB5_9InputKeysNtNtCs6JSeF52E3eC_8channels12channel_keys11ChannelKeys13channel_names
FN:247,_RNvXs5_NtNtCs5XVWHpxZad7_17block_macros_test7execute34self_only_option_output_state_noneNtB5_9InputKeysNtNtCs6JSeF52E3eC_8channels12channel_keys11ChannelKeys13channel_names
FN:269,_RNvXs5_NtNtCs5XVWHpxZad7_17block_macros_test7execute34self_only_option_output_state_someNtB5_9InputKeysNtNtCs6JSeF52E3eC_8channels12channel_keys11ChannelKeys13channel_names
FN:69,_RNvXsf_NtNtCs5XVWHpxZad7_17block_macros_test7execute15self_only_stateNtB5_10OutputKeysNtNtCs6JSeF52E3eC_8channels12channel_keys11ChannelKeys13channel_names
FN:667,_RNvXsf_NtNtCs5XVWHpxZad7_17block_macros_test7execute16input_only_stateNtB5_10OutputKeysNtNtCs6JSeF52E3eC_8channels12channel_keys11ChannelKeys13channel_names
FN:47,_RNvXsf_NtNtCs5XVWHpxZad7_17block_macros_test7execute16self_only_outputNtB5_10OutputKeysNtNtCs6JSeF52E3eC_8channels12channel_keys11ChannelKeys13channel_names
FN:902,_RNvXsf_NtNtCs5XVWHpxZad7_17block_macros_test7execute16state_only_stateNtB5_10OutputKeysNtNtCs6JSeF52E3eC_8channels12channel_keys11ChannelKeys13channel_names
FN:644,_RNvXsf_NtNtCs5XVWHpxZad7_17block_macros_test7execute17input_only_outputNtB5_10OutputKeysNtNtCs6JSeF52E3eC_8channels12channel_keys11ChannelKeys13channel_names
FN:93,_RNvXsf_NtNtCs5XVWHpxZad7_17block_macros_test7execute17self_only_intentsNtB5_10OutputKeysNtNtCs6JSeF52E3eC_8channels12channel_keys11ChannelKeys13channel_names
FN:879,_RNvXsf_NtNtCs5XVWHpxZad7_17block_macros_test7execute17state_only_outputNtB5_10OutputKeysNtNtCs6JSeF52E3eC_8channels12channel_keys11ChannelKeys13channel_names
FN:432,_RNvXsf_NtNtCs5XVWHpxZad7_17block_macros_test7execute18context_only_stateNtB5_10OutputKeysNtNtCs6JSeF52E3eC_8channels12channel_keys11ChannelKeys13channel_names
FN:690,_RNvXsf_NtNtCs5XVWHpxZad7_17block_macros_test7execute18input_only_intentsNtB5_10OutputKeysNtNtCs6JSeF52E3eC_8channels12channel_keys11ChannelKeys13channel_names
FN:925,_RNvXsf_NtNtCs5XVWHpxZad7_17block_macros_test7execute18state_only_intentsNtB5_10OutputKeysNtNtCs6JSeF52E3eC_8channels12channel_keys11ChannelKeys13channel_names
FN:409,_RNvXsf_NtNtCs5XVWHpxZad7_17block_macros_test7execute19context_only_outputNtB5_10OutputKeysNtNtCs6JSeF52E3eC_8channels12channel_keys11ChannelKeys13channel_names
FN:7,_RNvXsf_NtNtCs5XVWHpxZad7_17block_macros_test7execute19self_only_no_returnNtB5_10OutputKeysNtNtCs6JSeF52E3eC_8channels12channel_keys11ChannelKeys13channel_names
FN:1092,_RNvXsf_NtNtCs5XVWHpxZad7_17block_macros_test7execute20context_input_outputNtB5_10OutputKeysNtNtCs6JSeF52E3eC_8channels12channel_keys11ChannelKeys13channel_names
FN:455,_RNvXsf_NtNtCs5XVWHpxZad7_17block_macros_test7execute20context_only_intentsNtB5_10OutputKeysNtNtCs6JSeF52E3eC_8channels12channel_keys11ChannelKeys13channel_names
FN:600,_RNvXsf_NtNtCs5XVWHpxZad7_17block_macros_test7execute20input_only_no_returnNtB5_10OutputKeysNtNtCs6JSeF52E3eC_8channels12channel_keys11ChannelKeys13channel_names
FN:181,_RNvXsf_NtNtCs5XVWHpxZad7_17block_macros_test7execute20self_only_full_tupleNtB5_10OutputKeysNtNtCs6JSeF52E3eC_8channels12channel_keys11ChannelKeys13channel_names
FN:835,_RNvXsf_NtNtCs5XVWHpxZad7_17block_macros_test7execute20state_only_no_returnNtB5_10OutputKeysNtNtCs6JSeF52E3eC_8channels12channel_keys11ChannelKeys13channel_names
FN:782,_RNvXsf_NtNtCs5XVWHpxZad7_17block_macros_test7execute21input_only_full_tupleNtB5_10OutputKeysNtNtCs6JSeF52E3eC_8channels12channel_keys11ChannelKeys13channel_names
FN:1137,_RNvXsf_NtNtCs5XVWHpxZad7_17block_macros_test7execute21input_state_no_returnNtB5_10OutputKeysNtNtCs6JSeF52E3eC_8channels12channel_keys11ChannelKeys13channel_names
FN:27,_RNvXsf_NtNtCs5XVWHpxZad7_17block_macros_test7execute21self_only_unit_returnNtB5_10OutputKeysNtNtCs6JSeF52E3eC_8channels12channel_keys11ChannelKeys13channel_names
FN:1017,_RNvXsf_NtNtCs5XVWHpxZad7_17block_macros_test7execute21state_only_full_tupleNtB5_10OutputKeysNtNtCs6JSeF52E3eC_8channels12channel_keys11ChannelKeys13channel_names
FN:365,_RNvXsf_NtNtCs5XVWHpxZad7_17block_macros_test7execute22context_only_no_returnNtB5_10OutputKeysNtNtCs6JSeF52E3eC_8channels12channel_keys11ChannelKeys13channel_names
FN:622,_RNvXsf_NtNtCs5XVWHpxZad7_17block_macros_test7execute22input_only_unit_returnNtB5_10OutputKeysNtNtCs6JSeF52E3eC_8channels12channel_keys11ChannelKeys13channel_names
FN:115,_RNvXsf_NtNtCs5XVWHpxZad7_17block_macros_test7execute22self_only_output_stateNtB5_10OutputKeysNtNtCs6JSeF52E3eC_8channels12channel_keys11ChannelKeys13channel_names
FN:857,_RNvXsf_NtNtCs5XVWHpxZad7_17block_macros_test7execute22state_only_unit_returnNtB5_10OutputKeysNtNtCs6JSeF52E3eC_8channels12channel_keys11ChannelKeys13channel_names
FN:1070,_RNvXsf_NtNtCs5XVWHpxZad7_17block_macros_test7execute23context_input_no_returnNtB5_10OutputKeysNtNtCs6JSeF52E3eC_8channels12channel_keys11ChannelKeys13channel_names
FN:547,_RNvXsf_NtNtCs5XVWHpxZad7_17block_macros_test7execute23context_only_full_tupleNtB5_10OutputKeysNtNtCs6JSeF52E3eC_8channels12channel_keys11ChannelKeys13channel_names
FN:1115,_RNvXsf_NtNtCs5XVWHpxZad7_17block_macros_test7execute23context_state_no_returnNtB5_10OutputKeysNtNtCs6JSeF52E3eC_8channels12channel_keys11ChannelKeys13channel_names
FN:713,_RNvXsf_NtNtCs5XVWHpxZad7_17block_macros_test7execute23input_only_output_stateNtB5_10OutputKeysNtNtCs6JSeF52E3eC_8channels12channel_keys11ChannelKeys13channel_names
FN:159,_RNvXsf_NtNtCs5XVWHpxZad7_17block_macros_test7execute23self_only_state_intentsNtB5_10OutputKeysNtNtCs6JSeF52E3eC_8channels12channel_keys11ChannelKeys13channel_names
FN:948,_RNvXsf_NtNtCs5XVWHpxZad7_17block_macros_test7execute23state_only_output_stateNtB5_10OutputKeysNtNtCs6JSeF52E3eC_8channels12channel_keys11ChannelKeys13channel_names
FN:387,_RNvXsf_NtNtCs5XVWHpxZad7_17block_macros_test7execute24context_only_unit_returnNtB5_10OutputKeysNtNtCs6JSeF52E3eC_8channels12channel_keys11ChannelKeys13channel_names
FN:759,_RNvXsf_NtNtCs5XVWHpxZad7_17block_macros_test7execute24input_only_state_intentsNtB5_10OutputKeysNtNtCs6JSeF52E3eC_8channels12channel_keys11ChannelKeys13channel_names
FN:137,_RNvXsf_NtNtCs5XVWHpxZad7_17block_macros_test7execute24self_only_output_intentsNtB5_10OutputKeysNtNtCs6JSeF52E3eC_8channels12channel_keys11ChannelKeys13channel_names
FN:994,_RNvXsf_NtNtCs5XVWHpxZad7_17block_macros_test7execute24state_only_state_intentsNtB5_10OutputKeysNtNtCs6JSeF52E3eC_8channels12channel_keys11ChannelKeys13channel_names
FN:478,_RNvXsf_NtNtCs5XVWHpxZad7_17block_macros_test7execute25context_only_output_stateNtB5_10OutputKeysNtNtCs6JSeF52E3eC_8channels12channel_keys11ChannelKeys13channel_names
FN:736,_RNvXsf_NtNtCs5XVWHpxZad7_17block_macros_test7execute25input_only_output_intentsNtB5_10OutputKeysNtNtCs6JSeF52E3eC_8channels12channel_keys11ChannelKeys13channel_names
FN:971,_RNvXsf_NtNtCs5XVWHpxZad7_17block_macros_test7execute25state_only_output_intentsNtB5_10OutputKeysNtNtCs6JSeF52E3eC_8channels12channel_keys11ChannelKeys13channel_names
FN:524,_RNvXsf_NtNtCs5XVWHpxZad7_17block_macros_test7execute26context_only_state_intentsNtB5_10OutputKeysNtNtCs6JSeF52E3eC_8channels12channel_keys11ChannelKeys13channel_names
FN:501,_RNvXsf_NtNtCs5XVWHpxZad7_17block_macros_test7execute27context_only_output_intentsNtB5_10OutputKeysNtNtCs6JSeF52E3eC_8channels12channel_keys11ChannelKeys13channel_names
FN:203,_RNvXsf_NtNtCs5XVWHpxZad7_17block_macros_test7execute28self_only_option_output_noneNtB5_10OutputKeysNtNtCs6JSeF52E3eC_8channels12channel_keys11ChannelKeys13channel_names
FN:225,_RNvXsf_NtNtCs5XVWHpxZad7_17block_macros_test7execute28self_only_option_output_someNtB5_10OutputKeysNtNtCs6JSeF52E3eC_8channels12channel_keys11ChannelKeys13channel_names
FN:1159,_RNvXsf_NtNtCs5XVWHpxZad7_17block_macros_test7execute29context_input_state_no_returnNtB5_10OutputKeysNtNtCs6JSeF52E3eC_8channels12channel_keys11ChannelKeys13channel_names
FN:1181,_RNvXsf_NtNtCs5XVWHpxZad7_17block_macros_test7execute30context_input_state_full_tupleNtB5_10OutputKeysNtNtCs6JSeF52E3eC_8channels12channel_keys11ChannelKeys13channel_names
FN:291,_RNvXsf_NtNtCs5XVWHpxZad7_17block_macros_test7execute32self_only_option_full_tuple_noneNtB5_10OutputKeysNtNtCs6JSeF52E3eC_8channels12channel_keys11ChannelKeys13channel_names
FN:313,_RNvXsf_NtNtCs5XVWHpxZad7_17block_macros_test7execute32self_only_option_full_tuple_someNtB5_10OutputKeysNtNtCs6JSeF52E3eC_8channels12channel_keys11ChannelKeys13channel_names
FN:247,_RNvXsf_NtNtCs5XVWHpxZad7_17block_macros_test7execute34self_only_option_output_state_noneNtB5_10OutputKeysNtNtCs6JSeF52E3eC_8channels12channel_keys11ChannelKeys13channel_names
FN:269,_RNvXsf_NtNtCs5XVWHpxZad7_17block_macros_test7execute34self_only_option_output_state_someNtB5_10OutputKeysNtNtCs6JSeF52E3eC_8channels12channel_keys11ChannelKeys13channel_names
FN:254,_RNCNvMNtNtCs5XVWHpxZad7_17block_macros_test7execute34self_only_option_output_state_noneNtB4_10DummyBlock7execute0B8_
FN:531,_RNCNvMNtNtCs5XVWHpxZad7_17block_macros_test7execute26context_only_state_intentsNtB4_10DummyBlock7execute0B8_
FN:697,_RNCNvMNtNtCs5XVWHpxZad7_17block_macros_test7execute18input_only_intentsNtB4_10DummyBlock7execute0B8_
FN:194,_RNvNtNtCs5XVWHpxZad7_17block_macros_test7execute20self_only_full_tuples_35test_context_input_output_execution
FN:282,_RNvNtNtCs5XVWHpxZad7_17block_macros_test7execute34self_only_option_output_state_somes_35test_context_input_output_execution
FN:939,_RNvNtNtCs5XVWHpxZad7_17block_macros_test7execute18state_only_intentss_35test_context_input_output_execution
FN:1001,_RNCNvMNtNtCs5XVWHpxZad7_17block_macros_test7execute24state_only_state_intentsNtB4_10DummyBlock7execute0B8_
FN:674,_RNCNvMNtNtCs5XVWHpxZad7_17block_macros_test7execute16input_only_stateNtB4_10DummyBlock7execute0B8_
FN:796,_RNvNtNtCs5XVWHpxZad7_17block_macros_test7execute21input_only_full_tuples_35test_context_input_output_execution
FN:188,_RNCNvMNtNtCs5XVWHpxZad7_17block_macros_test7execute20self_only_full_tupleNtB4_10DummyBlock7execute0B8_
FN:1172,_RNvNtNtCs5XVWHpxZad7_17block_macros_test7execute29context_input_state_no_returns_35test_context_input_output_execution
FN:985,_RNvNtNtCs5XVWHpxZad7_17block_macros_test7execute25state_only_output_intentss_35test_context_input_output_execution
FN:613,_RNvNtNtCs5XVWHpxZad7_17block_macros_test7execute20input_only_no_returns_35test_context_input_output_execution
FN:1083,_RNvNtNtCs5XVWHpxZad7_17block_macros_test7execute23context_input_no_returns_35test_context_input_output_execution
FN:704,_RNvNtNtCs5XVWHpxZad7_17block_macros_test7execute18input_only_intentss_35test_context_input_output_execution
FN:1031,_RNvNtNtCs5XVWHpxZad7_17block_macros_test7execute21state_only_full_tuples_35test_context_input_output_execution
FN:320,_RNCNvMNtNtCs5XVWHpxZad7_17block_macros_test7execute32self_only_option_full_tuple_someNtB4_10DummyBlock7execute0B8_
FN:554,_RNCNvMNtNtCs5XVWHpxZad7_17block_macros_test7execute23context_only_full_tupleNtB4_10DummyBlock7execute0B8_
FN:122,_RNCNvMNtNtCs5XVWHpxZad7_17block_macros_test7execute22self_only_output_stateNtB4_10DummyBlock7execute0B8_
FN:210,_RNCNvMNtNtCs5XVWHpxZad7_17block_macros_test7execute28self_only_option_output_noneNtB4_10DummyBlock7execute0B8_
FN:18,_RNvNtNtCs5XVWHpxZad7_17block_macros_test7execute19self_only_no_returns_35test_context_input_output_execution
FN:469,_RNvNtNtCs5XVWHpxZad7_17block_macros_test7execute20context_only_intentss_35test_context_input_output_execution
FN:1077,_RNCNvMNtNtCs5XVWHpxZad7_17block_macros_test7execute23context_input_no_returnNtB4_10DummyBlock7execute0B8_
FN:932,_RNCNvMNtNtCs5XVWHpxZad7_17block_macros_test7execute18state_only_intentsNtB4_10DummyBlock7execute0B8_
FN:232,_RNCNvMNtNtCs5XVWHpxZad7_17block_macros_test7execute28self_only_option_output_someNtB4_10DummyBlock7execute0B8_
FN:82,_RNvNtNtCs5XVWHpxZad7_17block_macros_test7execute15self_only_states_35test_context_input_output_execution
FN:848,_RNvNtNtCs5XVWHpxZad7_17block_macros_test7execute20state_only_no_returns_35test_context_input_output_execution
FN:423,_RNvNtNtCs5XVWHpxZad7_17block_macros_test7execute19context_only_outputs_35test_context_input_output_execution
FN:561,_RNvNtNtCs5XVWHpxZad7_17block_macros_test7execute23context_only_full_tuples_35test_context_input_output_execution
FN:651,_RNCNvMNtNtCs5XVWHpxZad7_17block_macros_test7execute17input_only_outputNtB4_10DummyBlock7execute0B8_
FN:635,_RNvNtNtCs5XVWHpxZad7_17block_macros_test7execute22input_only_unit_returns_35test_context_input_output_execution
FN:106,_RNvNtNtCs5XVWHpxZad7_17block_macros_test7execute17self_only_intentss_35test_context_input_output_execution
FN:658,_RNvNtNtCs5XVWHpxZad7_17block_macros_test7execute17input_only_outputs_35test_context_input_output_execution
FN:1193,_RNCNvMNtNtCs5XVWHpxZad7_17block_macros_test7execute30context_input_state_full_tupleNtB4_10DummyBlock7execute0B8_
FN:1166,_RNCNvMNtNtCs5XVWHpxZad7_17block_macros_test7execute29context_input_state_no_returnNtB4_10DummyBlock7execute0B8_
FN:538,_RNvNtNtCs5XVWHpxZad7_17block_macros_test7execute26context_only_state_intentss_35test_context_input_output_execution
FN:720,_RNCNvMNtNtCs5XVWHpxZad7_17block_macros_test7execute23input_only_output_stateNtB4_10DummyBlock7execute0B8_
FN:1144,_RNCNvMNtNtCs5XVWHpxZad7_17block_macros_test7execute21input_state_no_returnNtB4_10DummyBlock7execute0B8_
FN:216,_RNvNtNtCs5XVWHpxZad7_17block_macros_test7execute28self_only_option_output_nones_35test_context_input_output_execution
FN:144,_RNCNvMNtNtCs5XVWHpxZad7_17block_macros_test7execute24self_only_output_intentsNtB4_10DummyBlock7execute0B8_
FN:304,_RNvNtNtCs5XVWHpxZad7_17block_macros_test7execute32self_only_option_full_tuple_nones_35test_context_input_output_execution
FNDA:1,_RNCNvMNtNtCs5XVWHpxZad7_17block_macros_test7execute23self_only_state_intentsNtB4_10DummyBlock7execute0B8_
FNDA:1,_RNvNtNtCs5XVWHpxZad7_17block_macros_test7execute16self_only_outputs_35test_context_input_output_execution
FNDA:1,_RNvNtNtCs5XVWHpxZad7_17block_macros_test7execute23state_only_output_states_35test_context_input_output_execution
FNDA:1,_RNvNtNtCs5XVWHpxZad7_17block_macros_test7execute32self_only_option_full_tuple_somes_35test_context_input_output_execution
FNDA:1,_RNvNtNtCs5XVWHpxZad7_17block_macros_test7execute24self_only_output_intentss_35test_context_input_output_execution
FNDA:1,_RNvNtNtCs5XVWHpxZad7_17block_macros_test7execute28self_only_option_output_somes_35test_context_input_output_execution
FNDA:1,_RNCNvMNtNtCs5XVWHpxZad7_17block_macros_test7execute17state_only_outputNtB4_10DummyBlock7execute0B8_
FNDA:1,_RNCNvMNtNtCs5XVWHpxZad7_17block_macros_test7execute25context_only_output_stateNtB4_10DummyBlock7execute0B8_
FNDA:1,_RNvNtNtCs5XVWHpxZad7_17block_macros_test7execute18context_only_states_35test_context_input_output_execution
FNDA:1,_RNvNtNtCs5XVWHpxZad7_17block_macros_test7execute20context_input_outputs_35test_context_input_output_execution
FNDA:1,_RNCNvMNtNtCs5XVWHpxZad7_17block_macros_test7execute25input_only_output_intentsNtB4_10DummyBlock7execute0B8_
FNDA:1,_RNvNtNtCs5XVWHpxZad7_17block_macros_test7execute21self_only_unit_returns_35test_context_input_output_execution
FNDA:1,_RNCNvMNtNtCs5XVWHpxZad7_17block_macros_test7execute23context_state_no_returnNtB4_10DummyBlock7execute0B8_
FNDA:1,_RNCNvMNtNtCs5XVWHpxZad7_17block_macros_test7execute23state_only_output_stateNtB4_10DummyBlock7execute0B8_
FNDA:1,_RNCNvMNtNtCs5XVWHpxZad7_17block_macros_test7execute18context_only_stateNtB4_10DummyBlock7execute0B8_
FNDA:1,_RNvNtNtCs5XVWHpxZad7_17block_macros_test7execute22self_only_output_states_35test_context_input_output_execution
FNDA:1,_RNCNvMNtNtCs5XVWHpxZad7_17block_macros_test7execute17self_only_intentsNtB4_10DummyBlock7execute0B8_
FNDA:1,_RNvNtNtCs5XVWHpxZad7_17block_macros_test7execute25input_only_output_intentss_35test_context_input_output_execution
FNDA:1,_RNCNvMNtNtCs5XVWHpxZad7_17block_macros_test7execute21input_only_full_tupleNtB4_10DummyBlock7execute0B8_
FNDA:1,_RNvNtNtCs5XVWHpxZad7_17block_macros_test7execute25context_only_output_states_35test_context_input_output_execution
FNDA:1,_RNvNtNtCs5XVWHpxZad7_17block_macros_test7execute34self_only_option_output_state_nones_35test_context_input_output_execution
FNDA:1,_RNCNvMNtNtCs5XVWHpxZad7_17block_macros_test7execute19context_only_outputNtB4_10DummyBlock7execute0B8_
FNDA:1,_RNCNvMNtNtCs5XVWHpxZad7_17block_macros_test7execute20context_input_outputNtB4_10DummyBlock7execute0B8_
FNDA:1,_RNCNvMNtNtCs5XVWHpxZad7_17block_macros_test7execute25state_only_output_intentsNtB4_10DummyBlock7execute0B8_
FNDA:1,_RNvNtNtCs5XVWHpxZad7_17block_macros_test7execute23self_only_state_intentss_35test_context_input_output_execution
FNDA:1,_RNvNtNtCs5XVWHpxZad7_17block_macros_test7execute21input_state_no_returns_35test_context_input_output_execution
FNDA:1,_RNvNtNtCs5XVWHpxZad7_17block_macros_test7execute16input_only_states_35test_context_input_output_execution
FNDA:1,_RNvNtNtCs5XVWHpxZad7_17block_macros_test7execute16state_only_states_35test_context_input_output_execution
FNDA:1,_RNCNvMNtNtCs5XVWHpxZad7_17block_macros_test7execute15self_only_stateNtB4_10DummyBlock7execute0B8_
FNDA:1,_RNvNtNtCs5XVWHpxZad7_17block_macros_test7execute22state_only_unit_returns_35test_context_input_output_execution
FNDA:1,_RNCNvMNtNtCs5XVWHpxZad7_17block_macros_test7execute24input_only_state_intentsNtB4_10DummyBlock7execute0B8_
FNDA:1,_RNCNvMNtNtCs5XVWHpxZad7_17block_macros_test7execute16self_only_outputNtB4_10DummyBlock7execute0B8_
FNDA:1,_RNCNvMNtNtCs5XVWHpxZad7_17block_macros_test7execute21state_only_full_tupleNtB4_10DummyBlock7execute0B8_
FNDA:1,_RNvNtNtCs5XVWHpxZad7_17block_macros_test7execute24context_only_unit_returns_35test_context_input_output_execution
FNDA:1,_RNCNvMNtNtCs5XVWHpxZad7_17block_macros_test7execute27context_only_output_intentsNtB4_10DummyBlock7execute0B8_
FNDA:1,_RNvNtNtCs5XVWHpxZad7_17block_macros_test7execute27context_only_output_intentss_35test_context_input_output_execution
FNDA:1,_RNvNtNtCs5XVWHpxZad7_17block_macros_test7execute24state_only_state_intentss_35test_context_input_output_execution
FNDA:1,_RNvNtNtCs5XVWHpxZad7_17block_macros_test7execute23input_only_output_states_35test_context_input_output_execution
FNDA:1,_RNCNvMNtNtCs5XVWHpxZad7_17block_macros_test7execute20context_only_intentsNtB4_10DummyBlock7execute0B8_
FNDA:1,_RNvNtNtCs5XVWHpxZad7_17block_macros_test7execute24input_only_state_intentss_35test_context_input_output_execution
FNDA:1,_RNvNtNtCs5XVWHpxZad7_17block_macros_test7execute22context_only_no_returns_35test_context_input_output_execution
FNDA:1,_RNCNvMNtNtCs5XVWHpxZad7_17block_macros_test7execute34self_only_option_output_state_someNtB4_10DummyBlock7execute0B8_
FNDA:1,_RNCNvMNtNtCs5XVWHpxZad7_17block_macros_test7execute32self_only_option_full_tuple_noneNtB4_10DummyBlock7execute0B8_
FNDA:1,_RNCNvMNtNtCs5XVWHpxZad7_17block_macros_test7execute16state_only_stateNtB4_10DummyBlock7execute0B8_
FNDA:1,_RNvNtNtCs5XVWHpxZad7_17block_macros_test7execute30context_input_state_full_tuples_35test_context_input_output_execution
FNDA:1,_RNvNtNtCs5XVWHpxZad7_17block_macros_test7execute23context_state_no_returns_35test_context_input_output_execution
FNDA:1,_RNvNtNtCs5XVWHpxZad7_17block_macros_test7execute17state_only_outputs_35test_context_input_output_execution
FNDA:0,_RNvXs5_NtNtCs5XVWHpxZad7_17block_macros_test7execute15self_only_stateNtB5_9InputKeysNtNtCs6JSeF52E3eC_8channels12channel_keys11ChannelKeys13channel_names
FNDA:0,_RNvXs5_NtNtCs5XVWHpxZad7_17block_macros_test7execute16input_only_stateNtB5_9InputKeysNtNtCs6JSeF52E3eC_8channels12channel_keys11ChannelKeys13channel_names
FNDA:0,_RNvXs5_NtNtCs5XVWHpxZad7_17block_macros_test7execute16self_only_outputNtB5_9InputKeysNtNtCs6JSeF52E3eC_8channels12channel_keys11ChannelKeys13channel_names
FNDA:0,_RNvXs5_NtNtCs5XVWHpxZad7_17block_macros_test7execute16state_only_stateNtB5_9InputKeysNtNtCs6JSeF52E3eC_8channels12channel_keys11ChannelKeys13channel_names
FNDA:0,_RNvXs5_NtNtCs5XVWHpxZad7_17block_macros_test7execute17input_only_outputNtB5_9InputKeysNtNtCs6JSeF52E3eC_8channels12channel_keys11ChannelKeys13channel_names
FNDA:0,_RNvXs5_NtNtCs5XVWHpxZad7_17block_macros_test7execute17self_only_intentsNtB5_9InputKeysNtNtCs6JSeF52E3eC_8channels12channel_keys11ChannelKeys13channel_names
FNDA:0,_RNvXs5_NtNtCs5XVWHpxZad7_17block_macros_test7execute17state_only_outputNtB5_9InputKeysNtNtCs6JSeF52E3eC_8channels12channel_keys11ChannelKeys13channel_names
FNDA:0,_RNvXs5_NtNtCs5XVWHpxZad7_17block_macros_test7execute18context_only_stateNtB5_9InputKeysNtNtCs6JSeF52E3eC_8channels12channel_keys11ChannelKeys13channel_names
FNDA:0,_RNvXs5_NtNtCs5XVWHpxZad7_17block_macros_test7execute18input_only_intentsNtB5_9InputKeysNtNtCs6JSeF52E3eC_8channels12channel_keys11ChannelKeys13channel_names
FNDA:0,_RNvXs5_NtNtCs5XVWHpxZad7_17block_macros_test7execute18state_only_intentsNtB5_9InputKeysNtNtCs6JSeF52E3eC_8channels12channel_keys11ChannelKeys13channel_names
FNDA:0,_RNvXs5_NtNtCs5XVWHpxZad7_17block_macros_test7execute19context_only_outputNtB5_9InputKeysNtNtCs6JSeF52E3eC_8channels12channel_keys11ChannelKeys13channel_names
FNDA:0,_RNvXs5_NtNtCs5XVWHpxZad7_17block_macros_test7execute19self_only_no_returnNtB5_9InputKeysNtNtCs6JSeF52E3eC_8channels12channel_keys11ChannelKeys13channel_names
FNDA:0,_RNvXs5_NtNtCs5XVWHpxZad7_17block_macros_test7execute20context_input_outputNtB5_9InputKeysNtNtCs6JSeF52E3eC_8channels12channel_keys11ChannelKeys13channel_names
FNDA:0,_RNvXs5_NtNtCs5XVWHpxZad7_17block_macros_test7execute20context_only_intentsNtB5_9InputKeysNtNtCs6JSeF52E3eC_8channels12channel_keys11ChannelKeys13channel_names
FNDA:0,_RNvXs5_NtNtCs5XVWHpxZad7_17block_macros_test7execute20input_only_no_returnNtB5_9InputKeysNtNtCs6JSeF52E3eC_8channels12channel_keys11ChannelKeys13channel_names
FNDA:0,_RNvXs5_NtNtCs5XVWHpxZad7_17block_macros_test7execute20self_only_full_tupleNtB5_9InputKeysNtNtCs6JSeF52E3eC_8channels12channel_keys11ChannelKeys13channel_names
FNDA:0,_RNvXs5_NtNtCs5XVWHpxZad7_17block_macros_test7execute20state_only_no_returnNtB5_9InputKeysNtNtCs6JSeF52E3eC_8channels12channel_keys11ChannelKeys13channel_names
FNDA:0,_RNvXs5_NtNtCs5XVWHpxZad7_17block_macros_test7execute21input_only_full_tupleNtB5_9InputKeysNtNtCs6JSeF52E3eC_8channels12channel_keys11ChannelKeys13channel_names
FNDA:0,_RNvXs5_NtNtCs5XVWHpxZad7_17block_macros_test7execute21input_state_no_returnNtB5_9InputKeysNtNtCs6JSeF52E3eC_8channels12channel_keys11ChannelKeys13channel_names
FNDA:0,_RNvXs5_NtNtCs5XVWHpxZad7_17block_macros_test7execute21self_only_unit_returnNtB5_9InputKeysNtNtCs6JSeF52E3eC_8channels12channel_keys11ChannelKeys13channel_names
FNDA:0,_RNvXs5_NtNtCs5XVWHpxZad7_17block_macros_test7execute21state_only_full_tupleNtB5_9InputKeysNtNtCs6JSeF52E3eC_8channels12channel_keys11ChannelKeys13channel_names
FNDA:0,_RNvXs5_NtNtCs5XVWHpxZad7_17block_macros_test7execute22context_only_no_returnNtB5_9InputKeysNtNtCs6JSeF52E3eC_8channels12channel_keys11ChannelKeys13channel_names
FNDA:0,_RNvXs5_NtNtCs5XVWHpxZad7_17block_macros_test7execute22input_only_unit_returnNtB5_9InputKeysNtNtCs6JSeF52E3eC_8channels12channel_keys11ChannelKeys13channel_names
FNDA:0,_RNvXs5_NtNtCs5XVWHpxZad7_17block_macros_test7execute22self_only_output_stateNtB5_9InputKeysNtNtCs6JSeF52E3eC_8channels12channel_keys11ChannelKeys13channel_names
FNDA:0,_RNvXs5_NtNtCs5XVWHpxZad7_17block_macros_test7execute22state_only_unit_returnNtB5_9InputKeysNtNtCs6JSeF52E3eC_8channels12channel_keys11ChannelKeys13channel_names
FNDA:0,_RNvXs5_NtNtCs5XVWHpxZad7_17block_macros_test7execute23context_input_no_returnNtB5_9InputKeysNtNtCs6JSeF52E3eC_8channels12channel_keys11ChannelKeys13channel_names
FNDA:0,_RNvXs5_NtNtCs5XVWHpxZad7_17block_macros_test7execute23context_only_full_tupleNtB5_9InputKeysNtNtCs6JSeF52E3eC_8channels12channel_keys11ChannelKeys13channel_names
FNDA:0,_RNvXs5_NtNtCs5XVWHpxZad7_17block_macros_test7execute23context_state_no_returnNtB5_9InputKeysNtNtCs6JSeF52E3eC_8channels12channel_keys11ChannelKeys13channel_names
FNDA:0,_RNvXs5_NtNtCs5XVWHpxZad7_17block_macros_test7execute23input_only_output_stateNtB5_9InputKeysNtNtCs6JSeF52E3eC_8channels12channel_keys11ChannelKeys13channel_names
FNDA:0,_RNvXs5_NtNtCs5XVWHpxZad7_17block_macros_test7execute23self_only_state_intentsNtB5_9InputKeysNtNtCs6JSeF52E3eC_8channels12channel_keys11ChannelKeys13channel_names
FNDA:0,_RNvXs5_NtNtCs5XVWHpxZad7_17block_macros_test7execute23state_only_output_stateNtB5_9InputKeysNtNtCs6JSeF52E3eC_8channels12channel_keys11ChannelKeys13channel_names
FNDA:0,_RNvXs5_NtNtCs5XVWHpxZad7_17block_macros_test7execute24context_only_unit_returnNtB5_9InputKeysNtNtCs6JSeF52E3eC_8channels12channel_keys11ChannelKeys13channel_names
FNDA:0,_RNvXs5_NtNtCs5XVWHpxZad7_17block_macros_test7execute24input_only_state_intentsNtB5_9InputKeysNtNtCs6JSeF52E3eC_8channels12channel_keys11ChannelKeys13channel_names
FNDA:0,_RNvXs5_NtNtCs5XVWHpxZad7_17block_macros_test7execute24self_only_output_intentsNtB5_9InputKeysNtNtCs6JSeF52E3eC_8channels12channel_keys11ChannelKeys13channel_names
FNDA:0,_RNvXs5_NtNtCs5XVWHpxZad7_17block_macros_test7execute24state_only_state_intentsNtB5_9InputKeysNtNtCs6JSeF52E3eC_8channels12channel_keys11ChannelKeys13channel_names
FNDA:0,_RNvXs5_NtNtCs5XVWHpxZad7_17block_macros_test7execute25context_only_output_stateNtB5_9InputKeysNtNtCs6JSeF52E3eC_8channels12channel_keys11ChannelKeys13channel_names
FNDA:0,_RNvXs5_NtNtCs5XVWHpxZad7_17block_macros_test7execute25input_only_output_intentsNtB5_9InputKeysNtNtCs6JSeF52E3eC_8channels12channel_keys11ChannelKeys13channel_names
FNDA:0,_RNvXs5_NtNtCs5XVWHpxZad7_17block_macros_test7execute25state_only_output_intentsNtB5_9InputKeysNtNtCs6JSeF52E3eC_8channels12channel_keys11ChannelKeys13channel_names
FNDA:0,_RNvXs5_NtNtCs5XVWHpxZad7_17block_macros_test7execute26context_only_state_intentsNtB5_9InputKeysNtNtCs6JSeF52E3eC_8channels12channel_keys11ChannelKeys13channel_names
FNDA:0,_RNvXs5_NtNtCs5XVWHpxZad7_17block_macros_test7execute27context_only_output_intentsNtB5_9InputKeysNtNtCs6JSeF52E3eC_8channels12channel_keys11ChannelKeys13channel_names
FNDA:0,_RNvXs5_NtNtCs5XVWHpxZad7_17block_macros_test7execute28self_only_option_output_noneNtB5_9InputKeysNtNtCs6JSeF52E3eC_8channels12channel_keys11ChannelKeys13channel_names
FNDA:0,_RNvXs5_NtNtCs5XVWHpxZad7_17block_macros_test7execute28self_only_option_output_someNtB5_9InputKeysNtNtCs6JSeF52E3eC_8channels12channel_keys11ChannelKeys13channel_names
FNDA:0,_RNvXs5_NtNtCs5XVWHpxZad7_17block_macros_test7execute29context_input_state_no_returnNtB5_9InputKeysNtNtCs6JSeF52E3eC_8channels12channel_keys11ChannelKeys13channel_names
FNDA:0,_RNvXs5_NtNtCs5XVWHpxZad7_17block_macros_test7execute30context_input_state_full_tupleNtB5_9InputKeysNtNtCs6JSeF52E3eC_8channels12channel_keys11ChannelKeys13channel_names
FNDA:0,_RNvXs5_NtNtCs5XVWHpxZad7_17block_macros_test7execute32self_only_option_full_tuple_noneNtB5_9InputKeysNtNtCs6JSeF52E3eC_8channels12channel_keys11ChannelKeys13channel_names
FNDA:0,_RNvXs5_NtNtCs5XVWHpxZad7_17block_macros_test7execute32self_only_option_full_tuple_someNtB5_9InputKeysNtNtCs6JSeF52E3eC_8channels12channel_keys11ChannelKeys13channel_names
FNDA:0,_RNvXs5_NtNtCs5XVWHpxZad7_17block_macros_test7execute34self_only_option_output_state_noneNtB5_9InputKeysNtNtCs6JSeF52E3eC_8channels12channel_keys11ChannelKeys13channel_names
FNDA:0,_RNvXs5_NtNtCs5XVWHpxZad7_17block_macros_test7execute34self_only_option_output_state_someNtB5_9InputKeysNtNtCs6JSeF52E3eC_8channels12channel_keys11ChannelKeys13channel_names
FNDA:0,_RNvXsf_NtNtCs5XVWHpxZad7_17block_macros_test7execute15self_only_stateNtB5_10OutputKeysNtNtCs6JSeF52E3eC_8channels12channel_keys11ChannelKeys13channel_names
FNDA:0,_RNvXsf_NtNtCs5XVWHpxZad7_17block_macros_test7execute16input_only_stateNtB5_10OutputKeysNtNtCs6JSeF52E3eC_8channels12channel_keys11ChannelKeys13channel_names
FNDA:0,_RNvXsf_NtNtCs5XVWHpxZad7_17block_macros_test7execute16self_only_outputNtB5_10OutputKeysNtNtCs6JSeF52E3eC_8channels12channel_keys11ChannelKeys13channel_names
FNDA:0,_RNvXsf_NtNtCs5XVWHpxZad7_17block_macros_test7execute16state_only_stateNtB5_10OutputKeysNtNtCs6JSeF52E3eC_8channels12channel_keys11ChannelKeys13channel_names
FNDA:0,_RNvXsf_NtNtCs5XVWHpxZad7_17block_macros_test7execute17input_only_outputNtB5_10OutputKeysNtNtCs6JSeF52E3eC_8channels12channel_keys11ChannelKeys13channel_names
FNDA:0,_RNvXsf_NtNtCs5XVWHpxZad7_17block_macros_test7execute17self_only_intentsNtB5_10OutputKeysNtNtCs6JSeF52E3eC_8channels12channel_keys11ChannelKeys13channel_names
FNDA:0,_RNvXsf_NtNtCs5XVWHpxZad7_17block_macros_test7execute17state_only_outputNtB5_10OutputKeysNtNtCs6JSeF52E3eC_8channels12channel_keys11ChannelKeys13channel_names
FNDA:0,_RNvXsf_NtNtCs5XVWHpxZad7_17block_macros_test7execute18context_only_stateNtB5_10OutputKeysNtNtCs6JSeF52E3eC_8channels12channel_keys11ChannelKeys13channel_names
FNDA:0,_RNvXsf_NtNtCs5XVWHpxZad7_17block_macros_test7execute18input_only_intentsNtB5_10OutputKeysNtNtCs6JSeF52E3eC_8channels12channel_keys11ChannelKeys13channel_names
FNDA:0,_RNvXsf_NtNtCs5XVWHpxZad7_17block_macros_test7execute18state_only_intentsNtB5_10OutputKeysNtNtCs6JSeF52E3eC_8channels12channel_keys11ChannelKeys13channel_names
FNDA:0,_RNvXsf_NtNtCs5XVWHpxZad7_17block_macros_test7execute19context_only_outputNtB5_10OutputKeysNtNtCs6JSeF52E3eC_8channels12channel_keys11ChannelKeys13channel_names
FNDA:0,_RNvXsf_NtNtCs5XVWHpxZad7_17block_macros_test7execute19self_only_no_returnNtB5_10OutputKeysNtNtCs6JSeF52E3eC_8channels12channel_keys11ChannelKeys13channel_names
FNDA:0,_RNvXsf_NtNtCs5XVWHpxZad7_17block_macros_test7execute20context_input_outputNtB5_10OutputKeysNtNtCs6JSeF52E3eC_8channels12channel_keys11ChannelKeys13channel_names
FNDA:0,_RNvXsf_NtNtCs5XVWHpxZad7_17block_macros_test7execute20context_only_intentsNtB5_10OutputKeysNtNtCs6JSeF52E3eC_8channels12channel_keys11ChannelKeys13channel_names
FNDA:0,_RNvXsf_NtNtCs5XVWHpxZad7_17block_macros_test7execute20input_only_no_returnNtB5_10OutputKeysNtNtCs6JSeF52E3eC_8channels12channel_keys11ChannelKeys13channel_names
FNDA:0,_RNvXsf_NtNtCs5XVWHpxZad7_17block_macros_test7execute20self_only_full_tupleNtB5_10OutputKeysNtNtCs6JSeF52E3eC_8channels12channel_keys11ChannelKeys13channel_names
FNDA:0,_RNvXsf_NtNtCs5XVWHpxZad7_17block_macros_test7execute20state_only_no_returnNtB5_10OutputKeysNtNtCs6JSeF52E3eC_8channels12channel_keys11ChannelKeys13channel_names
FNDA:0,_RNvXsf_NtNtCs5XVWHpxZad7_17block_macros_test7execute21input_only_full_tupleNtB5_10OutputKeysNtNtCs6JSeF52E3eC_8channels12channel_keys11ChannelKeys13channel_names
FNDA:0,_RNvXsf_NtNtCs5XVWHpxZad7_17block_macros_test7execute21input_state_no_returnNtB5_10OutputKeysNtNtCs6JSeF52E3eC_8channels12channel_keys11ChannelKeys13channel_names
FNDA:0,_RNvXsf_NtNtCs5XVWHpxZad7_17block_macros_test7execute21self_only_unit_returnNtB5_10OutputKeysNtNtCs6JSeF52E3eC_8channels12channel_keys11ChannelKeys13channel_names
FNDA:0,_RNvXsf_NtNtCs5XVWHpxZad7_17block_macros_test7execute21state_only_full_tupleNtB5_10OutputKeysNtNtCs6JSeF52E3eC_8channels12channel_keys11ChannelKeys13channel_names
FNDA:0,_RNvXsf_NtNtCs5XVWHpxZad7_17block_macros_test7execute22context_only_no_returnNtB5_10OutputKeysNtNtCs6JSeF52E3eC_8channels12channel_keys11ChannelKeys13channel_names
FNDA:0,_RNvXsf_NtNtCs5XVWHpxZad7_17block_macros_test7execute22input_only_unit_returnNtB5_10OutputKeysNtNtCs6JSeF52E3eC_8channels12channel_keys11ChannelKeys13channel_names
FNDA:0,_RNvXsf_NtNtCs5XVWHpxZad7_17block_macros_test7execute22self_only_output_stateNtB5_10OutputKeysNtNtCs6JSeF52E3eC_8channels12channel_keys11ChannelKeys13channel_names
FNDA:0,_RNvXsf_NtNtCs5XVWHpxZad7_17block_macros_test7execute22state_only_unit_returnNtB5_10OutputKeysNtNtCs6JSeF52E3eC_8channels12channel_keys11ChannelKeys13channel_names
FNDA:0,_RNvXsf_NtNtCs5XVWHpxZad7_17block_macros_test7execute23context_input_no_returnNtB5_10OutputKeysNtNtCs6JSeF52E3eC_8channels12channel_keys11ChannelKeys13channel_names
FNDA:0,_RNvXsf_NtNtCs5XVWHpxZad7_17block_macros_test7execute23context_only_full_tupleNtB5_10OutputKeysNtNtCs6JSeF52E3eC_8channels12channel_keys11ChannelKeys13channel_names
FNDA:0,_RNvXsf_NtNtCs5XVWHpxZad7_17block_macros_test7execute23context_state_no_returnNtB5_10OutputKeysNtNtCs6JSeF52E3eC_8channels12channel_keys11ChannelKeys13channel_names
FNDA:0,_RNvXsf_NtNtCs5XVWHpxZad7_17block_macros_test7execute23input_only_output_stateNtB5_10OutputKeysNtNtCs6JSeF52E3eC_8channels12channel_keys11ChannelKeys13channel_names
FNDA:0,_RNvXsf_NtNtCs5XVWHpxZad7_17block_macros_test7execute23self_only_state_intentsNtB5_10OutputKeysNtNtCs6JSeF52E3eC_8channels12channel_keys11ChannelKeys13channel_names
FNDA:0,_RNvXsf_NtNtCs5XVWHpxZad7_17block_macros_test7execute23state_only_output_stateNtB5_10OutputKeysNtNtCs6JSeF52E3eC_8channels12channel_keys11ChannelKeys13channel_names
FNDA:0,_RNvXsf_NtNtCs5XVWHpxZad7_17block_macros_test7execute24context_only_unit_returnNtB5_10OutputKeysNtNtCs6JSeF52E3eC_8channels12channel_keys11ChannelKeys13channel_names
FNDA:0,_RNvXsf_NtNtCs5XVWHpxZad7_17block_macros_test7execute24input_only_state_intentsNtB5_10OutputKeysNtNtCs6JSeF52E3eC_8channels12channel_keys11ChannelKeys13channel_names
FNDA:0,_RNvXsf_NtNtCs5XVWHpxZad7_17block_macros_test7execute24self_only_output_intentsNtB5_10OutputKeysNtNtCs6JSeF52E3eC_8channels12channel_keys11ChannelKeys13channel_names
FNDA:0,_RNvXsf_NtNtCs5XVWHpxZad7_17block_macros_test7execute24state_only_state_intentsNtB5_10OutputKeysNtNtCs6JSeF52E3eC_8channels12channel_keys11ChannelKeys13channel_names
FNDA:0,_RNvXsf_NtNtCs5XVWHpxZad7_17block_macros_test7execute25context_only_output_stateNtB5_10OutputKeysNtNtCs6JSeF52E3eC_8channels12channel_keys11ChannelKeys13channel_names
FNDA:0,_RNvXsf_NtNtCs5XVWHpxZad7_17block_macros_test7execute25input_only_output_intentsNtB5_10OutputKeysNtNtCs6JSeF52E3eC_8channels12channel_keys11ChannelKeys13channel_names
FNDA:0,_RNvXsf_NtNtCs5XVWHpxZad7_17block_macros_test7execute25state_only_output_intentsNtB5_10OutputKeysNtNtCs6JSeF52E3eC_8channels12channel_keys11ChannelKeys13channel_names
FNDA:0,_RNvXsf_NtNtCs5XVWHpxZad7_17block_macros_test7execute26context_only_state_intentsNtB5_10OutputKeysNtNtCs6JSeF52E3eC_8channels12channel_keys11ChannelKeys13channel_names
FNDA:0,_RNvXsf_NtNtCs5XVWHpxZad7_17block_macros_test7execute27context_only_output_intentsNtB5_10OutputKeysNtNtCs6JSeF52E3eC_8channels12channel_keys11ChannelKeys13channel_names
FNDA:0,_RNvXsf_NtNtCs5XVWHpxZad7_17block_macros_test7execute28self_only_option_output_noneNtB5_10OutputKeysNtNtCs6JSeF52E3eC_8channels12channel_keys11ChannelKeys13channel_names
FNDA:0,_RNvXsf_NtNtCs5XVWHpxZad7_17block_macros_test7execute28self_only_option_output_someNtB5_10OutputKeysNtNtCs6JSeF52E3eC_8channels12channel_keys11ChannelKeys13channel_names
FNDA:0,_RNvXsf_NtNtCs5XVWHpxZad7_17block_macros_test7execute29context_input_state_no_returnNtB5_10OutputKeysNtNtCs6JSeF52E3eC_8channels12channel_keys11ChannelKeys13channel_names
FNDA:0,_RNvXsf_NtNtCs5XVWHpxZad7_17block_macros_test7execute30context_input_state_full_tupleNtB5_10OutputKeysNtNtCs6JSeF52E3eC_8channels12channel_keys11ChannelKeys13channel_names
FNDA:0,_RNvXsf_NtNtCs5XVWHpxZad7_17block_macros_test7execute32self_only_option_full_tuple_noneNtB5_10OutputKeysNtNtCs6JSeF52E3eC_8channels12channel_keys11ChannelKeys13channel_names
FNDA:0,_RNvXsf_NtNtCs5XVWHpxZad7_17block_macros_test7execute32self_only_option_full_tuple_someNtB5_10OutputKeysNtNtCs6JSeF52E3eC_8channels12channel_keys11ChannelKeys13channel_names
FNDA:0,_RNvXsf_NtNtCs5XVWHpxZad7_17block_macros_test7execute34self_only_option_output_state_noneNtB5_10OutputKeysNtNtCs6JSeF52E3eC_8channels12channel_keys11ChannelKeys13channel_names
FNDA:0,_RNvXsf_NtNtCs5XVWHpxZad7_17block_macros_test7execute34self_only_option_output_state_someNtB5_10OutputKeysNtNtCs6JSeF52E3eC_8channels12channel_keys11ChannelKeys13channel_names
FNDA:1,_RNCNvMNtNtCs5XVWHpxZad7_17block_macros_test7execute34self_only_option_output_state_noneNtB4_10DummyBlock7execute0B8_
FNDA:1,_RNCNvMNtNtCs5XVWHpxZad7_17block_macros_test7execute26context_only_state_intentsNtB4_10DummyBlock7execute0B8_
FNDA:1,_RNCNvMNtNtCs5XVWHpxZad7_17block_macros_test7execute18input_only_intentsNtB4_10DummyBlock7execute0B8_
FNDA:1,_RNvNtNtCs5XVWHpxZad7_17block_macros_test7execute20self_only_full_tuples_35test_context_input_output_execution
FNDA:1,_RNvNtNtCs5XVWHpxZad7_17block_macros_test7execute34self_only_option_output_state_somes_35test_context_input_output_execution
FNDA:1,_RNvNtNtCs5XVWHpxZad7_17block_macros_test7execute18state_only_intentss_35test_context_input_output_execution
FNDA:1,_RNCNvMNtNtCs5XVWHpxZad7_17block_macros_test7execute24state_only_state_intentsNtB4_10DummyBlock7execute0B8_
FNDA:1,_RNCNvMNtNtCs5XVWHpxZad7_17block_macros_test7execute16input_only_stateNtB4_10DummyBlock7execute0B8_
FNDA:1,_RNvNtNtCs5XVWHpxZad7_17block_macros_test7execute21input_only_full_tuples_35test_context_input_output_execution
FNDA:1,_RNCNvMNtNtCs5XVWHpxZad7_17block_macros_test7execute20self_only_full_tupleNtB4_10DummyBlock7execute0B8_
FNDA:1,_RNvNtNtCs5XVWHpxZad7_17block_macros_test7execute29context_input_state_no_returns_35test_context_input_output_execution
FNDA:1,_RNvNtNtCs5XVWHpxZad7_17block_macros_test7execute25state_only_output_intentss_35test_context_input_output_execution
FNDA:1,_RNvNtNtCs5XVWHpxZad7_17block_macros_test7execute20input_only_no_returns_35test_context_input_output_execution
FNDA:1,_RNvNtNtCs5XVWHpxZad7_17block_macros_test7execute23context_input_no_returns_35test_context_input_output_execution
FNDA:1,_RNvNtNtCs5XVWHpxZad7_17block_macros_test7execute18input_only_intentss_35test_context_input_output_execution
FNDA:1,_RNvNtNtCs5XVWHpxZad7_17block_macros_test7execute21state_only_full_tuples_35test_context_input_output_execution
FNDA:1,_RNCNvMNtNtCs5XVWHpxZad7_17block_macros_test7execute32self_only_option_full_tuple_someNtB4_10DummyBlock7execute0B8_
FNDA:1,_RNCNvMNtNtCs5XVWHpxZad7_17block_macros_test7execute23context_only_full_tupleNtB4_10DummyBlock7execute0B8_
FNDA:1,_RNCNvMNtNtCs5XVWHpxZad7_17block_macros_test7execute22self_only_output_stateNtB4_10DummyBlock7execute0B8_
FNDA:1,_RNCNvMNtNtCs5XVWHpxZad7_17block_macros_test7execute28self_only_option_output_noneNtB4_10DummyBlock7execute0B8_
FNDA:1,_RNvNtNtCs5XVWHpxZad7_17block_macros_test7execute19self_only_no_returns_35test_context_input_output_execution
FNDA:1,_RNvNtNtCs5XVWHpxZad7_17block_macros_test7execute20context_only_intentss_35test_context_input_output_execution
FNDA:1,_RNCNvMNtNtCs5XVWHpxZad7_17block_macros_test7execute23context_input_no_returnNtB4_10DummyBlock7execute0B8_
FNDA:1,_RNCNvMNtNtCs5XVWHpxZad7_17block_macros_test7execute18state_only_intentsNtB4_10DummyBlock7execute0B8_
FNDA:1,_RNCNvMNtNtCs5XVWHpxZad7_17block_macros_test7execute28self_only_option_output_someNtB4_10DummyBlock7execute0B8_
FNDA:1,_RNvNtNtCs5XVWHpxZad7_17block_macros_test7execute15self_only_states_35test_context_input_output_execution
FNDA:1,_RNvNtNtCs5XVWHpxZad7_17block_macros_test7execute20state_only_no_returns_35test_context_input_output_execution
FNDA:1,_RNvNtNtCs5XVWHpxZad7_17block_macros_test7execute19context_only_outputs_35test_context_input_output_execution
FNDA:1,_RNvNtNtCs5XVWHpxZad7_17block_macros_test7execute23context_only_full_tuples_35test_context_input_output_execution
FNDA:1,_RNCNvMNtNtCs5XVWHpxZad7_17block_macros_test7execute17input_only_outputNtB4_10DummyBlock7execute0B8_
FNDA:1,_RNvNtNtCs5XVWHpxZad7_17block_macros_test7execute22input_only_unit_returns_35test_context_input_output_execution
FNDA:1,_RNvNtNtCs5XVWHpxZad7_17block_macros_test7execute17self_only_intentss_35test_context_input_output_execution
FNDA:1,_RNvNtNtCs5XVWHpxZad7_17block_macros_test7execute17input_only_outputs_35test_context_input_output_execution
FNDA:1,_RNCNvMNtNtCs5XVWHpxZad7_17block_macros_test7execute30context_input_state_full_tupleNtB4_10DummyBlock7execute0B8_
FNDA:1,_RNCNvMNtNtCs5XVWHpxZad7_17block_macros_test7execute29context_input_state_no_returnNtB4_10DummyBlock7execute0B8_
FNDA:1,_RNvNtNtCs5XVWHpxZad7_17block_macros_test7execute26context_only_state_intentss_35test_context_input_output_execution
FNDA:1,_RNCNvMNtNtCs5XVWHpxZad7_17block_macros_test7execute23input_only_output_stateNtB4_10DummyBlock7execute0B8_
FNDA:1,_RNCNvMNtNtCs5XVWHpxZad7_17block_macros_test7execute21input_state_no_returnNtB4_10DummyBlock7execute0B8_
FNDA:1,_RNvNtNtCs5XVWHpxZad7_17block_macros_test7execute28self_only_option_output_nones_35test_context_input_output_execution
FNDA:1,_RNCNvMNtNtCs5XVWHpxZad7_17block_macros_test7execute24self_only_output_intentsNtB4_10DummyBlock7execute0B8_
FNDA:1,_RNvNtNtCs5XVWHpxZad7_17block_macros_test7execute32self_only_option_full_tuple_nones_35test_context_input_output_execution
FNF:136
FNH:88
DA:7,0
DA:18,1
DA:19,1
DA:20,1
DA:21,1
DA:22,1
DA:27,0
DA:38,1
DA:39,1
DA:40,1
DA:41,1
DA:42,1
DA:47,0
DA:54,1
DA:55,1
DA:60,1
DA:61,1
DA:62,1
DA:63,1
DA:64,1
DA:69,0
DA:76,1
DA:77,1
DA:82,1
DA:83,1
DA:84,1
DA:85,1
DA:86,1
DA:93,0
DA:100,1
DA:101,1
DA:106,1
DA:107,1
DA:108,1
DA:109,1
DA:110,1
DA:115,0
DA:122,1
DA:123,1
DA:128,1
DA:129,1
DA:130,1
DA:131,1
DA:132,1
DA:137,0
DA:144,1
DA:145,1
DA:150,1
DA:151,1
DA:152,1
DA:153,1
DA:154,1
DA:159,0
DA:166,1
DA:167,1
DA:172,1
DA:173,1
DA:174,1
DA:175,1
DA:176,1
DA:181,0
DA:188,1
DA:189,1
DA:194,1
DA:195,1
DA:196,1
DA:197,1
DA:198,1
DA:203,0
DA:210,1
DA:211,1
DA:216,1
DA:217,1
DA:218,1
DA:219,1
DA:220,1
DA:225,0
DA:232,1
DA:233,1
DA:238,1
DA:239,1
DA:240,1
DA:241,1
DA:242,1
DA:247,0
DA:254,1
DA:255,1
DA:260,1
DA:261,1
DA:262,1
DA:263,1
DA:264,1
DA:269,0
DA:276,1
DA:277,1
DA:282,1
DA:283,1
DA:284,1
DA:285,1
DA:286,1
DA:291,0
DA:298,1
DA:299,1
DA:304,1
DA:305,1
DA:306,1
DA:307,1
DA:308,1
DA:313,0
DA:320,1
DA:321,1
DA:326,1
DA:327,1
DA:328,1
DA:329,1
DA:330,1
DA:365,0
DA:378,1
DA:379,1
DA:380,1
DA:381,1
DA:382,1
DA:387,0
DA:400,1
DA:401,1
DA:402,1
DA:403,1
DA:404,1
DA:409,0
DA:416,1
DA:418,1
DA:423,1
DA:424,1
DA:425,1
DA:426,1
DA:427,1
DA:432,0
DA:439,1
DA:441,1
DA:446,1
DA:447,1
DA:448,1
DA:449,1
DA:450,1
DA:455,0
DA:462,1
DA:464,1
DA:469,1
DA:470,1
DA:471,1
DA:472,1
DA:473,1
DA:478,0
DA:485,1
DA:487,1
DA:492,1
DA:493,1
DA:494,1
DA:495,1
DA:496,1
DA:501,0
DA:508,1
DA:510,1
DA:515,1
DA:516,1
DA:517,1
DA:518,1
DA:519,1
DA:524,0
DA:531,1
DA:533,1
DA:538,1
DA:539,1
DA:540,1
DA:541,1
DA:542,1
DA:547,0
DA:554,1
DA:556,1
DA:561,1
DA:562,1
DA:563,1
DA:564,1
DA:565,1
DA:600,0
DA:613,1
DA:614,1
DA:615,1
DA:616,1
DA:617,1
DA:622,0
DA:635,1
DA:636,1
DA:637,1
DA:638,1
DA:639,1
DA:644,0
DA:651,1
DA:653,1
DA:658,1
DA:659,1
DA:660,1
DA:661,1
DA:662,1
DA:667,0
DA:674,1
DA:676,1
DA:681,1
DA:682,1
DA:683,1
DA:684,1
DA:685,1
DA:690,0
DA:697,1
DA:699,1
DA:704,1
DA:705,1
DA:706,1
DA:707,1
DA:708,1
DA:713,0
DA:720,1
DA:722,1
DA:727,1
DA:728,1
DA:729,1
DA:730,1
DA:731,1
DA:736,0
DA:743,1
DA:745,1
DA:750,1
DA:751,1
DA:752,1
DA:753,1
DA:754,1
DA:759,0
DA:766,1
DA:768,1
DA:773,1
DA:774,1
DA:775,1
DA:776,1
DA:777,1
DA:782,0
DA:789,1
DA:791,1
DA:796,1
DA:797,1
DA:798,1
DA:799,1
DA:800,1
DA:835,0
DA:848,1
DA:849,1
DA:850,1
DA:851,1
DA:852,1
DA:857,0
DA:870,1
DA:871,1
DA:872,1
DA:873,1
DA:874,1
DA:879,0
DA:886,1
DA:888,1
DA:893,1
DA:894,1
DA:895,1
DA:896,1
DA:897,1
DA:902,0
DA:909,1
DA:911,1
DA:916,1
DA:917,1
DA:918,1
DA:919,1
DA:920,1
DA:925,0
DA:932,1
DA:934,1
DA:939,1
DA:940,1
DA:941,1
DA:942,1
DA:943,1
DA:948,0
DA:955,1
DA:957,1
DA:962,1
DA:963,1
DA:964,1
DA:965,1
DA:966,1
DA:971,0
DA:978,1
DA:980,1
DA:985,1
DA:986,1
DA:987,1
DA:988,1
DA:989,1
DA:994,0
DA:1001,1
DA:1003,1
DA:1008,1
DA:1009,1
DA:1010,1
DA:1011,1
DA:1012,1
DA:1017,0
DA:1024,1
DA:1026,1
DA:1031,1
DA:1032,1
DA:1033,1
DA:1034,1
DA:1035,1
DA:1070,0
DA:1077,1
DA:1078,1
DA:1083,1
DA:1084,1
DA:1085,1
DA:1086,1
DA:1087,1
DA:1092,0
DA:1099,1
DA:1100,1
DA:1101,1
DA:1106,1
DA:1107,1
DA:1108,1
DA:1109,1
DA:1110,1
DA:1115,0
DA:1122,1
DA:1123,1
DA:1128,1
DA:1129,1
DA:1130,1
DA:1131,1
DA:1132,1
DA:1137,0
DA:1144,1
DA:1145,1
DA:1150,1
DA:1151,1
DA:1152,1
DA:1153,1
DA:1154,1
DA:1159,0
DA:1166,1
DA:1167,1
DA:1172,1
DA:1173,1
DA:1174,1
DA:1175,1
DA:1176,1
DA:1181,0
DA:1193,1
DA:1194,1
DA:1195,1
DA:1200,1
DA:1201,1
DA:1202,1
DA:1203,1
DA:1204,1
BRF:0
BRH:0
LF:370
LH:322
end_of_record
SF:/Users/mailund/Code/block-flow/block-macros/src/block.rs
FN:55,_RNCNvNtCs53OBr2X2p0y_12block_macros5block10block_impl0B5_
FN:57,_RNCNvNtCs53OBr2X2p0y_12block_macros5block10block_impls0_0B5_
FN:58,_RNCNvNtCs53OBr2X2p0y_12block_macros5block10block_impls1_0B5_
FN:60,_RNCNvNtCs53OBr2X2p0y_12block_macros5block10block_impls2_0B5_
FN:56,_RNCNvNtCs53OBr2X2p0y_12block_macros5block10block_impls_0B5_
FN:5,_RNvNtCs53OBr2X2p0y_12block_macros5block10block_impl
FN:55,_RNCNvNtCscRHNzOhEHoh_12block_macros5block10block_impl0B5_
FN:57,_RNCNvNtCscRHNzOhEHoh_12block_macros5block10block_impls0_0B5_
FN:58,_RNCNvNtCscRHNzOhEHoh_12block_macros5block10block_impls1_0B5_
FN:60,_RNCNvNtCscRHNzOhEHoh_12block_macros5block10block_impls2_0B5_
FN:56,_RNCNvNtCscRHNzOhEHoh_12block_macros5block10block_impls_0B5_
FN:5,_RNvNtCscRHNzOhEHoh_12block_macros5block10block_impl
FNDA:0,_RNCNvNtCs53OBr2X2p0y_12block_macros5block10block_impl0B5_
FNDA:0,_RNCNvNtCs53OBr2X2p0y_12block_macros5block10block_impls0_0B5_
FNDA:0,_RNCNvNtCs53OBr2X2p0y_12block_macros5block10block_impls1_0B5_
FNDA:0,_RNCNvNtCs53OBr2X2p0y_12block_macros5block10block_impls2_0B5_
FNDA:0,_RNCNvNtCs53OBr2X2p0y_12block_macros5block10block_impls_0B5_
FNDA:0,_RNvNtCs53OBr2X2p0y_12block_macros5block10block_impl
FNDA:56,_RNCNvNtCscRHNzOhEHoh_12block_macros5block10block_impl0B5_
FNDA:56,_RNCNvNtCscRHNzOhEHoh_12block_macros5block10block_impls0_0B5_
FNDA:56,_RNCNvNtCscRHNzOhEHoh_12block_macros5block10block_impls1_0B5_
FNDA:54,_RNCNvNtCscRHNzOhEHoh_12block_macros5block10block_impls2_0B5_
FNDA:56,_RNCNvNtCscRHNzOhEHoh_12block_macros5block10block_impls_0B5_
FNDA:56,_RNvNtCscRHNzOhEHoh_12block_macros5block10block_impl
FNF:6
FNH:6
DA:5,56
DA:6,56
DA:7,56
DA:9,56
DA:10,56
DA:11,56
DA:12,56
DA:13,56
DA:16,56
DA:18,2
DA:19,2
DA:21,4
DA:22,2
DA:23,2
DA:26,2
DA:27,0
DA:28,0
DA:29,0
DA:30,0
DA:31,0
DA:32,0
DA:33,0
DA:34,0
DA:35,0
DA:36,0
DA:38,0
DA:40,2
DA:41,2
DA:42,2
DA:43,2
DA:44,2
DA:45,2
DA:46,0
DA:48,0
DA:50,0
DA:52,54
DA:55,56
DA:56,56
DA:57,56
DA:58,56
DA:59,56
DA:60,56
DA:62,56
DA:75,56
DA:76,56
BRF:0
BRH:0
LF:50
LH:36
end_of_record
SF:/Users/mailund/Code/block-flow/block-macros/src/execute.rs
FN:16,_RNCNvNtCs53OBr2X2p0y_12block_macros7execute12execute_impl0B5_
FN:266,_RNCNvNtCs53OBr2X2p0y_12block_macros7execute15is_last_segment0B5_
FN:284,_RNvNtCs53OBr2X2p0y_12block_macros7execute10is_intents
FN:8,_RNvNtCs53OBr2X2p0y_12block_macros7execute12execute_impl
FN:289,_RNvNtCs53OBr2X2p0y_12block_macros7execute12is_unit_type
FN:272,_RNvNtCs53OBr2X2p0y_12block_macros7execute13is_ident_type
FN:260,_RNvNtCs53OBr2X2p0y_12block_macros7execute15is_last_segment
FN:294,_RNvNtCs53OBr2X2p0y_12block_macros7execute17option_inner_type
FN:280,_RNvNtCs53OBr2X2p0y_12block_macros7execute8is_state
FN:276,_RNvNtCs53OBr2X2p0y_12block_macros7execute9is_output
FN:255,_RNvNtCs53OBr2X2p0y_12block_macros7execute9is_ref_to
FN:89,_RNvNvNtCs53OBr2X2p0y_12block_macros7execute12execute_impl16adapt_value_expr
FN:284,_RNvNtCscRHNzOhEHoh_12block_macros7execute10is_intents
FN:8,_RNvNtCscRHNzOhEHoh_12block_macros7execute12execute_impl
FN:289,_RNvNtCscRHNzOhEHoh_12block_macros7execute12is_unit_type
FN:272,_RNvNtCscRHNzOhEHoh_12block_macros7execute13is_ident_type
FN:260,_RNvNtCscRHNzOhEHoh_12block_macros7execute15is_last_segment
FN:294,_RNvNtCscRHNzOhEHoh_12block_macros7execute17option_inner_type
FN:280,_RNvNtCscRHNzOhEHoh_12block_macros7execute8is_state
FN:276,_RNvNtCscRHNzOhEHoh_12block_macros7execute9is_output
FN:255,_RNvNtCscRHNzOhEHoh_12block_macros7execute9is_ref_to
FN:89,_RNvNvNtCscRHNzOhEHoh_12block_macros7execute12execute_impl16adapt_value_expr
FN:16,_RNCNvNtCscRHNzOhEHoh_12block_macros7execute12execute_impl0B5_
FN:266,_RNCNvNtCscRHNzOhEHoh_12block_macros7execute15is_last_segment0B5_
FNDA:0,_RNCNvNtCs53OBr2X2p0y_12block_macros7execute12execute_impl0B5_
FNDA:0,_RNCNvNtCs53OBr2X2p0y_12block_macros7execute15is_last_segment0B5_
FNDA:0,_RNvNtCs53OBr2X2p0y_12block_macros7execute10is_intents
FNDA:0,_RNvNtCs53OBr2X2p0y_12block_macros7execute12execute_impl
FNDA:0,_RNvNtCs53OBr2X2p0y_12block_macros7execute12is_unit_type
FNDA:0,_RNvNtCs53OBr2X2p0y_12block_macros7execute13is_ident_type
FNDA:0,_RNvNtCs53OBr2X2p0y_12block_macros7execute15is_last_segment
FNDA:0,_RNvNtCs53OBr2X2p0y_12block_macros7execute17option_inner_type
FNDA:0,_RNvNtCs53OBr2X2p0y_12block_macros7execute8is_state
FNDA:0,_RNvNtCs53OBr2X2p0y_12block_macros7execute9is_output
FNDA:0,_RNvNtCs53OBr2X2p0y_12block_macros7execute9is_ref_to
FNDA:0,_RNvNvNtCs53OBr2X2p0y_12block_macros7execute12execute_impl16adapt_value_expr
FNDA:42,_RNvNtCscRHNzOhEHoh_12block_macros7execute10is_intents
FNDA:56,_RNvNtCscRHNzOhEHoh_12block_macros7execute12execute_impl
FNDA:90,_RNvNtCscRHNzOhEHoh_12block_macros7execute12is_unit_type
FNDA:33,_RNvNtCscRHNzOhEHoh_12block_macros7execute13is_ident_type
FNDA:240,_RNvNtCscRHNzOhEHoh_12block_macros7execute15is_last_segment
FNDA:42,_RNvNtCscRHNzOhEHoh_12block_macros7execute17option_inner_type
FNDA:52,_RNvNtCscRHNzOhEHoh_12block_macros7execute8is_state
FNDA:71,_RNvNtCscRHNzOhEHoh_12block_macros7execute9is_output
FNDA:62,_RNvNtCscRHNzOhEHoh_12block_macros7execute9is_ref_to
FNDA:42,_RNvNvNtCscRHNzOhEHoh_12block_macros7execute12execute_impl16adapt_value_expr
FNDA:56,_RNCNvNtCscRHNzOhEHoh_12block_macros7execute12execute_impl0B5_
FNDA:164,_RNCNvNtCscRHNzOhEHoh_12block_macros7execute15is_last_segment0B5_
FNF:12
FNH:12
DA:8,56
DA:9,56
DA:12,56
DA:13,56
DA:16,56
DA:17,56
DA:18,0
DA:19,56
DA:20,56
DA:21,0
DA:22,0
DA:23,0
DA:24,0
DA:25,0
DA:26,0
DA:30,56
DA:31,56
DA:32,56
DA:34,105
DA:35,105
DA:36,49
DA:37,16
DA:38,33
DA:39,20
DA:40,20
DA:41,13
DA:42,13
DA:43,0
DA:44,0
DA:45,0
DA:46,0
DA:47,0
DA:48,0
DA:50,56
DA:54,56
DA:55,56
DA:58,56
DA:62,56
DA:63,56
DA:64,56
DA:67,56
DA:68,56
DA:69,56
DA:70,56
DA:71,56
DA:72,56
DA:73,56
DA:77,56
DA:85,56
DA:89,42
DA:90,42
DA:91,42
DA:92,42
DA:93,42
DA:96,42
DA:97,0
DA:98,0
DA:99,0
DA:100,0
DA:101,0
DA:102,0
DA:103,42
DA:106,42
DA:107,11
DA:108,11
DA:109,11
DA:110,11
DA:111,11
DA:112,11
DA:113,31
DA:114,4
DA:115,4
DA:116,4
DA:117,4
DA:118,4
DA:119,4
DA:120,27
DA:121,6
DA:122,6
DA:123,6
DA:124,6
DA:125,6
DA:126,6
DA:127,21
DA:128,21
DA:131,21
DA:132,6
DA:133,6
DA:134,6
DA:135,6
DA:136,6
DA:137,6
DA:138,6
DA:139,6
DA:140,6
DA:143,15
DA:144,4
DA:145,4
DA:146,4
DA:147,4
DA:148,4
DA:149,4
DA:150,4
DA:151,4
DA:152,4
DA:155,11
DA:156,4
DA:157,4
DA:158,4
DA:159,4
DA:160,4
DA:161,4
DA:162,4
DA:163,4
DA:164,4
DA:167,7
DA:168,7
DA:169,7
DA:170,7
DA:172,7
DA:173,7
DA:174,7
DA:175,7
DA:176,7
DA:177,7
DA:178,7
DA:179,7
DA:180,7
DA:181,7
DA:183,0
DA:184,0
DA:185,0
DA:186,0
DA:189,0
DA:190,0
DA:191,0
DA:192,0
DA:194,42
DA:197,56
DA:200,14
DA:206,42
DA:207,42
DA:210,42
DA:211,0
DA:217,42
DA:219,6
DA:220,0
DA:227,6
DA:228,6
DA:234,0
DA:239,36
DA:240,36
DA:243,0
DA:250,56
DA:252,56
DA:253,56
DA:255,62
DA:256,42
DA:257,62
DA:260,240
DA:261,240
DA:262,164
DA:263,164
DA:264,164
DA:265,164
DA:266,164
DA:267,164
DA:268,76
DA:270,240
DA:272,33
DA:273,33
DA:274,33
DA:276,71
DA:277,71
DA:278,71
DA:280,52
DA:281,52
DA:282,52
DA:284,42
DA:285,42
DA:286,42
DA:289,90
DA:290,42
DA:291,90
DA:294,42
DA:295,25
DA:296,17
DA:298,25
DA:299,25
DA:300,19
DA:301,6
DA:302,6
DA:304,0
DA:306,6
DA:307,0
DA:308,6
DA:309,6
DA:310,6
DA:311,0
DA:313,42
BRF:0
BRH:0
LF:202
LH:168
end_of_record
SF:/Users/mailund/Code/block-flow/block-macros/src/init_params.rs
FN:5,_RNvNtCs53OBr2X2p0y_12block_macros11init_params16init_params_impl
FN:5,_RNvNtCscRHNzOhEHoh_12block_macros11init_params16init_params_impl
FNDA:0,_RNvNtCs53OBr2X2p0y_12block_macros11init_params16init_params_impl
FNDA:56,_RNvNtCscRHNzOhEHoh_12block_macros11init_params16init_params_impl
FNF:1
FNH:1
DA:5,56
DA:6,56
DA:8,56
DA:13,56
DA:14,56
BRF:0
BRH:0
LF:5
LH:5
end_of_record
SF:/Users/mailund/Code/block-flow/block-macros/src/input.rs
FN:73,_RNCNvNtCs53OBr2X2p0y_12block_macros5input10input_impl0B5_
FN:80,_RNCNvNtCs53OBr2X2p0y_12block_macros5input10input_impls0_0B5_
FN:86,_RNCNvNtCs53OBr2X2p0y_12block_macros5input10input_impls1_0B5_
FN:92,_RNCNvNtCs53OBr2X2p0y_12block_macros5input10input_impls2_0B5_
FN:75,_RNCNvNtCs53OBr2X2p0y_12block_macros5input10input_impls_0B5_
FN:5,_RNvNtCs53OBr2X2p0y_12block_macros5input10input_impl
FN:5,_RNvNtCscRHNzOhEHoh_12block_macros5input10input_impl
FN:73,_RNCNvNtCscRHNzOhEHoh_12block_macros5input10input_impl0B5_
FN:80,_RNCNvNtCscRHNzOhEHoh_12block_macros5input10input_impls0_0B5_
FN:86,_RNCNvNtCscRHNzOhEHoh_12block_macros5input10input_impls1_0B5_
FN:92,_RNCNvNtCscRHNzOhEHoh_12block_macros5input10input_impls2_0B5_
FN:75,_RNCNvNtCscRHNzOhEHoh_12block_macros5input10input_impls_0B5_
FNDA:0,_RNCNvNtCs53OBr2X2p0y_12block_macros5input10input_impl0B5_
FNDA:0,_RNCNvNtCs53OBr2X2p0y_12block_macros5input10input_impls0_0B5_
FNDA:0,_RNCNvNtCs53OBr2X2p0y_12block_macros5input10input_impls1_0B5_
FNDA:0,_RNCNvNtCs53OBr2X2p0y_12block_macros5input10input_impls2_0B5_
FNDA:0,_RNCNvNtCs53OBr2X2p0y_12block_macros5input10input_impls_0B5_
FNDA:0,_RNvNtCs53OBr2X2p0y_12block_macros5input10input_impl
FNDA:56,_RNvNtCscRHNzOhEHoh_12block_macros5input10input_impl
FNDA:6,_RNCNvNtCscRHNzOhEHoh_12block_macros5input10input_impl0B5_
FNDA:6,_RNCNvNtCscRHNzOhEHoh_12block_macros5input10input_impls0_0B5_
FNDA:6,_RNCNvNtCscRHNzOhEHoh_12block_macros5input10input_impls1_0B5_
FNDA:6,_RNCNvNtCscRHNzOhEHoh_12block_macros5input10input_impls2_0B5_
FNDA:6,_RNCNvNtCscRHNzOhEHoh_12block_macros5input10input_impls_0B5_
FNF:6
FNH:6
DA:5,56
DA:6,56
DA:7,56
DA:9,56
DA:10,56
DA:11,56
DA:13,56
DA:14,56
DA:15,56
DA:18,56
DA:19,56
DA:20,6
DA:21,50
DA:22,0
DA:24,0
DA:28,56
DA:29,50
DA:68,50
DA:69,6
DA:72,6
DA:73,6
DA:75,6
DA:76,6
DA:77,6
DA:78,6
DA:80,6
DA:81,6
DA:82,6
DA:83,6
DA:84,6
DA:86,6
DA:87,6
DA:88,6
DA:89,6
DA:90,6
DA:92,6
DA:93,6
DA:94,6
DA:95,6
DA:97,6
DA:143,6
DA:144,56
BRF:0
BRH:0
LF:47
LH:45
end_of_record
SF:/Users/mailund/Code/block-flow/block-macros/src/lib.rs
FN:32,_RNvCs53OBr2X2p0y_12block_macros11init_params
FN:39,_RNvCs53OBr2X2p0y_12block_macros13make_defaults
FN:27,_RNvCs53OBr2X2p0y_12block_macros5block
FN:11,_RNvCs53OBr2X2p0y_12block_macros5input
FN:21,_RNvCs53OBr2X2p0y_12block_macros5state
FN:16,_RNvCs53OBr2X2p0y_12block_macros6output
FN:47,_RNvCs53OBr2X2p0y_12block_macros7execute
FN:32,_RNvCscRHNzOhEHoh_12block_macros11init_params
FN:39,_RNvCscRHNzOhEHoh_12block_macros13make_defaults
FN:27,_RNvCscRHNzOhEHoh_12block_macros5block
FN:11,_RNvCscRHNzOhEHoh_12block_macros5input
FN:21,_RNvCscRHNzOhEHoh_12block_macros5state
FN:16,_RNvCscRHNzOhEHoh_12block_macros6output
FN:47,_RNvCscRHNzOhEHoh_12block_macros7execute
FNDA:0,_RNvCs53OBr2X2p0y_12block_macros11init_params
FNDA:0,_RNvCs53OBr2X2p0y_12block_macros13make_defaults
FNDA:0,_RNvCs53OBr2X2p0y_12block_macros5block
FNDA:0,_RNvCs53OBr2X2p0y_12block_macros5input
FNDA:0,_RNvCs53OBr2X2p0y_12block_macros5state
FNDA:0,_RNvCs53OBr2X2p0y_12block_macros6output
FNDA:0,_RNvCs53OBr2X2p0y_12block_macros7execute
FNDA:56,_RNvCscRHNzOhEHoh_12block_macros11init_params
FNDA:56,_RNvCscRHNzOhEHoh_12block_macros13make_defaults
FNDA:56,_RNvCscRHNzOhEHoh_12block_macros5block
FNDA:56,_RNvCscRHNzOhEHoh_12block_macros5input
FNDA:56,_RNvCscRHNzOhEHoh_12block_macros5state
FNDA:56,_RNvCscRHNzOhEHoh_12block_macros6output
FNDA:56,_RNvCscRHNzOhEHoh_12block_macros7execute
FNF:7
FNH:7
DA:11,56
DA:12,56
DA:13,56
DA:16,56
DA:17,56
DA:18,56
DA:21,56
DA:23,56
DA:24,56
DA:27,56
DA:28,56
DA:29,56
DA:32,56
DA:33,56
DA:34,56
DA:39,56
DA:40,56
DA:41,56
DA:47,56
DA:48,56
DA:49,56
BRF:0
BRH:0
LF:21
LH:21
end_of_record
SF:/Users/mailund/Code/block-flow/block-macros/src/make_defaults.rs
FN:109,_RNCNvMNtCs53OBr2X2p0y_12block_macros13make_defaultsNtB4_4Spec12default_name0B6_
FN:46,_RNCNvNtCs53OBr2X2p0y_12block_macros13make_defaults18make_defaults_impl0B5_
FN:52,_RNCNvNtCs53OBr2X2p0y_12block_macros13make_defaults18make_defaults_impls0_0B5_
FN:55,_RNCNvNtCs53OBr2X2p0y_12block_macros13make_defaults18make_defaults_impls1_0B5_
FN:49,_RNCNvNtCs53OBr2X2p0y_12block_macros13make_defaults18make_defaults_impls_0B5_
FN:86,_RNCNvNtCs53OBr2X2p0y_12block_macros13make_defaults8set_once0B5_
FN:107,_RNvMNtCs53OBr2X2p0y_12block_macros13make_defaultsNtB2_4Spec12default_name
FN:65,_RNvNtCs53OBr2X2p0y_12block_macros13make_defaults10gen_struct
FN:89,_RNvNtCs53OBr2X2p0y_12block_macros13make_defaults17default_ident_for
FN:10,_RNvNtCs53OBr2X2p0y_12block_macros13make_defaults18make_defaults_impl
FN:80,_RNvNtCs53OBr2X2p0y_12block_macros13make_defaults8set_once
FN:139,_RNvXs0_NtCs53OBr2X2p0y_12block_macros13make_defaultsNtB5_8SpecItemNtNtCsgEZGNehO46h_3syn5parse5Parse5parse
FN:125,_RNvXs_NtCs53OBr2X2p0y_12block_macros13make_defaultsNtB4_4SpecNtNtCsgEZGNehO46h_3syn5parse5Parse5parse
FN:107,_RNvMNtCscRHNzOhEHoh_12block_macros13make_defaultsNtB2_4Spec12default_name
FN:65,_RNvNtCscRHNzOhEHoh_12block_macros13make_defaults10gen_struct
FN:89,_RNvNtCscRHNzOhEHoh_12block_macros13make_defaults17default_ident_for
FN:10,_RNvNtCscRHNzOhEHoh_12block_macros13make_defaults18make_defaults_impl
FN:80,_RNvNtCscRHNzOhEHoh_12block_macros13make_defaults8set_once
FN:139,_RNvXs0_NtCscRHNzOhEHoh_12block_macros13make_defaultsNtB5_8SpecItemNtNtCsgEZGNehO46h_3syn5parse5Parse5parse
FN:125,_RNvXs_NtCscRHNzOhEHoh_12block_macros13make_defaultsNtB4_4SpecNtNtCsgEZGNehO46h_3syn5parse5Parse5parse
FN:109,_RNCNvMNtCscRHNzOhEHoh_12block_macros13make_defaultsNtB4_4Spec12default_name0B6_
FN:46,_RNCNvNtCscRHNzOhEHoh_12block_macros13make_defaults18make_defaults_impl0B5_
FN:52,_RNCNvNtCscRHNzOhEHoh_12block_macros13make_defaults18make_defaults_impls0_0B5_
FN:55,_RNCNvNtCscRHNzOhEHoh_12block_macros13make_defaults18make_defaults_impls1_0B5_
FN:49,_RNCNvNtCscRHNzOhEHoh_12block_macros13make_defaults18make_defaults_impls_0B5_
FN:86,_RNCNvNtCscRHNzOhEHoh_12block_macros13make_defaults8set_once0B5_
FNDA:0,_RNCNvMNtCs53OBr2X2p0y_12block_macros13make_defaultsNtB4_4Spec12default_name0B6_
FNDA:0,_RNCNvNtCs53OBr2X2p0y_12block_macros13make_defaults18make_defaults_impl0B5_
FNDA:0,_RNCNvNtCs53OBr2X2p0y_12block_macros13make_defaults18make_defaults_impls0_0B5_
FNDA:0,_RNCNvNtCs53OBr2X2p0y_12block_macros13make_defaults18make_defaults_impls1_0B5_
FNDA:0,_RNCNvNtCs53OBr2X2p0y_12block_macros13make_defaults18make_defaults_impls_0B5_
FNDA:0,_RNCNvNtCs53OBr2X2p0y_12block_macros13make_defaults8set_once0B5_
FNDA:0,_RNvMNtCs53OBr2X2p0y_12block_macros13make_defaultsNtB2_4Spec12default_name
FNDA:0,_RNvNtCs53OBr2X2p0y_12block_macros13make_defaults10gen_struct
FNDA:0,_RNvNtCs53OBr2X2p0y_12block_macros13make_defaults17default_ident_for
FNDA:0,_RNvNtCs53OBr2X2p0y_12block_macros13make_defaults18make_defaults_impl
FNDA:0,_RNvNtCs53OBr2X2p0y_12block_macros13make_defaults8set_once
FNDA:0,_RNvXs0_NtCs53OBr2X2p0y_12block_macros13make_defaultsNtB5_8SpecItemNtNtCsgEZGNehO46h_3syn5parse5Parse5parse
FNDA:0,_RNvXs_NtCs53OBr2X2p0y_12block_macros13make_defaultsNtB4_4SpecNtNtCsgEZGNehO46h_3syn5parse5Parse5parse
FNDA:15,_RNvMNtCscRHNzOhEHoh_12block_macros13make_defaultsNtB2_4Spec12default_name
FNDA:209,_RNvNtCscRHNzOhEHoh_12block_macros13make_defaults10gen_struct
FNDA:209,_RNvNtCscRHNzOhEHoh_12block_macros13make_defaults17default_ident_for
FNDA:56,_RNvNtCscRHNzOhEHoh_12block_macros13make_defaults18make_defaults_impl
FNDA:209,_RNvNtCscRHNzOhEHoh_12block_macros13make_defaults8set_once
FNDA:209,_RNvXs0_NtCscRHNzOhEHoh_12block_macros13make_defaultsNtB5_8SpecItemNtNtCsgEZGNehO46h_3syn5parse5Parse5parse
FNDA:56,_RNvXs_NtCscRHNzOhEHoh_12block_macros13make_defaultsNtB4_4SpecNtNtCsgEZGNehO46h_3syn5parse5Parse5parse
FNDA:29,_RNCNvMNtCscRHNzOhEHoh_12block_macros13make_defaultsNtB4_4Spec12default_name0B6_
FNDA:6,_RNCNvNtCscRHNzOhEHoh_12block_macros13make_defaults18make_defaults_impl0B5_
FNDA:5,_RNCNvNtCscRHNzOhEHoh_12block_macros13make_defaults18make_defaults_impls0_0B5_
FNDA:0,_RNCNvNtCscRHNzOhEHoh_12block_macros13make_defaults18make_defaults_impls1_0B5_
FNDA:4,_RNCNvNtCscRHNzOhEHoh_12block_macros13make_defaults18make_defaults_impls_0B5_
FNDA:209,_RNCNvNtCscRHNzOhEHoh_12block_macros13make_defaults8set_once0B5_
FNF:13
FNH:12
DA:10,56
DA:11,56
DA:14,56
DA:15,56
DA:16,56
DA:17,56
DA:19,265
DA:20,209
DA:21,209
DA:22,159
DA:23,107
DA:24,56
DA:25,0
DA:26,0
DA:27,0
DA:28,0
DA:29,0
DA:30,0
DA:31,0
DA:32,0
DA:33,0
DA:39,56
DA:40,56
DA:41,56
DA:42,56
DA:44,56
DA:46,56
DA:47,50
DA:48,50
DA:49,56
DA:50,52
DA:51,52
DA:52,56
DA:53,51
DA:54,51
DA:55,56
DA:56,56
DA:57,56
DA:59,56
DA:60,56
DA:65,209
DA:66,209
DA:67,209
DA:77,209
DA:80,209
DA:81,209
DA:84,0
DA:85,209
DA:86,209
DA:87,209
DA:89,209
DA:90,209
DA:91,209
DA:92,159
DA:93,107
DA:94,56
DA:95,0
DA:97,209
DA:107,15
DA:109,29
DA:110,15
DA:111,15
DA:112,0
DA:115,0
DA:116,15
DA:125,56
DA:126,56
DA:127,0
DA:128,56
DA:130,56
DA:132,56
DA:133,56
DA:134,56
DA:135,56
DA:139,209
DA:140,209
DA:141,209
DA:142,0
DA:143,0
DA:145,209
DA:148,209
DA:149,209
BRF:0
BRH:0
LF:88
LH:71
end_of_record
SF:/Users/mailund/Code/block-flow/block-macros/src/output.rs
FN:75,_RNCNvNtCs53OBr2X2p0y_12block_macros6output11output_impl0B5_
FN:82,_RNCNvNtCs53OBr2X2p0y_12block_macros6output11output_impls0_0B5_
FN:88,_RNCNvNtCs53OBr2X2p0y_12block_macros6output11output_impls1_0B5_
FN:94,_RNCNvNtCs53OBr2X2p0y_12block_macros6output11output_impls2_0B5_
FN:99,_RNCNvNtCs53OBr2X2p0y_12block_macros6output11output_impls3_0B5_
FN:77,_RNCNvNtCs53OBr2X2p0y_12block_macros6output11output_impls_0B5_
FN:5,_RNvNtCs53OBr2X2p0y_12block_macros6output11output_impl
FN:5,_RNvNtCscRHNzOhEHoh_12block_macros6output11output_impl
FN:75,_RNCNvNtCscRHNzOhEHoh_12block_macros6output11output_impl0B5_
FN:82,_RNCNvNtCscRHNzOhEHoh_12block_macros6output11output_impls0_0B5_
FN:88,_RNCNvNtCscRHNzOhEHoh_12block_macros6output11output_impls1_0B5_
FN:94,_RNCNvNtCscRHNzOhEHoh_12block_macros6output11output_impls2_0B5_
FN:99,_RNCNvNtCscRHNzOhEHoh_12block_macros6output11output_impls3_0B5_
FN:77,_RNCNvNtCscRHNzOhEHoh_12block_macros6output11output_impls_0B5_
FNDA:0,_RNCNvNtCs53OBr2X2p0y_12block_macros6output11output_impl0B5_
FNDA:0,_RNCNvNtCs53OBr2X2p0y_12block_macros6output11output_impls0_0B5_
FNDA:0,_RNCNvNtCs53OBr2X2p0y_12block_macros6output11output_impls1_0B5_
FNDA:0,_RNCNvNtCs53OBr2X2p0y_12block_macros6output11output_impls2_0B5_
FNDA:0,_RNCNvNtCs53OBr2X2p0y_12block_macros6output11output_impls3_0B5_
FNDA:0,_RNCNvNtCs53OBr2X2p0y_12block_macros6output11output_impls_0B5_
FNDA:0,_RNvNtCs53OBr2X2p0y_12block_macros6output11output_impl
FNDA:56,_RNvNtCscRHNzOhEHoh_12block_macros6output11output_impl
FNDA:4,_RNCNvNtCscRHNzOhEHoh_12block_macros6output11output_impl0B5_
FNDA:4,_RNCNvNtCscRHNzOhEHoh_12block_macros6output11output_impls0_0B5_
FNDA:4,_RNCNvNtCscRHNzOhEHoh_12block_macros6output11output_impls1_0B5_
FNDA:4,_RNCNvNtCscRHNzOhEHoh_12block_macros6output11output_impls2_0B5_
FNDA:4,_RNCNvNtCscRHNzOhEHoh_12block_macros6output11output_impls3_0B5_
FNDA:4,_RNCNvNtCscRHNzOhEHoh_12block_macros6output11output_impls_0B5_
FNF:7
FNH:7
DA:5,56
DA:6,56
DA:7,56
DA:9,56
DA:10,56
DA:11,56
DA:13,56
DA:14,56
DA:15,56
DA:18,56
DA:19,56
DA:20,4
DA:21,52
DA:22,0
DA:24,0
DA:28,56
DA:29,52
DA:70,52
DA:71,4
DA:74,4
DA:75,4
DA:77,4
DA:78,4
DA:79,4
DA:80,4
DA:82,4
DA:83,4
DA:84,4
DA:85,4
DA:86,4
DA:88,4
DA:89,4
DA:90,4
DA:91,4
DA:92,4
DA:94,4
DA:95,4
DA:96,4
DA:97,4
DA:99,4
DA:100,4
DA:102,4
DA:150,4
DA:151,56
BRF:0
BRH:0
LF:50
LH:48
end_of_record
SF:/Users/mailund/Code/block-flow/block-traits/src/block_weave.rs
FN:53,_RINvNtCsfiSeMdkr2tZ_12block_traits11block_weave15serialize_blockNtNtB2_5tests13MultiplyBlockNtNtCsit0Dr0GschA_13serialization7structs20JsonStructSerializerEB4_
FN:60,_RINvNtCsfiSeMdkr2tZ_12block_traits11block_weave17deserialize_blockNtNtB2_5tests13MultiplyBlockNtNtCsit0Dr0GschA_13serialization7structs20JsonStructSerializerEB4_
FN:18,_RNvMNtCsfiSeMdkr2tZ_12block_traits11block_weaveINtB2_25BlockSerializationPackageNtNtB2_5tests13MultiplyBlockE3newB4_
FN:32,_RNvXs_NtCsfiSeMdkr2tZ_12block_traits11block_weaveINtB4_25BlockSerializationPackageNtNtB4_5tests13MultiplyBlockEINtCs82NNbgnBvdf_12weave_traits9WeaveNodeNtNtB6_12type_erasure5BlockE14input_channelsB6_
FN:35,_RNvXs_NtCsfiSeMdkr2tZ_12block_traits11block_weaveINtB4_25BlockSerializationPackageNtNtB4_5tests13MultiplyBlockEINtCs82NNbgnBvdf_12weave_traits9WeaveNodeNtNtB6_12type_erasure5BlockE15output_channelsB6_
FN:39,_RNvXs_NtCsfiSeMdkr2tZ_12block_traits11block_weaveINtB4_25BlockSerializationPackageNtNtB4_5tests13MultiplyBlockEINtCs82NNbgnBvdf_12weave_traits9WeaveNodeNtNtB6_12type_erasure5BlockE5weaveB6_
FN:124,_RNvNtNtCsfiSeMdkr2tZ_12block_traits11block_weave5tests7keys_in
FN:131,_RNvNtNtCsfiSeMdkr2tZ_12block_traits11block_weave5tests8keys_out
FN:181,_RNvNtNtCsfiSeMdkr2tZ_12block_traits11block_weave5testss_31deserialize_invalid_json_errors
FN:138,_RNvNtNtCsfiSeMdkr2tZ_12block_traits11block_weave5testss_35package_new_smoke_and_channel_lists
FN:190,_RNvNtNtCsfiSeMdkr2tZ_12block_traits11block_weave5testss_49weave_returns_error_when_input_channel_is_missing
FN:151,_RNvNtNtCsfiSeMdkr2tZ_12block_traits11block_weave5testss_56weave_node_channel_lists_are_correct_for_arbitrary_names
FN:163,_RNvNtNtCsfiSeMdkr2tZ_12block_traits11block_weave5testss_62serialize_deserialize_roundtrip_preserves_init_params_and_keys
FN:112,_RNvXNtNtCsfiSeMdkr2tZ_12block_traits11block_weave5testsNtB2_13MultiplyBlockNtNtB6_10block_spec9BlockSpec10init_state
FN:105,_RNvXNtNtCsfiSeMdkr2tZ_12block_traits11block_weave5testsNtB2_13MultiplyBlockNtNtB6_10block_spec9BlockSpec20new_from_init_params
FN:101,_RNvXNtNtCsfiSeMdkr2tZ_12block_traits11block_weave5testsNtB2_13MultiplyBlockNtNtB6_10block_spec9BlockSpec8block_id
FN:79,_RNvXs3_NtNtCsfiSeMdkr2tZ_12block_traits11block_weave5testsNtB5_9InputKeysINtNtCs6JSeF52E3eC_8channels12channel_keys9InputKeysNtB5_5InputE6reader
FN:84,_RNvXsd_NtNtCsfiSeMdkr2tZ_12block_traits11block_weave5testsNtB5_10OutputKeysINtNtCs6JSeF52E3eC_8channels12channel_keys10OutputKeysNtB5_6OutputE6writer
FN:117,_RNCNvXNtNtCsfiSeMdkr2tZ_12block_traits11block_weave5testsNtB4_13MultiplyBlockNtNtB8_10block_spec9BlockSpec7execute0B8_
FN:32,_RNvXs_NtCsy2v7YGv8GR_12block_traits11block_weaveINtB4_25BlockSerializationPackageNtNtCs7r5H2OZVyfM_6blocks12simple_order16SimpleOrderBlockEINtCs82NNbgnBvdf_12weave_traits9WeaveNodeNtNtB6_12type_erasure5BlockE14input_channelsB1l_
FN:35,_RNvXs_NtCsy2v7YGv8GR_12block_traits11block_weaveINtB4_25BlockSerializationPackageNtNtCs7r5H2OZVyfM_6blocks12simple_order16SimpleOrderBlockEINtCs82NNbgnBvdf_12weave_traits9WeaveNodeNtNtB6_12type_erasure5BlockE15output_channelsB1l_
FN:39,_RNvXs_NtCsy2v7YGv8GR_12block_traits11block_weaveINtB4_25BlockSerializationPackageNtNtCs7r5H2OZVyfM_6blocks12simple_order16SimpleOrderBlockEINtCs82NNbgnBvdf_12weave_traits9WeaveNodeNtNtB6_12type_erasure5BlockE5weaveB1l_
FN:32,_RNvXs_NtCsy2v7YGv8GR_12block_traits11block_weaveINtB4_25BlockSerializationPackageNtNtCs7r5H2OZVyfM_6blocks5after10AfterBlockEINtCs82NNbgnBvdf_12weave_traits9WeaveNodeNtNtB6_12type_erasure5BlockE14input_channelsB1l_
FN:35,_RNvXs_NtCsy2v7YGv8GR_12block_traits11block_weaveINtB4_25BlockSerializationPackageNtNtCs7r5H2OZVyfM_6blocks5after10AfterBlockEINtCs82NNbgnBvdf_12weave_traits9WeaveNodeNtNtB6_12type_erasure5BlockE15output_channelsB1l_
[...]
FNDA:1,_RINvMNtCs3fpvCKkrsx2_13serialization10serializerNtB3_10Serializer21to_json_pretty_writerNtNtNtB5_7structs5tests11TestConfigAQINtNtCsganj50Cd8Gx_5alloc3vec3VechEEB5_
FNDA:1,_RINvMNtCs3fpvCKkrsx2_13serialization10serializerNtB3_10Serializer7to_jsonNtNtB3_5tests8TestDataEB5_
FNDA:2,_RINvMNtCs3fpvCKkrsx2_13serialization10serializerNtB3_10Serializer9from_jsonNtNtB3_5tests8TestDataEB5_
FNDA:6,_RINvMNtCs3fpvCKkrsx2_13serialization10serializerNtB3_10Serializer9from_jsonNtNtNtB5_7structs5tests11TestConfigAEB5_
FNDA:2,_RINvMNtCs3fpvCKkrsx2_13serialization10serializerNtB3_10Serializer9from_jsonNtNtNtB5_7structs5tests11TestConfigBEB5_
FNF:13
FNH:13
DA:16,1
DA:17,1
DA:18,1
DA:20,1
DA:21,1
DA:24,9
DA:25,9
DA:26,9
DA:28,9
DA:29,9
DA:32,12
DA:33,12
DA:34,12
DA:36,12
DA:37,12
DA:40,1
DA:41,1
DA:42,1
DA:43,1
DA:45,1
DA:46,1
DA:47,1
DA:50,3
DA:51,3
DA:52,3
DA:53,3
DA:55,3
DA:56,2
DA:57,3
DA:60,4
DA:61,4
DA:62,4
DA:63,4
DA:65,4
DA:66,4
DA:69,1
DA:70,1
DA:71,1
DA:73,1
DA:74,1
DA:75,1
DA:78,1
DA:79,1
DA:80,1
DA:82,1
DA:83,1
DA:84,1
DA:100,4
DA:101,4
DA:102,4
DA:103,4
DA:104,4
DA:105,4
DA:106,4
DA:107,4
DA:110,1
DA:111,1
DA:112,1
DA:113,1
DA:114,1
DA:115,1
DA:118,1
DA:119,1
DA:120,1
DA:121,1
DA:122,1
DA:125,1
DA:126,1
DA:127,1
DA:130,1
DA:131,1
DA:132,1
DA:133,1
DA:136,1
DA:137,1
DA:139,1
DA:140,1
DA:143,1
DA:144,1
DA:145,1
DA:148,1
DA:151,1
DA:153,1
DA:154,1
BRF:0
BRH:0
LF:84
LH:84
end_of_record
SF:/Users/mailund/Code/block-flow/serialization/src/structs.rs
FN:97,_RINvXs0_NtCsit0Dr0GschA_13serialization7structsNtB6_20JsonStructSerializerNtB6_16StructSerializer11deserializeINtNtCsfiSeMdkr2tZ_12block_traits11block_weave25BlockSerializationPackageNtNtB1N_5tests13MultiplyBlockEEB1P_
FN:93,_RINvXs0_NtCsit0Dr0GschA_13serialization7structsNtB6_20JsonStructSerializerNtB6_16StructSerializer9serializeINtNtCsfiSeMdkr2tZ_12block_traits11block_weave25BlockSerializationPackageNtNtB1K_5tests13MultiplyBlockEEB1M_
FN:81,_RNvMNtCsit0Dr0GschA_13serialization7structsNtB2_20JsonStructSerializer3new
FN:87,_RNvXs_NtCsit0Dr0GschA_13serialization7structsNtB4_20JsonStructSerializerNtNtCskzPJi2J8k3N_4core7default7Default7default
FN:110,_RINvNtCsit0Dr0GschA_13serialization7structs21read_struct_from_jsonpEB4_
FN:97,_RINvXs0_NtCsit0Dr0GschA_13serialization7structsNtB6_20JsonStructSerializerNtB6_16StructSerializer11deserializepEB8_
FN:101,_RINvXs0_NtCsit0Dr0GschA_13serialization7structsNtB6_20JsonStructSerializerNtB6_16StructSerializer19serialize_to_writerppEB8_
FN:105,_RINvXs0_NtCsit0Dr0GschA_13serialization7structsNtB6_20JsonStructSerializerNtB6_16StructSerializer23deserialize_from_readerppEB8_
FN:93,_RINvXs0_NtCsit0Dr0GschA_13serialization7structsNtB6_20JsonStructSerializerNtB6_16StructSerializer9serializepEB8_
FN:87,_RNvXs_NtCs3fpvCKkrsx2_13serialization7structsNtB4_20JsonStructSerializerNtNtCskzPJi2J8k3N_4core7default7Default7default
FN:135,_RNvNtNtCs3fpvCKkrsx2_13serialization7structs5tests20create_test_config_a
FN:142,_RNvNtNtCs3fpvCKkrsx2_13serialization7structs5tests20create_test_config_b
FN:186,_RNvNtNtCs3fpvCKkrsx2_13serialization7structs5testss_23test_json_output_format
FN:205,_RNvNtNtCs3fpvCKkrsx2_13serialization7structs5testss_24test_default_constructor
FN:217,_RNvNtNtCs3fpvCKkrsx2_13serialization7structs5testss_33test_read_struct_from_json_helper
FN:285,_RNvNtNtCs3fpvCKkrsx2_13serialization7structs5testss_35test_name_parameter_ignored_in_json
FN:229,_RNvNtNtCs3fpvCKkrsx2_13serialization7structs5testss_36test_invalid_json_deserialize_errors
FN:150,_RNvNtNtCs3fpvCKkrsx2_13serialization7structs5testss_37test_json_struct_serializer_roundtrip
FN:172,_RNvNtNtCs3fpvCKkrsx2_13serialization7structs5testss_41test_json_struct_serializer_writer_reader
FN:259,_RNvNtNtCs3fpvCKkrsx2_13serialization7structs5testss_41test_serialize_to_writer_error_propagates
FN:161,_RNvNtNtCs3fpvCKkrsx2_13serialization7structs5testss_43test_json_struct_serializer_different_types
FN:269,_RNvNtNtCs3fpvCKkrsx2_13serialization7structs5testss_45test_deserialize_from_reader_error_propagates
FN:253,_RNvNtNtCs3fpvCKkrsx2_13serialization7structs5testss_47test_serialize_to_writer_flush_error_is_covered
FN:274,_RNvXNvNtNtCs3fpvCKkrsx2_13serialization7structs5testss_45test_deserialize_from_reader_error_propagatesNtB2_10FailReaderNtNtCsiThrkg7suPy_3std2io4Read4read
FN:247,_RNvXs0_NtNtCs3fpvCKkrsx2_13serialization7structs5testsNtB5_16AlwaysFailWriterNtNtCsiThrkg7suPy_3std2io5Write5flush
FN:244,_RNvXs0_NtNtCs3fpvCKkrsx2_13serialization7structs5testsNtB5_16AlwaysFailWriterNtNtCsiThrkg7suPy_3std2io5Write5write
FN:110,_RINvNtCs3fpvCKkrsx2_13serialization7structs21read_struct_from_jsonNtNtB2_5tests11TestConfigAEB4_
FN:110,_RINvNtCs3fpvCKkrsx2_13serialization7structs21read_struct_from_jsonNtNtB2_5tests11TestConfigBEB4_
FN:97,_RINvXs0_NtCs3fpvCKkrsx2_13serialization7structsNtB6_20JsonStructSerializerNtB6_16StructSerializer11deserializeNtNtB6_5tests11TestConfigAEB8_
FN:97,_RINvXs0_NtCs3fpvCKkrsx2_13serialization7structsNtB6_20JsonStructSerializerNtB6_16StructSerializer11deserializeNtNtB6_5tests11TestConfigBEB8_
FN:101,_RINvXs0_NtCs3fpvCKkrsx2_13serialization7structsNtB6_20JsonStructSerializerNtB6_16StructSerializer19serialize_to_writerNtNtB6_5tests11TestConfigANtB1U_16AlwaysFailWriterEB8_
FN:101,_RINvXs0_NtCs3fpvCKkrsx2_13serialization7structsNtB6_20JsonStructSerializerNtB6_16StructSerializer19serialize_to_writerNtNtB6_5tests11TestConfigAQINtNtCsganj50Cd8Gx_5alloc3vec3VechEEB8_
FN:105,_RINvXs0_NtCs3fpvCKkrsx2_13serialization7structsNtB6_20JsonStructSerializerNtB6_16StructSerializer23deserialize_from_readerNtNtB6_5tests11TestConfigANtNvB1Y_s_45test_deserialize_from_reader_error_propagates10FailReaderEB8_
FN:105,_RINvXs0_NtCs3fpvCKkrsx2_13serialization7structsNtB6_20JsonStructSerializerNtB6_16StructSerializer23deserialize_from_readerNtNtB6_5tests11TestConfigARShEB8_
FN:93,_RINvXs0_NtCs3fpvCKkrsx2_13serialization7structsNtB6_20JsonStructSerializerNtB6_16StructSerializer9serializeNtNtB6_5tests11TestConfigAEB8_
FN:93,_RINvXs0_NtCs3fpvCKkrsx2_13serialization7structsNtB6_20JsonStructSerializerNtB6_16StructSerializer9serializeNtNtB6_5tests11TestConfigBEB8_
FN:81,_RNvMNtCs3fpvCKkrsx2_13serialization7structsNtB2_20JsonStructSerializer3new
FNDA:2,_RINvXs0_NtCsit0Dr0GschA_13serialization7structsNtB6_20JsonStructSerializerNtB6_16StructSerializer11deserializeINtNtCsfiSeMdkr2tZ_12block_traits11block_weave25BlockSerializationPackageNtNtB1N_5tests13MultiplyBlockEEB1P_
FNDA:1,_RINvXs0_NtCsit0Dr0GschA_13serialization7structsNtB6_20JsonStructSerializerNtB6_16StructSerializer9serializeINtNtCsfiSeMdkr2tZ_12block_traits11block_weave25BlockSerializationPackageNtNtB1K_5tests13MultiplyBlockEEB1M_
FNDA:2,_RNvMNtCsit0Dr0GschA_13serialization7structsNtB2_20JsonStructSerializer3new
FNDA:0,_RNvXs_NtCsit0Dr0GschA_13serialization7structsNtB4_20JsonStructSerializerNtNtCskzPJi2J8k3N_4core7default7Default7default
FNDA:0,_RINvNtCsit0Dr0GschA_13serialization7structs21read_struct_from_jsonpEB4_
FNDA:0,_RINvXs0_NtCsit0Dr0GschA_13serialization7structsNtB6_20JsonStructSerializerNtB6_16StructSerializer11deserializepEB8_
FNDA:0,_RINvXs0_NtCsit0Dr0GschA_13serialization7structsNtB6_20JsonStructSerializerNtB6_16StructSerializer19serialize_to_writerppEB8_
FNDA:0,_RINvXs0_NtCsit0Dr0GschA_13serialization7structsNtB6_20JsonStructSerializerNtB6_16StructSerializer23deserialize_from_readerppEB8_
FNDA:0,_RINvXs0_NtCsit0Dr0GschA_13serialization7structsNtB6_20JsonStructSerializerNtB6_16StructSerializer9serializepEB8_
FNDA:0,_RNvXs_NtCs3fpvCKkrsx2_13serialization7structsNtB4_20JsonStructSerializerNtNtCskzPJi2J8k3N_4core7default7Default7default
FNDA:5,_RNvNtNtCs3fpvCKkrsx2_13serialization7structs5tests20create_test_config_a
FNDA:2,_RNvNtNtCs3fpvCKkrsx2_13serialization7structs5tests20create_test_config_b
FNDA:1,_RNvNtNtCs3fpvCKkrsx2_13serialization7structs5testss_23test_json_output_format
FNDA:1,_RNvNtNtCs3fpvCKkrsx2_13serialization7structs5testss_24test_default_constructor
FNDA:1,_RNvNtNtCs3fpvCKkrsx2_13serialization7structs5testss_33test_read_struct_from_json_helper
FNDA:1,_RNvNtNtCs3fpvCKkrsx2_13serialization7structs5testss_35test_name_parameter_ignored_in_json
FNDA:1,_RNvNtNtCs3fpvCKkrsx2_13serialization7structs5testss_36test_invalid_json_deserialize_errors
FNDA:1,_RNvNtNtCs3fpvCKkrsx2_13serialization7structs5testss_37test_json_struct_serializer_roundtrip
FNDA:1,_RNvNtNtCs3fpvCKkrsx2_13serialization7structs5testss_41test_json_struct_serializer_writer_reader
FNDA:1,_RNvNtNtCs3fpvCKkrsx2_13serialization7structs5testss_41test_serialize_to_writer_error_propagates
FNDA:1,_RNvNtNtCs3fpvCKkrsx2_13serialization7structs5testss_43test_json_struct_serializer_different_types
FNDA:1,_RNvNtNtCs3fpvCKkrsx2_13serialization7structs5testss_45test_deserialize_from_reader_error_propagates
FNDA:1,_RNvNtNtCs3fpvCKkrsx2_13serialization7structs5testss_47test_serialize_to_writer_flush_error_is_covered
FNDA:1,_RNvXNvNtNtCs3fpvCKkrsx2_13serialization7structs5testss_45test_deserialize_from_reader_error_propagatesNtB2_10FailReaderNtNtCsiThrkg7suPy_3std2io4Read4read
FNDA:1,_RNvXs0_NtNtCs3fpvCKkrsx2_13serialization7structs5testsNtB5_16AlwaysFailWriterNtNtCsiThrkg7suPy_3std2io5Write5flush
FNDA:1,_RNvXs0_NtNtCs3fpvCKkrsx2_13serialization7structs5testsNtB5_16AlwaysFailWriterNtNtCsiThrkg7suPy_3std2io5Write5write
FNDA:1,_RINvNtCs3fpvCKkrsx2_13serialization7structs21read_struct_from_jsonNtNtB2_5tests11TestConfigAEB4_
FNDA:1,_RINvNtCs3fpvCKkrsx2_13serialization7structs21read_struct_from_jsonNtNtB2_5tests11TestConfigBEB4_
FNDA:5,_RINvXs0_NtCs3fpvCKkrsx2_13serialization7structsNtB6_20JsonStructSerializerNtB6_16StructSerializer11deserializeNtNtB6_5tests11TestConfigAEB8_
FNDA:1,_RINvXs0_NtCs3fpvCKkrsx2_13serialization7structsNtB6_20JsonStructSerializerNtB6_16StructSerializer11deserializeNtNtB6_5tests11TestConfigBEB8_
FNDA:1,_RINvXs0_NtCs3fpvCKkrsx2_13serialization7structsNtB6_20JsonStructSerializerNtB6_16StructSerializer19serialize_to_writerNtNtB6_5tests11TestConfigANtB1U_16AlwaysFailWriterEB8_
FNDA:1,_RINvXs0_NtCs3fpvCKkrsx2_13serialization7structsNtB6_20JsonStructSerializerNtB6_16StructSerializer19serialize_to_writerNtNtB6_5tests11TestConfigAQINtNtCsganj50Cd8Gx_5alloc3vec3VechEEB8_
FNDA:1,_RINvXs0_NtCs3fpvCKkrsx2_13serialization7structsNtB6_20JsonStructSerializerNtB6_16StructSerializer23deserialize_from_readerNtNtB6_5tests11TestConfigANtNvB1Y_s_45test_deserialize_from_reader_error_propagates10FailReaderEB8_
FNDA:1,_RINvXs0_NtCs3fpvCKkrsx2_13serialization7structsNtB6_20JsonStructSerializerNtB6_16StructSerializer23deserialize_from_readerNtNtB6_5tests11TestConfigARShEB8_
FNDA:5,_RINvXs0_NtCs3fpvCKkrsx2_13serialization7structsNtB6_20JsonStructSerializerNtB6_16StructSerializer9serializeNtNtB6_5tests11TestConfigAEB8_
FNDA:2,_RINvXs0_NtCs3fpvCKkrsx2_13serialization7structsNtB6_20JsonStructSerializerNtB6_16StructSerializer9serializeNtNtB6_5tests11TestConfigBEB8_
FNDA:9,_RNvMNtCs3fpvCKkrsx2_13serialization7structsNtB2_20JsonStructSerializer3new
FNF:23
FNH:22
DA:81,11
DA:82,11
DA:83,11
DA:87,0
DA:88,0
DA:89,0
DA:93,8
DA:94,8
DA:95,8
DA:97,8
DA:98,8
DA:99,8
DA:101,2
DA:102,2
DA:103,2
DA:105,2
DA:106,2
DA:107,2
DA:110,2
DA:111,2
DA:112,2
DA:135,5
DA:136,5
DA:137,5
DA:138,5
DA:139,5
DA:140,5
DA:142,2
DA:143,2
DA:144,2
DA:145,2
DA:146,2
DA:147,2
DA:150,1
DA:151,1
DA:152,1
DA:154,1
DA:155,1
DA:157,1
DA:158,1
DA:161,1
DA:162,1
DA:163,1
DA:165,1
DA:166,1
DA:168,1
DA:169,1
DA:172,1
DA:173,1
DA:174,1
DA:175,1
DA:177,1
DA:178,1
DA:179,1
DA:181,1
DA:182,1
DA:183,1
DA:186,1
DA:187,1
DA:188,1
DA:189,1
DA:190,1
DA:191,1
DA:193,1
DA:194,1
DA:197,1
DA:198,1
DA:199,1
DA:200,1
DA:201,1
DA:202,1
DA:205,1
DA:207,1
DA:208,1
DA:210,1
DA:211,1
DA:213,1
DA:214,1
DA:217,1
DA:219,1
DA:220,1
DA:222,1
DA:223,1
DA:225,1
DA:226,1
DA:229,1
DA:231,1
DA:232,1
DA:234,1
DA:235,1
DA:237,1
DA:238,1
DA:239,1
DA:244,1
DA:245,1
DA:246,1
DA:247,1
DA:248,1
DA:249,1
DA:253,1
DA:254,1
DA:255,1
DA:256,1
DA:259,1
DA:261,1
DA:262,1
DA:264,1
DA:265,1
DA:266,1
DA:269,1
DA:274,1
DA:275,1
DA:276,1
DA:279,1
DA:280,1
DA:281,1
DA:282,1
DA:285,1
DA:286,1
DA:287,1
DA:289,1
DA:290,1
DA:292,1
DA:294,1
DA:295,1
DA:297,1
DA:298,1
DA:299,1
BRF:0
BRH:0
LF:128
LH:125
end_of_record
SF:/Users/mailund/Code/block-flow/trade-types/src/lib.rs
FN:8,_RNvMCs7Ig45pMWv0b_11trade_typesNtB2_8Contract3new
FN:45,_RNvMs2_Cs7Ig45pMWv0b_11trade_typesNtB5_8Quantity5in_kw
FN:48,_RNvMs2_Cs7Ig45pMWv0b_11trade_typesNtB5_8Quantity5in_mw
FN:75,_RNvMs5_Cs7Ig45pMWv0b_11trade_typesNtB5_9Orderbook11top_of_side
FN:18,_RNvMs_Cs7Ig45pMWv0b_11trade_typesNtB4_5Price8in_cents
FN:21,_RNvMs_Cs7Ig45pMWv0b_11trade_typesNtB4_5Price8in_euros
FN:28,_RNvXs0_Cs7Ig45pMWv0b_11trade_typesNtB5_5PriceINtNtCskzPJi2J8k3N_4core7convert4FromNtB5_5CentsE4from
FN:35,_RNvXs1_Cs7Ig45pMWv0b_11trade_typesNtB5_5PriceINtNtCskzPJi2J8k3N_4core7convert4FromNtB5_5EurosE4from
FN:55,_RNvXs3_Cs7Ig45pMWv0b_11trade_typesNtB5_8QuantityINtNtCskzPJi2J8k3N_4core7convert4FromNtB5_2KwE4from
FN:62,_RNvXs4_Cs7Ig45pMWv0b_11trade_typesNtB5_8QuantityINtNtCskzPJi2J8k3N_4core7convert4FromNtB5_2MwE4from
FN:86,_RNvNtCsk6ZOtCiwW3l_11trade_types5testss_25contract_new_and_equality
FN:124,_RNvNtCsk6ZOtCiwW3l_11trade_types5testss_34side_enum_variants_exist_and_match
FN:110,_RNvNtCsk6ZOtCiwW3l_11trade_types5testss_39quantity_from_kw_roundtrip_in_kw_and_mw
FN:117,_RNvNtCsk6ZOtCiwW3l_11trade_types5testss_41quantity_from_mw_converts_to_kw_correctly
FN:103,_RNvNtCsk6ZOtCiwW3l_11trade_types5testss_44price_from_euros_converts_to_cents_correctly
FN:96,_RNvNtCsk6ZOtCiwW3l_11trade_types5testss_45price_from_cents_roundtrip_in_cents_and_euros
FN:140,_RNvNtCsk6ZOtCiwW3l_11trade_types5testss_49orderbook_top_of_side_returns_some_for_both_sides
FN:8,_RNvMCsk6ZOtCiwW3l_11trade_typesNtB2_8Contract3new
FN:45,_RNvMs2_Csk6ZOtCiwW3l_11trade_typesNtB5_8Quantity5in_kw
FN:48,_RNvMs2_Csk6ZOtCiwW3l_11trade_typesNtB5_8Quantity5in_mw
FN:75,_RNvMs5_Csk6ZOtCiwW3l_11trade_typesNtB5_9Orderbook11top_of_side
FN:18,_RNvMs_Csk6ZOtCiwW3l_11trade_typesNtB4_5Price8in_cents
FN:21,_RNvMs_Csk6ZOtCiwW3l_11trade_typesNtB4_5Price8in_euros
FN:28,_RNvXs0_Csk6ZOtCiwW3l_11trade_typesNtB5_5PriceINtNtCskzPJi2J8k3N_4core7convert4FromNtB5_5CentsE4from
FN:35,_RNvXs1_Csk6ZOtCiwW3l_11trade_typesNtB5_5PriceINtNtCskzPJi2J8k3N_4core7convert4FromNtB5_5EurosE4from
FN:55,_RNvXs3_Csk6ZOtCiwW3l_11trade_typesNtB5_8QuantityINtNtCskzPJi2J8k3N_4core7convert4FromNtB5_2KwE4from
FN:62,_RNvXs4_Csk6ZOtCiwW3l_11trade_typesNtB5_8QuantityINtNtCskzPJi2J8k3N_4core7convert4FromNtB5_2MwE4from
FNDA:8,_RNvMCs7Ig45pMWv0b_11trade_typesNtB2_8Contract3new
FNDA:0,_RNvMs2_Cs7Ig45pMWv0b_11trade_typesNtB5_8Quantity5in_kw
FNDA:0,_RNvMs2_Cs7Ig45pMWv0b_11trade_typesNtB5_8Quantity5in_mw
FNDA:0,_RNvMs5_Cs7Ig45pMWv0b_11trade_typesNtB5_9Orderbook11top_of_side
FNDA:0,_RNvMs_Cs7Ig45pMWv0b_11trade_typesNtB4_5Price8in_cents
FNDA:0,_RNvMs_Cs7Ig45pMWv0b_11trade_typesNtB4_5Price8in_euros
FNDA:3,_RNvXs0_Cs7Ig45pMWv0b_11trade_typesNtB5_5PriceINtNtCskzPJi2J8k3N_4core7convert4FromNtB5_5CentsE4from
FNDA:0,_RNvXs1_Cs7Ig45pMWv0b_11trade_typesNtB5_5PriceINtNtCskzPJi2J8k3N_4core7convert4FromNtB5_5EurosE4from
FNDA:3,_RNvXs3_Cs7Ig45pMWv0b_11trade_typesNtB5_8QuantityINtNtCskzPJi2J8k3N_4core7convert4FromNtB5_2KwE4from
FNDA:0,_RNvXs4_Cs7Ig45pMWv0b_11trade_typesNtB5_8QuantityINtNtCskzPJi2J8k3N_4core7convert4FromNtB5_2MwE4from
FNDA:1,_RNvNtCsk6ZOtCiwW3l_11trade_types5testss_25contract_new_and_equality
FNDA:1,_RNvNtCsk6ZOtCiwW3l_11trade_types5testss_34side_enum_variants_exist_and_match
FNDA:1,_RNvNtCsk6ZOtCiwW3l_11trade_types5testss_39quantity_from_kw_roundtrip_in_kw_and_mw
FNDA:1,_RNvNtCsk6ZOtCiwW3l_11trade_types5testss_41quantity_from_mw_converts_to_kw_correctly
FNDA:1,_RNvNtCsk6ZOtCiwW3l_11trade_types5testss_44price_from_euros_converts_to_cents_correctly
FNDA:1,_RNvNtCsk6ZOtCiwW3l_11trade_types5testss_45price_from_cents_roundtrip_in_cents_and_euros
FNDA:1,_RNvNtCsk6ZOtCiwW3l_11trade_types5testss_49orderbook_top_of_side_returns_some_for_both_sides
FNDA:3,_RNvMCsk6ZOtCiwW3l_11trade_typesNtB2_8Contract3new
FNDA:2,_RNvMs2_Csk6ZOtCiwW3l_11trade_typesNtB5_8Quantity5in_kw
FNDA:2,_RNvMs2_Csk6ZOtCiwW3l_11trade_typesNtB5_8Quantity5in_mw
FNDA:2,_RNvMs5_Csk6ZOtCiwW3l_11trade_typesNtB5_9Orderbook11top_of_side
FNDA:2,_RNvMs_Csk6ZOtCiwW3l_11trade_typesNtB4_5Price8in_cents
FNDA:2,_RNvMs_Csk6ZOtCiwW3l_11trade_typesNtB4_5Price8in_euros
FNDA:1,_RNvXs0_Csk6ZOtCiwW3l_11trade_typesNtB5_5PriceINtNtCskzPJi2J8k3N_4core7convert4FromNtB5_5CentsE4from
FNDA:1,_RNvXs1_Csk6ZOtCiwW3l_11trade_typesNtB5_5PriceINtNtCskzPJi2J8k3N_4core7convert4FromNtB5_5EurosE4from
FNDA:1,_RNvXs3_Csk6ZOtCiwW3l_11trade_typesNtB5_8QuantityINtNtCskzPJi2J8k3N_4core7convert4FromNtB5_2KwE4from
FNDA:1,_RNvXs4_Csk6ZOtCiwW3l_11trade_typesNtB5_8QuantityINtNtCskzPJi2J8k3N_4core7convert4FromNtB5_2MwE4from
FNF:17
FNH:17
DA:8,11
DA:9,11
DA:10,11
DA:18,2
DA:19,2
DA:20,2
DA:21,2
DA:22,2
DA:23,2
DA:28,4
DA:29,4
DA:30,4
DA:35,1
DA:36,1
DA:37,1
DA:45,2
DA:46,2
DA:47,2
DA:48,2
DA:49,2
DA:50,2
DA:55,4
DA:56,4
DA:57,4
DA:62,1
DA:63,1
DA:64,1
DA:75,2
DA:77,2
DA:78,2
DA:86,1
DA:87,1
DA:88,1
DA:89,1
DA:91,1
DA:92,1
DA:93,1
DA:96,1
DA:97,1
DA:98,1
DA:99,1
DA:100,1
DA:103,1
DA:104,1
DA:105,1
DA:106,1
DA:107,1
DA:110,1
DA:111,1
DA:112,1
DA:113,1
DA:114,1
DA:117,1
DA:118,1
DA:119,1
DA:120,1
DA:121,1
DA:124,1
DA:125,1
DA:126,1
DA:128,1
DA:129,1
DA:130,0
DA:133,1
DA:134,1
DA:135,0
DA:137,1
DA:140,1
DA:141,1
DA:143,1
DA:144,1
DA:146,1
DA:147,1
DA:149,1
DA:150,1
DA:151,1
BRF:0
BRH:0
LF:76
LH:74
end_of_record
SF:/Users/mailund/Code/block-flow/weave-traits/src/lib.rs
FN:16,_RNvXCs82NNbgnBvdf_12weave_traitsINtB2_11TopoOrderedNtNtCsy2v7YGv8GR_12block_traits12type_erasure5BlockENtNtNtCskzPJi2J8k3N_4core3ops5deref5Deref5derefCs3Ywgi39E8P0_5weave
FN:16,_RNvXINICs19Ax1hn0rpg_12weave_traits0pEINtB5_11TopoOrderedpENtNtNtCskzPJi2J8k3N_4core3ops5deref5Deref5derefB5_
FNDA:1,_RNvXCs82NNbgnBvdf_12weave_traitsINtB2_11TopoOrderedNtNtCsy2v7YGv8GR_12block_traits12type_erasure5BlockENtNtNtCskzPJi2J8k3N_4core3ops5deref5Deref5derefCs3Ywgi39E8P0_5weave
FNDA:0,_RNvXINICs19Ax1hn0rpg_12weave_traits0pEINtB5_11TopoOrderedpENtNtNtCskzPJi2J8k3N_4core3ops5deref5Deref5derefB5_
FNF:1
FNH:1
DA:16,1
DA:17,1
DA:18,1
BRF:0
BRH:0
LF:3
LH:3
end_of_record
SF:/Users/mailund/Code/block-flow/weave/src/lib.rs
FN:5,_RINvCs3Ywgi39E8P0_5weave11weave_nodesNtNtCsy2v7YGv8GR_12block_traits12type_erasure5BlockEB2_
FN:13,_RNCINvCs3Ywgi39E8P0_5weave11weave_nodesNtNtCsy2v7YGv8GR_12block_traits12type_erasure5BlockE0B4_
FN:52,_RNCINvCs3Ywgi39E8P0_5weave11weave_nodesNtNtCsy2v7YGv8GR_12block_traits12type_erasure5BlockEs0_0B4_
FN:70,_RNCINvCs3Ywgi39E8P0_5weave11weave_nodesNtNtCsy2v7YGv8GR_12block_traits12type_erasure5BlockEs1_0B4_
FN:14,_RNCINvCs3Ywgi39E8P0_5weave11weave_nodesNtNtCsy2v7YGv8GR_12block_traits12type_erasure5BlockEs_0B4_
FN:94,_RNvNtCs3Ywgi39E8P0_5weave5testss_28weave_after_and_simple_order
FNDA:1,_RINvCs3Ywgi39E8P0_5weave11weave_nodesNtNtCsy2v7YGv8GR_12block_traits12type_erasure5BlockEB2_
FNDA:2,_RNCINvCs3Ywgi39E8P0_5weave11weave_nodesNtNtCsy2v7YGv8GR_12block_traits12type_erasure5BlockE0B4_
FNDA:2,_RNCINvCs3Ywgi39E8P0_5weave11weave_nodesNtNtCsy2v7YGv8GR_12block_traits12type_erasure5BlockEs0_0B4_
FNDA:0,_RNCINvCs3Ywgi39E8P0_5weave11weave_nodesNtNtCsy2v7YGv8GR_12block_traits12type_erasure5BlockEs1_0B4_
FNDA:2,_RNCINvCs3Ywgi39E8P0_5weave11weave_nodesNtNtCsy2v7YGv8GR_12block_traits12type_erasure5BlockEs_0B4_
FNDA:1,_RNvNtCs3Ywgi39E8P0_5weave5testss_28weave_after_and_simple_order
FNF:6
FNH:5
DA:5,1
DA:6,1
DA:7,1
DA:8,1
DA:10,1
DA:13,2
DA:14,2
DA:17,1
DA:18,2
DA:19,3
DA:20,1
DA:21,0
DA:22,1
DA:27,1
DA:28,1
DA:30,2
DA:31,3
DA:32,1
DA:33,1
DA:34,1
DA:35,1
DA:39,0
DA:40,0
DA:41,0
DA:42,0
DA:43,0
DA:49,1
DA:50,1
DA:51,1
DA:52,2
DA:53,1
DA:55,1
DA:56,3
DA:57,2
DA:58,2
DA:59,1
DA:60,1
DA:61,1
DA:62,1
DA:66,1
DA:67,0
DA:68,0
DA:69,0
DA:70,0
DA:71,0
DA:72,0
DA:73,1
DA:76,1
DA:77,3
DA:78,2
DA:81,1
DA:82,1
DA:94,1
DA:95,1
DA:96,1
DA:97,1
DA:98,1
DA:99,1
DA:100,1
DA:101,1
DA:103,1
DA:104,1
DA:105,1
DA:106,1
DA:107,1
DA:108,1
DA:109,1
DA:110,1
DA:111,1
DA:112,1
DA:113,1
DA:114,1
DA:115,1
DA:116,1
DA:117,1
DA:118,0
DA:120,1
DA:121,1
DA:122,1
BRF:0
BRH:0
LF:83
LH:69
end_of_record