SF:/Users/mailund/Code/block-flow/crates/actor/src/actor.rs
FN:232,_RNCNvMs5_NtCsi22PlJLZE8D_5actor5actorINtB7_5ActorINtNtNtCsexyPoogrWWh_12block_traits11block_weave5embed14BlockEmbeddingNtNtNtNtB9_10controller5tests23add_actor_indexes_by_id9TestBlockEE7execute0B9_
FN:232,_RNCNvMs5_NtCsi22PlJLZE8D_5actor5actorINtB7_5ActorINtNtNtCsexyPoogrWWh_12block_traits11block_weave5embed14BlockEmbeddingNtNtNtNtB9_10controller5tests30add_actor_indexes_by_contracts9TestBlockEE7execute0B9_
FN:232,_RNCNvMs5_NtCsi22PlJLZE8D_5actor5actorINtB7_5ActorINtNtNtCsexyPoogrWWh_12block_traits11block_weave5embed14BlockEmbeddingNtNtNtNtB9_10controller5tests52remove_actor_by_id_removes_from_id_and_contract_maps9TestBlockEE7execute0B9_
FN:232,_RNCNvMs5_NtCsi22PlJLZE8D_5actor5actorINtB7_5ActorNtNtB7_5tests8MockAlgoE7execute0B9_
FN:215,_RNvMs5_NtCsi22PlJLZE8D_5actor5actorINtB5_5ActorINtNtNtCsexyPoogrWWh_12block_traits11block_weave5embed14BlockEmbeddingNtNtNtNtB7_10controller5tests23add_actor_indexes_by_id9TestBlockEE14handle_effectsB7_
FN:190,_RNvMs5_NtCsi22PlJLZE8D_5actor5actorINtB5_5ActorINtNtNtCsexyPoogrWWh_12block_traits11block_weave5embed14BlockEmbeddingNtNtNtNtB7_10controller5tests23add_actor_indexes_by_id9TestBlockEE3newB7_
FN:227,_RNvMs5_NtCsi22PlJLZE8D_5actor5actorINtB5_5ActorINtNtNtCsexyPoogrWWh_12block_traits11block_weave5embed14BlockEmbeddingNtNtNtNtB7_10controller5tests23add_actor_indexes_by_id9TestBlockEE7executeB7_
FN:203,_RNvMs5_NtCsi22PlJLZE8D_5actor5actorINtB5_5ActorINtNtNtCsexyPoogrWWh_12block_traits11block_weave5embed14BlockEmbeddingNtNtNtNtB7_10controller5tests23add_actor_indexes_by_id9TestBlockEE8actor_idB7_
FN:210,_RNvMs5_NtCsi22PlJLZE8D_5actor5actorINtB5_5ActorINtNtNtCsexyPoogrWWh_12block_traits11block_weave5embed14BlockEmbeddingNtNtNtNtB7_10controller5tests23add_actor_indexes_by_id9TestBlockEE9contractsB7_
FN:215,_RNvMs5_NtCsi22PlJLZE8D_5actor5actorINtB5_5ActorINtNtNtCsexyPoogrWWh_12block_traits11block_weave5embed14BlockEmbeddingNtNtNtNtB7_10controller5tests30add_actor_indexes_by_contracts9TestBlockEE14handle_effectsB7_
FN:190,_RNvMs5_NtCsi22PlJLZE8D_5actor5actorINtB5_5ActorINtNtNtCsexyPoogrWWh_12block_traits11block_weave5embed14BlockEmbeddingNtNtNtNtB7_10controller5tests30add_actor_indexes_by_contracts9TestBlockEE3newB7_
FN:227,_RNvMs5_NtCsi22PlJLZE8D_5actor5actorINtB5_5ActorINtNtNtCsexyPoogrWWh_12block_traits11block_weave5embed14BlockEmbeddingNtNtNtNtB7_10controller5tests30add_actor_indexes_by_contracts9TestBlockEE7executeB7_
FN:203,_RNvMs5_NtCsi22PlJLZE8D_5actor5actorINtB5_5ActorINtNtNtCsexyPoogrWWh_12block_traits11block_weave5embed14BlockEmbeddingNtNtNtNtB7_10controller5tests30add_actor_indexes_by_contracts9TestBlockEE8actor_idB7_
FN:210,_RNvMs5_NtCsi22PlJLZE8D_5actor5actorINtB5_5ActorINtNtNtCsexyPoogrWWh_12block_traits11block_weave5embed14BlockEmbeddingNtNtNtNtB7_10controller5tests30add_actor_indexes_by_contracts9TestBlockEE9contractsB7_
FN:215,_RNvMs5_NtCsi22PlJLZE8D_5actor5actorINtB5_5ActorINtNtNtCsexyPoogrWWh_12block_traits11block_weave5embed14BlockEmbeddingNtNtNtNtB7_10controller5tests52remove_actor_by_id_removes_from_id_and_contract_maps9TestBlockEE14handle_effectsB7_
FN:190,_RNvMs5_NtCsi22PlJLZE8D_5actor5actorINtB5_5ActorINtNtNtCsexyPoogrWWh_12block_traits11block_weave5embed14BlockEmbeddingNtNtNtNtB7_10controller5tests52remove_actor_by_id_removes_from_id_and_contract_maps9TestBlockEE3newB7_
FN:227,_RNvMs5_NtCsi22PlJLZE8D_5actor5actorINtB5_5ActorINtNtNtCsexyPoogrWWh_12block_traits11block_weave5embed14BlockEmbeddingNtNtNtNtB7_10controller5tests52remove_actor_by_id_removes_from_id_and_contract_maps9TestBlockEE7executeB7_
FN:203,_RNvMs5_NtCsi22PlJLZE8D_5actor5actorINtB5_5ActorINtNtNtCsexyPoogrWWh_12block_traits11block_weave5embed14BlockEmbeddingNtNtNtNtB7_10controller5tests52remove_actor_by_id_removes_from_id_and_contract_maps9TestBlockEE8actor_idB7_
FN:210,_RNvMs5_NtCsi22PlJLZE8D_5actor5actorINtB5_5ActorINtNtNtCsexyPoogrWWh_12block_traits11block_weave5embed14BlockEmbeddingNtNtNtNtB7_10controller5tests52remove_actor_by_id_removes_from_id_and_contract_maps9TestBlockEE9contractsB7_
FN:215,_RNvMs5_NtCsi22PlJLZE8D_5actor5actorINtB5_5ActorNtNtB5_5tests8MockAlgoE14handle_effectsB7_
FN:190,_RNvMs5_NtCsi22PlJLZE8D_5actor5actorINtB5_5ActorNtNtB5_5tests8MockAlgoE3newB7_
FN:227,_RNvMs5_NtCsi22PlJLZE8D_5actor5actorINtB5_5ActorNtNtB5_5tests8MockAlgoE7executeB7_
FN:203,_RNvMs5_NtCsi22PlJLZE8D_5actor5actorINtB5_5ActorNtNtB5_5tests8MockAlgoE8actor_idB7_
FN:210,_RNvMs5_NtCsi22PlJLZE8D_5actor5actorINtB5_5ActorNtNtB5_5tests8MockAlgoE9contractsB7_
FN:265,_RNvXs6_NtCsi22PlJLZE8D_5actor5actorINtB5_5ActorINtNtNtCsexyPoogrWWh_12block_traits11block_weave5embed14BlockEmbeddingNtNtNtNtB7_10controller5tests23add_actor_indexes_by_id9TestBlockEENtB5_10ActorTrait7executeB7_
FN:259,_RNvXs6_NtCsi22PlJLZE8D_5actor5actorINtB5_5ActorINtNtNtCsexyPoogrWWh_12block_traits11block_weave5embed14BlockEmbeddingNtNtNtNtB7_10controller5tests23add_actor_indexes_by_id9TestBlockEENtB5_10ActorTrait8actor_idB7_
FN:262,_RNvXs6_NtCsi22PlJLZE8D_5actor5actorINtB5_5ActorINtNtNtCsexyPoogrWWh_12block_traits11block_weave5embed14BlockEmbeddingNtNtNtNtB7_10controller5tests23add_actor_indexes_by_id9TestBlockEENtB5_10ActorTrait9contractsB7_
FN:265,_RNvXs6_NtCsi22PlJLZE8D_5actor5actorINtB5_5ActorINtNtNtCsexyPoogrWWh_12block_traits11block_weave5embed14BlockEmbeddingNtNtNtNtB7_10controller5tests30add_actor_indexes_by_contracts9TestBlockEENtB5_10ActorTrait7executeB7_
FN:259,_RNvXs6_NtCsi22PlJLZE8D_5actor5actorINtB5_5ActorINtNtNtCsexyPoogrWWh_12block_traits11block_weave5embed14BlockEmbeddingNtNtNtNtB7_10controller5tests30add_actor_indexes_by_contracts9TestBlockEENtB5_10ActorTrait8actor_idB7_
FN:262,_RNvXs6_NtCsi22PlJLZE8D_5actor5actorINtB5_5ActorINtNtNtCsexyPoogrWWh_12block_traits11block_weave5embed14BlockEmbeddingNtNtNtNtB7_10controller5tests30add_actor_indexes_by_contracts9TestBlockEENtB5_10ActorTrait9contractsB7_
FN:265,_RNvXs6_NtCsi22PlJLZE8D_5actor5actorINtB5_5ActorINtNtNtCsexyPoogrWWh_12block_traits11block_weave5embed14BlockEmbeddingNtNtNtNtB7_10controller5tests52remove_actor_by_id_removes_from_id_and_contract_maps9TestBlockEENtB5_10ActorTrait7executeB7_
FN:259,_RNvXs6_NtCsi22PlJLZE8D_5actor5actorINtB5_5ActorINtNtNtCsexyPoogrWWh_12block_traits11block_weave5embed14BlockEmbeddingNtNtNtNtB7_10controller5tests52remove_actor_by_id_removes_from_id_and_contract_maps9TestBlockEENtB5_10ActorTrait8actor_idB7_
FN:262,_RNvXs6_NtCsi22PlJLZE8D_5actor5actorINtB5_5ActorINtNtNtCsexyPoogrWWh_12block_traits11block_weave5embed14BlockEmbeddingNtNtNtNtB7_10controller5tests52remove_actor_by_id_removes_from_id_and_contract_maps9TestBlockEENtB5_10ActorTrait9contractsB7_
FN:310,_RNvMNtNtCsi22PlJLZE8D_5actor5actor5testsNtB2_8MockAlgo3new
FN:337,_RNvMNtNtCsi22PlJLZE8D_5actor5actor5testsNtB2_8MockAlgo7fail_on
FN:422,_RNvNtNtCsi22PlJLZE8D_5actor5actor5testss_26collects_effects_from_algo
FN:396,_RNvNtNtCsi22PlJLZE8D_5actor5actor5testss_31actor_forwards_id_and_contracts
FN:450,_RNvNtNtCsi22PlJLZE8D_5actor5actor5testss_36execute_returns_none_when_algo_fails
FN:435,_RNvNtNtCsi22PlJLZE8D_5actor5actor5testss_38effect_buffer_is_cleared_between_ticks
FN:388,_RNvNtNtCsi22PlJLZE8D_5actor5actor5testss_42actor_sizes_reconciliator_from_num_intents
FN:413,_RNvNtNtCsi22PlJLZE8D_5actor5actor5testss_47emits_no_intents_when_intents_template_is_empty
FN:352,_RNvXs0_NtNtCsi22PlJLZE8D_5actor5actor5testsNtB5_8MockAlgoINtNtCsexyPoogrWWh_12block_traits13execute_trait12ExecuteTraitNtNtB9_23actor_execution_context21ActorExecutionContextNtB7_23ReconcileIntentConsumerNtB7_14EffectConsumerE11num_intents
FN:356,_RNvXs0_NtNtCsi22PlJLZE8D_5actor5actor5testsNtB5_8MockAlgoINtNtCsexyPoogrWWh_12block_traits13execute_trait12ExecuteTraitNtNtB9_23actor_execution_context21ActorExecutionContextNtB7_23ReconcileIntentConsumerNtB7_14EffectConsumerE7execute
FN:344,_RNvXs_NtNtCsi22PlJLZE8D_5actor5actor5testsNtB4_8MockAlgoNtNtCsexyPoogrWWh_12block_traits16associated_types12ContractDeps13contract_deps
FN:84,_RNvMs0_NtCsi22PlJLZE8D_5actor5actorNtB5_23ReconcileIntentConsumer14process_intent
FN:75,_RNvMs0_NtCsi22PlJLZE8D_5actor5actorNtB5_23ReconcileIntentConsumer3new
FN:104,_RNvMs0_NtCsi22PlJLZE8D_5actor5actorNtB5_23ReconcileIntentConsumer7consume
FN:139,_RNvMs2_NtCsi22PlJLZE8D_5actor5actorNtB5_13EffectHandler15effect_consumer
FN:125,_RNvMs2_NtCsi22PlJLZE8D_5actor5actorNtB5_13EffectHandler3new
FN:132,_RNvMs2_NtCsi22PlJLZE8D_5actor5actorNtB5_13EffectHandler7effects
FN:153,_RNvMs3_NtCsi22PlJLZE8D_5actor5actorNtB5_14EffectConsumer3new
FN:53,_RNvMs_NtCsi22PlJLZE8D_5actor5actorNtB4_13Reconciliator15intent_consumer
FN:44,_RNvMs_NtCsi22PlJLZE8D_5actor5actorNtB4_13Reconciliator3new
FN:111,_RNvXs1_NtCsi22PlJLZE8D_5actor5actorNtB5_23ReconcileIntentConsumerNtNtCsexyPoogrWWh_12block_traits13execute_trait19IntentConsumerTrait7consume
FN:159,_RNvXs4_NtCsi22PlJLZE8D_5actor5actorNtB5_14EffectConsumerNtNtCsexyPoogrWWh_12block_traits13execute_trait19EffectConsumerTrait15schedule_effect
FNDA:0,_RNCNvMs5_NtCsi22PlJLZE8D_5actor5actorINtB7_5ActorINtNtNtCsexyPoogrWWh_12block_traits11block_weave5embed14BlockEmbeddingNtNtNtNtB9_10controller5tests23add_actor_indexes_by_id9TestBlockEE7execute0B9_
FNDA:0,_RNCNvMs5_NtCsi22PlJLZE8D_5actor5actorINtB7_5ActorINtNtNtCsexyPoogrWWh_12block_traits11block_weave5embed14BlockEmbeddingNtNtNtNtB9_10controller5tests30add_actor_indexes_by_contracts9TestBlockEE7execute0B9_
FNDA:0,_RNCNvMs5_NtCsi22PlJLZE8D_5actor5actorINtB7_5ActorINtNtNtCsexyPoogrWWh_12block_traits11block_weave5embed14BlockEmbeddingNtNtNtNtB9_10controller5tests52remove_actor_by_id_removes_from_id_and_contract_maps9TestBlockEE7execute0B9_
FNDA:4,_RNCNvMs5_NtCsi22PlJLZE8D_5actor5actorINtB7_5ActorNtNtB7_5tests8MockAlgoE7execute0B9_
FNDA:0,_RNvMs5_NtCsi22PlJLZE8D_5actor5actorINtB5_5ActorINtNtNtCsexyPoogrWWh_12block_traits11block_weave5embed14BlockEmbeddingNtNtNtNtB7_10controller5tests23add_actor_indexes_by_id9TestBlockEE14handle_effectsB7_
FNDA:2,_RNvMs5_NtCsi22PlJLZE8D_5actor5actorINtB5_5ActorINtNtNtCsexyPoogrWWh_12block_traits11block_weave5embed14BlockEmbeddingNtNtNtNtB7_10controller5tests23add_actor_indexes_by_id9TestBlockEE3newB7_
FNDA:0,_RNvMs5_NtCsi22PlJLZE8D_5actor5actorINtB5_5ActorINtNtNtCsexyPoogrWWh_12block_traits11block_weave5embed14BlockEmbeddingNtNtNtNtB7_10controller5tests23add_actor_indexes_by_id9TestBlockEE7executeB7_
FNDA:4,_RNvMs5_NtCsi22PlJLZE8D_5actor5actorINtB5_5ActorINtNtNtCsexyPoogrWWh_12block_traits11block_weave5embed14BlockEmbeddingNtNtNtNtB7_10controller5tests23add_actor_indexes_by_id9TestBlockEE8actor_idB7_
FNDA:2,_RNvMs5_NtCsi22PlJLZE8D_5actor5actorINtB5_5ActorINtNtNtCsexyPoogrWWh_12block_traits11block_weave5embed14BlockEmbeddingNtNtNtNtB7_10controller5tests23add_actor_indexes_by_id9TestBlockEE9contractsB7_
FNDA:0,_RNvMs5_NtCsi22PlJLZE8D_5actor5actorINtB5_5ActorINtNtNtCsexyPoogrWWh_12block_traits11block_weave5embed14BlockEmbeddingNtNtNtNtB7_10controller5tests30add_actor_indexes_by_contracts9TestBlockEE14handle_effectsB7_
FNDA:2,_RNvMs5_NtCsi22PlJLZE8D_5actor5actorINtB5_5ActorINtNtNtCsexyPoogrWWh_12block_traits11block_weave5embed14BlockEmbeddingNtNtNtNtB7_10controller5tests30add_actor_indexes_by_contracts9TestBlockEE3newB7_
FNDA:0,_RNvMs5_NtCsi22PlJLZE8D_5actor5actorINtB5_5ActorINtNtNtCsexyPoogrWWh_12block_traits11block_weave5embed14BlockEmbeddingNtNtNtNtB7_10controller5tests30add_actor_indexes_by_contracts9TestBlockEE7executeB7_
FNDA:2,_RNvMs5_NtCsi22PlJLZE8D_5actor5actorINtB5_5ActorINtNtNtCsexyPoogrWWh_12block_traits11block_weave5embed14BlockEmbeddingNtNtNtNtB7_10controller5tests30add_actor_indexes_by_contracts9TestBlockEE8actor_idB7_
FNDA:2,_RNvMs5_NtCsi22PlJLZE8D_5actor5actorINtB5_5ActorINtNtNtCsexyPoogrWWh_12block_traits11block_weave5embed14BlockEmbeddingNtNtNtNtB7_10controller5tests30add_actor_indexes_by_contracts9TestBlockEE9contractsB7_
FNDA:0,_RNvMs5_NtCsi22PlJLZE8D_5actor5actorINtB5_5ActorINtNtNtCsexyPoogrWWh_12block_traits11block_weave5embed14BlockEmbeddingNtNtNtNtB7_10controller5tests52remove_actor_by_id_removes_from_id_and_contract_maps9TestBlockEE14handle_effectsB7_
FNDA:2,_RNvMs5_NtCsi22PlJLZE8D_5actor5actorINtB5_5ActorINtNtNtCsexyPoogrWWh_12block_traits11block_weave5embed14BlockEmbeddingNtNtNtNtB7_10controller5tests52remove_actor_by_id_removes_from_id_and_contract_maps9TestBlockEE3newB7_
FNDA:0,_RNvMs5_NtCsi22PlJLZE8D_5actor5actorINtB5_5ActorINtNtNtCsexyPoogrWWh_12block_traits11block_weave5embed14BlockEmbeddingNtNtNtNtB7_10controller5tests52remove_actor_by_id_removes_from_id_and_contract_maps9TestBlockEE7executeB7_
FNDA:3,_RNvMs5_NtCsi22PlJLZE8D_5actor5actorINtB5_5ActorINtNtNtCsexyPoogrWWh_12block_traits11block_weave5embed14BlockEmbeddingNtNtNtNtB7_10controller5tests52remove_actor_by_id_removes_from_id_and_contract_maps9TestBlockEE8actor_idB7_
FNDA:3,_RNvMs5_NtCsi22PlJLZE8D_5actor5actorINtB5_5ActorINtNtNtCsexyPoogrWWh_12block_traits11block_weave5embed14BlockEmbeddingNtNtNtNtB7_10controller5tests52remove_actor_by_id_removes_from_id_and_contract_maps9TestBlockEE9contractsB7_
FNDA:4,_RNvMs5_NtCsi22PlJLZE8D_5actor5actorINtB5_5ActorNtNtB5_5tests8MockAlgoE14handle_effectsB7_
FNDA:6,_RNvMs5_NtCsi22PlJLZE8D_5actor5actorINtB5_5ActorNtNtB5_5tests8MockAlgoE3newB7_
FNDA:5,_RNvMs5_NtCsi22PlJLZE8D_5actor5actorINtB5_5ActorNtNtB5_5tests8MockAlgoE7executeB7_
FNDA:1,_RNvMs5_NtCsi22PlJLZE8D_5actor5actorINtB5_5ActorNtNtB5_5tests8MockAlgoE8actor_idB7_
FNDA:1,_RNvMs5_NtCsi22PlJLZE8D_5actor5actorINtB5_5ActorNtNtB5_5tests8MockAlgoE9contractsB7_
FNDA:0,_RNvXs6_NtCsi22PlJLZE8D_5actor5actorINtB5_5ActorINtNtNtCsexyPoogrWWh_12block_traits11block_weave5embed14BlockEmbeddingNtNtNtNtB7_10controller5tests23add_actor_indexes_by_id9TestBlockEENtB5_10ActorTrait7executeB7_
FNDA:4,_RNvXs6_NtCsi22PlJLZE8D_5actor5actorINtB5_5ActorINtNtNtCsexyPoogrWWh_12block_traits11block_weave5embed14BlockEmbeddingNtNtNtNtB7_10controller5tests23add_actor_indexes_by_id9TestBlockEENtB5_10ActorTrait8actor_idB7_
FNDA:2,_RNvXs6_NtCsi22PlJLZE8D_5actor5actorINtB5_5ActorINtNtNtCsexyPoogrWWh_12block_traits11block_weave5embed14BlockEmbeddingNtNtNtNtB7_10controller5tests23add_actor_indexes_by_id9TestBlockEENtB5_10ActorTrait9contractsB7_
FNDA:0,_RNvXs6_NtCsi22PlJLZE8D_5actor5actorINtB5_5ActorINtNtNtCsexyPoogrWWh_12block_traits11block_weave5embed14BlockEmbeddingNtNtNtNtB7_10controller5tests30add_actor_indexes_by_contracts9TestBlockEENtB5_10ActorTrait7executeB7_
FNDA:2,_RNvXs6_NtCsi22PlJLZE8D_5actor5actorINtB5_5ActorINtNtNtCsexyPoogrWWh_12block_traits11block_weave5embed14BlockEmbeddingNtNtNtNtB7_10controller5tests30add_actor_indexes_by_contracts9TestBlockEENtB5_10ActorTrait8actor_idB7_
FNDA:2,_RNvXs6_NtCsi22PlJLZE8D_5actor5actorINtB5_5ActorINtNtNtCsexyPoogrWWh_12block_traits11block_weave5embed14BlockEmbeddingNtNtNtNtB7_10controller5tests30add_actor_indexes_by_contracts9TestBlockEENtB5_10ActorTrait9contractsB7_
FNDA:0,_RNvXs6_NtCsi22PlJLZE8D_5actor5actorINtB5_5ActorINtNtNtCsexyPoogrWWh_12block_traits11block_weave5embed14BlockEmbeddingNtNtNtNtB7_10controller5tests52remove_actor_by_id_removes_from_id_and_contract_maps9TestBlockEENtB5_10ActorTrait7executeB7_
FNDA:3,_RNvXs6_NtCsi22PlJLZE8D_5actor5actorINtB5_5ActorINtNtNtCsexyPoogrWWh_12block_traits11block_weave5embed14BlockEmbeddingNtNtNtNtB7_10controller5tests52remove_actor_by_id_removes_from_id_and_contract_maps9TestBlockEENtB5_10ActorTrait8actor_idB7_
FNDA:3,_RNvXs6_NtCsi22PlJLZE8D_5actor5actorINtB5_5ActorINtNtNtCsexyPoogrWWh_12block_traits11block_weave5embed14BlockEmbeddingNtNtNtNtB7_10controller5tests52remove_actor_by_id_removes_from_id_and_contract_maps9TestBlockEENtB5_10ActorTrait9contractsB7_
FNDA:6,_RNvMNtNtCsi22PlJLZE8D_5actor5actor5testsNtB2_8MockAlgo3new
FNDA:1,_RNvMNtNtCsi22PlJLZE8D_5actor5actor5testsNtB2_8MockAlgo7fail_on
FNDA:1,_RNvNtNtCsi22PlJLZE8D_5actor5actor5testss_26collects_effects_from_algo
FNDA:1,_RNvNtNtCsi22PlJLZE8D_5actor5actor5testss_31actor_forwards_id_and_contracts
FNDA:1,_RNvNtNtCsi22PlJLZE8D_5actor5actor5testss_36execute_returns_none_when_algo_fails
FNDA:1,_RNvNtNtCsi22PlJLZE8D_5actor5actor5testss_38effect_buffer_is_cleared_between_ticks
FNDA:1,_RNvNtNtCsi22PlJLZE8D_5actor5actor5testss_42actor_sizes_reconciliator_from_num_intents
FNDA:1,_RNvNtNtCsi22PlJLZE8D_5actor5actor5testss_47emits_no_intents_when_intents_template_is_empty
FNDA:6,_RNvXs0_NtNtCsi22PlJLZE8D_5actor5actor5testsNtB5_8MockAlgoINtNtCsexyPoogrWWh_12block_traits13execute_trait12ExecuteTraitNtNtB9_23actor_execution_context21ActorExecutionContextNtB7_23ReconcileIntentConsumerNtB7_14EffectConsumerE11num_intents
FNDA:5,_RNvXs0_NtNtCsi22PlJLZE8D_5actor5actor5testsNtB5_8MockAlgoINtNtCsexyPoogrWWh_12block_traits13execute_trait12ExecuteTraitNtNtB9_23actor_execution_context21ActorExecutionContextNtB7_23ReconcileIntentConsumerNtB7_14EffectConsumerE7execute
FNDA:1,_RNvXs_NtNtCsi22PlJLZE8D_5actor5actor5testsNtB4_8MockAlgoNtNtCsexyPoogrWWh_12block_traits16associated_types12ContractDeps13contract_deps
FNDA:5,_RNvMs0_NtCsi22PlJLZE8D_5actor5actorNtB5_23ReconcileIntentConsumer14process_intent
FNDA:5,_RNvMs0_NtCsi22PlJLZE8D_5actor5actorNtB5_23ReconcileIntentConsumer3new
FNDA:5,_RNvMs0_NtCsi22PlJLZE8D_5actor5actorNtB5_23ReconcileIntentConsumer7consume
FNDA:5,_RNvMs2_NtCsi22PlJLZE8D_5actor5actorNtB5_13EffectHandler15effect_consumer
FNDA:12,_RNvMs2_NtCsi22PlJLZE8D_5actor5actorNtB5_13EffectHandler3new
FNDA:4,_RNvMs2_NtCsi22PlJLZE8D_5actor5actorNtB5_13EffectHandler7effects
FNDA:5,_RNvMs3_NtCsi22PlJLZE8D_5actor5actorNtB5_14EffectConsumer3new
FNDA:5,_RNvMs_NtCsi22PlJLZE8D_5actor5actorNtB4_13Reconciliator15intent_consumer
FNDA:12,_RNvMs_NtCsi22PlJLZE8D_5actor5actorNtB4_13Reconciliator3new
FNDA:0,_RNvXs1_NtCsi22PlJLZE8D_5actor5actorNtB5_23ReconcileIntentConsumerNtNtCsexyPoogrWWh_12block_traits13execute_trait19IntentConsumerTrait7consume
FNDA:5,_RNvXs4_NtCsi22PlJLZE8D_5actor5actorNtB5_14EffectConsumerNtNtCsexyPoogrWWh_12block_traits13execute_trait19EffectConsumerTrait15schedule_effect
FNF:31
FNH:29
DA:44,12
DA:45,12
DA:46,12
DA:47,12
DA:48,12
DA:53,5
DA:54,5
DA:55,5
DA:75,5
DA:76,5
DA:77,5
DA:84,5
DA:85,5
DA:86,5
DA:88,0
DA:89,0
DA:90,0
DA:91,0
DA:92,0
DA:93,0
DA:94,0
DA:95,0
DA:96,0
DA:97,0
DA:99,5
DA:104,5
DA:105,5
DA:106,5
DA:107,5
DA:111,0
DA:112,0
DA:113,0
DA:125,12
DA:126,12
DA:127,12
DA:128,12
DA:129,12
DA:132,4
DA:133,4
DA:134,4
DA:139,5
DA:140,5
DA:141,5
DA:153,5
DA:154,5
DA:155,5
DA:156,5
DA:159,5
DA:160,5
DA:161,5
DA:190,12
DA:191,12
DA:192,12
DA:193,12
DA:194,12
DA:195,12
DA:196,12
DA:197,12
DA:198,12
DA:199,12
DA:200,12
DA:203,10
DA:204,10
DA:205,10
DA:210,8
DA:211,8
DA:212,8
DA:215,4
DA:216,5
DA:217,5
DA:218,5
DA:219,4
DA:227,5
DA:228,5
DA:229,5
DA:230,5
DA:231,5
DA:232,5
DA:233,5
DA:259,9
DA:260,9
DA:261,9
DA:262,7
DA:263,7
DA:264,7
DA:265,0
DA:266,0
DA:267,0
DA:310,6
DA:311,6
DA:312,6
DA:313,6
DA:314,6
DA:315,6
DA:316,6
DA:317,6
DA:319,0
DA:320,0
DA:322,0
DA:324,0
DA:327,6
DA:328,6
DA:329,6
DA:330,6
DA:331,6
DA:332,6
DA:333,6
DA:334,6
DA:335,6
DA:337,1
DA:338,1
DA:339,1
DA:340,1
DA:344,1
DA:345,1
DA:346,1
DA:352,6
DA:353,6
DA:354,6
DA:356,5
DA:357,5
DA:358,5
DA:359,5
DA:360,5
DA:361,5
DA:363,5
DA:364,5
DA:367,5
DA:368,1
DA:369,4
DA:372,9
DA:373,5
DA:374,5
DA:377,9
DA:378,5
DA:379,5
DA:381,4
DA:382,5
DA:388,1
DA:389,1
DA:390,1
DA:392,1
DA:393,1
DA:396,1
DA:397,1
DA:398,1
DA:400,1
DA:402,1
DA:403,1
DA:404,1
DA:406,1
DA:408,1
DA:409,1
DA:410,1
DA:413,1
DA:414,1
DA:415,1
DA:417,1
DA:418,1
DA:419,1
DA:422,1
DA:423,1
DA:425,1
DA:426,1
DA:428,1
DA:429,1
DA:431,1
DA:432,1
DA:435,1
DA:436,1
DA:437,1
DA:438,1
DA:440,1
DA:442,1
DA:443,1
DA:445,1
DA:446,1
DA:447,1
DA:450,1
DA:451,1
DA:452,1
DA:454,1
DA:455,1
DA:456,1
BRF:0
BRH:0
LF:185
LH:165
end_of_record
SF:/Users/mailund/Code/block-flow/crates/actor/src/actor_execution_context.rs
FN:9,_RNvXNtCsi22PlJLZE8D_5actor23actor_execution_contextNtB2_9OrderBookNtNtNtCsexyPoogrWWh_12block_traits17execution_context10order_book14OrderBookTrait11top_of_side
FN:33,_RNvXs0_NtCsi22PlJLZE8D_5actor23actor_execution_contextNtB5_21ActorExecutionContextNtNtNtCsexyPoogrWWh_12block_traits17execution_context7exe_ctx21ExecutionContextTrait12get_position
FN:29,_RNvXs0_NtCsi22PlJLZE8D_5actor23actor_execution_contextNtB5_21ActorExecutionContextNtNtNtCsexyPoogrWWh_12block_traits17execution_context7exe_ctx21ExecutionContextTrait14get_order_book
FN:26,_RNvXs0_NtCsi22PlJLZE8D_5actor23actor_execution_contextNtB5_21ActorExecutionContextNtNtNtCsexyPoogrWWh_12block_traits17execution_context7exe_ctx21ExecutionContextTrait4time
FN:19,_RNvMs_NtCsi22PlJLZE8D_5actor23actor_execution_contextNtB4_21ActorExecutionContext3new
FNDA:0,_RNvXNtCsi22PlJLZE8D_5actor23actor_execution_contextNtB2_9OrderBookNtNtNtCsexyPoogrWWh_12block_traits17execution_context10order_book14OrderBookTrait11top_of_side
FNDA:0,_RNvXs0_NtCsi22PlJLZE8D_5actor23actor_execution_contextNtB5_21ActorExecutionContextNtNtNtCsexyPoogrWWh_12block_traits17execution_context7exe_ctx21ExecutionContextTrait12get_position
FNDA:0,_RNvXs0_NtCsi22PlJLZE8D_5actor23actor_execution_contextNtB5_21ActorExecutionContextNtNtNtCsexyPoogrWWh_12block_traits17execution_context7exe_ctx21ExecutionContextTrait14get_order_book
FNDA:0,_RNvXs0_NtCsi22PlJLZE8D_5actor23actor_execution_contextNtB5_21ActorExecutionContextNtNtNtCsexyPoogrWWh_12block_traits17execution_context7exe_ctx21ExecutionContextTrait4time
FNDA:4,_RNvMs_NtCsi22PlJLZE8D_5actor23actor_execution_contextNtB4_21ActorExecutionContext3new
FNF:5
FNH:1
DA:9,0
DA:11,0
DA:12,0
DA:19,4
DA:20,4
DA:21,4
DA:26,0
DA:27,0
DA:28,0
DA:29,0
DA:31,0
DA:32,0
DA:33,0
DA:35,0
DA:36,0
BRF:0
BRH:0
LF:15
LH:3
end_of_record
SF:/Users/mailund/Code/block-flow/crates/actor/src/controller.rs
FN:164,_RNCINvXNtNtNtCsi22PlJLZE8D_5actor10controller5tests23add_actor_indexes_by_idNtB5_9TestBlockNtNtCsexyPoogrWWh_12block_traits10block_spec9BlockSpec7executeNtNtBb_23actor_execution_context21ActorExecutionContextNtNtBb_5actor14EffectConsumerE0Bb_
FN:21,_RINvMs_NtCsi22PlJLZE8D_5actor10controllerNtB5_11ActorHandle3newINtNtB7_5actor5ActorINtNtNtCsexyPoogrWWh_12block_traits11block_weave5embed14BlockEmbeddingNtNtNtB5_5tests23add_actor_indexes_by_id9TestBlockEEEB7_
FN:21,_RINvMs_NtCsi22PlJLZE8D_5actor10controllerNtB5_11ActorHandle3newINtNtB7_5actor5ActorINtNtNtCsexyPoogrWWh_12block_traits11block_weave5embed14BlockEmbeddingNtNtNtB5_5tests30add_actor_indexes_by_contracts9TestBlockEEEB7_
FN:21,_RINvMs_NtCsi22PlJLZE8D_5actor10controllerNtB5_11ActorHandle3newINtNtB7_5actor5ActorINtNtNtCsexyPoogrWWh_12block_traits11block_weave5embed14BlockEmbeddingNtNtNtB5_5tests52remove_actor_by_id_removes_from_id_and_contract_maps9TestBlockEEEB7_
FN:80,_RNCNvMs0_NtCsi22PlJLZE8D_5actor10controllerNtB7_15ActorController36remove_actor_rc_from_contract_tables0B9_
FN:15,_RNvXNtCsi22PlJLZE8D_5actor10controllerNtB2_11ActorHandleINtNtCskzPJi2J8k3N_4core7convert4FromINtNtB4_5actor5ActorINtNtNtCsexyPoogrWWh_12block_traits11block_weave5embed14BlockEmbeddingNtNtNtB2_5tests23add_actor_indexes_by_id9TestBlockEEE4fromB4_
FN:15,_RNvXNtCsi22PlJLZE8D_5actor10controllerNtB2_11ActorHandleINtNtCskzPJi2J8k3N_4core7convert4FromINtNtB4_5actor5ActorINtNtNtCsexyPoogrWWh_12block_traits11block_weave5embed14BlockEmbeddingNtNtNtB2_5tests30add_actor_indexes_by_contracts9TestBlockEEE4fromB4_
FN:15,_RNvXNtCsi22PlJLZE8D_5actor10controllerNtB2_11ActorHandleINtNtCskzPJi2J8k3N_4core7convert4FromINtNtB4_5actor5ActorINtNtNtCsexyPoogrWWh_12block_traits11block_weave5embed14BlockEmbeddingNtNtNtB2_5tests52remove_actor_by_id_removes_from_id_and_contract_maps9TestBlockEEE4fromB4_
FN:67,_RNvMs0_NtCsi22PlJLZE8D_5actor10controllerNtB5_15ActorController15get_actor_by_id
FN:71,_RNvMs0_NtCsi22PlJLZE8D_5actor10controllerNtB5_15ActorController18remove_actor_by_id
FN:77,_RNvMs0_NtCsi22PlJLZE8D_5actor10controllerNtB5_15ActorController36remove_actor_rc_from_contract_tables
FN:49,_RNvMs0_NtCsi22PlJLZE8D_5actor10controllerNtB5_15ActorController3new
FN:57,_RNvMs0_NtCsi22PlJLZE8D_5actor10controllerNtB5_15ActorController9add_actor
FN:37,_RNvMs_NtCsi22PlJLZE8D_5actor10controllerNtB4_11ActorHandle6ptr_eq
FN:25,_RNvMs_NtCsi22PlJLZE8D_5actor10controllerNtB4_11ActorHandle8actor_id
FN:29,_RNvMs_NtCsi22PlJLZE8D_5actor10controllerNtB4_11ActorHandle9contracts
FN:230,_RNCINvXNtNtNtCsi22PlJLZE8D_5actor10controller5tests30add_actor_indexes_by_contractsNtB5_9TestBlockNtNtCsexyPoogrWWh_12block_traits10block_spec9BlockSpec7executeNtNtBb_23actor_execution_context21ActorExecutionContextNtNtBb_5actor14EffectConsumerE0Bb_
FN:246,_RNCNvNtNtNtCsi22PlJLZE8D_5actor10controller5tests30add_actor_indexes_by_contracts8mk_actor0B9_
FN:235,_RNvNtNtNtCsi22PlJLZE8D_5actor10controller5tests30add_actor_indexes_by_contracts1c
FN:239,_RNvNtNtNtCsi22PlJLZE8D_5actor10controller5tests30add_actor_indexes_by_contracts8mk_actor
FN:259,_RNvNtNtNtCsi22PlJLZE8D_5actor10controller5tests30add_actor_indexes_by_contractss_4test
FN:225,_RNvXNtNtNtCsi22PlJLZE8D_5actor10controller5tests30add_actor_indexes_by_contractsNtB2_9TestBlockNtNtCsexyPoogrWWh_12block_traits10block_spec9BlockSpec10init_state
FN:218,_RNvXNtNtNtCsi22PlJLZE8D_5actor10controller5tests30add_actor_indexes_by_contractsNtB2_9TestBlockNtNtCsexyPoogrWWh_12block_traits10block_spec9BlockSpec20new_from_init_params
FN:169,_RNvNtNtNtCsi22PlJLZE8D_5actor10controller5tests23add_actor_indexes_by_id8mk_actor
FN:185,_RNvNtNtNtCsi22PlJLZE8D_5actor10controller5tests23add_actor_indexes_by_ids_4test
FN:159,_RNvXNtNtNtCsi22PlJLZE8D_5actor10controller5tests23add_actor_indexes_by_idNtB2_9TestBlockNtNtCsexyPoogrWWh_12block_traits10block_spec9BlockSpec10init_state
FN:155,_RNvXNtNtNtCsi22PlJLZE8D_5actor10controller5tests23add_actor_indexes_by_idNtB2_9TestBlockNtNtCsexyPoogrWWh_12block_traits10block_spec9BlockSpec20new_from_init_params
FN:306,_RNCINvXNtNtNtCsi22PlJLZE8D_5actor10controller5tests52remove_actor_by_id_removes_from_id_and_contract_mapsNtB5_9TestBlockNtNtCsexyPoogrWWh_12block_traits10block_spec9BlockSpec7executeNtNtBb_23actor_execution_context21ActorExecutionContextNtNtBb_5actor14EffectConsumerE0Bb_
FN:322,_RNCNvNtNtNtCsi22PlJLZE8D_5actor10controller5tests52remove_actor_by_id_removes_from_id_and_contract_maps8mk_actor0B9_
FN:93,_RNCNCNvMs0_NtCsi22PlJLZE8D_5actor10controllerNtB9_15ActorController20remove_failed_actors00Bb_
FN:93,_RNCNvMs0_NtCsi22PlJLZE8D_5actor10controllerNtB7_15ActorController20remove_failed_actors0B9_
FN:104,_RNvMs0_NtCsi22PlJLZE8D_5actor10controllerNtB5_15ActorController10tick_delta
FN:90,_RNvMs0_NtCsi22PlJLZE8D_5actor10controllerNtB5_15ActorController20remove_failed_actors
FN:33,_RNvMs_NtCsi22PlJLZE8D_5actor10controllerNtB4_11ActorHandle7execute
FN:151,_RNvXNtNtNtCsi22PlJLZE8D_5actor10controller5tests23add_actor_indexes_by_idNtB2_9TestBlockNtNtCsexyPoogrWWh_12block_traits10block_spec9BlockSpec8block_id
FN:214,_RNvXNtNtNtCsi22PlJLZE8D_5actor10controller5tests30add_actor_indexes_by_contractsNtB2_9TestBlockNtNtCsexyPoogrWWh_12block_traits10block_spec9BlockSpec8block_id
FN:290,_RNvXNtNtNtCsi22PlJLZE8D_5actor10controller5tests52remove_actor_by_id_removes_from_id_and_contract_mapsNtB2_9TestBlockNtNtCsexyPoogrWWh_12block_traits10block_spec9BlockSpec8block_id
FN:129,_RNvXs1_NtCsi22PlJLZE8D_5actor10controllerNtB5_15ActorControllerNtNtCskzPJi2J8k3N_4core7default7Default7default
FN:200,_RNvXs4_NtNtNtCsi22PlJLZE8D_5actor10controller5tests30add_actor_indexes_by_contractsNtB5_9InputKeysNtNtCsgFl9GrjVdhr_8channels12channel_keys11ChannelKeys13channel_names
FN:276,_RNvXs4_NtNtNtCsi22PlJLZE8D_5actor10controller5tests52remove_actor_by_id_removes_from_id_and_contract_mapsNtB5_9InputKeysNtNtCsgFl9GrjVdhr_8channels12channel_keys11ChannelKeys13channel_names
FN:143,_RNvXs5_NtNtNtCsi22PlJLZE8D_5actor10controller5tests23add_actor_indexes_by_idNtB5_9InputKeysNtNtCsgFl9GrjVdhr_8channels12channel_keys11ChannelKeys13channel_names
FN:200,_RNvXse_NtNtNtCsi22PlJLZE8D_5actor10controller5tests30add_actor_indexes_by_contractsNtB5_10OutputKeysNtNtCsgFl9GrjVdhr_8channels12channel_keys11ChannelKeys13channel_names
FN:276,_RNvXse_NtNtNtCsi22PlJLZE8D_5actor10controller5tests52remove_actor_by_id_removes_from_id_and_contract_mapsNtB5_10OutputKeysNtNtCsgFl9GrjVdhr_8channels12channel_keys11ChannelKeys13channel_names
FN:143,_RNvXsf_NtNtNtCsi22PlJLZE8D_5actor10controller5tests23add_actor_indexes_by_idNtB5_10OutputKeysNtNtCsgFl9GrjVdhr_8channels12channel_keys11ChannelKeys13channel_names
FN:311,_RNvNtNtNtCsi22PlJLZE8D_5actor10controller5tests52remove_actor_by_id_removes_from_id_and_contract_maps1c
FN:315,_RNvNtNtNtCsi22PlJLZE8D_5actor10controller5tests52remove_actor_by_id_removes_from_id_and_contract_maps8mk_actor
FN:336,_RNvNtNtNtCsi22PlJLZE8D_5actor10controller5tests52remove_actor_by_id_removes_from_id_and_contract_mapss_4test
FN:301,_RNvXNtNtNtCsi22PlJLZE8D_5actor10controller5tests52remove_actor_by_id_removes_from_id_and_contract_mapsNtB2_9TestBlockNtNtCsexyPoogrWWh_12block_traits10block_spec9BlockSpec10init_state
FN:294,_RNvXNtNtNtCsi22PlJLZE8D_5actor10controller5tests52remove_actor_by_id_removes_from_id_and_contract_mapsNtB2_9TestBlockNtNtCsexyPoogrWWh_12block_traits10block_spec9BlockSpec20new_from_init_params
FNDA:0,_RNCINvXNtNtNtCsi22PlJLZE8D_5actor10controller5tests23add_actor_indexes_by_idNtB5_9TestBlockNtNtCsexyPoogrWWh_12block_traits10block_spec9BlockSpec7executeNtNtBb_23actor_execution_context21ActorExecutionContextNtNtBb_5actor14EffectConsumerE0Bb_
FNDA:2,_RINvMs_NtCsi22PlJLZE8D_5actor10controllerNtB5_11ActorHandle3newINtNtB7_5actor5ActorINtNtNtCsexyPoogrWWh_12block_traits11block_weave5embed14BlockEmbeddingNtNtNtB5_5tests23add_actor_indexes_by_id9TestBlockEEEB7_
FNDA:2,_RINvMs_NtCsi22PlJLZE8D_5actor10controllerNtB5_11ActorHandle3newINtNtB7_5actor5ActorINtNtNtCsexyPoogrWWh_12block_traits11block_weave5embed14BlockEmbeddingNtNtNtB5_5tests30add_actor_indexes_by_contracts9TestBlockEEEB7_
FNDA:2,_RINvMs_NtCsi22PlJLZE8D_5actor10controllerNtB5_11ActorHandle3newINtNtB7_5actor5ActorINtNtNtCsexyPoogrWWh_12block_traits11block_weave5embed14BlockEmbeddingNtNtNtB5_5tests52remove_actor_by_id_removes_from_id_and_contract_maps9TestBlockEEEB7_
FNDA:3,_RNCNvMs0_NtCsi22PlJLZE8D_5actor10controllerNtB7_15ActorController36remove_actor_rc_from_contract_tables0B9_
FNDA:2,_RNvXNtCsi22PlJLZE8D_5actor10controllerNtB2_11ActorHandleINtNtCskzPJi2J8k3N_4core7convert4FromINtNtB4_5actor5ActorINtNtNtCsexyPoogrWWh_12block_traits11block_weave5embed14BlockEmbeddingNtNtNtB2_5tests23add_actor_indexes_by_id9TestBlockEEE4fromB4_
FNDA:2,_RNvXNtCsi22PlJLZE8D_5actor10controllerNtB2_11ActorHandleINtNtCskzPJi2J8k3N_4core7convert4FromINtNtB4_5actor5ActorINtNtNtCsexyPoogrWWh_12block_traits11block_weave5embed14BlockEmbeddingNtNtNtB2_5tests30add_actor_indexes_by_contracts9TestBlockEEE4fromB4_
FNDA:2,_RNvXNtCsi22PlJLZE8D_5actor10controllerNtB2_11ActorHandleINtNtCskzPJi2J8k3N_4core7convert4FromINtNtB4_5actor5ActorINtNtNtCsexyPoogrWWh_12block_traits11block_weave5embed14BlockEmbeddingNtNtNtB2_5tests52remove_actor_by_id_removes_from_id_and_contract_maps9TestBlockEEE4fromB4_
FNDA:4,_RNvMs0_NtCsi22PlJLZE8D_5actor10controllerNtB5_15ActorController15get_actor_by_id
FNDA:1,_RNvMs0_NtCsi22PlJLZE8D_5actor10controllerNtB5_15ActorController18remove_actor_by_id
FNDA:1,_RNvMs0_NtCsi22PlJLZE8D_5actor10controllerNtB5_15ActorController36remove_actor_rc_from_contract_tables
FNDA:3,_RNvMs0_NtCsi22PlJLZE8D_5actor10controllerNtB5_15ActorController3new
FNDA:6,_RNvMs0_NtCsi22PlJLZE8D_5actor10controllerNtB5_15ActorController9add_actor
FNDA:3,_RNvMs_NtCsi22PlJLZE8D_5actor10controllerNtB4_11ActorHandle6ptr_eq
FNDA:9,_RNvMs_NtCsi22PlJLZE8D_5actor10controllerNtB4_11ActorHandle8actor_id
FNDA:7,_RNvMs_NtCsi22PlJLZE8D_5actor10controllerNtB4_11ActorHandle9contracts
FNDA:0,_RNCINvXNtNtNtCsi22PlJLZE8D_5actor10controller5tests30add_actor_indexes_by_contractsNtB5_9TestBlockNtNtCsexyPoogrWWh_12block_traits10block_spec9BlockSpec7executeNtNtBb_23actor_execution_context21ActorExecutionContextNtNtBb_5actor14EffectConsumerE0Bb_
FNDA:4,_RNCNvNtNtNtCsi22PlJLZE8D_5actor10controller5tests30add_actor_indexes_by_contracts8mk_actor0B9_
FNDA:8,_RNvNtNtNtCsi22PlJLZE8D_5actor10controller5tests30add_actor_indexes_by_contracts1c
FNDA:2,_RNvNtNtNtCsi22PlJLZE8D_5actor10controller5tests30add_actor_indexes_by_contracts8mk_actor
FNDA:1,_RNvNtNtNtCsi22PlJLZE8D_5actor10controller5tests30add_actor_indexes_by_contractss_4test
FNDA:2,_RNvXNtNtNtCsi22PlJLZE8D_5actor10controller5tests30add_actor_indexes_by_contractsNtB2_9TestBlockNtNtCsexyPoogrWWh_12block_traits10block_spec9BlockSpec10init_state
FNDA:4,_RNvXNtNtNtCsi22PlJLZE8D_5actor10controller5tests30add_actor_indexes_by_contractsNtB2_9TestBlockNtNtCsexyPoogrWWh_12block_traits10block_spec9BlockSpec20new_from_init_params
FNDA:2,_RNvNtNtNtCsi22PlJLZE8D_5actor10controller5tests23add_actor_indexes_by_id8mk_actor
FNDA:1,_RNvNtNtNtCsi22PlJLZE8D_5actor10controller5tests23add_actor_indexes_by_ids_4test
FNDA:2,_RNvXNtNtNtCsi22PlJLZE8D_5actor10controller5tests23add_actor_indexes_by_idNtB2_9TestBlockNtNtCsexyPoogrWWh_12block_traits10block_spec9BlockSpec10init_state
FNDA:2,_RNvXNtNtNtCsi22PlJLZE8D_5actor10controller5tests23add_actor_indexes_by_idNtB2_9TestBlockNtNtCsexyPoogrWWh_12block_traits10block_spec9BlockSpec20new_from_init_params
FNDA:0,_RNCINvXNtNtNtCsi22PlJLZE8D_5actor10controller5tests52remove_actor_by_id_removes_from_id_and_contract_mapsNtB5_9TestBlockNtNtCsexyPoogrWWh_12block_traits10block_spec9BlockSpec7executeNtNtBb_23actor_execution_context21ActorExecutionContextNtNtBb_5actor14EffectConsumerE0Bb_
FNDA:3,_RNCNvNtNtNtCsi22PlJLZE8D_5actor10controller5tests52remove_actor_by_id_removes_from_id_and_contract_maps8mk_actor0B9_
FNDA:0,_RNCNCNvMs0_NtCsi22PlJLZE8D_5actor10controllerNtB9_15ActorController20remove_failed_actors00Bb_
FNDA:0,_RNCNvMs0_NtCsi22PlJLZE8D_5actor10controllerNtB7_15ActorController20remove_failed_actors0B9_
FNDA:0,_RNvMs0_NtCsi22PlJLZE8D_5actor10controllerNtB5_15ActorController10tick_delta
FNDA:0,_RNvMs0_NtCsi22PlJLZE8D_5actor10controllerNtB5_15ActorController20remove_failed_actors
FNDA:0,_RNvMs_NtCsi22PlJLZE8D_5actor10controllerNtB4_11ActorHandle7execute
FNDA:0,_RNvXNtNtNtCsi22PlJLZE8D_5actor10controller5tests23add_actor_indexes_by_idNtB2_9TestBlockNtNtCsexyPoogrWWh_12block_traits10block_spec9BlockSpec8block_id
FNDA:0,_RNvXNtNtNtCsi22PlJLZE8D_5actor10controller5tests30add_actor_indexes_by_contractsNtB2_9TestBlockNtNtCsexyPoogrWWh_12block_traits10block_spec9BlockSpec8block_id
FNDA:0,_RNvXNtNtNtCsi22PlJLZE8D_5actor10controller5tests52remove_actor_by_id_removes_from_id_and_contract_mapsNtB2_9TestBlockNtNtCsexyPoogrWWh_12block_traits10block_spec9BlockSpec8block_id
FNDA:0,_RNvXs1_NtCsi22PlJLZE8D_5actor10controllerNtB5_15ActorControllerNtNtCskzPJi2J8k3N_4core7default7Default7default
FNDA:0,_RNvXs4_NtNtNtCsi22PlJLZE8D_5actor10controller5tests30add_actor_indexes_by_contractsNtB5_9InputKeysNtNtCsgFl9GrjVdhr_8channels12channel_keys11ChannelKeys13channel_names
FNDA:0,_RNvXs4_NtNtNtCsi22PlJLZE8D_5actor10controller5tests52remove_actor_by_id_removes_from_id_and_contract_mapsNtB5_9InputKeysNtNtCsgFl9GrjVdhr_8channels12channel_keys11ChannelKeys13channel_names
FNDA:0,_RNvXs5_NtNtNtCsi22PlJLZE8D_5actor10controller5tests23add_actor_indexes_by_idNtB5_9InputKeysNtNtCsgFl9GrjVdhr_8channels12channel_keys11ChannelKeys13channel_names
FNDA:0,_RNvXse_NtNtNtCsi22PlJLZE8D_5actor10controller5tests30add_actor_indexes_by_contractsNtB5_10OutputKeysNtNtCsgFl9GrjVdhr_8channels12channel_keys11ChannelKeys13channel_names
FNDA:0,_RNvXse_NtNtNtCsi22PlJLZE8D_5actor10controller5tests52remove_actor_by_id_removes_from_id_and_contract_mapsNtB5_10OutputKeysNtNtCsgFl9GrjVdhr_8channels12channel_keys11ChannelKeys13channel_names
FNDA:0,_RNvXsf_NtNtNtCsi22PlJLZE8D_5actor10controller5tests23add_actor_indexes_by_idNtB5_10OutputKeysNtNtCsgFl9GrjVdhr_8channels12channel_keys11ChannelKeys13channel_names
FNDA:6,_RNvNtNtNtCsi22PlJLZE8D_5actor10controller5tests52remove_actor_by_id_removes_from_id_and_contract_maps1c
FNDA:2,_RNvNtNtNtCsi22PlJLZE8D_5actor10controller5tests52remove_actor_by_id_removes_from_id_and_contract_maps8mk_actor
FNDA:1,_RNvNtNtNtCsi22PlJLZE8D_5actor10controller5tests52remove_actor_by_id_removes_from_id_and_contract_mapss_4test
FNDA:2,_RNvXNtNtNtCsi22PlJLZE8D_5actor10controller5tests52remove_actor_by_id_removes_from_id_and_contract_mapsNtB2_9TestBlockNtNtCsexyPoogrWWh_12block_traits10block_spec9BlockSpec10init_state
FNDA:4,_RNvXNtNtNtCsi22PlJLZE8D_5actor10controller5tests52remove_actor_by_id_removes_from_id_and_contract_mapsNtB2_9TestBlockNtNtCsexyPoogrWWh_12block_traits10block_spec9BlockSpec20new_from_init_params
FNF:42
FNH:27
DA:15,6
DA:16,6
DA:17,6
DA:21,6
DA:22,6
DA:23,6
DA:25,9
DA:26,9
DA:27,9
DA:29,7
DA:30,7
DA:31,7
DA:33,0
DA:34,0
DA:35,0
DA:37,3
DA:38,3
DA:39,3
DA:49,3
DA:50,3
DA:51,3
DA:52,3
DA:53,3
DA:54,3
DA:55,3
DA:57,6
DA:58,6
DA:59,7
DA:60,7
DA:61,7
DA:62,7
DA:63,7
DA:64,7
DA:65,6
DA:67,4
DA:68,4
DA:69,4
DA:71,1
DA:72,1
DA:73,1
DA:74,1
DA:75,1
DA:77,1
DA:78,2
DA:79,2
DA:80,3
DA:81,2
DA:82,1
DA:83,1
DA:84,0
DA:86,1
DA:90,0
DA:92,0
DA:93,0
DA:94,0
DA:95,0
DA:96,0
DA:97,0
DA:99,0
DA:100,0
DA:101,0
DA:102,0
DA:104,0
DA:105,0
DA:108,0
DA:109,0
DA:110,0
DA:112,0
DA:113,0
DA:114,0
DA:115,0
DA:117,0
DA:119,0
DA:120,0
DA:121,0
DA:124,0
DA:125,0
DA:129,0
DA:130,0
DA:131,0
DA:143,0
DA:151,0
DA:152,0
DA:153,0
DA:155,2
DA:156,2
DA:157,2
DA:159,2
DA:160,2
DA:161,2
DA:164,0
DA:165,0
DA:169,2
DA:172,2
DA:173,2
DA:174,2
DA:176,2
DA:177,2
DA:178,2
DA:179,2
DA:181,2
DA:182,2
DA:185,1
DA:186,1
DA:187,1
DA:188,1
DA:190,1
DA:191,1
DA:192,1
DA:200,0
DA:214,0
DA:215,0
DA:216,0
DA:218,4
DA:219,4
DA:220,4
DA:221,4
DA:222,4
DA:223,4
DA:225,2
DA:226,2
DA:227,2
DA:230,0
DA:231,0
DA:235,8
DA:236,8
DA:237,8
DA:239,2
DA:242,2
DA:243,2
DA:244,2
DA:245,2
DA:246,4
DA:248,2
DA:249,2
DA:251,2
DA:252,2
DA:253,2
DA:255,2
DA:256,2
DA:259,1
DA:260,1
DA:261,1
DA:262,1
DA:264,1
DA:265,1
DA:266,1
DA:267,1
DA:268,1
DA:276,0
DA:290,0
DA:291,0
DA:292,0
DA:294,4
DA:295,4
DA:296,4
DA:297,4
DA:298,4
DA:299,4
DA:301,2
DA:302,2
DA:303,2
DA:306,0
DA:307,0
DA:311,6
DA:312,6
DA:313,6
DA:315,2
DA:318,2
DA:319,2
DA:320,2
DA:321,2
DA:322,3
DA:324,2
DA:325,2
DA:327,2
DA:328,2
DA:329,2
DA:330,2
DA:332,2
DA:333,2
DA:336,1
DA:337,1
DA:338,1
DA:339,1
DA:341,1
DA:343,1
DA:344,1
DA:346,1
DA:347,1
DA:348,1
DA:349,1
DA:352,1
BRF:0
BRH:0
LF:198
LH:145
end_of_record
SF:/Users/mailund/Code/block-flow/crates/block-macros/src/block.rs
FN:87,_RNCNCNCNvNtCsdLvHDPBmXbt_12block_macros5block10block_impls3_000B9_
FN:84,_RNCNCNvNtCsdLvHDPBmXbt_12block_macros5block10block_impls3_00B7_
FN:65,_RNCNvNtCsdLvHDPBmXbt_12block_macros5block10block_impl0B5_
FN:67,_RNCNvNtCsdLvHDPBmXbt_12block_macros5block10block_impls0_0B5_
FN:68,_RNCNvNtCsdLvHDPBmXbt_12block_macros5block10block_impls1_0B5_
FN:70,_RNCNvNtCsdLvHDPBmXbt_12block_macros5block10block_impls2_0B5_
FN:75,_RNCNvNtCsdLvHDPBmXbt_12block_macros5block10block_impls3_0B5_
FN:66,_RNCNvNtCsdLvHDPBmXbt_12block_macros5block10block_impls_0B5_
FN:5,_RNvNtCsdLvHDPBmXbt_12block_macros5block10block_impl
FN:5,_RNvNtCsgnFBjCxA3ek_12block_macros5block10block_impl
FN:87,_RNCNCNCNvNtCsgnFBjCxA3ek_12block_macros5block10block_impls3_000B9_
FN:84,_RNCNCNvNtCsgnFBjCxA3ek_12block_macros5block10block_impls3_00B7_
FN:65,_RNCNvNtCsgnFBjCxA3ek_12block_macros5block10block_impl0B5_
FN:67,_RNCNvNtCsgnFBjCxA3ek_12block_macros5block10block_impls0_0B5_
FN:68,_RNCNvNtCsgnFBjCxA3ek_12block_macros5block10block_impls1_0B5_
FN:70,_RNCNvNtCsgnFBjCxA3ek_12block_macros5block10block_impls2_0B5_
FN:75,_RNCNvNtCsgnFBjCxA3ek_12block_macros5block10block_impls3_0B5_
FN:66,_RNCNvNtCsgnFBjCxA3ek_12block_macros5block10block_impls_0B5_
FNDA:0,_RNCNCNCNvNtCsdLvHDPBmXbt_12block_macros5block10block_impls3_000B9_
FNDA:0,_RNCNCNvNtCsdLvHDPBmXbt_12block_macros5block10block_impls3_00B7_
FNDA:0,_RNCNvNtCsdLvHDPBmXbt_12block_macros5block10block_impl0B5_
FNDA:0,_RNCNvNtCsdLvHDPBmXbt_12block_macros5block10block_impls0_0B5_
FNDA:0,_RNCNvNtCsdLvHDPBmXbt_12block_macros5block10block_impls1_0B5_
FNDA:0,_RNCNvNtCsdLvHDPBmXbt_12block_macros5block10block_impls2_0B5_
FNDA:0,_RNCNvNtCsdLvHDPBmXbt_12block_macros5block10block_impls3_0B5_
FNDA:0,_RNCNvNtCsdLvHDPBmXbt_12block_macros5block10block_impls_0B5_
FNDA:0,_RNvNtCsdLvHDPBmXbt_12block_macros5block10block_impl
FNDA:61,_RNvNtCsgnFBjCxA3ek_12block_macros5block10block_impl
FNDA:0,_RNCNCNCNvNtCsgnFBjCxA3ek_12block_macros5block10block_impls3_000B9_
FNDA:0,_RNCNCNvNtCsgnFBjCxA3ek_12block_macros5block10block_impls3_00B7_
FNDA:61,_RNCNvNtCsgnFBjCxA3ek_12block_macros5block10block_impl0B5_
FNDA:61,_RNCNvNtCsgnFBjCxA3ek_12block_macros5block10block_impls0_0B5_
FNDA:61,_RNCNvNtCsgnFBjCxA3ek_12block_macros5block10block_impls1_0B5_
FNDA:54,_RNCNvNtCsgnFBjCxA3ek_12block_macros5block10block_impls2_0B5_
FNDA:48,_RNCNvNtCsgnFBjCxA3ek_12block_macros5block10block_impls3_0B5_
FNDA:61,_RNCNvNtCsgnFBjCxA3ek_12block_macros5block10block_impls_0B5_
FNF:9
FNH:7
DA:5,61
DA:6,61
DA:7,61
DA:9,61
DA:10,61
DA:11,61
DA:12,61
DA:13,61
DA:15,61
DA:17,61
DA:18,7
DA:19,7
DA:21,17
DA:22,10
DA:23,0
DA:25,10
DA:26,0
DA:28,10
DA:30,10
DA:31,3
DA:32,0
DA:33,0
DA:34,0
DA:35,0
DA:36,0
DA:37,0
DA:38,0
DA:39,0
DA:40,0
DA:43,3
DA:44,3
DA:45,3
DA:46,3
DA:48,0
DA:50,7
DA:51,7
DA:52,7
DA:53,7
DA:54,7
DA:55,7
DA:56,0
DA:58,0
DA:61,54
DA:63,61
DA:65,61
DA:66,61
DA:67,61
DA:68,61
DA:69,61
DA:70,61
DA:72,61
DA:74,61
DA:75,60
DA:76,48
DA:77,48
DA:78,0
DA:79,0
DA:80,0
DA:81,0
DA:82,0
DA:84,0
DA:85,0
DA:86,0
DA:87,0
DA:88,0
DA:89,0
DA:90,48
DA:92,60
DA:93,60
DA:94,60
DA:95,60
DA:96,60
DA:97,1
DA:98,1
DA:99,1
DA:101,61
DA:102,1
DA:110,60
DA:113,61
DA:128,61
DA:129,61
BRF:0
BRH:0
LF:89
LH:62
end_of_record
SF:/Users/mailund/Code/block-flow/crates/block-macros/src/contract_deps.rs
FN:107,_RNCNvNtCsdLvHDPBmXbt_12block_macros13contract_deps16is_contract_path0B5_
FN:19,_RNCNvNtCsdLvHDPBmXbt_12block_macros13contract_deps18contract_deps_impl0B5_
FN:57,_RNvNtCsdLvHDPBmXbt_12block_macros13contract_deps12emit_collect
FN:106,_RNvNtCsdLvHDPBmXbt_12block_macros13contract_deps16is_contract_path
FN:6,_RNvNtCsdLvHDPBmXbt_12block_macros13contract_deps18contract_deps_impl
FN:110,_RNvNtCsdLvHDPBmXbt_12block_macros13contract_deps19single_generic_type
FN:107,_RNCNvNtCsgnFBjCxA3ek_12block_macros13contract_deps16is_contract_path0B5_
FN:19,_RNCNvNtCsgnFBjCxA3ek_12block_macros13contract_deps18contract_deps_impl0B5_
FN:57,_RNvNtCsgnFBjCxA3ek_12block_macros13contract_deps12emit_collect
FN:106,_RNvNtCsgnFBjCxA3ek_12block_macros13contract_deps16is_contract_path
FN:6,_RNvNtCsgnFBjCxA3ek_12block_macros13contract_deps18contract_deps_impl
FN:110,_RNvNtCsgnFBjCxA3ek_12block_macros13contract_deps19single_generic_type
FNDA:0,_RNCNvNtCsdLvHDPBmXbt_12block_macros13contract_deps16is_contract_path0B5_
FNDA:0,_RNCNvNtCsdLvHDPBmXbt_12block_macros13contract_deps18contract_deps_impl0B5_
FNDA:0,_RNvNtCsdLvHDPBmXbt_12block_macros13contract_deps12emit_collect
FNDA:0,_RNvNtCsdLvHDPBmXbt_12block_macros13contract_deps16is_contract_path
FNDA:0,_RNvNtCsdLvHDPBmXbt_12block_macros13contract_deps18contract_deps_impl
FNDA:0,_RNvNtCsdLvHDPBmXbt_12block_macros13contract_deps19single_generic_type
FNDA:76,_RNCNvNtCsgnFBjCxA3ek_12block_macros13contract_deps16is_contract_path0B5_
FNDA:8,_RNCNvNtCsgnFBjCxA3ek_12block_macros13contract_deps18contract_deps_impl0B5_
FNDA:76,_RNvNtCsgnFBjCxA3ek_12block_macros13contract_deps12emit_collect
FNDA:76,_RNvNtCsgnFBjCxA3ek_12block_macros13contract_deps16is_contract_path
FNDA:123,_RNvNtCsgnFBjCxA3ek_12block_macros13contract_deps18contract_deps_impl
FNDA:12,_RNvNtCsgnFBjCxA3ek_12block_macros13contract_deps19single_generic_type
FNF:6
FNH:6
DA:6,123
DA:7,123
DA:8,123
DA:9,123
DA:10,123
DA:12,123
DA:13,123
DA:14,23
DA:15,23
DA:16,95
DA:17,72
DA:18,72
DA:19,72
DA:21,8
DA:22,64
DA:23,64
DA:24,64
DA:25,0
DA:27,64
DA:28,64
DA:30,23
DA:32,100
DA:35,0
DA:36,0
DA:37,0
DA:38,0
DA:39,0
DA:40,0
DA:44,123
DA:54,123
DA:55,123
DA:57,76
DA:58,76
DA:59,76
DA:60,76
DA:61,76
DA:62,76
DA:63,0
DA:66,76
DA:67,20
DA:70,56
DA:72,56
DA:73,4
DA:74,4
DA:75,0
DA:77,4
DA:78,4
DA:79,4
DA:84,52
DA:86,52
DA:87,8
DA:88,8
DA:89,0
DA:91,8
DA:92,8
DA:93,8
DA:98,44
DA:100,44
DA:102,0
DA:104,76
DA:106,76
DA:107,76
DA:108,76
DA:110,12
DA:111,12
DA:112,12
DA:113,12
DA:114,12
DA:115,0
DA:117,0
DA:119,12
BRF:0
BRH:0
LF:73
LH:60
end_of_record
SF:/Users/mailund/Code/block-flow/crates/block-macros/src/execute.rs
FN:14,_RNCNvNtCsdLvHDPBmXbt_12block_macros7execute12execute_impl0B5_
FN:59,_RNCNvNtCsdLvHDPBmXbt_12block_macros7execute12execute_impls0_0B5_
FN:62,_RNCNvNtCsdLvHDPBmXbt_12block_macros7execute12execute_impls2_0B5_
FN:65,_RNCNvNtCsdLvHDPBmXbt_12block_macros7execute12execute_impls4_0B5_
FN:66,_RNCNvNtCsdLvHDPBmXbt_12block_macros7execute12execute_impls6_0B5_
FN:291,_RNCNvNtCsdLvHDPBmXbt_12block_macros7execute15is_last_segment0B5_
FN:277,_RNvNtCsdLvHDPBmXbt_12block_macros7execute10is_intents
FN:8,_RNvNtCsdLvHDPBmXbt_12block_macros7execute12execute_impl
FN:281,_RNvNtCsdLvHDPBmXbt_12block_macros7execute12is_unit_type
FN:265,_RNvNtCsdLvHDPBmXbt_12block_macros7execute14is_input_value
FN:273,_RNvNtCsdLvHDPBmXbt_12block_macros7execute14is_state_value
FN:285,_RNvNtCsdLvHDPBmXbt_12block_macros7execute15is_last_segment
FN:254,_RNvNtCsdLvHDPBmXbt_12block_macros7execute15is_ref_to_state
FN:297,_RNvNtCsdLvHDPBmXbt_12block_macros7execute17option_inner_type
FN:258,_RNvNtCsdLvHDPBmXbt_12block_macros7execute22is_ref_to_single_ident
FN:242,_RNvNtCsdLvHDPBmXbt_12block_macros7execute35is_ref_to_exec_ctx_trait_or_generic
FN:248,_RNvNtCsdLvHDPBmXbt_12block_macros7execute46is_mut_ref_to_effect_consumer_trait_or_generic
FN:269,_RNvNtCsdLvHDPBmXbt_12block_macros7execute9is_output
FN:96,_RNvNvNtCsdLvHDPBmXbt_12block_macros7execute12execute_impl16adapt_value_expr
FN:14,_RNCNvNtCsgnFBjCxA3ek_12block_macros7execute12execute_impl0B5_
FN:59,_RNCNvNtCsgnFBjCxA3ek_12block_macros7execute12execute_impls0_0B5_
FN:62,_RNCNvNtCsgnFBjCxA3ek_12block_macros7execute12execute_impls2_0B5_
FN:65,_RNCNvNtCsgnFBjCxA3ek_12block_macros7execute12execute_impls4_0B5_
FN:66,_RNCNvNtCsgnFBjCxA3ek_12block_macros7execute12execute_impls6_0B5_
FN:291,_RNCNvNtCsgnFBjCxA3ek_12block_macros7execute15is_last_segment0B5_
FN:277,_RNvNtCsgnFBjCxA3ek_12block_macros7execute10is_intents
FN:8,_RNvNtCsgnFBjCxA3ek_12block_macros7execute12execute_impl
FN:281,_RNvNtCsgnFBjCxA3ek_12block_macros7execute12is_unit_type
FN:265,_RNvNtCsgnFBjCxA3ek_12block_macros7execute14is_input_value
FN:273,_RNvNtCsgnFBjCxA3ek_12block_macros7execute14is_state_value
FN:285,_RNvNtCsgnFBjCxA3ek_12block_macros7execute15is_last_segment
FN:254,_RNvNtCsgnFBjCxA3ek_12block_macros7execute15is_ref_to_state
FN:297,_RNvNtCsgnFBjCxA3ek_12block_macros7execute17option_inner_type
FN:258,_RNvNtCsgnFBjCxA3ek_12block_macros7execute22is_ref_to_single_ident
FN:242,_RNvNtCsgnFBjCxA3ek_12block_macros7execute35is_ref_to_exec_ctx_trait_or_generic
FN:248,_RNvNtCsgnFBjCxA3ek_12block_macros7execute46is_mut_ref_to_effect_consumer_trait_or_generic
FN:269,_RNvNtCsgnFBjCxA3ek_12block_macros7execute9is_output
FN:96,_RNvNvNtCsgnFBjCxA3ek_12block_macros7execute12execute_impl16adapt_value_expr
FNDA:0,_RNCNvNtCsdLvHDPBmXbt_12block_macros7execute12execute_impl0B5_
FNDA:0,_RNCNvNtCsdLvHDPBmXbt_12block_macros7execute12execute_impls0_0B5_
FNDA:0,_RNCNvNtCsdLvHDPBmXbt_12block_macros7execute12execute_impls2_0B5_
FNDA:0,_RNCNvNtCsdLvHDPBmXbt_12block_macros7execute12execute_impls4_0B5_
FNDA:0,_RNCNvNtCsdLvHDPBmXbt_12block_macros7execute12execute_impls6_0B5_
FNDA:0,_RNCNvNtCsdLvHDPBmXbt_12block_macros7execute15is_last_segment0B5_
FNDA:0,_RNvNtCsdLvHDPBmXbt_12block_macros7execute10is_intents
FNDA:0,_RNvNtCsdLvHDPBmXbt_12block_macros7execute12execute_impl
FNDA:0,_RNvNtCsdLvHDPBmXbt_12block_macros7execute12is_unit_type
FNDA:0,_RNvNtCsdLvHDPBmXbt_12block_macros7execute14is_input_value
FNDA:0,_RNvNtCsdLvHDPBmXbt_12block_macros7execute14is_state_value
FNDA:0,_RNvNtCsdLvHDPBmXbt_12block_macros7execute15is_last_segment
FNDA:0,_RNvNtCsdLvHDPBmXbt_12block_macros7execute15is_ref_to_state
FNDA:0,_RNvNtCsdLvHDPBmXbt_12block_macros7execute17option_inner_type
FNDA:0,_RNvNtCsdLvHDPBmXbt_12block_macros7execute22is_ref_to_single_ident
FNDA:0,_RNvNtCsdLvHDPBmXbt_12block_macros7execute35is_ref_to_exec_ctx_trait_or_generic
FNDA:0,_RNvNtCsdLvHDPBmXbt_12block_macros7execute46is_mut_ref_to_effect_consumer_trait_or_generic
FNDA:0,_RNvNtCsdLvHDPBmXbt_12block_macros7execute9is_output
FNDA:0,_RNvNvNtCsdLvHDPBmXbt_12block_macros7execute12execute_impl16adapt_value_expr
FNDA:61,_RNCNvNtCsgnFBjCxA3ek_12block_macros7execute12execute_impl0B5_
FNDA:33,_RNCNvNtCsgnFBjCxA3ek_12block_macros7execute12execute_impls0_0B5_
FNDA:36,_RNCNvNtCsgnFBjCxA3ek_12block_macros7execute12execute_impls2_0B5_
FNDA:58,_RNCNvNtCsgnFBjCxA3ek_12block_macros7execute12execute_impls4_0B5_
FNDA:59,_RNCNvNtCsgnFBjCxA3ek_12block_macros7execute12execute_impls6_0B5_
FNDA:175,_RNCNvNtCsgnFBjCxA3ek_12block_macros7execute15is_last_segment0B5_
FNDA:47,_RNvNtCsgnFBjCxA3ek_12block_macros7execute10is_intents
FNDA:61,_RNvNtCsgnFBjCxA3ek_12block_macros7execute12execute_impl
FNDA:102,_RNvNtCsgnFBjCxA3ek_12block_macros7execute12is_unit_type
FNDA:26,_RNvNtCsgnFBjCxA3ek_12block_macros7execute14is_input_value
FNDA:57,_RNvNtCsgnFBjCxA3ek_12block_macros7execute14is_state_value
FNDA:239,_RNvNtCsgnFBjCxA3ek_12block_macros7execute15is_last_segment
FNDA:3,_RNvNtCsgnFBjCxA3ek_12block_macros7execute15is_ref_to_state
FNDA:47,_RNvNtCsgnFBjCxA3ek_12block_macros7execute17option_inner_type
FNDA:30,_RNvNtCsgnFBjCxA3ek_12block_macros7execute22is_ref_to_single_ident
FNDA:47,_RNvNtCsgnFBjCxA3ek_12block_macros7execute35is_ref_to_exec_ctx_trait_or_generic
FNDA:58,_RNvNtCsgnFBjCxA3ek_12block_macros7execute46is_mut_ref_to_effect_consumer_trait_or_generic
FNDA:76,_RNvNtCsgnFBjCxA3ek_12block_macros7execute9is_output
FNDA:47,_RNvNvNtCsgnFBjCxA3ek_12block_macros7execute12execute_impl16adapt_value_expr
FNF:19
FNH:19
DA:8,61
DA:9,61
DA:11,61
DA:12,61
DA:14,61
DA:15,61
DA:16,0
DA:17,61
DA:18,61
DA:19,0
DA:20,0
DA:21,0
DA:22,0
DA:23,0
DA:24,0
DA:27,61
DA:28,61
DA:29,61
DA:30,61
DA:32,119
DA:33,119
DA:34,58
DA:35,2
DA:36,2
DA:37,56
DA:38,56
DA:39,28
DA:40,28
DA:41,28
DA:42,28
DA:43,25
DA:44,25
DA:45,3
DA:46,3
DA:47,3
DA:48,3
DA:49,0
DA:50,0
DA:51,0
DA:52,0
DA:53,0
DA:54,0
DA:55,0
DA:56,61
DA:59,61
DA:60,61
DA:61,61
DA:62,61
DA:63,61
DA:64,61
DA:65,61
DA:66,61
DA:68,61
DA:72,61
DA:73,61
DA:74,61
DA:75,61
DA:76,61
DA:79,61
DA:82,61
DA:83,61
DA:86,61
DA:94,61
DA:96,47
DA:97,47
DA:98,47
DA:99,47
DA:100,47
DA:102,47
DA:103,0
DA:104,0
DA:105,0
DA:106,0
DA:107,0
DA:108,0
DA:109,47
DA:111,47
DA:112,11
DA:113,11
DA:114,11
DA:115,11
DA:116,11
DA:117,11
DA:118,36
DA:119,4
DA:120,4
DA:121,4
DA:122,4
DA:123,4
DA:124,4
DA:125,32
DA:126,11
DA:127,11
DA:128,11
DA:129,11
DA:130,11
DA:131,11
DA:132,21
DA:133,21
DA:135,21
DA:136,6
DA:137,6
DA:138,6
DA:139,6
DA:140,6
DA:141,6
DA:142,6
DA:143,6
DA:144,6
DA:145,15
DA:146,4
DA:147,4
DA:148,4
DA:149,4
DA:150,4
DA:151,4
DA:152,4
DA:153,4
DA:154,4
DA:155,11
DA:156,4
DA:157,4
DA:158,4
DA:159,4
DA:160,4
DA:161,4
DA:162,4
DA:163,4
DA:164,4
DA:165,7
DA:166,7
DA:167,7
DA:168,7
DA:170,7
DA:171,7
DA:172,7
DA:173,7
DA:174,7
DA:175,7
DA:176,7
DA:177,7
DA:178,7
DA:179,7
DA:181,0
DA:182,0
DA:183,0
DA:184,0
DA:187,0
DA:188,0
DA:189,0
DA:190,0
DA:192,47
DA:194,61
DA:195,14
DA:199,47
DA:200,47
DA:202,47
DA:203,0
DA:207,47
DA:208,8
DA:209,0
DA:216,8
DA:217,8
DA:223,0
DA:227,39
DA:228,39
DA:231,0
DA:237,61
DA:239,61
DA:240,61
DA:242,47
DA:243,28
DA:244,28
DA:245,28
DA:246,47
DA:248,58
DA:249,33
DA:250,33
DA:251,2
DA:252,58
DA:254,3
DA:255,3
DA:256,3
DA:258,30
DA:259,30
DA:260,0
DA:262,30
DA:263,30
DA:265,26
DA:266,26
DA:267,26
DA:269,76
DA:270,76
DA:271,76
DA:273,57
DA:274,57
DA:275,57
DA:277,47
DA:278,47
DA:279,47
DA:281,102
DA:282,42
DA:283,102
DA:285,239
DA:286,239
DA:287,175
DA:288,175
DA:289,175
DA:290,175
DA:291,175
DA:292,175
DA:293,64
DA:295,239
DA:297,47
DA:298,30
DA:299,17
DA:301,30
DA:302,30
DA:303,22
DA:304,8
DA:305,8
DA:307,0
DA:309,8
DA:310,0
DA:311,8
DA:312,8
DA:313,8
DA:314,0
DA:316,47
BRF:0
BRH:0
LF:235
LH:199
end_of_record
SF:/Users/mailund/Code/block-flow/crates/block-macros/src/input.rs
FN:73,_RNCNvNtCsdLvHDPBmXbt_12block_macros5input10input_impl0B5_
FN:80,_RNCNvNtCsdLvHDPBmXbt_12block_macros5input10input_impls0_0B5_
FN:86,_RNCNvNtCsdLvHDPBmXbt_12block_macros5input10input_impls1_0B5_
FN:92,_RNCNvNtCsdLvHDPBmXbt_12block_macros5input10input_impls2_0B5_
FN:75,_RNCNvNtCsdLvHDPBmXbt_12block_macros5input10input_impls_0B5_
FN:5,_RNvNtCsdLvHDPBmXbt_12block_macros5input10input_impl
FN:73,_RNCNvNtCsgnFBjCxA3ek_12block_macros5input10input_impl0B5_
FN:80,_RNCNvNtCsgnFBjCxA3ek_12block_macros5input10input_impls0_0B5_
FN:86,_RNCNvNtCsgnFBjCxA3ek_12block_macros5input10input_impls1_0B5_
FN:92,_RNCNvNtCsgnFBjCxA3ek_12block_macros5input10input_impls2_0B5_
FN:75,_RNCNvNtCsgnFBjCxA3ek_12block_macros5input10input_impls_0B5_
FN:5,_RNvNtCsgnFBjCxA3ek_12block_macros5input10input_impl
FNDA:0,_RNCNvNtCsdLvHDPBmXbt_12block_macros5input10input_impl0B5_
FNDA:0,_RNCNvNtCsdLvHDPBmXbt_12block_macros5input10input_impls0_0B5_
FNDA:0,_RNCNvNtCsdLvHDPBmXbt_12block_macros5input10input_impls1_0B5_
FNDA:0,_RNCNvNtCsdLvHDPBmXbt_12block_macros5input10input_impls2_0B5_
FNDA:0,_RNCNvNtCsdLvHDPBmXbt_12block_macros5input10input_impls_0B5_
FNDA:0,_RNvNtCsdLvHDPBmXbt_12block_macros5input10input_impl
FNDA:8,_RNCNvNtCsgnFBjCxA3ek_12block_macros5input10input_impl0B5_
FNDA:8,_RNCNvNtCsgnFBjCxA3ek_12block_macros5input10input_impls0_0B5_
FNDA:8,_RNCNvNtCsgnFBjCxA3ek_12block_macros5input10input_impls1_0B5_
FNDA:8,_RNCNvNtCsgnFBjCxA3ek_12block_macros5input10input_impls2_0B5_
FNDA:8,_RNCNvNtCsgnFBjCxA3ek_12block_macros5input10input_impls_0B5_
FNDA:61,_RNvNtCsgnFBjCxA3ek_12block_macros5input10input_impl
FNF:6
FNH:6
DA:5,61
DA:6,61
DA:7,61
DA:9,61
DA:10,61
DA:11,61
DA:13,61
DA:14,61
DA:15,61
DA:18,61
DA:19,61
DA:20,8
DA:21,53
DA:22,0
DA:24,0
DA:28,61
DA:29,53
DA:68,53
DA:69,8
DA:72,8
DA:73,8
DA:75,8
DA:76,8
DA:77,8
DA:78,8
DA:80,8
DA:81,8
DA:82,8
DA:83,8
DA:84,8
DA:86,8
DA:87,8
DA:88,8
DA:89,8
DA:90,8
DA:92,8
DA:93,8
DA:94,8
DA:95,8
DA:97,8
DA:143,8
DA:144,61
BRF:0
BRH:0
LF:47
LH:45
end_of_record
SF:/Users/mailund/Code/block-flow/crates/block-macros/src/lib.rs
FN:45,_RNvCsdLvHDPBmXbt_12block_macros11init_params
FN:57,_RNvCsdLvHDPBmXbt_12block_macros13make_defaults
FN:40,_RNvCsdLvHDPBmXbt_12block_macros20contract_deps_derive
FN:31,_RNvCsdLvHDPBmXbt_12block_macros5block
FN:11,_RNvCsdLvHDPBmXbt_12block_macros5input
FN:21,_RNvCsdLvHDPBmXbt_12block_macros5state
FN:16,_RNvCsdLvHDPBmXbt_12block_macros6output
FN:65,_RNvCsdLvHDPBmXbt_12block_macros7execute
FN:45,_RNvCsgnFBjCxA3ek_12block_macros11init_params
FN:57,_RNvCsgnFBjCxA3ek_12block_macros13make_defaults
FN:40,_RNvCsgnFBjCxA3ek_12block_macros20contract_deps_derive
FN:31,_RNvCsgnFBjCxA3ek_12block_macros5block
FN:11,_RNvCsgnFBjCxA3ek_12block_macros5input
FN:21,_RNvCsgnFBjCxA3ek_12block_macros5state
FN:16,_RNvCsgnFBjCxA3ek_12block_macros6output
FN:65,_RNvCsgnFBjCxA3ek_12block_macros7execute
FNDA:0,_RNvCsdLvHDPBmXbt_12block_macros11init_params
FNDA:0,_RNvCsdLvHDPBmXbt_12block_macros13make_defaults
FNDA:0,_RNvCsdLvHDPBmXbt_12block_macros20contract_deps_derive
FNDA:0,_RNvCsdLvHDPBmXbt_12block_macros5block
FNDA:0,_RNvCsdLvHDPBmXbt_12block_macros5input
FNDA:0,_RNvCsdLvHDPBmXbt_12block_macros5state
FNDA:0,_RNvCsdLvHDPBmXbt_12block_macros6output
FNDA:0,_RNvCsdLvHDPBmXbt_12block_macros7execute
FNDA:63,_RNvCsgnFBjCxA3ek_12block_macros11init_params
FNDA:61,_RNvCsgnFBjCxA3ek_12block_macros13make_defaults
FNDA:123,_RNvCsgnFBjCxA3ek_12block_macros20contract_deps_derive
FNDA:61,_RNvCsgnFBjCxA3ek_12block_macros5block
FNDA:61,_RNvCsgnFBjCxA3ek_12block_macros5input
FNDA:62,_RNvCsgnFBjCxA3ek_12block_macros5state
FNDA:61,_RNvCsgnFBjCxA3ek_12block_macros6output
FNDA:61,_RNvCsgnFBjCxA3ek_12block_macros7execute
FNF:8
FNH:8
DA:11,61
DA:12,61
DA:13,61
DA:16,61
DA:17,61
DA:18,61
DA:21,62
DA:22,62
DA:23,62
DA:27,62
DA:28,62
DA:31,61
DA:32,61
DA:33,61
DA:40,123
DA:41,123
DA:42,123
DA:45,63
DA:46,63
DA:47,63
DA:51,63
DA:52,63
DA:57,61
DA:58,61
DA:59,61
DA:65,61
DA:66,61
DA:67,61
BRF:0
BRH:0
LF:28
LH:28
end_of_record
SF:/Users/mailund/Code/block-flow/crates/block-macros/src/make_defaults.rs
FN:109,_RNCNvMNtCsdLvHDPBmXbt_12block_macros13make_defaultsNtB4_4Spec12default_name0B6_
FN:46,_RNCNvNtCsdLvHDPBmXbt_12block_macros13make_defaults18make_defaults_impl0B5_
FN:52,_RNCNvNtCsdLvHDPBmXbt_12block_macros13make_defaults18make_defaults_impls0_0B5_
FN:55,_RNCNvNtCsdLvHDPBmXbt_12block_macros13make_defaults18make_defaults_impls1_0B5_
FN:49,_RNCNvNtCsdLvHDPBmXbt_12block_macros13make_defaults18make_defaults_impls_0B5_
FN:86,_RNCNvNtCsdLvHDPBmXbt_12block_macros13make_defaults8set_once0B5_
FN:107,_RNvMNtCsdLvHDPBmXbt_12block_macros13make_defaultsNtB2_4Spec12default_name
FN:65,_RNvNtCsdLvHDPBmXbt_12block_macros13make_defaults10gen_struct
FN:89,_RNvNtCsdLvHDPBmXbt_12block_macros13make_defaults17default_ident_for
FN:10,_RNvNtCsdLvHDPBmXbt_12block_macros13make_defaults18make_defaults_impl
FN:80,_RNvNtCsdLvHDPBmXbt_12block_macros13make_defaults8set_once
FN:139,_RNvXs0_NtCsdLvHDPBmXbt_12block_macros13make_defaultsNtB5_8SpecItemNtNtCsgEZGNehO46h_3syn5parse5Parse5parse
FN:125,_RNvXs_NtCsdLvHDPBmXbt_12block_macros13make_defaultsNtB4_4SpecNtNtCsgEZGNehO46h_3syn5parse5Parse5parse
FN:109,_RNCNvMNtCsgnFBjCxA3ek_12block_macros13make_defaultsNtB4_4Spec12default_name0B6_
FN:46,_RNCNvNtCsgnFBjCxA3ek_12block_macros13make_defaults18make_defaults_impl0B5_
FN:52,_RNCNvNtCsgnFBjCxA3ek_12block_macros13make_defaults18make_defaults_impls0_0B5_
FN:55,_RNCNvNtCsgnFBjCxA3ek_12block_macros13make_defaults18make_defaults_impls1_0B5_
FN:49,_RNCNvNtCsgnFBjCxA3ek_12block_macros13make_defaults18make_defaults_impls_0B5_
FN:86,_RNCNvNtCsgnFBjCxA3ek_12block_macros13make_defaults8set_once0B5_
FN:107,_RNvMNtCsgnFBjCxA3ek_12block_macros13make_defaultsNtB2_4Spec12default_name
FN:65,_RNvNtCsgnFBjCxA3ek_12block_macros13make_defaults10gen_struct
FN:89,_RNvNtCsgnFBjCxA3ek_12block_macros13make_defaults17default_ident_for
FN:10,_RNvNtCsgnFBjCxA3ek_12block_macros13make_defaults18make_defaults_impl
FN:80,_RNvNtCsgnFBjCxA3ek_12block_macros13make_defaults8set_once
FN:139,_RNvXs0_NtCsgnFBjCxA3ek_12block_macros13make_defaultsNtB5_8SpecItemNtNtCsgEZGNehO46h_3syn5parse5Parse5parse
FN:125,_RNvXs_NtCsgnFBjCxA3ek_12block_macros13make_defaultsNtB4_4SpecNtNtCsgEZGNehO46h_3syn5parse5Parse5parse
FNDA:0,_RNCNvMNtCsdLvHDPBmXbt_12block_macros13make_defaultsNtB4_4Spec12default_name0B6_
FNDA:0,_RNCNvNtCsdLvHDPBmXbt_12block_macros13make_defaults18make_defaults_impl0B5_
FNDA:0,_RNCNvNtCsdLvHDPBmXbt_12block_macros13make_defaults18make_defaults_impls0_0B5_
FNDA:0,_RNCNvNtCsdLvHDPBmXbt_12block_macros13make_defaults18make_defaults_impls1_0B5_
FNDA:0,_RNCNvNtCsdLvHDPBmXbt_12block_macros13make_defaults18make_defaults_impls_0B5_
FNDA:0,_RNCNvNtCsdLvHDPBmXbt_12block_macros13make_defaults8set_once0B5_
FNDA:0,_RNvMNtCsdLvHDPBmXbt_12block_macros13make_defaultsNtB2_4Spec12default_name
FNDA:0,_RNvNtCsdLvHDPBmXbt_12block_macros13make_defaults10gen_struct
FNDA:0,_RNvNtCsdLvHDPBmXbt_12block_macros13make_defaults17default_ident_for
FNDA:0,_RNvNtCsdLvHDPBmXbt_12block_macros13make_defaults18make_defaults_impl
FNDA:0,_RNvNtCsdLvHDPBmXbt_12block_macros13make_defaults8set_once
FNDA:0,_RNvXs0_NtCsdLvHDPBmXbt_12block_macros13make_defaultsNtB5_8SpecItemNtNtCsgEZGNehO46h_3syn5parse5Parse5parse
FNDA:0,_RNvXs_NtCsdLvHDPBmXbt_12block_macros13make_defaultsNtB4_4SpecNtNtCsgEZGNehO46h_3syn5parse5Parse5parse
FNDA:43,_RNCNvMNtCsgnFBjCxA3ek_12block_macros13make_defaultsNtB4_4Spec12default_name0B6_
FNDA:8,_RNCNvNtCsgnFBjCxA3ek_12block_macros13make_defaults18make_defaults_impl0B5_
FNDA:9,_RNCNvNtCsgnFBjCxA3ek_12block_macros13make_defaults18make_defaults_impls0_0B5_
FNDA:0,_RNCNvNtCsgnFBjCxA3ek_12block_macros13make_defaults18make_defaults_impls1_0B5_
FNDA:4,_RNCNvNtCsgnFBjCxA3ek_12block_macros13make_defaults18make_defaults_impls_0B5_
FNDA:223,_RNCNvNtCsgnFBjCxA3ek_12block_macros13make_defaults8set_once0B5_
FNDA:21,_RNvMNtCsgnFBjCxA3ek_12block_macros13make_defaultsNtB2_4Spec12default_name
FNDA:223,_RNvNtCsgnFBjCxA3ek_12block_macros13make_defaults10gen_struct
FNDA:223,_RNvNtCsgnFBjCxA3ek_12block_macros13make_defaults17default_ident_for
FNDA:61,_RNvNtCsgnFBjCxA3ek_12block_macros13make_defaults18make_defaults_impl
FNDA:223,_RNvNtCsgnFBjCxA3ek_12block_macros13make_defaults8set_once
FNDA:223,_RNvXs0_NtCsgnFBjCxA3ek_12block_macros13make_defaultsNtB5_8SpecItemNtNtCsgEZGNehO46h_3syn5parse5Parse5parse
FNDA:61,_RNvXs_NtCsgnFBjCxA3ek_12block_macros13make_defaultsNtB4_4SpecNtNtCsgEZGNehO46h_3syn5parse5Parse5parse
FNF:13
FNH:12
DA:10,61
DA:11,61
DA:14,61
DA:15,61
DA:16,61
DA:17,61
DA:19,284
DA:20,223
DA:21,223
DA:22,170
DA:23,113
DA:24,61
DA:25,0
DA:26,0
DA:27,0
DA:28,0
DA:29,0
DA:30,0
DA:31,0
DA:32,0
DA:33,0
DA:39,61
DA:40,61
DA:41,61
DA:42,61
DA:44,61
DA:46,61
DA:47,53
DA:48,53
DA:49,61
DA:50,57
DA:51,57
DA:52,61
DA:53,52
DA:54,52
DA:55,61
DA:56,61
DA:57,61
DA:59,61
DA:60,61
DA:65,223
DA:66,223
DA:67,223
DA:77,223
DA:80,223
DA:81,223
DA:84,0
DA:85,223
DA:86,223
DA:87,223
DA:89,223
DA:90,223
DA:91,223
DA:92,170
DA:93,113
DA:94,61
DA:95,0
DA:97,223
DA:107,21
DA:109,43
DA:110,21
DA:111,21
DA:112,0
DA:115,0
DA:116,21
DA:125,61
DA:126,61
DA:127,0
DA:128,61
DA:130,61
DA:132,61
DA:133,61
DA:134,61
DA:135,61
DA:139,223
DA:140,223
DA:141,223
DA:142,0
DA:143,0
DA:145,223
DA:148,223
DA:149,223
BRF:0
BRH:0
LF:88
LH:71
end_of_record
SF:/Users/mailund/Code/block-flow/crates/block-macros/src/output.rs
FN:76,_RNCNvNtCsdLvHDPBmXbt_12block_macros6output11output_impl0B5_
FN:83,_RNCNvNtCsdLvHDPBmXbt_12block_macros6output11output_impls0_0B5_
FN:89,_RNCNvNtCsdLvHDPBmXbt_12block_macros6output11output_impls1_0B5_
FN:95,_RNCNvNtCsdLvHDPBmXbt_12block_macros6output11output_impls2_0B5_
FN:100,_RNCNvNtCsdLvHDPBmXbt_12block_macros6output11output_impls3_0B5_
FN:78,_RNCNvNtCsdLvHDPBmXbt_12block_macros6output11output_impls_0B5_
FN:5,_RNvNtCsdLvHDPBmXbt_12block_macros6output11output_impl
FN:76,_RNCNvNtCsgnFBjCxA3ek_12block_macros6output11output_impl0B5_
FN:83,_RNCNvNtCsgnFBjCxA3ek_12block_macros6output11output_impls0_0B5_
FN:89,_RNCNvNtCsgnFBjCxA3ek_12block_macros6output11output_impls1_0B5_
FN:95,_RNCNvNtCsgnFBjCxA3ek_12block_macros6output11output_impls2_0B5_
FN:100,_RNCNvNtCsgnFBjCxA3ek_12block_macros6output11output_impls3_0B5_
FN:78,_RNCNvNtCsgnFBjCxA3ek_12block_macros6output11output_impls_0B5_
FN:5,_RNvNtCsgnFBjCxA3ek_12block_macros6output11output_impl
FNDA:0,_RNCNvNtCsdLvHDPBmXbt_12block_macros6output11output_impl0B5_
FNDA:0,_RNCNvNtCsdLvHDPBmXbt_12block_macros6output11output_impls0_0B5_
FNDA:0,_RNCNvNtCsdLvHDPBmXbt_12block_macros6output11output_impls1_0B5_
FNDA:0,_RNCNvNtCsdLvHDPBmXbt_12block_macros6output11output_impls2_0B5_
FNDA:0,_RNCNvNtCsdLvHDPBmXbt_12block_macros6output11output_impls3_0B5_
FNDA:0,_RNCNvNtCsdLvHDPBmXbt_12block_macros6output11output_impls_0B5_
FNDA:0,_RNvNtCsdLvHDPBmXbt_12block_macros6output11output_impl
FNDA:4,_RNCNvNtCsgnFBjCxA3ek_12block_macros6output11output_impl0B5_
FNDA:4,_RNCNvNtCsgnFBjCxA3ek_12block_macros6output11output_impls0_0B5_
FNDA:4,_RNCNvNtCsgnFBjCxA3ek_12block_macros6output11output_impls1_0B5_
FNDA:4,_RNCNvNtCsgnFBjCxA3ek_12block_macros6output11output_impls2_0B5_
FNDA:4,_RNCNvNtCsgnFBjCxA3ek_12block_macros6output11output_impls3_0B5_
FNDA:4,_RNCNvNtCsgnFBjCxA3ek_12block_macros6output11output_impls_0B5_
FNDA:61,_RNvNtCsgnFBjCxA3ek_12block_macros6output11output_impl
FNF:7
FNH:7
DA:5,61
DA:6,61
DA:7,61
DA:9,61
DA:10,61
DA:11,61
DA:13,61
DA:14,61
DA:15,61
DA:18,61
DA:19,61
DA:20,4
DA:21,57
DA:22,0
DA:24,0
DA:28,61
DA:29,57
DA:71,57
DA:72,4
DA:75,4
DA:76,4
DA:78,4
DA:79,4
DA:80,4
DA:81,4
DA:83,4
DA:84,4
DA:85,4
DA:86,4
DA:87,4
DA:89,4
DA:90,4
DA:91,4
DA:92,4
DA:93,4
DA:95,4
DA:96,4
DA:97,4
DA:98,4
DA:100,4
DA:101,4
DA:103,4
DA:152,4
DA:153,61
BRF:0
BRH:0
LF:50
LH:48
end_of_record
SF:/Users/mailund/Code/block-flow/crates/block-traits/src/associated_types.rs
FN:118,_RNvYpNtNtCsjRgRtVTFTrD_12block_traits16associated_types12ContractDeps13contract_depsB7_
FN:118,_RNvYpNtNtCsexyPoogrWWh_12block_traits16associated_types12ContractDeps13contract_depsB7_
FNDA:0,_RNvYpNtNtCsjRgRtVTFTrD_12block_traits16associated_types12ContractDeps13contract_depsB7_
FNDA:0,_RNvYpNtNtCsexyPoogrWWh_12block_traits16associated_types12ContractDeps13contract_depsB7_
FNF:1
FNH:0
DA:118,0
DA:119,0
DA:120,0
BRF:0
BRH:0
LF:3
LH:0
end_of_record
SF:/Users/mailund/Code/block-flow/crates/block-traits/src/block_spec.rs
FN:119,_RNvXININtCsjRgRtVTFTrD_12block_traits10block_spec0pEpNtNtB7_16associated_types12ContractDeps13contract_depsB7_
FN:119,_RNvXININtCsexyPoogrWWh_12block_traits10block_spec0pEpNtNtB7_16associated_types12ContractDeps13contract_depsB7_
FNDA:0,_RNvXININtCsjRgRtVTFTrD_12block_traits10block_spec0pEpNtNtB7_16associated_types12ContractDeps13contract_depsB7_
FNDA:0,_RNvXININtCsexyPoogrWWh_12block_traits10block_spec0pEpNtNtB7_16associated_types12ContractDeps13contract_depsB7_
FNF:1
FNH:0
DA:119,0
DA:120,0
DA:121,0
BRF:0
BRH:0
LF:3
LH:0
end_of_record
SF:/Users/mailund/Code/block-flow/crates/block-traits/src/block_weave/embed.rs
FN:17,_RNvMNtNtCsexyPoogrWWh_12block_traits11block_weave5embedINtB2_14BlockEmbeddingNtNtNtNtCsi22PlJLZE8D_5actor10controller5tests23add_actor_indexes_by_id9TestBlockE16new_from_packageB1l_
FN:17,_RNvMNtNtCsexyPoogrWWh_12block_traits11block_weave5embedINtB2_14BlockEmbeddingNtNtNtNtCsi22PlJLZE8D_5actor10controller5tests30add_actor_indexes_by_contracts9TestBlockE16new_from_packageB1l_
FN:17,_RNvMNtNtCsexyPoogrWWh_12block_traits11block_weave5embedINtB2_14BlockEmbeddingNtNtNtNtCsi22PlJLZE8D_5actor10controller5tests52remove_actor_by_id_removes_from_id_and_contract_maps9TestBlockE16new_from_packageB1l_
FN:69,_RNvXs0_NtNtCsexyPoogrWWh_12block_traits11block_weave5embedINtB5_14BlockEmbeddingNtNtNtNtCsi22PlJLZE8D_5actor10controller5tests23add_actor_indexes_by_id9TestBlockENtNtB9_16associated_types12ContractDeps13contract_depsB1o_
FN:69,_RNvXs0_NtNtCsexyPoogrWWh_12block_traits11block_weave5embedINtB5_14BlockEmbeddingNtNtNtNtCsi22PlJLZE8D_5actor10controller5tests30add_actor_indexes_by_contracts9TestBlockENtNtB9_16associated_types12ContractDeps13contract_depsB1o_
FN:69,_RNvXs0_NtNtCsexyPoogrWWh_12block_traits11block_weave5embedINtB5_14BlockEmbeddingNtNtNtNtCsi22PlJLZE8D_5actor10controller5tests52remove_actor_by_id_removes_from_id_and_contract_maps9TestBlockENtNtB9_16associated_types12ContractDeps13contract_depsB1o_
FN:82,_RNvXs1_NtNtCsexyPoogrWWh_12block_traits11block_weave5embedINtB5_14BlockEmbeddingNtNtNtNtCsi22PlJLZE8D_5actor10controller5tests23add_actor_indexes_by_id9TestBlockEINtNtB9_13execute_trait12ExecuteTraitNtNtB1o_23actor_execution_context21ActorExecutionContextNtNtB1o_5actor23ReconcileIntentConsumerNtB47_14EffectConsumerE11num_intentsB1o_
FN:87,_RNvXs1_NtNtCsexyPoogrWWh_12block_traits11block_weave5embedINtB5_14BlockEmbeddingNtNtNtNtCsi22PlJLZE8D_5actor10controller5tests23add_actor_indexes_by_id9TestBlockEINtNtB9_13execute_trait12ExecuteTraitNtNtB1o_23actor_execution_context21ActorExecutionContextNtNtB1o_5actor23ReconcileIntentConsumerNtB47_14EffectConsumerE7executeB1o_
FN:82,_RNvXs1_NtNtCsexyPoogrWWh_12block_traits11block_weave5embedINtB5_14BlockEmbeddingNtNtNtNtCsi22PlJLZE8D_5actor10controller5tests30add_actor_indexes_by_contracts9TestBlockEINtNtB9_13execute_trait12ExecuteTraitNtNtB1o_23actor_execution_context21ActorExecutionContextNtNtB1o_5actor23ReconcileIntentConsumerNtB4e_14EffectConsumerE11num_intentsB1o_
FN:87,_RNvXs1_NtNtCsexyPoogrWWh_12block_traits11block_weave5embedINtB5_14BlockEmbeddingNtNtNtNtCsi22PlJLZE8D_5actor10controller5tests30add_actor_indexes_by_contracts9TestBlockEINtNtB9_13execute_trait12ExecuteTraitNtNtB1o_23actor_execution_context21ActorExecutionContextNtNtB1o_5actor23ReconcileIntentConsumerNtB4e_14EffectConsumerE7executeB1o_
FN:82,_RNvXs1_NtNtCsexyPoogrWWh_12block_traits11block_weave5embedINtB5_14BlockEmbeddingNtNtNtNtCsi22PlJLZE8D_5actor10controller5tests52remove_actor_by_id_removes_from_id_and_contract_maps9TestBlockEINtNtB9_13execute_trait12ExecuteTraitNtNtB1o_23actor_execution_context21ActorExecutionContextNtNtB1o_5actor23ReconcileIntentConsumerNtB4A_14EffectConsumerE11num_intentsB1o_
FN:87,_RNvXs1_NtNtCsexyPoogrWWh_12block_traits11block_weave5embedINtB5_14BlockEmbeddingNtNtNtNtCsi22PlJLZE8D_5actor10controller5tests52remove_actor_by_id_removes_from_id_and_contract_maps9TestBlockEINtNtB9_13execute_trait12ExecuteTraitNtNtB1o_23actor_execution_context21ActorExecutionContextNtNtB1o_5actor23ReconcileIntentConsumerNtB4A_14EffectConsumerE7executeB1o_
FN:269,_RNCNvNtNtNtCsjRgRtVTFTrD_12block_traits11block_weave5embed5testss_33block_wrapper_delegates_correctly0B9_
FN:240,_RNCNvNtNtNtCsjRgRtVTFTrD_12block_traits11block_weave5embed5testss_59type_erased_block_execute_writes_output_and_returns_intents0B9_
FN:180,_RNCINvXNtNtNtNtCsjRgRtVTFTrD_12block_traits11block_weave5embed5tests10test_blockNtB5_9TestBlockNtNtBd_10block_spec9BlockSpec7executeNtB7_16ExecutionContextNCNvB7_s_33block_wrapper_delegates_correctlys_0E0Bd_
FN:180,_RNCINvXNtNtNtNtCsjRgRtVTFTrD_12block_traits11block_weave5embed5tests10test_blockNtB5_9TestBlockNtNtBd_10block_spec9BlockSpec7executeNtB7_16ExecutionContextNCNvB7_s_59type_erased_block_execute_writes_output_and_returns_intentss_0E0Bd_
FN:188,_RNvNtNtNtCsjRgRtVTFTrD_12block_traits11block_weave5embed5tests10input_keys
FN:194,_RNvNtNtNtCsjRgRtVTFTrD_12block_traits11block_weave5embed5tests11output_keys
FN:253,_RNvNtNtNtCsjRgRtVTFTrD_12block_traits11block_weave5embed5testss_33block_wrapper_delegates_correctly
FN:203,_RNvNtNtNtCsjRgRtVTFTrD_12block_traits11block_weave5embed5testss_40encapsulated_block_new_initializes_state
FN:223,_RNvNtNtNtCsjRgRtVTFTrD_12block_traits11block_weave5embed5testss_59type_erased_block_execute_writes_output_and_returns_intents
FN:270,_RNCNvNtNtNtCsjRgRtVTFTrD_12block_traits11block_weave5embed5testss_33block_wrapper_delegates_correctlys_0B9_
FN:241,_RNCNvNtNtNtCsjRgRtVTFTrD_12block_traits11block_weave5embed5testss_59type_erased_block_execute_writes_output_and_returns_intentss_0B9_
FN:44,_RNvMNtNtCsjRgRtVTFTrD_12block_traits11block_weave5embedINtB2_14BlockEmbeddingpE15extract_packageB6_
FN:69,_RNvXININtNtCsjRgRtVTFTrD_12block_traits11block_weave5embeds0_0pEINtB5_14BlockEmbeddingpENtNtB9_16associated_types12ContractDeps13contract_depsB9_
FN:82,_RNvXININtNtCsjRgRtVTFTrD_12block_traits11block_weave5embeds1_0ppppEINtB5_14BlockEmbeddingpEINtNtB9_13execute_trait12ExecuteTraitpppE11num_intentsB9_
FN:60,_RNvXININtNtCsjRgRtVTFTrD_12block_traits11block_weave5embeds_0pEINtB5_14BlockEmbeddingpEINtCs6lnEbkNyDZH_5weave12EmbeddedNodeINtNtB7_7package12BlockPackagepEE15extract_packageB9_
FN:116,_RNvXNtNtNtCsjRgRtVTFTrD_12block_traits11block_weave5embed5testsNtB2_9OrderBookNtNtNtB8_17execution_context10order_book14OrderBookTrait11top_of_side
FN:167,_RNvXNtNtNtNtCsjRgRtVTFTrD_12block_traits11block_weave5embed5tests10test_blockNtB2_9TestBlockNtNtBa_10block_spec9BlockSpec8block_id
FN:136,_RNvXs_NtNtNtCsjRgRtVTFTrD_12block_traits11block_weave5embed5testsNtB4_16ExecutionContextNtNtNtBa_17execution_context7exe_ctx21ExecutionContextTrait12get_position
FN:132,_RNvXs_NtNtNtCsjRgRtVTFTrD_12block_traits11block_weave5embed5testsNtB4_16ExecutionContextNtNtNtBa_17execution_context7exe_ctx21ExecutionContextTrait14get_order_book
FN:129,_RNvXs_NtNtNtCsjRgRtVTFTrD_12block_traits11block_weave5embed5testsNtB4_16ExecutionContextNtNtNtBa_17execution_context7exe_ctx21ExecutionContextTrait4time
FN:175,_RNvXNtNtNtNtCsjRgRtVTFTrD_12block_traits11block_weave5embed5tests10test_blockNtB2_9TestBlockNtNtBa_10block_spec9BlockSpec10init_state
FN:171,_RNvXNtNtNtNtCsjRgRtVTFTrD_12block_traits11block_weave5embed5tests10test_blockNtB2_9TestBlockNtNtBa_10block_spec9BlockSpec20new_from_init_params
FN:151,_RNvXsb_NtNtNtNtCsjRgRtVTFTrD_12block_traits11block_weave5embed5tests10test_blockNtB5_9InputKeysINtNtCsgFl9GrjVdhr_8channels12channel_keys9InputKeysNtB5_5InputE6reader
FN:156,_RNvXsl_NtNtNtNtCsjRgRtVTFTrD_12block_traits11block_weave5embed5tests10test_blockNtB5_10OutputKeysINtNtCsgFl9GrjVdhr_8channels12channel_keys10OutputKeysNtB5_6OutputE6writer
FN:156,_RNvXsl_NtNtNtNtCsjRgRtVTFTrD_12block_traits11block_weave5embed5tests10test_blockNtB5_10OutputKeysINtNtCsgFl9GrjVdhr_8channels12channel_keys10OutputKeysNtB5_6OutputE8register
FN:17,_RNvMNtNtCsjRgRtVTFTrD_12block_traits11block_weave5embedINtB2_14BlockEmbeddingNtNtNtB2_5tests10test_block9TestBlockE16new_from_packageB6_
FN:17,_RNvMNtNtCsjRgRtVTFTrD_12block_traits11block_weave5embedINtB2_14BlockEmbeddingNtNtNtB4_7package5tests13MultiplyBlockE16new_from_packageB6_
FN:87,_RNvXs1_NtNtCsjRgRtVTFTrD_12block_traits11block_weave5embedINtB5_14BlockEmbeddingNtNtNtB5_5tests10test_block9TestBlockEINtNtB9_13execute_trait12ExecuteTraitNtB1k_16ExecutionContextNCNvB1k_s_33block_wrapper_delegates_correctly0NCB2T_s_0E7executeB9_
FN:87,_RNvXs1_NtNtCsjRgRtVTFTrD_12block_traits11block_weave5embedINtB5_14BlockEmbeddingNtNtNtB5_5tests10test_block9TestBlockEINtNtB9_13execute_trait12ExecuteTraitNtB1k_16ExecutionContextNCNvB1k_s_59type_erased_block_execute_writes_output_and_returns_intents0NCB2T_s_0E7executeB9_
FN:17,_RNvMNtNtCsexyPoogrWWh_12block_traits11block_weave5embedINtB2_14BlockEmbeddingNtNtCs1WmjNpT4zsK_6blocks12simple_order16SimpleOrderBlockE16new_from_packageB1h_
FN:17,_RNvMNtNtCsexyPoogrWWh_12block_traits11block_weave5embedINtB2_14BlockEmbeddingNtNtCs1WmjNpT4zsK_6blocks5after10AfterBlockE16new_from_packageB1h_
FN:17,_RNvMNtNtCsexyPoogrWWh_12block_traits11block_weave5embedINtB2_14BlockEmbeddingNtNtCs1WmjNpT4zsK_6blocks6delete11DeleteBlockE16new_from_packageB1h_
FN:87,_RNvXs1_NtNtCsexyPoogrWWh_12block_traits11block_weave5embedINtB5_14BlockEmbeddingNtNtCs1WmjNpT4zsK_6blocks12simple_order16SimpleOrderBlockEINtNtB9_13execute_trait12ExecuteTraitNtNtB1k_4test16ExecutionContextNCNvB2P_s_46weave_and_execute_end_to_end_after_then_delete0NCB3k_s_0E7executeB1k_
FN:87,_RNvXs1_NtNtCsexyPoogrWWh_12block_traits11block_weave5embedINtB5_14BlockEmbeddingNtNtCs1WmjNpT4zsK_6blocks5after10AfterBlockEINtNtB9_13execute_trait12ExecuteTraitNtNtB1k_4test16ExecutionContextNCNvB2B_s_46weave_and_execute_end_to_end_after_then_delete0NCB36_s_0E7executeB1k_
FN:87,_RNvXs1_NtNtCsexyPoogrWWh_12block_traits11block_weave5embedINtB5_14BlockEmbeddingNtNtCs1WmjNpT4zsK_6blocks6delete11DeleteBlockEINtNtB9_13execute_trait12ExecuteTraitNtNtB1k_4test16ExecutionContextNCNvB2D_s_46weave_and_execute_end_to_end_after_then_delete0NCB38_s_0E7executeB1k_
FN:44,_RNvMNtNtCsexyPoogrWWh_12block_traits11block_weave5embedINtB2_14BlockEmbeddingpE15extract_packageB6_
FN:17,_RNvMNtNtCsexyPoogrWWh_12block_traits11block_weave5embedINtB2_14BlockEmbeddingpE16new_from_packageB6_
FN:69,_RNvXININtNtCsexyPoogrWWh_12block_traits11block_weave5embeds0_0pEINtB5_14BlockEmbeddingpENtNtB9_16associated_types12ContractDeps13contract_depsB9_
FN:82,_RNvXININtNtCsexyPoogrWWh_12block_traits11block_weave5embeds1_0ppppEINtB5_14BlockEmbeddingpEINtNtB9_13execute_trait12ExecuteTraitpppE11num_intentsB9_
FN:87,_RNvXININtNtCsexyPoogrWWh_12block_traits11block_weave5embeds1_0ppppEINtB5_14BlockEmbeddingpEINtNtB9_13execute_trait12ExecuteTraitpppE7executeB9_
FN:60,_RNvXININtNtCsexyPoogrWWh_12block_traits11block_weave5embeds_0pEINtB5_14BlockEmbeddingpEINtCs6lnEbkNyDZH_5weave12EmbeddedNodeINtNtB7_7package12BlockPackagepEE15extract_packageB9_
FN:44,_RNvMNtNtCsexyPoogrWWh_12block_traits11block_weave5embedINtB2_14BlockEmbeddingNtNtCsa4wUXwabugo_6blocks12simple_order16SimpleOrderBlockE15extract_packageB1h_
FN:17,_RNvMNtNtCsexyPoogrWWh_12block_traits11block_weave5embedINtB2_14BlockEmbeddingNtNtCsa4wUXwabugo_6blocks12simple_order16SimpleOrderBlockE16new_from_packageB1h_
FN:44,_RNvMNtNtCsexyPoogrWWh_12block_traits11block_weave5embedINtB2_14BlockEmbeddingNtNtCsa4wUXwabugo_6blocks5after10AfterBlockE15extract_packageB1h_
FN:17,_RNvMNtNtCsexyPoogrWWh_12block_traits11block_weave5embedINtB2_14BlockEmbeddingNtNtCsa4wUXwabugo_6blocks5after10AfterBlockE16new_from_packageB1h_
FN:44,_RNvMNtNtCsexyPoogrWWh_12block_traits11block_weave5embedINtB2_14BlockEmbeddingNtNtCsa4wUXwabugo_6blocks6delete11DeleteBlockE15extract_packageB1h_
FN:17,_RNvMNtNtCsexyPoogrWWh_12block_traits11block_weave5embedINtB2_14BlockEmbeddingNtNtCsa4wUXwabugo_6blocks6delete11DeleteBlockE16new_from_packageB1h_
FN:69,_RNvXs0_NtNtCsexyPoogrWWh_12block_traits11block_weave5embedINtB5_14BlockEmbeddingNtNtCsa4wUXwabugo_6blocks12simple_order16SimpleOrderBlockENtNtB9_16associated_types12ContractDeps13contract_depsB1k_
FN:69,_RNvXs0_NtNtCsexyPoogrWWh_12block_traits11block_weave5embedINtB5_14BlockEmbeddingNtNtCsa4wUXwabugo_6blocks5after10AfterBlockENtNtB9_16associated_types12ContractDeps13contract_depsB1k_
FN:69,_RNvXs0_NtNtCsexyPoogrWWh_12block_traits11block_weave5embedINtB5_14BlockEmbeddingNtNtCsa4wUXwabugo_6blocks6delete11DeleteBlockENtNtB9_16associated_types12ContractDeps13contract_depsB1k_
FNDA:2,_RNvMNtNtCsexyPoogrWWh_12block_traits11block_weave5embedINtB2_14BlockEmbeddingNtNtNtNtCsi22PlJLZE8D_5actor10controller5tests23add_actor_indexes_by_id9TestBlockE16new_from_packageB1l_
FNDA:2,_RNvMNtNtCsexyPoogrWWh_12block_traits11block_weave5embedINtB2_14BlockEmbeddingNtNtNtNtCsi22PlJLZE8D_5actor10controller5tests30add_actor_indexes_by_contracts9TestBlockE16new_from_packageB1l_
FNDA:2,_RNvMNtNtCsexyPoogrWWh_12block_traits11block_weave5embedINtB2_14BlockEmbeddingNtNtNtNtCsi22PlJLZE8D_5actor10controller5tests52remove_actor_by_id_removes_from_id_and_contract_maps9TestBlockE16new_from_packageB1l_
FNDA:2,_RNvXs0_NtNtCsexyPoogrWWh_12block_traits11block_weave5embedINtB5_14BlockEmbeddingNtNtNtNtCsi22PlJLZE8D_5actor10controller5tests23add_actor_indexes_by_id9TestBlockENtNtB9_16associated_types12ContractDeps13contract_depsB1o_
FNDA:2,_RNvXs0_NtNtCsexyPoogrWWh_12block_traits11block_weave5embedINtB5_14BlockEmbeddingNtNtNtNtCsi22PlJLZE8D_5actor10controller5tests30add_actor_indexes_by_contracts9TestBlockENtNtB9_16associated_types12ContractDeps13contract_depsB1o_
FNDA:3,_RNvXs0_NtNtCsexyPoogrWWh_12block_traits11block_weave5embedINtB5_14BlockEmbeddingNtNtNtNtCsi22PlJLZE8D_5actor10controller5tests52remove_actor_by_id_removes_from_id_and_contract_maps9TestBlockENtNtB9_16associated_types12ContractDeps13contract_depsB1o_
FNDA:2,_RNvXs1_NtNtCsexyPoogrWWh_12block_traits11block_weave5embedINtB5_14BlockEmbeddingNtNtNtNtCsi22PlJLZE8D_5actor10controller5tests23add_actor_indexes_by_id9TestBlockEINtNtB9_13execute_trait12ExecuteTraitNtNtB1o_23actor_execution_context21ActorExecutionContextNtNtB1o_5actor23ReconcileIntentConsumerNtB47_14EffectConsumerE11num_intentsB1o_
FNDA:0,_RNvXs1_NtNtCsexyPoogrWWh_12block_traits11block_weave5embedINtB5_14BlockEmbeddingNtNtNtNtCsi22PlJLZE8D_5actor10controller5tests23add_actor_indexes_by_id9TestBlockEINtNtB9_13execute_trait12ExecuteTraitNtNtB1o_23actor_execution_context21ActorExecutionContextNtNtB1o_5actor23ReconcileIntentConsumerNtB47_14EffectConsumerE7executeB1o_
FNDA:2,_RNvXs1_NtNtCsexyPoogrWWh_12block_traits11block_weave5embedINtB5_14BlockEmbeddingNtNtNtNtCsi22PlJLZE8D_5actor10controller5tests30add_actor_indexes_by_contracts9TestBlockEINtNtB9_13execute_trait12ExecuteTraitNtNtB1o_23actor_execution_context21ActorExecutionContextNtNtB1o_5actor23ReconcileIntentConsumerNtB4e_14EffectConsumerE11num_intentsB1o_
FNDA:0,_RNvXs1_NtNtCsexyPoogrWWh_12block_traits11block_weave5embedINtB5_14BlockEmbeddingNtNtNtNtCsi22PlJLZE8D_5actor10controller5tests30add_actor_indexes_by_contracts9TestBlockEINtNtB9_13execute_trait12ExecuteTraitNtNtB1o_23actor_execution_context21ActorExecutionContextNtNtB1o_5actor23ReconcileIntentConsumerNtB4e_14EffectConsumerE7executeB1o_
FNDA:2,_RNvXs1_NtNtCsexyPoogrWWh_12block_traits11block_weave5embedINtB5_14BlockEmbeddingNtNtNtNtCsi22PlJLZE8D_5actor10controller5tests52remove_actor_by_id_removes_from_id_and_contract_maps9TestBlockEINtNtB9_13execute_trait12ExecuteTraitNtNtB1o_23actor_execution_context21ActorExecutionContextNtNtB1o_5actor23ReconcileIntentConsumerNtB4A_14EffectConsumerE11num_intentsB1o_
FNDA:0,_RNvXs1_NtNtCsexyPoogrWWh_12block_traits11block_weave5embedINtB5_14BlockEmbeddingNtNtNtNtCsi22PlJLZE8D_5actor10controller5tests52remove_actor_by_id_removes_from_id_and_contract_maps9TestBlockEINtNtB9_13execute_trait12ExecuteTraitNtNtB1o_23actor_execution_context21ActorExecutionContextNtNtB1o_5actor23ReconcileIntentConsumerNtB4A_14EffectConsumerE7executeB1o_
FNDA:0,_RNCNvNtNtNtCsjRgRtVTFTrD_12block_traits11block_weave5embed5testss_33block_wrapper_delegates_correctly0B9_
FNDA:0,_RNCNvNtNtNtCsjRgRtVTFTrD_12block_traits11block_weave5embed5testss_59type_erased_block_execute_writes_output_and_returns_intents0B9_
FNDA:1,_RNCINvXNtNtNtNtCsjRgRtVTFTrD_12block_traits11block_weave5embed5tests10test_blockNtB5_9TestBlockNtNtBd_10block_spec9BlockSpec7executeNtB7_16ExecutionContextNCNvB7_s_33block_wrapper_delegates_correctlys_0E0Bd_
[...]
FNDA:0,_RNvXsf_NtNtCsjG2QgD4Nh4Q_17block_macros_test7execute24context_only_unit_returnNtB5_10OutputKeysNtNtCsgFl9GrjVdhr_8channels12channel_keys11ChannelKeys13channel_names
FNDA:0,_RNvXsf_NtNtCsjG2QgD4Nh4Q_17block_macros_test7execute24input_only_state_intentsNtB5_10OutputKeysNtNtCsgFl9GrjVdhr_8channels12channel_keys11ChannelKeys13channel_names
FNDA:0,_RNvXsf_NtNtCsjG2QgD4Nh4Q_17block_macros_test7execute24self_only_output_intentsNtB5_10OutputKeysNtNtCsgFl9GrjVdhr_8channels12channel_keys11ChannelKeys13channel_names
FNDA:0,_RNvXsf_NtNtCsjG2QgD4Nh4Q_17block_macros_test7execute24state_only_state_intentsNtB5_10OutputKeysNtNtCsgFl9GrjVdhr_8channels12channel_keys11ChannelKeys13channel_names
FNDA:0,_RNvXsf_NtNtCsjG2QgD4Nh4Q_17block_macros_test7execute25context_only_output_stateNtB5_10OutputKeysNtNtCsgFl9GrjVdhr_8channels12channel_keys11ChannelKeys13channel_names
FNDA:0,_RNvXsf_NtNtCsjG2QgD4Nh4Q_17block_macros_test7execute25input_only_output_intentsNtB5_10OutputKeysNtNtCsgFl9GrjVdhr_8channels12channel_keys11ChannelKeys13channel_names
FNDA:0,_RNvXsf_NtNtCsjG2QgD4Nh4Q_17block_macros_test7execute25state_only_output_intentsNtB5_10OutputKeysNtNtCsgFl9GrjVdhr_8channels12channel_keys11ChannelKeys13channel_names
FNDA:0,_RNvXsf_NtNtCsjG2QgD4Nh4Q_17block_macros_test7execute26context_only_state_intentsNtB5_10OutputKeysNtNtCsgFl9GrjVdhr_8channels12channel_keys11ChannelKeys13channel_names
FNDA:0,_RNvXsf_NtNtCsjG2QgD4Nh4Q_17block_macros_test7execute27context_only_output_intentsNtB5_10OutputKeysNtNtCsgFl9GrjVdhr_8channels12channel_keys11ChannelKeys13channel_names
FNDA:0,_RNvXsf_NtNtCsjG2QgD4Nh4Q_17block_macros_test7execute28self_only_option_output_noneNtB5_10OutputKeysNtNtCsgFl9GrjVdhr_8channels12channel_keys11ChannelKeys13channel_names
FNDA:0,_RNvXsf_NtNtCsjG2QgD4Nh4Q_17block_macros_test7execute28self_only_option_output_someNtB5_10OutputKeysNtNtCsgFl9GrjVdhr_8channels12channel_keys11ChannelKeys13channel_names
FNDA:0,_RNvXsf_NtNtCsjG2QgD4Nh4Q_17block_macros_test7execute29context_input_state_no_returnNtB5_10OutputKeysNtNtCsgFl9GrjVdhr_8channels12channel_keys11ChannelKeys13channel_names
FNDA:0,_RNvXsf_NtNtCsjG2QgD4Nh4Q_17block_macros_test7execute30context_input_state_full_tupleNtB5_10OutputKeysNtNtCsgFl9GrjVdhr_8channels12channel_keys11ChannelKeys13channel_names
FNDA:0,_RNvXsf_NtNtCsjG2QgD4Nh4Q_17block_macros_test7execute32self_only_option_full_tuple_noneNtB5_10OutputKeysNtNtCsgFl9GrjVdhr_8channels12channel_keys11ChannelKeys13channel_names
FNDA:0,_RNvXsf_NtNtCsjG2QgD4Nh4Q_17block_macros_test7execute32self_only_option_full_tuple_someNtB5_10OutputKeysNtNtCsgFl9GrjVdhr_8channels12channel_keys11ChannelKeys13channel_names
FNDA:0,_RNvXsf_NtNtCsjG2QgD4Nh4Q_17block_macros_test7execute34self_only_option_output_state_noneNtB5_10OutputKeysNtNtCsgFl9GrjVdhr_8channels12channel_keys11ChannelKeys13channel_names
FNDA:0,_RNvXsf_NtNtCsjG2QgD4Nh4Q_17block_macros_test7execute34self_only_option_output_state_someNtB5_10OutputKeysNtNtCsgFl9GrjVdhr_8channels12channel_keys11ChannelKeys13channel_names
FNDA:1,_RNvNtNtCsjG2QgD4Nh4Q_17block_macros_test7execute24input_only_state_intentss_35test_context_input_output_execution
FNDA:1,_RNvNtNtCsjG2QgD4Nh4Q_17block_macros_test7execute18state_only_intentss_35test_context_input_output_execution
FNDA:1,_RNvNtNtCsjG2QgD4Nh4Q_17block_macros_test7execute17input_only_outputs_35test_context_input_output_execution
FNDA:1,_RNCINvMNtNtCsjG2QgD4Nh4Q_17block_macros_test7execute23input_only_output_stateNtB5_10DummyBlock7executeNtB7_16ExecutionContextNCNvB5_s_35test_context_input_output_execution0E0B9_
FNDA:1,_RNvNtNtCsjG2QgD4Nh4Q_17block_macros_test7execute22context_only_no_returns_35test_context_input_output_execution
FNDA:1,_RNCINvMNtNtCsjG2QgD4Nh4Q_17block_macros_test7execute20self_only_full_tupleNtB5_10DummyBlock7executeNtB7_16ExecutionContextNCNvB5_s_35test_context_input_output_execution0E0B9_
FNDA:1,_RNvNtNtCsjG2QgD4Nh4Q_17block_macros_test7execute23context_input_no_returns_35test_context_input_output_execution
FNDA:1,_RNCINvMNtNtCsjG2QgD4Nh4Q_17block_macros_test7execute34self_only_option_output_state_someNtB5_10DummyBlock7executeNtB7_16ExecutionContextNCNvB5_s_35test_context_input_output_execution0E0B9_
FNDA:1,_RNvNtNtCsjG2QgD4Nh4Q_17block_macros_test7execute16self_only_outputs_35test_context_input_output_execution
FNDA:1,_RNvNtNtCsjG2QgD4Nh4Q_17block_macros_test7execute30context_input_state_full_tuples_35test_context_input_output_execution
FNDA:1,_RNCINvMNtNtCsjG2QgD4Nh4Q_17block_macros_test7execute25context_only_output_stateNtB5_10DummyBlock7executeNtB7_16ExecutionContextNCNvB5_s_35test_context_input_output_execution0E0B9_
FNDA:1,_RNCINvMNtNtCsjG2QgD4Nh4Q_17block_macros_test7execute18state_only_intentsNtB5_10DummyBlock7executeNtB7_16ExecutionContextNCNvB5_s_35test_context_input_output_execution0E0B9_
FNDA:1,_RNvNtNtCsjG2QgD4Nh4Q_17block_macros_test7execute23input_only_output_states_35test_context_input_output_execution
FNDA:1,_RNCINvMNtNtCsjG2QgD4Nh4Q_17block_macros_test7execute15self_only_stateNtB5_10DummyBlock7executeNtB7_16ExecutionContextNCNvB5_s_35test_context_input_output_execution0E0B9_
FNDA:1,_RNCINvMNtNtCsjG2QgD4Nh4Q_17block_macros_test7execute16self_only_outputNtB5_10DummyBlock7executeNtB7_16ExecutionContextNCNvB5_s_35test_context_input_output_execution0E0B9_
FNDA:1,_RNvNtNtCsjG2QgD4Nh4Q_17block_macros_test7execute18input_only_intentss_35test_context_input_output_execution
FNDA:1,_RNvNtNtCsjG2QgD4Nh4Q_17block_macros_test7execute26context_only_state_intentss_35test_context_input_output_execution
FNDA:1,_RNvNtNtCsjG2QgD4Nh4Q_17block_macros_test7execute17state_only_outputs_35test_context_input_output_execution
FNDA:1,_RNCINvMNtNtCsjG2QgD4Nh4Q_17block_macros_test7execute22self_only_output_stateNtB5_10DummyBlock7executeNtB7_16ExecutionContextNCNvB5_s_35test_context_input_output_execution0E0B9_
FNDA:1,_RNvNtNtCsjG2QgD4Nh4Q_17block_macros_test7execute24state_only_state_intentss_35test_context_input_output_execution
FNDA:1,_RNCINvMNtNtCsjG2QgD4Nh4Q_17block_macros_test7execute34self_only_option_output_state_noneNtB5_10DummyBlock7executeNtB7_16ExecutionContextNCNvB5_s_35test_context_input_output_execution0E0B9_
FNDA:1,_RNvNtNtCsjG2QgD4Nh4Q_17block_macros_test7execute21self_only_unit_returns_35test_context_input_output_execution
FNDA:1,_RNvNtNtCsjG2QgD4Nh4Q_17block_macros_test7execute24self_only_output_intentss_35test_context_input_output_execution
FNDA:1,_RNCINvMNtNtCsjG2QgD4Nh4Q_17block_macros_test7execute32self_only_option_full_tuple_noneNtB5_10DummyBlock7executeNtB7_16ExecutionContextNCNvB5_s_35test_context_input_output_execution0E0B9_
FNDA:1,_RNCINvMNtNtCsjG2QgD4Nh4Q_17block_macros_test7execute26context_only_state_intentsNtB5_10DummyBlock7executeNtB7_16ExecutionContextNCNvB5_s_35test_context_input_output_execution0E0B9_
FNDA:1,_RNvNtNtCsjG2QgD4Nh4Q_17block_macros_test7execute22self_only_output_states_35test_context_input_output_execution
FNDA:1,_RNvNtNtCsjG2QgD4Nh4Q_17block_macros_test7execute16input_only_states_35test_context_input_output_execution
FNDA:1,_RNCINvMNtNtCsjG2QgD4Nh4Q_17block_macros_test7execute27context_only_output_intentsNtB5_10DummyBlock7executeNtB7_16ExecutionContextNCNvB5_s_35test_context_input_output_execution0E0B9_
FNDA:1,_RNCINvMNtNtCsjG2QgD4Nh4Q_17block_macros_test7execute23state_only_output_stateNtB5_10DummyBlock7executeNtB7_16ExecutionContextNCNvB5_s_35test_context_input_output_execution0E0B9_
FNDA:1,_RNCINvMNtNtCsjG2QgD4Nh4Q_17block_macros_test7execute17input_only_outputNtB5_10DummyBlock7executeNtB7_16ExecutionContextNCNvB5_s_35test_context_input_output_execution0E0B9_
FNDA:1,_RNvNtNtCsjG2QgD4Nh4Q_17block_macros_test7execute32self_only_option_full_tuple_nones_35test_context_input_output_execution
FNDA:1,_RNvNtNtCsjG2QgD4Nh4Q_17block_macros_test7execute23context_state_no_returns_35test_context_input_output_execution
FNDA:1,_RNvNtNtCsjG2QgD4Nh4Q_17block_macros_test7execute28self_only_option_output_nones_35test_context_input_output_execution
FNDA:1,_RNCINvMNtNtCsjG2QgD4Nh4Q_17block_macros_test7execute28self_only_option_output_someNtB5_10DummyBlock7executeNtB7_16ExecutionContextNCNvB5_s_35test_context_input_output_execution0E0B9_
FNDA:1,_RNvNtNtCsjG2QgD4Nh4Q_17block_macros_test7execute17self_only_intentss_35test_context_input_output_execution
FNDA:1,_RNCINvMNtNtCsjG2QgD4Nh4Q_17block_macros_test7execute23self_only_state_intentsNtB5_10DummyBlock7executeNtB7_16ExecutionContextNCNvB5_s_35test_context_input_output_execution0E0B9_
FNDA:1,_RNvNtNtCsjG2QgD4Nh4Q_17block_macros_test7execute21input_only_full_tuples_35test_context_input_output_execution
FNDA:1,_RNCINvMNtNtCsjG2QgD4Nh4Q_17block_macros_test7execute24self_only_output_intentsNtB5_10DummyBlock7executeNtB7_16ExecutionContextNCNvB5_s_35test_context_input_output_execution0E0B9_
FNDA:1,_RNvNtNtCsjG2QgD4Nh4Q_17block_macros_test7execute23self_only_state_intentss_35test_context_input_output_execution
FNDA:1,_RNCINvMNtNtCsjG2QgD4Nh4Q_17block_macros_test7execute25input_only_output_intentsNtB5_10DummyBlock7executeNtB7_16ExecutionContextNCNvB5_s_35test_context_input_output_execution0E0B9_
FNDA:1,_RNvNtNtCsjG2QgD4Nh4Q_17block_macros_test7execute25state_only_output_intentss_35test_context_input_output_execution
FNDA:1,_RNCINvMNtNtCsjG2QgD4Nh4Q_17block_macros_test7execute20context_input_outputNtB5_10DummyBlock7executeNtB7_16ExecutionContextNCNvB5_s_35test_context_input_output_execution0E0B9_
FNDA:1,_RNvNtNtCsjG2QgD4Nh4Q_17block_macros_test7execute23state_only_output_states_35test_context_input_output_execution
FNDA:1,_RNCINvMNtNtCsjG2QgD4Nh4Q_17block_macros_test7execute17self_only_intentsNtB5_10DummyBlock7executeNtB7_16ExecutionContextNCNvB5_s_35test_context_input_output_execution0E0B9_
FNDA:1,_RNvNtNtCsjG2QgD4Nh4Q_17block_macros_test7execute27context_only_output_intentss_35test_context_input_output_execution
FNDA:1,_RNvNtNtCsjG2QgD4Nh4Q_17block_macros_test7execute28self_only_option_output_somes_35test_context_input_output_execution
FNDA:1,_RNvNtNtCsjG2QgD4Nh4Q_17block_macros_test7execute20context_only_intentss_35test_context_input_output_execution
FNDA:1,_RNCINvMNtNtCsjG2QgD4Nh4Q_17block_macros_test7execute25state_only_output_intentsNtB5_10DummyBlock7executeNtB7_16ExecutionContextNCNvB5_s_35test_context_input_output_execution0E0B9_
FNDA:1,_RNvNtNtCsjG2QgD4Nh4Q_17block_macros_test7execute20self_only_full_tuples_35test_context_input_output_execution
FNDA:1,_RNCINvMNtNtCsjG2QgD4Nh4Q_17block_macros_test7execute23context_input_no_returnNtB5_10DummyBlock7executeNtB7_16ExecutionContextNCNvB5_s_35test_context_input_output_execution0E0B9_
FNDA:1,_RNvNtNtCsjG2QgD4Nh4Q_17block_macros_test7execute22input_only_unit_returns_35test_context_input_output_execution
FNDA:1,_RNvNtNtCsjG2QgD4Nh4Q_17block_macros_test7execute16state_only_states_35test_context_input_output_execution
FNDA:1,_RNCINvMNtNtCsjG2QgD4Nh4Q_17block_macros_test7execute30context_input_state_full_tupleNtB5_10DummyBlock7executeNtB7_16ExecutionContextNCNvB5_s_35test_context_input_output_execution0E0B9_
FNDA:1,_RNvNtNtCsjG2QgD4Nh4Q_17block_macros_test7execute22state_only_unit_returns_35test_context_input_output_execution
FNDA:1,_RNvNtNtCsjG2QgD4Nh4Q_17block_macros_test7execute20input_only_no_returns_35test_context_input_output_execution
FNDA:1,_RNCINvMNtNtCsjG2QgD4Nh4Q_17block_macros_test7execute18context_only_stateNtB5_10DummyBlock7executeNtB7_16ExecutionContextNCNvB5_s_35test_context_input_output_execution0E0B9_
FNDA:1,_RNCINvMNtNtCsjG2QgD4Nh4Q_17block_macros_test7execute29context_input_state_no_returnNtB5_10DummyBlock7executeNtB7_16ExecutionContextNCNvB5_s_35test_context_input_output_execution0E0B9_
FNDA:1,_RNvNtNtCsjG2QgD4Nh4Q_17block_macros_test7execute21input_state_no_returns_35test_context_input_output_execution
FNDA:1,_RNCINvMNtNtCsjG2QgD4Nh4Q_17block_macros_test7execute17state_only_outputNtB5_10DummyBlock7executeNtB7_16ExecutionContextNCNvB5_s_35test_context_input_output_execution0E0B9_
FNDA:1,_RNvNtNtCsjG2QgD4Nh4Q_17block_macros_test7execute32self_only_option_full_tuple_somes_35test_context_input_output_execution
FNDA:1,_RNCINvMNtNtCsjG2QgD4Nh4Q_17block_macros_test7execute20context_only_intentsNtB5_10DummyBlock7executeNtB7_16ExecutionContextNCNvB5_s_35test_context_input_output_execution0E0B9_
FNDA:1,_RNvNtNtCsjG2QgD4Nh4Q_17block_macros_test7execute19self_only_no_returns_35test_context_input_output_execution
FNDA:1,_RNvNtNtCsjG2QgD4Nh4Q_17block_macros_test7execute29context_input_state_no_returns_35test_context_input_output_execution
FNDA:1,_RNCINvMNtNtCsjG2QgD4Nh4Q_17block_macros_test7execute24state_only_state_intentsNtB5_10DummyBlock7executeNtB7_16ExecutionContextNCNvB5_s_35test_context_input_output_execution0E0B9_
FNDA:1,_RNCINvMNtNtCsjG2QgD4Nh4Q_17block_macros_test7execute16state_only_stateNtB5_10DummyBlock7executeNtB7_16ExecutionContextNCNvB5_s_35test_context_input_output_execution0E0B9_
FNDA:1,_RNCINvMNtNtCsjG2QgD4Nh4Q_17block_macros_test7execute32self_only_option_full_tuple_someNtB5_10DummyBlock7executeNtB7_16ExecutionContextNCNvB5_s_35test_context_input_output_execution0E0B9_
FNDA:1,_RNCINvMNtNtCsjG2QgD4Nh4Q_17block_macros_test7execute21input_state_no_returnNtB5_10DummyBlock7executeNtB7_16ExecutionContextNCNvB5_s_35test_context_input_output_execution0E0B9_
FNDA:1,_RNvNtNtCsjG2QgD4Nh4Q_17block_macros_test7execute19context_only_outputs_35test_context_input_output_execution
FNDA:1,_RNCINvMNtNtCsjG2QgD4Nh4Q_17block_macros_test7execute23context_state_no_returnNtB5_10DummyBlock7executeNtB7_16ExecutionContextNCNvB5_s_35test_context_input_output_execution0E0B9_
FNDA:1,_RNvNtNtCsjG2QgD4Nh4Q_17block_macros_test7execute18context_only_states_35test_context_input_output_execution
FNDA:1,_RNCINvMNtNtCsjG2QgD4Nh4Q_17block_macros_test7execute18input_only_intentsNtB5_10DummyBlock7executeNtB7_16ExecutionContextNCNvB5_s_35test_context_input_output_execution0E0B9_
FNDA:1,_RNvNtNtCsjG2QgD4Nh4Q_17block_macros_test7execute25context_only_output_states_35test_context_input_output_execution
FNDA:1,_RNCINvMNtNtCsjG2QgD4Nh4Q_17block_macros_test7execute19context_only_outputNtB5_10DummyBlock7executeNtB7_16ExecutionContextNCNvB5_s_35test_context_input_output_execution0E0B9_
FNF:188
FNH:88
DA:9,0
DA:11,0
DA:12,0
DA:21,0
DA:22,0
DA:23,0
DA:24,0
DA:26,0
DA:27,0
DA:28,0
DA:30,0
DA:31,0
DA:38,0
DA:49,1
DA:50,1
DA:51,1
DA:52,1
DA:53,1
DA:54,1
DA:61,0
DA:72,1
DA:73,1
DA:74,1
DA:75,1
DA:76,1
DA:77,1
DA:82,0
DA:89,1
DA:90,1
DA:95,1
DA:96,1
DA:97,1
DA:98,1
DA:99,1
DA:100,1
DA:105,0
DA:112,1
DA:113,1
DA:118,1
DA:119,1
DA:120,1
DA:121,1
DA:122,1
DA:123,1
DA:130,0
DA:137,1
DA:138,1
DA:143,1
DA:144,1
DA:145,1
DA:146,1
DA:147,1
DA:148,1
DA:153,0
DA:160,1
DA:161,1
DA:166,1
DA:167,1
DA:168,1
DA:169,1
DA:170,1
DA:171,1
DA:176,0
DA:183,1
DA:184,1
DA:189,1
DA:190,1
DA:191,1
DA:192,1
DA:193,1
DA:194,1
DA:199,0
DA:206,1
DA:207,1
DA:212,1
DA:213,1
DA:214,1
DA:215,1
DA:216,1
DA:217,1
DA:222,0
DA:229,1
DA:230,1
DA:235,1
DA:236,1
DA:237,1
DA:238,1
DA:239,1
DA:240,1
DA:245,0
DA:252,1
DA:253,1
DA:258,1
DA:259,1
DA:260,1
DA:261,1
DA:262,1
DA:263,1
DA:268,0
DA:275,1
DA:276,1
DA:281,1
DA:282,1
DA:283,1
DA:284,1
DA:285,1
DA:286,1
DA:291,0
DA:298,1
DA:299,1
DA:304,1
DA:305,1
DA:306,1
DA:307,1
DA:308,1
DA:309,1
DA:314,0
DA:321,1
DA:322,1
DA:327,1
DA:328,1
DA:329,1
DA:330,1
DA:331,1
DA:332,1
DA:337,0
DA:344,1
DA:345,1
DA:350,1
DA:351,1
DA:352,1
DA:353,1
DA:354,1
DA:355,1
DA:360,0
DA:367,1
DA:368,1
DA:373,1
DA:374,1
DA:375,1
DA:376,1
DA:377,1
DA:378,1
DA:413,0
DA:426,1
DA:427,1
DA:428,1
DA:429,1
DA:430,1
DA:431,1
DA:436,0
DA:449,1
DA:450,1
DA:451,1
DA:452,1
DA:453,1
DA:454,1
DA:459,0
DA:466,1
DA:468,1
DA:473,1
DA:474,1
DA:475,1
DA:476,1
DA:477,1
DA:478,1
DA:483,0
DA:490,1
DA:492,1
DA:497,1
DA:498,1
DA:499,1
DA:500,1
DA:501,1
DA:502,1
DA:507,0
DA:514,1
DA:516,1
DA:521,1
DA:522,1
DA:523,1
DA:524,1
DA:525,1
DA:526,1
DA:531,0
DA:538,1
DA:540,1
DA:545,1
DA:546,1
DA:547,1
DA:548,1
DA:549,1
DA:550,1
DA:555,0
DA:562,1
DA:564,1
DA:569,1
DA:570,1
DA:571,1
DA:572,1
DA:573,1
DA:574,1
DA:579,0
DA:586,1
DA:588,1
DA:593,1
DA:594,1
DA:595,1
DA:596,1
DA:597,1
DA:598,1
DA:603,0
DA:610,1
DA:612,1
DA:617,1
DA:618,1
DA:619,1
DA:620,1
DA:621,1
DA:622,1
DA:657,0
DA:670,1
DA:671,1
DA:672,1
DA:673,1
DA:674,1
DA:675,1
DA:680,0
DA:693,1
DA:694,1
DA:695,1
DA:696,1
DA:697,1
DA:698,1
DA:703,0
DA:710,1
DA:712,1
DA:717,1
DA:718,1
DA:719,1
DA:720,1
DA:721,1
DA:722,1
DA:727,0
DA:734,1
DA:736,1
DA:741,1
DA:742,1
DA:743,1
DA:744,1
DA:745,1
DA:746,1
DA:751,0
DA:758,1
DA:760,1
DA:765,1
DA:766,1
DA:767,1
DA:768,1
DA:769,1
DA:770,1
DA:775,0
DA:782,1
DA:784,1
DA:789,1
DA:790,1
DA:791,1
DA:792,1
DA:793,1
DA:794,1
DA:799,0
DA:806,1
DA:808,1
DA:813,1
DA:814,1
DA:815,1
DA:816,1
DA:817,1
DA:818,1
DA:823,0
DA:830,1
DA:832,1
DA:837,1
DA:838,1
DA:839,1
DA:840,1
DA:841,1
DA:842,1
DA:847,0
DA:854,1
DA:856,1
DA:861,1
DA:862,1
DA:863,1
DA:864,1
DA:865,1
DA:866,1
DA:901,0
DA:914,1
DA:915,1
DA:916,1
DA:917,1
DA:918,1
DA:919,1
DA:924,0
DA:937,1
DA:938,1
DA:939,1
DA:940,1
DA:941,1
DA:942,1
DA:947,0
DA:954,1
DA:956,1
DA:961,1
DA:962,1
DA:963,1
DA:964,1
DA:965,1
DA:966,1
DA:971,0
DA:978,1
DA:980,1
DA:985,1
DA:986,1
DA:987,1
DA:988,1
DA:989,1
DA:990,1
DA:995,0
DA:1002,1
DA:1004,1
DA:1009,1
DA:1010,1
DA:1011,1
DA:1012,1
DA:1013,1
DA:1014,1
DA:1019,0
DA:1026,1
DA:1028,1
DA:1033,1
DA:1034,1
DA:1035,1
DA:1036,1
DA:1037,1
DA:1038,1
DA:1043,0
DA:1050,1
DA:1052,1
DA:1057,1
DA:1058,1
DA:1059,1
DA:1060,1
DA:1061,1
DA:1062,1
DA:1067,0
DA:1074,1
DA:1076,1
DA:1081,1
DA:1082,1
DA:1083,1
DA:1084,1
DA:1085,1
DA:1086,1
DA:1091,0
DA:1098,1
DA:1100,1
DA:1105,1
DA:1106,1
DA:1107,1
DA:1108,1
DA:1109,1
DA:1110,1
DA:1145,0
DA:1152,1
DA:1153,1
DA:1158,1
DA:1159,1
DA:1160,1
DA:1161,1
DA:1162,1
DA:1163,1
DA:1168,0
DA:1175,1
DA:1176,1
DA:1177,1
DA:1182,1
DA:1183,1
DA:1184,1
DA:1185,1
DA:1186,1
DA:1187,1
DA:1192,0
DA:1199,1
DA:1200,1
DA:1205,1
DA:1206,1
DA:1207,1
DA:1208,1
DA:1209,1
DA:1210,1
DA:1215,0
DA:1222,1
DA:1223,1
DA:1228,1
DA:1229,1
DA:1230,1
DA:1231,1
DA:1232,1
DA:1233,1
DA:1238,0
DA:1245,1
DA:1246,1
DA:1251,1
DA:1252,1
DA:1253,1
DA:1254,1
DA:1255,1
DA:1256,1
DA:1261,0
DA:1273,1
DA:1274,1
DA:1275,1
DA:1280,1
DA:1281,1
DA:1282,1
DA:1283,1
DA:1284,1
DA:1285,1
BRF:0
BRH:0
LF:478
LH:370
end_of_record
SF:/Users/mailund/Code/block-flow/test-crates/block-macros-test/src/init_params.rs
FN:4,_RNvNtCsjG2QgD4Nh4Q_17block_macros_test11init_paramss_44init_params_contract_deps_collects_and_skips
FN:79,_RNvNtNvNtCsjG2QgD4Nh4Q_17block_macros_test11init_paramss_44init_params_contract_deps_collects_and_skips20case_fully_qualified3run
FN:28,_RNvNtNvNtCsjG2QgD4Nh4Q_17block_macros_test11init_paramss_44init_params_contract_deps_collects_and_skips21case_trade_types_glob3run
FNDA:1,_RNvNtCsjG2QgD4Nh4Q_17block_macros_test11init_paramss_44init_params_contract_deps_collects_and_skips
FNDA:1,_RNvNtNvNtCsjG2QgD4Nh4Q_17block_macros_test11init_paramss_44init_params_contract_deps_collects_and_skips20case_fully_qualified3run
FNDA:1,_RNvNtNvNtCsjG2QgD4Nh4Q_17block_macros_test11init_paramss_44init_params_contract_deps_collects_and_skips21case_trade_types_glob3run
FNF:3
FNH:3
DA:4,1
DA:28,1
DA:29,1
DA:30,1
DA:31,1
DA:32,1
DA:33,1
DA:34,1
DA:35,1
DA:36,1
DA:37,1
DA:38,1
DA:40,1
DA:41,1
DA:42,1
DA:43,1
DA:44,1
DA:45,1
DA:46,1
DA:47,1
DA:48,1
DA:49,1
DA:50,1
DA:52,1
DA:53,1
DA:54,1
DA:79,1
DA:80,1
DA:81,1
DA:82,1
DA:83,1
DA:84,1
DA:85,1
DA:86,1
DA:87,1
DA:88,1
DA:89,1
DA:91,1
DA:92,1
DA:93,1
DA:94,1
DA:95,1
DA:96,1
DA:97,1
DA:98,1
DA:99,1
DA:100,1
DA:101,1
DA:103,1
DA:104,1
DA:105,1
DA:108,1
DA:109,1
DA:110,1
BRF:0
BRH:0
LF:54
LH:54
end_of_record
SF:/Users/mailund/Code/block-flow/test-crates/weave-test/src/lib.rs
FN:11,_RNvNtCskScmQoDRREI_10weave_test5testss_28weave_after_and_simple_order
FNDA:1,_RNvNtCskScmQoDRREI_10weave_test5testss_28weave_after_and_simple_order
FNF:1
FNH:1
DA:11,1
DA:12,1
DA:13,1
DA:14,1
DA:15,1
DA:16,1
DA:17,1
DA:18,1
DA:19,1
DA:21,1
DA:22,1
DA:23,1
DA:24,1
DA:25,1
DA:26,1
DA:27,1
DA:28,1
DA:29,1
DA:30,1
DA:31,1
DA:32,1
DA:33,1
DA:34,1
DA:35,1
DA:36,1
DA:37,1
DA:38,1
DA:39,0
DA:41,1
DA:42,1
DA:43,1
BRF:0
BRH:0
LF:31
LH:30
end_of_record